Processed as Area sources
Base inventory year      1995
No gridding matrix applied
No speciation matrix applied
Temporal factors applied for episode from
     Friday July 14, 1995  at 000000 to
     Friday July 14, 1995  at 230000
Annual total data basis in report
Date       ; Region; State               ; CO        ; NOX       ; THC       ; VOC       ; NH3       ; SO2       ; SO4       ; PM10      ; PM2_5     ; PMC
           ;       ;                     ; [tons/day]; [tons/day]; [tons/day]; [tons/day]; [tons/day]; [tons/day]; [tons/day]; [tons/day]; [tons/day]; [tons/day]
------------------------------------------------------------------------------------------------------------------------------------------------------------------
 07/14/1995;  001000;Alabama             ;    146.3826;    42.8593;     0.0000;    61.8894;    13.5554;    13.3656;     0.0000;   157.3482;    35.9775;   121.3707
 07/14/1995;  005000;Arkansas            ;     19.5298;     9.3007;     0.0000;    11.7101;     1.3393;     1.1263;     0.0000;    44.1737;     9.8717;    34.3020
 07/14/1995;  009000;Connecticut         ;    812.3107;   123.1830;     0.0000;   386.9076;    15.3148;    32.0094;     0.0000;   278.7927;    84.8206;   193.9719
 07/14/1995;  010000;Delaware            ;    208.7995;    58.4454;     0.0000;   104.3579;     5.3363;    28.2741;     0.0000;   121.0730;    39.5453;    81.5277
 07/14/1995;  011000;District of Columbia;    185.8308;    34.4483;     0.0000;    55.3553;     2.5459;    14.3427;     0.0000;    34.1015;     8.6937;    25.4078
 07/14/1995;  013000;Georgia             ;    129.3117;    17.2833;     0.0000;    48.2409;    11.0262;     0.8116;     0.0000;   151.2466;    33.0235;   118.2231
 07/14/1995;  017000;Illinois            ;   2647.1716;   978.6473;     0.0000;  1441.3895;    52.7365;    95.6691;     0.0000;  2649.1589;   602.6125;  2046.5464
 07/14/1995;  018000;Indiana             ;   1582.7089;   583.0324;     0.0000;  1061.1672;    41.9307;   337.3326;     0.0000;  1673.7501;   408.5234;  1265.2224
 07/14/1995;  021000;Kentucky            ;   1279.7083;   478.5992;     0.0000;   574.6289;   219.0242;   181.1948;     0.0000;   891.2347;   251.0665;   640.1660
 07/14/1995;  023000;Maine               ;    409.8627;    45.7115;     0.0000;   206.6535;     8.2348;    27.6441;     0.0000;   363.2464;   241.7445;   121.5018
 07/14/1995;  024000;Maryland            ;   1367.9366;   264.9625;     0.0000;   566.6331;    28.3938;   145.7328;     0.0000;   620.4242;   162.1240;   458.2996
 07/14/1995;  025000;Massachusetts       ;   1295.7092;   296.9097;     0.0000;   664.7786;    19.3231;   169.2331;     0.0000;   716.6364;   187.7836;   528.8527
 07/14/1995;  026000;Michigan            ;   2348.2197;   678.9479;     0.0000;  1386.4111;   136.8878;    90.4858;     0.0000;  1423.2456;   361.6289;  1061.6154
 07/14/1995;  029000;Missouri            ;    106.8076;    39.2693;     0.0000;    54.6647;     5.2161;     5.6398;     0.0000;   357.3267;    69.1070;   288.2197
 07/14/1995;  033000;New Hampshire       ;    286.5367;    45.8236;     0.0000;   155.5671;     6.6174;   210.7746;     0.0000;   144.9455;    49.2892;    95.6563
 07/14/1995;  034000;New Jersey          ;   1544.6293;   493.2041;     0.0000;  1027.5978;    20.2991;   353.4420;     0.0000;   802.2169;   225.9448;   576.2715
 07/14/1995;  036000;New York            ;   3002.2891;   666.3689;     0.0000;  1764.3251;   107.1665;   351.2003;     0.0000;  1913.8422;   509.5676;  1404.2731
 07/14/1995;  037000;North Carolina      ;   3686.7659;   393.0895;     0.0000;  1372.5305;   335.8603;    81.3817;     0.0000;  1326.3229;   441.1278;   885.1953
 07/14/1995;  039000;Ohio                ;   2294.9148;   751.2221;     0.0000;  1482.0211;   170.1323;   179.1613;     0.0000;  1804.9930;   471.6757;  1333.3130
 07/14/1995;  042000;Pennsylvania        ;   1878.8033;   624.1434;     0.0000;  1490.1362;   142.8432;   239.5230;     0.0000;  1439.0520;   390.3819;  1048.6677
 07/14/1995;  044000;Rhode Island        ;    173.8872;    30.7896;     0.0000;   110.7176;     2.6951;    20.9321;     0.0000;    63.4668;    19.5848;    43.8820
 07/14/1995;  045000;South Carolina      ;    648.6517;    86.4648;     0.0000;   328.2999;    32.6103;    17.1999;     0.0000;   415.8351;   107.1861;   308.6491
 07/14/1995;  047000;Tennessee           ;   2840.8384;   678.7188;     0.0000;  1139.8682;   212.7477;   163.1957;     0.0000;  1008.2244;   321.1972;   687.0274
 07/14/1995;  050000;Vermont             ;    214.9315;    57.3519;     0.0000;    97.6263;    26.9253;    32.8760;     0.0000;   225.4789;    55.2141;   170.2648
 07/14/1995;  051000;Virginia            ;   2240.0571;   500.1884;     0.0000;   976.3082;   122.9935;   353.6185;     0.0000;  1082.2501;   337.1613;   745.0854
 07/14/1995;  054000;West Virginia       ;    632.7907;   184.9861;     0.0000;   310.4404;    11.5839;   161.5122;     0.0000;   355.7926;   106.3779;   249.4146
 07/14/1995;  055000;Wisconsin           ;   1157.4672;   329.3212;     0.0000;   640.6625;    55.6014;    94.1482;     0.0000;   844.9629;   224.7448;   620.2175
 07/14/1995;  124000;Quebec              ;   1235.7997;   197.9256;   422.8830;   376.1409;    43.1401;   254.6041;    10.7668;     0.0000;     0.0000;     0.0000
 07/14/1995;  135000;Ontario             ;   1914.7854;   475.3006;   869.2554;   813.3721;   115.5185;   263.1507;     9.3168;     0.0000;     0.0000;     0.0000

##################################################################################################################################################################

