Processed as Area sources
Base inventory year      1995
No gridding matrix applied
No speciation matrix applied
Temporal factors applied for episode from
     Friday July 14, 1995  at 000000 to
     Friday July 14, 1995  at 230000
Annual total data basis in report
Date       ; Region; State               ; CO        ; NOX       ; THC       ; VOC       ; NH3       ; SO2       ; SO4       ; PM10      ; PM2_5     ; PMC
           ;       ;                     ; [tons/day]; [tons/day]; [tons/day]; [tons/day]; [tons/day]; [tons/day]; [tons/day]; [tons/day]; [tons/day]; [tons/day]
------------------------------------------------------------------------------------------------------------------------------------------------------------------
 07/14/1995;  001000;Alabama             ;    137.5192;    39.8986;     0.0000;    57.0648;    10.1796;    21.5198;     0.0000;   145.8861;    33.4466;   112.4395
 07/14/1995;  005000;Arkansas            ;     19.5298;     9.3007;     0.0000;    11.7101;     1.3393;     1.1263;     0.0000;    44.1737;     9.8717;    34.3020
 07/14/1995;  009000;Connecticut         ;    677.0065;   104.5094;     0.0000;   318.2085;    12.6636;    42.2545;     0.0000;   240.3015;    71.9854;   168.3160
 07/14/1995;  010000;Delaware            ;    182.2991;    51.3337;     0.0000;    86.3884;     4.2984;    31.0844;     0.0000;   108.1956;    35.1341;    73.0615
 07/14/1995;  011000;District of Columbia;    149.7835;    28.4563;     0.0000;    43.1442;     2.5489;    17.1157;     0.0000;    28.6012;     7.3650;    21.2362
 07/14/1995;  013000;Georgia             ;    124.9377;    15.4709;     0.0000;    44.0570;     8.2929;     0.8582;     0.0000;   148.6308;    32.4987;   116.1321
 07/14/1995;  017000;Illinois            ;   2380.8335;   920.8461;     0.0000;  1215.0956;    45.5819;   109.1078;     0.0000;  2296.2539;   519.3568;  1776.8964
 07/14/1995;  018000;Indiana             ;   1429.0604;   525.7241;     0.0000;   913.6587;    34.3287;   425.4351;     0.0000;  1487.0217;   364.9637;  1122.0544
 07/14/1995;  021000;Kentucky            ;   1292.3978;   446.6008;     0.0000;   559.8170;   172.9844;   192.2216;     0.0000;   822.1558;   243.1203;   579.0347
 07/14/1995;  023000;Maine               ;    278.6185;    44.8828;     0.0000;   166.0907;     6.3784;    36.7708;     0.0000;   339.1510;   224.9182;   114.2328
 07/14/1995;  024000;Maryland            ;   1162.0507;   232.7492;     0.0000;   465.9010;    21.9243;   155.2705;     0.0000;   523.9638;   138.2668;   385.6967
 07/14/1995;  025000;Massachusetts       ;   1104.6753;   259.6359;     0.0000;   563.1279;    17.7398;   191.6530;     0.0000;   656.3568;   167.0047;   489.3520
 07/14/1995;  026000;Michigan            ;   2144.4285;   655.5627;     0.0000;  1188.0896;   107.1678;   111.6620;     0.0000;  1280.2524;   330.2578;   949.9933
 07/14/1995;  029000;Missouri            ;     98.0781;    33.6054;     0.0000;    49.5151;     4.0622;     6.8790;     0.0000;   324.8590;    62.1460;   262.7130
 07/14/1995;  033000;New Hampshire       ;    223.5646;    47.6384;     0.0000;   125.6723;     5.1051;   244.9037;     0.0000;   129.8148;    41.6237;    88.1911
 07/14/1995;  034000;New Jersey          ;   1252.7765;   439.6093;     0.0000;   818.0237;    17.6368;   311.8215;     0.0000;   671.1364;   188.8408;   482.2953
 07/14/1995;  036000;New York            ;   2604.1892;   656.9620;     0.0000;  1520.5476;    90.1989;   420.6196;     0.0000;  1730.7113;   453.8828;  1276.8264
 07/14/1995;  037000;North Carolina      ;   3426.3816;   351.6895;     0.0000;  1208.9327;   257.1505;    94.8488;     0.0000;  1197.3193;   403.9883;   793.3305
 07/14/1995;  039000;Ohio                ;   2048.7639;   666.1152;     0.0000;  1262.4639;   135.6726;   206.0149;     0.0000;  1591.4316;   421.8127;  1169.6162
 07/14/1995;  042000;Pennsylvania        ;   1646.4623;   647.0197;     0.0000;  1257.6896;   115.0668;   298.1390;     0.0000;  1314.6479;   353.8802;   960.7654
 07/14/1995;  044000;Rhode Island        ;    143.5552;    28.1965;     0.0000;    90.7458;     2.5456;    21.5567;     0.0000;    55.1502;    16.9591;    38.1910
 07/14/1995;  045000;South Carolina      ;    610.7827;    78.2096;     0.0000;   290.7769;    24.5686;    21.5627;     0.0000;   396.7547;   102.3798;   294.3748
 07/14/1995;  047000;Tennessee           ;   2611.9197;   605.5823;     0.0000;  1008.9734;   164.6147;   166.8279;     0.0000;   899.1395;   296.0209;   603.1190
 07/14/1995;  050000;Vermont             ;    186.8913;    51.5455;     0.0000;    82.6463;    19.8326;    36.3231;     0.0000;   211.0457;    50.5029;   160.5427
 07/14/1995;  051000;Virginia            ;   1999.3330;   451.3920;     0.0000;   841.5087;    94.9103;   431.1398;     0.0000;   982.3226;   304.9099;   677.4111
 07/14/1995;  054000;West Virginia       ;    654.9979;   165.7477;     0.0000;   297.0157;     9.1006;   130.8596;     0.0000;   347.8357;   108.2290;   239.6066
 07/14/1995;  055000;Wisconsin           ;   1019.1469;   312.6515;     0.0000;   535.4396;    44.7707;   105.2108;     0.0000;   737.9973;   197.5882;   540.4086
 07/14/1995;  124000;Quebec              ;   1235.7997;   197.9256;   422.8830;   376.1409;    43.1401;   254.6041;    10.7668;     0.0000;     0.0000;     0.0000
 07/14/1995;  135000;Ontario             ;   1914.7854;   475.3006;   869.2554;   813.3721;   115.5185;   263.1507;     9.3168;     0.0000;     0.0000;     0.0000

##################################################################################################################################################################

