Processed as Mobile sources
Base inventory year      1995
Gridding matrix applied for gridT2_36_C
No speciation matrix applied
Temporal factors applied for episode from
     Friday July 14, 1995  at 000000 to
     Friday July 14, 1995  at 230000
Annual total data basis in report
Date       ; Region; State               ; EXH__CO      ; EXH__NOX     ; EXH__VOC     ; EVP__VOC     ; RST__VOC     ; RNL__VOC     ; DNL__VOC     ; RFL__VOC
           ;       ;                     ; [tons/day]   ; [tons/day]   ; [tons/day]   ; [tons/day]   ; [tons/day]   ; [tons/day]   ; [tons/day]   ; [tons/day]
------------------------------------------------------------------------------------------------------------------------------------------------------------------
 07/14/1995;  001000;Alabama             ;         12.637;         1.754;         0.998;         0.134;         0.050;         0.163;         0.119;         0.000
 07/14/1995;  005000;Arkansas            ;         18.823;         2.778;         1.485;         0.192;         0.083;         0.149;         0.156;         0.000
 07/14/1995;  009000;Connecticut         ;       1174.952;       217.059;       109.336;        17.252;         6.928;        23.855;        15.417;         0.000
 07/14/1995;  010000;Delaware            ;        341.809;        64.160;        32.602;         4.415;         1.841;         6.857;         4.276;         0.000
 07/14/1995;  011000;District of Columbia;        148.745;        21.970;        13.584;         1.429;         0.816;         1.998;         1.195;         0.000
 07/14/1995;  013000;Georgia             ;         85.160;        13.455;         6.825;         0.856;         0.347;         0.836;         0.736;         0.000
 07/14/1995;  017000;Illinois            ;       3866.225;       639.403;       338.812;        67.455;        25.572;       127.089;        57.594;         0.000
 07/14/1995;  018000;Indiana             ;       3793.625;       538.616;       304.962;        63.676;        17.393;        96.448;        46.280;         0.000
 07/14/1995;  021000;Kentucky            ;       2682.078;       363.916;       212.195;        37.115;        11.322;        53.853;        32.208;         0.000
 07/14/1995;  023000;Maine               ;        550.940;        98.802;        49.559;         4.181;         1.884;         5.261;         4.198;         0.000
 07/14/1995;  024000;Maryland            ;       1754.771;       294.877;       152.671;        19.198;        10.033;        22.696;        15.953;         0.000
 07/14/1995;  025000;Massachusetts       ;       1660.227;       308.591;       155.449;        17.993;         9.830;        35.208;        16.992;         0.000
 07/14/1995;  026000;Michigan            ;       4893.478;       642.850;       392.058;        69.323;        20.328;       109.286;        51.134;         0.000
 07/14/1995;  029000;Missouri            ;         70.617;        15.623;         6.254;         1.046;         0.452;         1.097;         0.814;         0.000
 07/14/1995;  033000;New Hampshire       ;        544.023;        94.639;        47.861;         6.641;         2.455;         7.920;         5.628;         0.000
 07/14/1995;  034000;New Jersey          ;       1988.366;       386.955;       189.006;        28.047;        13.265;        52.049;        26.388;         0.000
 07/14/1995;  036000;New York            ;       4869.615;       793.925;       430.401;        57.921;        25.495;       102.719;        54.404;         0.000
 07/14/1995;  037000;North Carolina      ;       3334.480;       536.827;       286.172;        28.356;        15.173;        40.353;        26.350;         0.000
 07/14/1995;  039000;Ohio                ;       6808.790;       843.680;       540.359;        89.487;        25.338;       130.159;        72.171;         0.000
 07/14/1995;  042000;Pennsylvania        ;       4808.132;       761.486;       415.623;        60.620;        22.793;        99.660;        56.079;         0.000
 07/14/1995;  044000;Rhode Island        ;        329.129;        51.184;        30.234;         3.756;         1.599;         5.807;         3.704;         0.000
 07/14/1995;  045000;South Carolina      ;        701.722;       102.943;        56.878;         5.901;         2.543;         6.164;         5.544;         0.000
 07/14/1995;  047000;Tennessee           ;       3592.097;       465.585;       285.324;        33.777;        14.263;        39.464;        29.434;         0.000
 07/14/1995;  050000;Vermont             ;        371.063;        58.778;        30.734;         3.892;         1.318;         4.497;         3.021;         0.000
 07/14/1995;  051000;Virginia            ;       3734.322;       564.417;       314.978;        35.053;        16.300;        37.075;        31.569;         0.000
 07/14/1995;  054000;West Virginia       ;       1075.780;       165.775;        86.018;        13.139;         4.136;        15.243;        11.519;         0.000
 07/14/1995;  055000;Wisconsin           ;       1923.119;       309.119;       158.972;        31.700;        11.235;        55.674;        24.590;         0.000
 07/14/1995;  124000;Quebec              ;        763.277;       218.497;        64.910;         9.559;         5.099;         4.614;         7.206;         0.000
 07/14/1995;  135000;Ontario             ;       2289.595;       722.398;       190.369;        27.094;        14.174;        13.370;        19.287;         0.000

##################################################################################################################################################################

