Processed as Mobile sources
Base inventory year      1995
Gridding matrix applied for gridT2_36_C
Mass speciation matrix applied
Temporal factors applied for episode from
     Friday July 14, 1995  at 000000 to
     Friday July 14, 1995  at 230000
Annual total data basis in report
Date       ; Region; State               ; EXH__CO      ; EXH__NOX     ; EXH__VOC     ; EVP__VOC     ; RST__VOC     ; RNL__VOC     ; DNL__VOC     ; RFL__VOC     ; ALD2         ; S-CO         ; ETH          ; FORM         ; ISOP         ; NO           ; NO2          ; NR           ; OLE          ; PAR          ; TOL          ; XYL
           ;       ;                     ; [tons/day]   ; [tons/day]   ; [tons/day]   ; [tons/day]   ; [tons/day]   ; [tons/day]   ; [tons/day]   ; [tons/day]   ; [tons/day]   ; [tons/day]   ; [tons/day]   ; [tons/day]   ; [tons/day]   ; [tons/day]   ; [tons/day]   ; [tons/day]   ; [tons/day]   ; [tons/day]   ; [tons/day]   ; [tons/day]
------------------------------------------------------------------------------------------------------------------------------------------------------------------------------------------------------------------------------------------------------------------------------------------------------------------------------------------------------
 07/14/1995;  001000;Alabama             ;         12.637;         1.754;         0.998;         0.134;         0.050;         0.163;         0.119;         0.000;         0.037;        12.637;         0.054;         0.021;         0.002;         1.578;         0.175;         0.227;         0.033;         0.863;         0.126;         0.093
 07/14/1995;  005000;Arkansas            ;         18.823;         2.778;         1.485;         0.192;         0.083;         0.149;         0.156;         0.000;         0.051;        18.823;         0.080;         0.032;         0.002;         2.500;         0.278;         0.336;         0.047;         1.183;         0.185;         0.136
 07/14/1995;  009000;Connecticut         ;       1174.952;       217.059;       109.336;        17.252;         6.928;        23.855;        15.417;         0.000;         4.421;      1174.953;         5.865;         2.365;         0.179;       195.353;        21.706;        25.202;         3.756;       105.550;        14.188;        10.333
 07/14/1995;  010000;Delaware            ;        341.809;        64.160;        32.602;         4.415;         1.841;         6.857;         4.276;         0.000;         1.285;       341.808;         1.757;         0.743;         0.052;        57.744;         6.416;         7.488;         1.105;        30.155;         4.135;         2.999
 07/14/1995;  011000;District of Columbia;        148.745;        21.970;        13.584;         1.429;         0.816;         1.998;         1.195;         0.000;         0.468;       148.745;         0.728;         0.284;         0.022;        19.773;         2.197;         3.070;         0.429;        10.960;         1.698;         1.249
 07/14/1995;  013000;Georgia             ;         85.160;        13.455;         6.825;         0.856;         0.347;         0.836;         0.736;         0.000;         0.239;        85.160;         0.367;         0.150;         0.011;        12.110;         1.346;         1.548;         0.217;         5.538;         0.850;         0.623
 07/14/1995;  017000;Illinois            ;       3866.225;       639.403;       338.812;        67.455;        25.572;       127.089;        57.594;         0.000;        16.412;      3866.226;        18.188;         7.546;         0.579;       575.462;        63.940;        79.957;        12.905;       399.162;        45.862;        33.005
 07/14/1995;  018000;Indiana             ;       3793.625;       538.616;       304.962;        63.676;        17.393;        96.448;        46.280;         0.000;        13.942;      3793.624;        16.384;         6.813;         0.509;       484.754;        53.862;        71.506;        11.232;       335.640;        40.720;        29.412
 07/14/1995;  021000;Kentucky            ;       2682.078;       363.916;       212.195;        37.115;        11.322;        53.853;        32.208;         0.000;         8.945;      2682.077;        11.376;         4.575;         0.351;       327.526;        36.392;        49.179;         7.460;       214.836;        27.879;        20.276
 07/14/1995;  023000;Maine               ;        550.940;        98.802;        49.559;         4.181;         1.884;         5.261;         4.198;         0.000;         1.591;       550.941;         2.667;         1.094;         0.076;        88.921;         9.880;        11.120;         1.512;        36.189;         6.009;         4.413
 07/14/1995;  024000;Maryland            ;       1754.771;       294.877;       152.671;        19.198;        10.033;        22.696;        15.953;         0.000;         5.536;      1754.771;         8.211;         3.374;         0.241;       265.390;        29.488;        34.740;         4.950;       129.093;        19.142;        13.984
 07/14/1995;  025000;Massachusetts       ;       1660.227;       308.591;       155.449;        17.993;         9.830;        35.208;        16.992;         0.000;         6.007;      1660.227;         8.359;         3.450;         0.250;       277.732;        30.859;        35.568;         5.215;       141.359;        19.655;        14.302
 07/14/1995;  026000;Michigan            ;       4893.478;       642.850;       392.058;        69.323;        20.328;       109.286;        51.134;         0.000;        16.620;      4893.485;        21.024;         8.487;         0.649;       578.569;        64.285;        90.915;        13.835;       398.382;        51.452;        37.405
 07/14/1995;  029000;Missouri            ;         70.617;        15.623;         6.254;         1.046;         0.452;         1.097;         0.814;         0.000;         0.253;        70.617;         0.339;         0.154;         0.010;        14.061;         1.562;         1.445;         0.215;         5.840;         0.789;         0.567
 07/14/1995;  033000;New Hampshire       ;        544.023;        94.639;        47.861;         6.641;         2.455;         7.920;         5.628;         0.000;         1.781;       544.022;         2.574;         1.059;         0.076;        85.175;         9.464;        10.927;         1.573;        41.660;         6.044;         4.411
 07/14/1995;  034000;New Jersey          ;       1988.366;       386.955;       189.006;        28.047;        13.265;        52.049;        26.388;         0.000;         8.070;      1988.366;        10.182;         4.328;         0.308;       348.260;        38.696;        43.821;         6.695;       191.688;        24.434;        17.642
 07/14/1995;  036000;New York            ;       4869.615;       793.925;       430.401;        57.921;        25.495;       102.719;        54.404;         0.000;        17.198;      4869.611;        23.121;         9.466;         0.699;       714.529;        79.392;        98.936;        14.699;       407.901;        55.159;        40.118
 07/14/1995;  037000;North Carolina      ;       3334.480;       536.827;       286.172;        28.356;        15.173;        40.353;        26.350;         0.000;         9.880;      3334.477;        15.412;         6.404;         0.445;       483.145;        53.683;        64.705;         9.052;       227.221;        35.186;        25.721
 07/14/1995;  039000;Ohio                ;       6808.790;       843.680;       540.359;        89.487;        25.338;       130.159;        72.171;         0.000;        21.806;      6808.787;        28.886;        11.189;         0.896;       759.310;        84.368;       124.502;        18.550;       524.545;        70.727;        51.742
 07/14/1995;  042000;Pennsylvania        ;       4808.132;       761.486;       415.623;        60.620;        22.793;        99.660;        56.079;         0.000;        16.841;      4808.129;        22.334;         9.188;         0.676;       685.337;        76.149;        95.758;        14.302;       399.794;        53.495;        38.871
 07/14/1995;  044000;Rhode Island        ;        329.129;        51.184;        30.234;         3.756;         1.599;         5.807;         3.704;         0.000;         1.125;       329.129;         1.616;         0.622;         0.049;        46.066;         5.118;         6.891;         0.994;        26.835;         3.868;         2.841
 07/14/1995;  045000;South Carolina      ;        701.722;       102.943;        56.878;         5.901;         2.543;         6.164;         5.544;         0.000;         1.881;       701.722;         3.052;         1.210;         0.089;        92.649;        10.294;        12.807;         1.760;        43.545;         7.031;         5.176
 07/14/1995;  047000;Tennessee           ;       3592.097;       465.585;       285.324;        33.777;        14.263;        39.464;        29.434;         0.000;         9.873;      3592.095;        15.267;         5.888;         0.456;       419.027;        46.559;        64.554;         9.031;       232.374;        35.919;        26.463
 07/14/1995;  050000;Vermont             ;        371.063;        58.778;        30.734;         3.892;         1.318;         4.497;         3.021;         0.000;         1.084;       371.063;         1.652;         0.674;         0.048;        52.900;         5.878;         6.974;         0.983;        25.148;         3.834;         2.807
 07/14/1995;  051000;Virginia            ;       3734.322;       564.417;       314.978;        35.053;        16.300;        37.075;        31.569;         0.000;        10.700;      3734.322;        16.906;         6.751;         0.494;       507.975;        56.442;        71.142;         9.877;       248.554;        39.139;        28.759
 07/14/1995;  054000;West Virginia       ;       1075.780;       165.775;        86.018;        13.139;         4.136;        15.243;        11.519;         0.000;         3.303;      1075.780;         4.623;         1.896;         0.137;       149.197;        16.577;        19.718;         2.874;        77.795;        10.979;         8.004
 07/14/1995;  055000;Wisconsin           ;       1923.119;       309.119;       158.972;        31.700;        11.235;        55.674;        24.590;         0.000;         7.534;      1923.119;         8.566;         3.693;         0.265;       278.207;        30.912;        37.432;         5.980;       180.962;        21.189;        15.209
 07/14/1995;  124000;Quebec              ;        763.277;       218.497;        64.910;         9.559;         5.099;         4.614;         7.206;         0.000;         2.215;       763.277;         3.465;         1.298;         0.104;       196.647;        21.850;        14.696;         2.037;        52.606;         8.284;         6.126
 07/14/1995;  135000;Ontario             ;       2289.595;       722.398;       190.369;        27.094;        14.174;        13.370;        19.287;         0.000;         6.524;      2289.594;        10.235;         4.169;         0.295;       650.159;        72.240;        43.143;         5.992;       151.114;        23.789;        17.447

######################################################################################################################################################################################################################################################################################################################################################

