Processed as Mobile sources
Base inventory year      1995
No gridding matrix applied
Mass speciation matrix applied
Temporal factors applied for episode from
     Friday July 14, 1995  at 000000 to
     Friday July 14, 1995  at 230000
Annual total data basis in report
Date       ; Region; State               ; EXH__CO      ; EXH__NOX     ; EXH__VOC     ; EVP__VOC     ; RST__VOC     ; RNL__VOC     ; DNL__VOC     ; RFL__VOC     ; ALD2         ; S-CO         ; ETH          ; FORM         ; ISOP         ; NO           ; NO2          ; NR           ; OLE          ; PAR          ; TOL          ; XYL
           ;       ;                     ; [tons/day]   ; [tons/day]   ; [tons/day]   ; [tons/day]   ; [tons/day]   ; [tons/day]   ; [tons/day]   ; [tons/day]   ; [tons/day]   ; [tons/day]   ; [tons/day]   ; [tons/day]   ; [tons/day]   ; [tons/day]   ; [tons/day]   ; [tons/day]   ; [tons/day]   ; [tons/day]   ; [tons/day]   ; [tons/day]
------------------------------------------------------------------------------------------------------------------------------------------------------------------------------------------------------------------------------------------------------------------------------------------------------------------------------------------------------
 07/14/1995;  001000;Alabama             ;        378.000;        46.187;        30.179;         3.759;         1.444;         5.381;         3.463;         0.000;         1.100;       378.000;         1.615;         0.627;         0.049;        41.568;         4.619;         6.865;         0.981;        26.077;         3.836;         2.818
 07/14/1995;  005000;Arkansas            ;         26.884;         3.941;         2.127;         0.274;         0.118;         0.216;         0.221;         0.000;         0.073;        26.884;         0.114;         0.047;         0.003;         3.547;         0.394;         0.482;         0.067;         1.694;         0.265;         0.194
 07/14/1995;  009000;Connecticut         ;       1174.954;       217.060;       109.336;        17.252;         6.928;        23.855;        15.417;         0.000;         4.421;      1174.954;         5.865;         2.365;         0.179;       195.354;        21.706;        25.202;         3.756;       105.550;        14.188;        10.333
 07/14/1995;  010000;Delaware            ;        341.809;        64.160;        32.602;         4.415;         1.841;         6.857;         4.276;         0.000;         1.285;       341.809;         1.757;         0.743;         0.052;        57.744;         6.416;         7.488;         1.105;        30.155;         4.135;         2.999
 07/14/1995;  011000;District of Columbia;        148.746;        21.970;        13.584;         1.429;         0.816;         1.998;         1.195;         0.000;         0.468;       148.745;         0.728;         0.284;         0.022;        19.773;         2.197;         3.070;         0.429;        10.960;         1.698;         1.249
 07/14/1995;  013000;Georgia             ;        221.338;        35.895;        17.732;         2.278;         0.908;         2.157;         1.950;         0.000;         0.626;       221.338;         0.955;         0.397;         0.028;        32.306;         3.590;         4.026;         0.567;        14.461;         2.206;         1.612
 07/14/1995;  017000;Illinois            ;       4096.789;       675.979;       358.519;        71.177;        26.879;       132.307;        60.321;         0.000;        17.264;      4096.792;        19.247;         7.986;         0.611;       608.381;        67.598;        84.543;        13.607;       419.536;        48.453;        34.882
 07/14/1995;  018000;Indiana             ;       3793.686;       538.622;       304.966;        63.676;        17.393;        96.448;        46.280;         0.000;        13.942;      3793.688;        16.385;         6.813;         0.509;       484.760;        53.862;        71.507;        11.232;       335.642;        40.721;        29.412
 07/14/1995;  021000;Kentucky            ;       2682.127;       363.923;       212.198;        37.115;        11.322;        53.853;        32.208;         0.000;         8.945;      2682.127;        11.376;         4.575;         0.351;       327.531;        36.392;        49.180;         7.460;       214.838;        27.880;        20.276
 07/14/1995;  023000;Maine               ;        608.208;       108.435;        54.359;         4.718;         2.071;         5.867;         4.637;         0.000;         1.755;       608.208;         2.926;         1.202;         0.084;        97.591;        10.843;        12.205;         1.663;        39.926;         6.598;         4.844
 07/14/1995;  024000;Maryland            ;       1754.778;       294.878;       152.671;        19.198;        10.033;        22.696;        15.953;         0.000;         5.536;      1754.778;         8.211;         3.374;         0.241;       265.390;        29.488;        34.741;         4.950;       129.094;        19.142;        13.984
 07/14/1995;  025000;Massachusetts       ;       1660.231;       308.591;       155.449;        17.993;         9.830;        35.208;        16.992;         0.000;         6.007;      1660.230;         8.359;         3.450;         0.250;       277.732;        30.859;        35.568;         5.215;       141.359;        19.655;        14.302
 07/14/1995;  026000;Michigan            ;       4909.109;       645.852;       393.384;        69.514;        20.385;       109.466;        51.274;         0.000;        16.668;      4909.109;        21.095;         8.519;         0.651;       581.267;        64.585;        91.218;        13.879;       399.485;        51.616;        37.524
 07/14/1995;  029000;Missouri            ;         87.738;        19.511;         7.775;         1.303;         0.562;         1.356;         1.016;         0.000;         0.314;        87.738;         0.422;         0.192;         0.012;        17.559;         1.951;         1.796;         0.267;         7.261;         0.980;         0.705
 07/14/1995;  033000;New Hampshire       ;        544.025;        94.639;        47.861;         6.641;         2.455;         7.920;         5.628;         0.000;         1.781;       544.025;         2.574;         1.059;         0.076;        85.175;         9.464;        10.927;         1.573;        41.660;         6.044;         4.411
 07/14/1995;  034000;New Jersey          ;       1988.369;       386.956;       189.006;        28.047;        13.265;        52.049;        26.388;         0.000;         8.070;      1988.370;        10.182;         4.328;         0.308;       348.260;        38.696;        43.821;         6.695;       191.688;        24.434;        17.642
 07/14/1995;  036000;New York            ;       4869.824;       793.952;       430.417;        57.922;        25.496;       102.720;        54.406;         0.000;        17.199;      4869.822;        23.122;         9.466;         0.699;       714.556;        79.395;        98.940;        14.699;       407.912;        55.161;        40.120
 07/14/1995;  037000;North Carolina      ;       3436.799;       552.012;       294.980;        29.186;        15.622;        41.575;        26.952;         0.000;        10.174;      3436.799;        15.886;         6.598;         0.459;       496.811;        55.201;        66.689;         9.327;       233.956;        36.263;        26.511
 07/14/1995;  039000;Ohio                ;       6808.942;       843.696;       540.370;        89.487;        25.338;       130.160;        72.172;         0.000;        21.806;      6808.948;        28.887;        11.189;         0.896;       759.326;        84.370;       124.504;        18.550;       524.551;        70.729;        51.743
 07/14/1995;  042000;Pennsylvania        ;       4808.266;       761.503;       415.633;        60.621;        22.793;        99.661;        56.080;         0.000;        16.842;      4808.267;        22.334;         9.189;         0.676;       685.354;        76.150;        95.760;        14.302;       399.800;        53.496;        38.872
 07/14/1995;  044000;Rhode Island        ;        329.129;        51.184;        30.234;         3.756;         1.599;         5.807;         3.704;         0.000;         1.125;       329.129;         1.616;         0.622;         0.049;        46.066;         5.118;         6.891;         0.994;        26.835;         3.868;         2.841
 07/14/1995;  045000;South Carolina      ;        978.737;       148.629;        79.345;         8.391;         3.587;         8.384;         7.771;         0.000;         2.633;       978.738;         4.262;         1.712;         0.124;       133.766;        14.863;        17.878;         2.459;        60.761;         9.788;         7.195
 07/14/1995;  047000;Tennessee           ;       3795.535;       483.582;       301.655;        35.354;        14.962;        42.266;        30.755;         0.000;        10.421;      3795.536;        16.136;         6.200;         0.483;       435.224;        48.358;        68.229;         9.540;       245.429;        37.981;        27.995
 07/14/1995;  050000;Vermont             ;        371.064;        58.778;        30.734;         3.892;         1.318;         4.497;         3.021;         0.000;         1.084;       371.064;         1.652;         0.674;         0.048;        52.900;         5.878;         6.974;         0.983;        25.148;         3.834;         2.807
 07/14/1995;  051000;Virginia            ;       3734.395;       564.427;       314.984;        35.054;        16.300;        37.075;        31.569;         0.000;        10.700;      3734.393;        16.906;         6.751;         0.494;       507.984;        56.443;        71.143;         9.877;       248.557;        39.140;        28.759
 07/14/1995;  054000;West Virginia       ;       1075.791;       165.776;        86.018;        13.139;         4.136;        15.243;        11.519;         0.000;         3.303;      1075.792;         4.623;         1.896;         0.137;       149.198;        16.578;        19.718;         2.874;        77.795;        10.979;         8.005
 07/14/1995;  055000;Wisconsin           ;       1983.423;       320.368;       163.784;        32.858;        11.575;        57.097;        25.350;         0.000;         7.764;      1983.423;         8.827;         3.815;         0.273;       288.332;        32.037;        38.570;         6.162;       186.386;        21.825;        15.661
 07/14/1995;  124000;Quebec              ;        823.130;       235.724;        70.023;        10.262;         5.486;         4.958;         7.761;         0.000;         2.386;       823.130;         3.738;         1.400;         0.112;       212.152;        23.572;        15.851;         2.196;        56.666;         8.934;         6.607
 07/14/1995;  135000;Ontario             ;       2330.788;       735.424;       193.804;        27.543;        14.416;        13.591;        19.625;         0.000;         6.639;      2330.788;        10.420;         4.244;         0.300;       661.882;        73.542;        43.919;         6.099;       153.767;        24.215;        17.760

######################################################################################################################################################################################################################################################################################################################################################

