Processed as Point sources
Base inventory year      1995
No gridding matrix applied
No speciation matrix applied
Temporal factors applied for episode from
     Friday July 14, 1995  at 000000 to
     Friday July 14, 1995  at 230000
Annual total data basis in report
Date       ; Region; State               ; CO        ; NOX       ; THC       ; VOC       ; NH3       ; SO2       ; PM10      ; PM2_5     ; PMC
           ;       ;                     ; [tons/day]; [tons/day]; [tons/day]; [tons/day]; [tons/day]; [tons/day]; [tons/day]; [tons/day]; [tons/day]
------------------------------------------------------------------------------------------------------------------------------------------------------
 07/14/1995;  001000;Alabama             ;      5.4552;   110.6747;     0.0000;     4.8110;     0.0373;   136.4126;     7.3546;     3.7700;     3.5846
 07/14/1995;  005000;Arkansas            ;      0.0137;     0.0603;     0.0000;     0.1808;     0.0000;     0.0247;     3.1175;     1.3999;     1.7177
 07/14/1995;  009000;Connecticut         ;     17.9382;    68.4507;     0.0000;    51.3321;     0.1370;    96.8955;    12.0943;     5.9114;     6.1829
 07/14/1995;  010000;Delaware            ;     49.7747;    81.7448;     0.0000;    34.0661;     1.2804;   227.4570;     4.4044;     2.7180;     1.6864
 07/14/1995;  011000;District of Columbia;      0.7402;     3.0819;     0.0000;     0.9529;     0.0228;     8.8277;     0.3767;     0.2833;     0.0934
 07/14/1995;  013000;Georgia             ;     11.2317;     1.8978;     0.0000;     1.9440;     0.0322;     4.1044;     1.8670;     1.3183;     0.5487
 07/14/1995;  017000;Illinois            ;   1368.9471;  1222.1560;     0.0000;   780.0299;    31.3197;  2392.9802;   299.2403;   178.6328;   120.6083
 07/14/1995;  018000;Indiana             ;   1055.9438;  1327.6244;     0.0000;   346.6693;    24.6403;  3188.2039;   286.4986;   156.9596;   129.5909
 07/14/1995;  021000;Kentucky            ;    287.7668;  1076.5164;     0.0000;   386.7697;     2.4829;  1881.0052;    86.4879;    33.1045;    53.3834
 07/14/1995;  023000;Maine               ;    304.9687;    53.6489;     0.0000;    31.1844;     0.2514;   142.3928;    21.7230;    13.8838;     7.8393
 07/14/1995;  024000;Maryland            ;    389.8860;   383.3583;     0.0000;    57.8304;     1.1703;   788.4749;    27.6936;    13.3310;    14.3627
 07/14/1995;  025000;Massachusetts       ;     26.2930;   160.7391;     0.0000;    67.9266;     0.2163;   395.6879;    10.4030;     5.7312;     4.6718
 07/14/1995;  026000;Michigan            ;    303.0934;  1125.2639;     0.0000;   329.3468;     0.9979;  1546.3888;   129.3005;    63.7910;    65.5100
 07/14/1995;  029000;Missouri            ;    228.8325;   135.0274;     0.0000;     9.0761;     0.0017;    84.1950;    11.2827;     4.9006;     6.3821
 07/14/1995;  033000;New Hampshire       ;    107.7904;    78.6669;     0.0000;    24.9329;     0.0546;   155.0388;     7.0760;     5.0001;     2.0759
 07/14/1995;  034000;New Jersey          ;    106.1937;   339.6740;     0.0000;   349.6170;     1.2416;   337.6752;    44.1977;    35.9831;     8.2146
 07/14/1995;  036000;New York            ;    112.7173;   385.7119;     0.0000;   204.6660;     0.6119;  1195.5453;   487.3434;   202.7439;   284.5991
 07/14/1995;  037000;North Carolina      ;    254.5937;   872.0859;     0.0000;   338.1779;     0.2599;  1273.4899;    59.5840;    30.5536;    29.0303
 07/14/1995;  039000;Ohio                ;   2502.9121;  1641.2883;     0.0000;   364.3948;     7.6152;  4158.5762;   163.6527;   101.5356;    62.1172
 07/14/1995;  042000;Pennsylvania        ;   2254.2969;  1334.6935;     0.0000;   396.3336;    17.4987;  3555.5464;   285.8523;   138.5445;   147.3079
 07/14/1995;  044000;Rhode Island        ;      6.2330;     2.7481;     0.0000;    21.4510;     0.0177;     6.2871;     4.4384;     3.2778;     1.1607
 07/14/1995;  045000;South Carolina      ;     32.0404;    87.1467;     0.0000;    65.9678;     0.0379;   103.2683;    16.3400;     8.1978;     8.1422
 07/14/1995;  047000;Tennessee           ;    320.8196;  1188.5524;     0.0000;   417.6439;     0.2172;  1922.2841;   139.5598;    57.2451;    82.3145
 07/14/1995;  050000;Vermont             ;      4.6668;     4.2815;     0.0000;     7.8734;     0.0066;     4.7463;     2.8540;     2.3336;     0.5204
 07/14/1995;  051000;Virginia            ;    130.4324;   599.6582;     0.0000;   308.3216;     2.0586;   950.0040;   219.5785;   150.6898;    68.8880
 07/14/1995;  054000;West Virginia       ;    833.0272;   903.7859;     0.0000;   169.9707;     1.4660;  1630.1963;    62.9404;    33.7046;    29.2358
 07/14/1995;  055000;Wisconsin           ;    167.4060;   379.4085;     0.0000;   196.6747;     0.1280;   698.9336;    39.8278;    22.3822;    17.4456
 07/14/1995;  124000;Quebec              ;     20.6438;    30.3456;    92.4053;    96.0164;     0.0000;   101.1192;     0.0000;     0.0000;     0.0000
 07/14/1995;  135000;Ontario             ;   1382.6116;   286.6404;   277.1409;   338.5802;     0.0000;  1847.9458;     0.0000;     0.0000;     0.0000

######################################################################################################################################################

