Processed as Point sources
Base inventory year      1995
No gridding matrix applied
No speciation matrix applied
Temporal factors applied for episode from
     Friday July 14, 1995  at 000000 to
     Friday July 14, 1995  at 230000
Annual total data basis in report
Date       ; Region; State               ; CO        ; NOX       ; THC       ; VOC       ; NH3       ; SO2       ; PM10      ; PM2_5     ; PMC
           ;       ;                     ; [tons/day]; [tons/day]; [tons/day]; [tons/day]; [tons/day]; [tons/day]; [tons/day]; [tons/day]; [tons/day]
------------------------------------------------------------------------------------------------------------------------------------------------------
 07/14/1995;  001000;Alabama             ;      5.3689;   106.0356;     0.0000;     3.9924;     0.0365;   130.3342;     6.7678;     3.3985;     3.3693
 07/14/1995;  005000;Arkansas            ;      0.0137;     0.0603;     0.0000;     0.1808;     0.0000;     0.0247;     3.1175;     1.3999;     1.7177
 07/14/1995;  009000;Connecticut         ;     17.7185;    68.0131;     0.0000;    40.6818;     0.1603;   103.7058;    10.6506;     5.3609;     5.2897
 07/14/1995;  010000;Delaware            ;     43.4441;    83.0790;     0.0000;    31.1304;     1.7922;   231.0535;     4.5861;     2.7981;     1.7880
 07/14/1995;  011000;District of Columbia;      0.8086;     3.3664;     0.0000;     0.7071;     0.0286;     9.9251;     0.4105;     0.3022;     0.1082
 07/14/1995;  013000;Georgia             ;     10.9481;     2.0527;     0.0000;     1.7666;     0.0316;     5.0700;     1.9956;     1.3683;     0.6273
 07/14/1995;  017000;Illinois            ;   1023.2875;  1195.9279;     0.0000;   634.0817;    30.9349;  2414.3010;   245.7890;   147.9437;    97.8459
 07/14/1995;  018000;Indiana             ;    787.0349;  1353.6667;     0.0000;   278.4578;    20.8026;  3266.7498;   232.3997;   124.2436;   108.2098
 07/14/1995;  021000;Kentucky            ;    279.4184;  1126.2990;     0.0000;   361.6957;     3.1568;  1971.6456;    84.9508;    31.2139;    53.7369
 07/14/1995;  023000;Maine               ;    299.1888;    56.5892;     0.0000;    26.5806;     0.2910;   155.3398;    20.3792;    13.0501;     7.3291
 07/14/1995;  024000;Maryland            ;    287.8698;   342.1428;     0.0000;    45.1861;     0.9020;   707.9519;    22.9879;    10.8975;    12.0904
 07/14/1995;  025000;Massachusetts       ;     26.9577;   162.3376;     0.0000;    55.5159;     0.2465;   412.3550;    10.4935;     5.9229;     4.5706
 07/14/1995;  026000;Michigan            ;    271.8798;  1088.8585;     0.0000;   269.9397;     1.2496;  1472.3466;   107.6927;    52.9748;    54.7181
 07/14/1995;  029000;Missouri            ;    169.8887;   149.2176;     0.0000;     7.3035;     0.0017;    84.8904;     9.3197;     3.9006;     5.4192
 07/14/1995;  033000;New Hampshire       ;     92.8524;    77.2771;     0.0000;    19.9583;     0.0639;   155.0241;     5.6721;     3.8790;     1.7931
 07/14/1995;  034000;New Jersey          ;    107.5210;   324.9239;     0.0000;   306.2440;     1.3941;   348.9602;    46.8373;    37.3056;     9.5316
 07/14/1995;  036000;New York            ;    113.1024;   406.5747;     0.0000;   174.1749;     0.6470;  1278.0355;   414.9921;   167.7767;   247.2156
 07/14/1995;  037000;North Carolina      ;    208.2115;   830.1379;     0.0000;   269.8720;     0.2999;  1228.7390;    55.0822;    27.1646;    27.9175
 07/14/1995;  039000;Ohio                ;   1858.1831;  1701.6042;     0.0000;   297.2477;     7.2360;  4366.1191;   151.2366;    91.4896;    59.7471
 07/14/1995;  042000;Pennsylvania        ;   1713.4326;  1249.7606;     0.0000;   318.8822;    16.1142;  3274.0857;   235.5307;   113.1542;   122.3764
 07/14/1995;  044000;Rhode Island        ;      4.6822;     2.8054;     0.0000;    16.2293;     0.0220;     7.3635;     3.3803;     2.4923;     0.8880
 07/14/1995;  045000;South Carolina      ;     29.3599;    82.9732;     0.0000;    58.4914;     0.0388;   109.9329;    16.0716;     7.3666;     8.7049
 07/14/1995;  047000;Tennessee           ;    287.3774;  1160.8577;     0.0000;   362.3213;     0.2155;  1938.9667;   131.3494;    53.3593;    77.9903
 07/14/1995;  050000;Vermont             ;      4.6706;     4.3757;     0.0000;     6.3372;     0.0076;     5.5028;     2.6086;     2.1291;     0.4795
 07/14/1995;  051000;Virginia            ;    117.2461;   569.0839;     0.0000;   259.4370;     1.8981;   890.9670;   203.0036;   138.8495;    64.1541
 07/14/1995;  054000;West Virginia       ;    641.4420;   954.6864;     0.0000;   134.5750;     1.1172;  1770.6539;    54.2002;    27.3956;    26.8045
 07/14/1995;  055000;Wisconsin           ;    155.6541;   386.7603;     0.0000;   154.4659;     0.1247;   730.5546;    34.5036;    18.7352;    15.7684
 07/14/1995;  124000;Quebec              ;     20.6438;    30.3456;    92.4053;    96.0164;     0.0000;   101.1192;     0.0000;     0.0000;     0.0000
 07/14/1995;  135000;Ontario             ;   1382.6116;   286.6404;   277.1409;   338.5802;     0.0000;  1847.9458;     0.0000;     0.0000;     0.0000

######################################################################################################################################################

