 
Area source average speciated emissions from 
     Friday July 14, 1995  at       0 to
     Friday July 14, 1995  at  230000 within grid T2_36_C
State                       CO        NO       NO2      ALD2       ETH      FORM      ISOP        NR       OLE       PAR       TOL       XYL       NH3       SO2      SULF       PEC    PMFINE      PNO3       POA      PSO4       PMC
                     [tons/yr] [tons/yr] [tons/yr] [tons/yr] [tons/yr] [tons/yr] [tons/yr] [tons/yr] [tons/yr] [tons/yr] [tons/yr] [tons/yr] [tons/yr] [tons/yr] [tons/yr] [tons/yr] [tons/yr] [tons/yr] [tons/yr] [tons/yr] [tons/yr]
--------------------------------------------------------------------------------------------------------------------------------------------------------------------------------------------------------------------------------------
Alabama                  757.7     227.4      25.3       3.5      20.3       3.6       0.0      88.4       5.8     231.2      54.6      38.7      79.2     119.2       1.8      14.2     161.8       0.3      32.5       1.5     720.9
Arkansas                4844.0    2075.9     230.7      43.0     143.4      59.1       0.3     542.6      52.2    1639.7     332.0     256.4     298.9     279.3       3.5     231.5    1051.8       2.1     200.2      17.2    4724.5
Connecticut           243444.5   34064.4    3784.9    1311.5    5502.1     915.8      86.4  144091.8    1709.3   68609.1   13294.6    9877.5    4613.2   15418.1     228.6    3084.6   16495.9      48.6    5051.9     306.9   56937.1
Delaware               65299.7   16465.1    1829.5     333.1    1770.1     304.1       8.5    6385.5     766.8   18840.3    3044.6    2411.8    1550.8   11334.0     168.1    1398.6    8975.5      17.2    1713.9     280.9   26080.8
District of Columbia   54554.7    9284.7    1031.6     248.5     538.5     296.4       2.9    3152.0     210.6    9963.7    1286.6     735.1     929.8    6134.7     103.1     161.8    2020.8       5.5     407.2      30.1    7569.6
Georgia                17364.9    1670.2     185.6      57.9     180.3      32.9       0.7     699.6     134.6    3041.8     576.0     706.0    1013.5     105.9       0.5     209.4    3160.2       7.1     866.7      29.0   14622.0
Illinois              655291.5  223648.1   24849.8    4651.8   11981.2    3981.0     215.0  272929.9    5148.7  188252.3   38679.1   26577.9   11311.8   29616.0     376.9   13618.4  127684.0     215.4   16210.9    1358.2  555573.3
Indiana               518329.5  171737.8   19082.0    4440.7   16298.2    3065.9     461.6  225065.9    6673.6  189748.0   40720.2   32151.2   12446.9  154945.3    3195.9   12127.1  100039.0     188.5   18742.2    1299.9  407123.8
Kentucky              430123.0  134306.6   14923.0    2361.2    8386.0    2672.1      78.6   87124.1    4362.0  107204.8   17078.8   19407.3   57211.8   67019.2     967.4    7427.1   57105.2     118.7   15166.6    1025.1  193671.5
Maine                  92452.0   13517.4    1501.9     456.8    3315.5     316.3       3.9   71075.8    1587.9   32697.0    4994.5    6917.6    2155.3   12250.5     168.6   12664.4   48630.1      81.9   11718.6    1780.7   36886.1
Maryland              190316.4   36731.8    4081.3     800.4    2911.5     720.1      22.7   83394.0    1227.0   45207.4    9126.5    6878.2    3296.3   21437.2     288.2    2806.7   19416.2      42.9    3895.3     223.4   79149.3
Massachusetts         268111.0   57161.8    6351.3    1489.2    5976.1    1368.1      64.4  340381.3    1868.2   85486.8   16295.1   10705.6    4946.4   41810.8     339.1    4625.8   30274.8      68.9    6514.3     535.6  124593.8
Michigan              747909.6  204699.3   22744.4    5819.8   16284.6    3571.7     463.1  499012.5    7715.0  255875.8   47909.3   37576.7   36459.7   34254.7     609.6    9930.3   82841.8     182.3   19725.1    1314.3  324775.2
Missouri               25447.9    8663.4     962.6     182.1     469.5     171.0       3.3    2132.9     249.5    7306.5    1412.2    1705.3    1112.7    2246.2      43.3    1064.9   13208.9      20.1    1627.5      64.6   67446.3
New Hampshire          75046.3   14510.8    1612.3     387.6    1940.6     791.7       5.1   66611.7     689.7   24315.7    4982.8    5200.7    1763.7   81261.9    1251.6     968.4    9716.2      23.0    3488.7     142.9   31714.8
New Jersey            425651.2  132030.2   14670.0    4698.6   13929.2    3413.7     829.0   91505.4    6260.2  155233.4   26150.0   15777.9    5767.2  101544.3     688.6    6421.3   43361.2     116.6   10271.9    1358.0  155868.7
New York              908199.3  208472.2   23163.6    5392.2   15754.6    6142.7     227.4  447852.7    7013.3  315010.4   64962.3   52131.6   32412.3  151558.0    2470.3   13536.7  119431.7     249.9   25586.3    2016.0  455808.8
North Carolina       1178887.5  105553.8   11728.2    3731.8   28989.0    2576.0     118.9   76903.9    9324.9  233988.3   43665.0   37425.1   91589.8   32227.3     448.8   11505.6   88501.8     256.1   33354.1    1949.6  262130.3
Ohio                  733642.3  216127.7   24014.2    6380.5   20502.9    5507.6     772.1  194708.6    8407.8  255982.6   51781.3   36481.8   47908.2   73598.6    1193.4   13691.0  111678.8     238.9   23564.8    1964.8  419422.7
Pennsylvania          591856.9  209454.5   23272.7    7859.7   19066.2    5166.5    1323.6  112851.2   10767.1  260037.7   51223.4   38791.5   40810.0  108035.5    1460.3   10515.6   93195.2     209.7   20788.7    1731.1  345196.7
Rhode Island           49246.1    8499.6     944.4     247.0    1668.3     232.9       7.1   98755.8     317.5   18687.3    4368.3    2562.3     927.7    5282.1      71.0     532.5    4084.0      10.6    1107.7      88.4   12991.9
South Carolina        139710.0   16297.4    1810.8     557.3    2220.0     324.3      28.0    9499.7    3783.8   40261.1    6049.5    5480.5    4351.9    5613.8      97.9    1410.5   16015.7      50.6    5811.0     192.8   67629.2
Tennessee             845191.0  163701.7   18189.1    4175.9   14216.9    3185.1     111.0  464781.0   10804.5  190452.6   30595.2   32424.0   53517.5   55735.8     649.5    9708.3   62259.4     157.0   22095.1    1307.9  191907.9
Vermont                66720.5   16700.6    1855.6     321.5     812.4     396.7       3.4   29195.4     610.7   16572.9    3086.1    4393.9    6767.2   12578.5     165.6     930.1   13165.9      26.8    3712.7     127.8   56686.8
Virginia              660687.4  136883.1   15209.2    3087.2   10934.6    2625.0      64.5  230363.7    9246.1  168744.4   28980.0   29984.9   31396.5  140674.0    2708.4   10307.8   64478.8     182.2   23725.7    1298.4  221360.9
West Virginia         223499.2   51392.4    5710.3    1803.1    4064.6    1475.3     244.0   19630.8    3012.5   58908.7    8522.1   11456.6    3183.2   46362.5     143.3    3270.1   24931.2      54.1    7954.0     741.4   83448.9
Wisconsin             325006.9   93255.6   10361.7    1844.4    9882.3    1569.0      64.3   73291.9    2633.5   99133.2   23038.4   15969.6   14031.4   35735.8     374.3    5803.9   47618.2     100.0   10252.7     744.2  176146.6
Quebec                412798.0   58197.0    6466.4    3052.6    5778.2    1980.5     503.5   35564.8    6475.1   62067.3    5849.0    4564.5   14445.1   81830.0    3394.9       0.0       0.0       0.0       0.0       0.0       0.0
Ontario               622245.4  134461.1   14940.1    6513.2   12328.5    4225.7    1074.4   75882.4   13815.6  132429.3   12479.6    9739.0   37424.9   84100.8    2969.3       0.0       0.0       0.0       0.0       0.0       0.0
 
Area source average speciated emissions from 
     Saturday July 15, 1995  at       0 to
     Saturday July 15, 1995  at       0 within grid T2_36_C
State                       CO        NO       NO2      ALD2       ETH      FORM      ISOP        NR       OLE       PAR       TOL       XYL       NH3       SO2      SULF       PEC    PMFINE      PNO3       POA      PSO4       PMC
                     [tons/yr] [tons/yr] [tons/yr] [tons/yr] [tons/yr] [tons/yr] [tons/yr] [tons/yr] [tons/yr] [tons/yr] [tons/yr] [tons/yr] [tons/yr] [tons/yr] [tons/yr] [tons/yr] [tons/yr] [tons/yr] [tons/yr] [tons/yr] [tons/yr]
--------------------------------------------------------------------------------------------------------------------------------------------------------------------------------------------------------------------------------------
Alabama                   36.2      10.9       1.2       0.2       1.0       0.2       0.0       4.4       0.3      11.5       2.7       1.9       4.0       6.0       0.1       0.7       8.5       0.0       1.7       0.1      37.8
Arkansas                 225.5     103.0      11.4       2.1       7.1       2.9       0.0      27.0       2.5      79.7      16.1      11.9      14.6      13.8       0.2      11.6      37.2       0.1       9.0       0.9     171.7
Connecticut             8080.6    1435.1     159.5      49.0     225.8      37.3       3.5    6166.2      66.6    2786.2     554.8     404.3     196.4     652.4       9.7     130.9     720.1       2.0     206.7      13.0    2500.2
Delaware                2207.4     686.8      76.3      11.4      69.6      12.2       0.3     255.9      29.7     738.4     124.0      94.6      66.5     479.5       7.1      58.8     379.6       0.7      68.1      12.0    1124.4
District of Columbia    2092.9     371.1      41.2      10.1      22.3      12.5       0.1     132.1       8.6     414.4      53.9      30.0      39.5     262.0       4.5       6.9      87.8       0.2      17.1       1.3     329.2
Georgia                  675.5      70.3       7.8       2.3       7.1       1.4       0.0      28.6       5.5     124.3      23.8      28.8      43.1       4.4       0.0       8.9     133.6       0.3      36.4       1.2     623.4
Illinois               34944.4   13043.4    1449.3     242.7     608.3     221.3      10.4   13823.9     263.7    9627.8    2058.8    1371.5     478.1    1718.0      22.5     717.6    6815.0      11.7     859.6      67.6   29413.2
Indiana                22584.4    8130.5     903.4     207.4     764.7     149.3      23.1   10597.8     311.8    8962.5    1939.5    1463.7     619.5    7756.9     161.5     592.5    4878.1       9.2     908.2      63.6   20210.4
Kentucky               15640.3    5840.1     648.9      95.2     310.2     115.4       3.4    3846.3     175.4    4323.5     685.3     764.6    2613.9    2968.9      43.6     327.9    2409.3       5.1     659.2      45.5    8626.7
Maine                   3639.9     567.7      63.1      17.9     137.9      13.1       0.1    3012.4      66.0    1356.6     209.0     289.8      91.5     518.2       7.1     538.0    2066.1       3.5     497.4      75.7    1576.3
Maryland                7618.6    1551.8     172.4      33.1     119.4      31.2       0.9    3541.0      50.9    1887.8     381.3     283.2     135.7     905.3      12.2     119.1     822.5       1.8     163.0       9.5    3361.0
Massachusetts           7955.0    2292.4     254.7      53.1     236.3      54.9       2.5   14406.9      68.6    3391.0     663.3     421.4     206.8    1764.6      14.4     188.7    1161.2       2.6     249.2      22.1    4749.9
Michigan               25012.4    8347.1     927.5     207.1     627.7     139.6      18.8   19248.1     287.7    9939.5    1926.3    1450.2    1493.3    1426.0      25.8     403.4    3320.5       7.2     779.0      53.2   12926.1
Missouri                1141.5     417.3      46.4       8.2      21.7       8.2       0.1     102.6      11.3     334.3      62.1      73.8      56.5     108.9       2.1      52.4     663.5       1.0      80.7       3.2    3388.4
New Hampshire           2793.9     634.3      70.5      14.1      76.3      34.5       0.2    2765.8      26.5     997.2     214.5     215.0      75.8    3605.0      55.5      40.6     411.6       1.0     143.6       6.0    1363.2
New Jersey             12875.5    5184.2     576.0     175.0     527.9     132.8      33.6    3657.7     237.7    5888.4    1047.5     595.7     244.0    4008.4      26.5     237.7    1731.1       4.5     389.9      54.1    6386.2
New York               30491.0    8717.4     968.6     196.1     626.9     253.0       8.9   23666.6     267.7   12829.0    2718.9    2140.4    1381.9    6318.5     103.1     562.3    5089.2      10.4    1064.0      84.7   19542.8
North Carolina         45622.7    4364.8     485.0     153.1    1180.3     106.4       8.4    3190.0     389.4    9606.5    1802.1    1538.3    3899.6    1366.7      19.2     479.3    3678.4      10.6    1381.2      81.5   11031.3
Ohio                   28179.2    9156.0    1017.3     256.4     853.6     236.5      32.5    8237.6     341.6   10538.1    2129.6    1438.9    2048.4    3145.1      51.3     582.5    4725.1      10.0     988.4      83.5   17810.8
Pennsylvania           23785.9    8870.2     985.6     322.5     793.5     216.6      56.0    4759.6     446.4   10813.7    2158.8    1617.1    1737.6    4585.3      62.1     445.3    3982.9       8.8     868.9      74.1   14720.5
Rhode Island            1730.6     365.4      40.6       9.5      69.6       9.5       0.3    4185.6      12.5     753.7     187.8     106.4      39.4     222.1       3.0      23.0     173.0       0.4      46.3       3.7     551.5
South Carolina          5360.0     680.2      75.6      21.3      89.7      13.3       1.1     395.1     169.2    1697.4     245.6     212.2     201.5     238.2       4.2      59.4     677.3       2.1     244.3       8.2    2884.3
Tennessee              35658.2    7646.3     849.6     182.9     619.6     149.9       4.7   23265.4     469.4    8435.2    1358.0    1418.1    2612.3    2668.2      32.2     455.3    2919.0       7.3    1020.0      62.3    9339.2
Vermont                 2568.5     699.7      77.7      11.8      31.8      16.3       0.1    1247.5      24.1     673.0     129.3     182.2     291.5     532.5       7.0      39.6     563.1       1.1     157.4       5.6    2421.5
Virginia               25100.6    5825.9     647.3     118.1     439.1     110.3       2.4    9694.8     377.2    6719.2    1143.4    1164.0    1338.8    6184.7     120.5     435.9    2690.1       7.6     999.5      54.5    9272.5
West Virginia           7098.1    1891.4     210.2      71.9     129.1      56.4      11.0     755.7     116.1    2195.1     310.0     403.7     133.7    1677.4       5.9     127.0     923.5       2.2     315.8      28.6    3382.8
Wisconsin              14359.7    4469.0     496.6      82.6     476.0      76.1       3.0    3486.6     121.1    4627.6    1078.5     745.2     691.4    1725.9      18.3     292.5    2330.1       4.8     496.5      37.1    8623.7
Quebec                 16930.4    2379.8     264.4     125.3     237.2      81.3      20.7    1460.2     265.9    2548.4     240.1     187.4     590.3    3315.7     135.5       0.0       0.0       0.0       0.0       0.0       0.0
Ontario                26088.8    5705.9     634.0     272.8     516.3     177.0      45.0    3177.9     578.6    5546.0     522.6     407.9    1572.5    3538.5     126.4       0.0       0.0       0.0       0.0       0.0       0.0
