 
Biogenic source average speciated emissions from 
     Tuesday July 9, 1996   at       0 to
     Tuesday July 9, 1996   at  230000 within grid US36NC_23X12
State                   NO        ALD2        ISOP          NR         OLE         PAR       TERPB
               [moles/day] [moles/day] [moles/day] [moles/day] [moles/day] [moles/day] [moles/day]
--------------------------------------------------------------------------------------------------
Georgia            29236.7    261100.3   2103518.3     94493.6    181527.0   2650792.0    174066.9
Kentucky          129152.7    817936.8   8971882.0    477897.2    750542.7  11395999.0    545291.2
North Carolina   2753602.8  11579214.0  55914392.0   3297407.3   7157144.5 102372768.0   7719476.5
Ohio                1248.8      6881.4     87439.9      4099.8      6393.6     97222.0      4587.6
South Carolina    568644.3   3409964.5  18236150.0    882036.1   2018690.8  28634470.0   2273308.8
Tennessee         152029.6    619464.8   5118982.5    284325.6    490813.8   7311393.5    412976.5
Virginia          737953.8   4844333.0  34297420.0   1700481.0   3315259.3  48285508.0   3229555.5
West Virginia     121481.6    735383.5   7741984.0    459796.6    704924.4  10758075.0    490255.6
 
Biogenic source average speciated emissions from 
     Wednesday July 10, 1996  at       0 to
     Wednesday July 10, 1996  at       0 within grid US36NC_23X12
State                   NO        ALD2        ISOP          NR         OLE         PAR       TERPB
               [moles/day] [moles/day] [moles/day] [moles/day] [moles/day] [moles/day] [moles/day]
--------------------------------------------------------------------------------------------------
Georgia             1358.6     13136.4     46663.0      4731.7      9110.5    132984.8      8757.6
Kentucky            5469.0     34773.0    165302.0     20311.6     31902.6    484390.0     23182.0
North Carolina    119230.3    514660.6    487269.8    147547.3    319100.8   4566948.0    343107.1
Ohio                  53.7       302.0      1057.7       180.1       280.8      4270.3       201.4
South Carolina     25263.3    161251.3    185153.6     41829.8     95580.2   1356111.3    107500.9
Tennessee           6704.3     28336.4    110566.1     12973.7     22419.1    333897.7     18890.9
Virginia           31141.3    201161.7    303610.0     70230.4    137284.3   1998563.5    134107.8
West Virginia       5025.1     30653.9    129369.9     19262.4     29480.3    450076.1     20435.9
