 
Biogenic source average speciated emissions from 
     Friday July 14, 1995  at       0 to
     Friday July 14, 1995  at  230000 within grid T2_36_C
State                       NO      ALD2      ISOP        NR       OLE       PAR     TERPB
                     [tons/yr] [tons/yr] [tons/yr] [tons/yr] [tons/yr] [tons/yr] [tons/yr]
------------------------------------------------------------------------------------------
Alabama                  105.3     354.7   13596.9     119.1     356.3    2733.7    1182.3
Arkansas                 236.9     124.5    3016.8     114.1     269.5    2187.5     414.9
Connecticut              857.4    8026.3  189455.2    2476.5    7623.7   58129.5   26753.4
Delaware                1167.9    2609.6   66436.1     746.2    2360.9   17897.9    8698.3
District of Columbia      66.7     398.1   10974.0     103.1     338.8    2548.6    1326.9
Georgia                  261.0    4456.6  105350.6     842.8    3169.4   23233.1   14854.9
Illinois               61555.2   22462.9 1118981.9   26011.7   59466.6  486871.1   74874.3
Indiana                44545.2   28841.3 1049985.0   21126.6   51829.9  416629.7   96134.9
Kentucky               25121.4   57847.1 1822243.6   23297.0   65833.0  511517.0  192818.0
Maine                   1097.4   51122.6  112892.2    6347.3   29720.1  210087.4  170403.5
Maryland                4990.8   15571.3  405841.6    4454.8   14091.3  106831.3   51902.7
Massachusetts           1370.1   15319.4  271091.1    3752.6   12604.1   94397.0   51063.1
Michigan               28803.5  114344.9 1609485.1   40271.8  118582.1  912918.8  381138.5
Missouri                4549.0    2232.0  102371.5    2050.9    4842.2   39309.0    7439.8
New Hampshire            896.3   36899.5  209777.4    5289.2   22866.0  163663.5  122994.8
New Jersey              2254.2   14734.0  415355.3    3817.6   12538.9   94330.4   49111.9
New York               14974.1   84552.0  698824.9   22544.8   73228.8  552146.7  281831.8
North Carolina         17176.9  132690.6 1848954.0   25966.0   96107.1  706550.8  442289.1
Ohio                   33022.8   33946.5  800289.9   19497.6   50275.8  399162.7  113151.6
Pennsylvania           15852.3   59767.6 1684292.0   22149.2   64179.1  495855.5  199219.6
Rhode Island             256.9    2055.1   65111.1     655.1    1993.9   15240.3    6850.2
South Carolina          1586.8   15965.5  212726.5    3003.5   11322.4   82961.2   53216.8
Tennessee              19901.8   73727.3 2398108.5   23428.2   71387.0  545506.5  245750.3
Vermont                 1903.1   34186.4   75420.8    5345.3   22074.2  159191.8  113951.4
Virginia               12433.3   92070.2 2213027.8   21054.9   72756.7  541869.1  306891.7
West Virginia           4688.8   36951.3 1206834.8   11603.8   35502.2  271053.7  123167.3
Wisconsin              25358.6   56495.7 1031299.3   21968.4   62727.6  486240.9  188313.3
Quebec                  4142.0   14202.8  389703.6    6151.3   17025.6  132918.4   47341.3
Ontario                23551.4   43758.0 1791937.6   27562.1   69661.2  555803.1  145855.8
 
Biogenic source average speciated emissions from 
     Saturday July 15, 1995  at       0 to
     Saturday July 15, 1995  at       0 within grid T2_36_C
State                       NO      ALD2      ISOP        NR       OLE       PAR     TERPB
                     [tons/yr] [tons/yr] [tons/yr] [tons/yr] [tons/yr] [tons/yr] [tons/yr]
------------------------------------------------------------------------------------------
Alabama                    5.0      19.2     340.6       6.5      19.3     148.1      64.0
Arkansas                  10.2       4.9      77.0       4.5      10.6      86.0      16.3
Connecticut               40.1     372.3     699.3     115.0     353.8    2697.8    1240.9
Delaware                  55.5     130.2     493.1      37.5     118.2     896.8     433.9
District of Columbia       3.2      21.5     114.2       5.6      18.3     137.6      71.6
Georgia                   12.3     227.1    2131.7      43.0     161.5    1184.1     757.1
Illinois                2610.1    1089.0   42304.6    1269.0    2898.7   23737.9    3629.8
Indiana                 1940.9    1537.9   30576.8    1102.0    2714.6   21798.5    5126.2
Kentucky                1113.0    2889.3   45545.6    1163.8    3288.5   25551.5    9630.5
Maine                     48.7    2348.6     153.7     291.8    1365.8    9654.9    7828.5
Maryland                 237.1     793.4    4181.2     228.2     720.4    5463.8    2644.6
Massachusetts             62.4     708.4     667.8     172.7     581.1    4350.5    2361.2
Michigan                1331.1    5494.0   53791.6    2019.4    5866.3   45297.9   18312.7
Missouri                 197.6     115.5    3548.5     100.7     239.6    1941.0     384.8
New Hampshire             42.3    1873.3    1068.8     265.5    1154.9    8258.3    6244.1
New Jersey               106.7     716.2    2889.5     186.3     610.9    4596.9    2387.1
New York                 663.0    3888.0    6562.7    1031.7    3357.4   25305.0   12959.6
North Carolina           779.7    6235.0   20766.6    1223.6    4523.0   33259.7   20782.6
Ohio                    1498.6    1723.1   17381.6     997.6    2567.9   20396.6    5743.7
Pennsylvania             741.5    2831.4   19497.9    1053.2    3048.2   23557.1    9437.7
Rhode Island              11.5      92.2       0.0      29.4      89.4     683.6     307.2
South Carolina            72.6     770.5    2989.7     144.9     546.3    4002.8    2568.3
Tennessee                897.2    3656.0   59802.2    1144.9    3506.3   26764.3   12186.3
Vermont                   90.3    1782.1     697.6     276.4    1146.2    8260.2    5940.2
Virginia                 587.5    4532.4   25016.4    1043.7    3596.1   26797.6   15107.6
West Virginia            226.7    1938.1   21524.6     608.5    1861.9   14215.0    6460.3
Wisconsin               1039.4    2087.2   34609.2     856.4    2406.9   18724.2    6957.3
Quebec                   191.1     685.4    5703.0     301.9     831.7    6500.2    2284.7
Ontario                 1085.8    2162.8   36827.3    1361.4    3441.2   27455.5    7209.2
