 
Biogenic source average speciated emissions from 
     Friday July 14, 1995  at       0 to
     Friday July 14, 1995  at  230000 within grid METCRO_t2_36_m_C
State                         NO        ALD2        ISOP          NR         OLE         PAR       TERPB
                     [moles/day] [moles/day] [moles/day] [moles/day] [moles/day] [moles/day] [moles/day]
--------------------------------------------------------------------------------------------------------
Alabama                   8722.2     32412.5    496988.9     19997.3     30801.5    469604.9     21608.4
Arkansas                 19623.6     11373.4    110269.1     19150.8     22941.9    371057.0      7582.3
Connecticut              71035.0    733410.5   6924896.0    415671.4    660141.7  10000057.0    488940.4
Delaware                 96757.0    238453.0   2428349.0    125251.3    204735.7   3083084.0    158968.7
District of Columbia      5526.2     36374.1    401116.1     17312.5     29437.2    439808.1     24249.4
Georgia                  21625.9    407227.9   3850738.5    141464.3    277207.0   4033805.0    271485.3
Illinois               5099619.0   2052582.9  40900624.0   4365906.5   5050101.5  82430736.0   1368388.9
Indiana                3690401.3   2635416.0  38378656.0   3545981.0   4424454.0  70823336.0   1756943.4
Kentucky               2081214.6   5285861.5  66606000.0   3910271.3   5672226.0  87618048.0   3523906.5
Maine                    90915.5   4671394.5   4126394.8   1065357.0   2622488.0  36796640.0   3114263.5
Maryland                413469.8   1422845.3  14834174.0    747717.9   1221999.8  18402586.0    948563.6
Massachusetts           113508.0   1399830.4   9908822.0    629857.8   1096467.9  16306902.0    933220.3
Michigan               2386258.0  10448422.0  58829304.0   6759391.5  10242198.0 156703312.0   6965615.0
Missouri                376863.8    203953.3   3741844.5    344228.3    412212.7   6667693.5    135968.9
New Hampshire            74257.2   3371744.5   7667706.0    887757.1   2011672.0  28578852.0   2247829.5
New Jersey              186753.8   1346340.5  15181914.0    640764.7   1089545.0  16278361.0    897560.2
New York               1240548.5   7726059.5  25543190.0   3784017.0   6359371.0  95232520.0   5150707.0
North Carolina         1423043.6  12124786.0  67582296.0   4358242.5   8399840.0 122589288.0   8083195.0
Ohio                   2735811.8   3101904.5  29251912.0   3272562.3   4306531.0  68041184.0   2067937.0
Pennsylvania           1313303.0   5461351.5  61563620.0   3717608.8   5538060.0  85044752.0   3640900.3
Rhode Island             21282.2    187789.9   2379917.0    109952.1    172548.7   2620344.5    125193.2
South Carolina          131458.2   1458871.6   7775501.5    504119.2    990409.6  14405511.0    972581.1
Tennessee              1648793.3   6736931.5  87654792.0   3932294.8   6177937.0  93796712.0   4491289.0
Vermont                 157661.9   3123833.0   2756751.5    897185.5   1938463.3  27747486.0   2082555.5
Virginia               1030052.1   8413043.0  80889744.0   3533944.8   6338292.5  93729216.0   5608697.0
West Virginia           388451.3   3376474.8  44111780.0   1947624.6   3073116.5  46615520.0   2250983.5
Wisconsin              2100866.0   5162369.5  37695680.0   3687273.0   5408064.0  83333096.0   3441579.5
Quebec                  343147.0   1297801.6  14244301.0   1032465.5   1465066.4  22743122.0    865201.1
Ontario                1951150.0   3998450.5  65498236.0   4626134.0   5958952.0  94638096.0   2665633.8
 
Biogenic source average speciated emissions from 
     Saturday July 15, 1995  at       0 to
     Saturday July 15, 1995  at       0 within grid METCRO_t2_36_m_C
State                         NO        ALD2        ISOP          NR         OLE         PAR       TERPB
                     [moles/day] [moles/day] [moles/day] [moles/day] [moles/day] [moles/day] [moles/day]
--------------------------------------------------------------------------------------------------------
Alabama                    410.5      1753.9     12451.1      1084.1      1668.7     25444.5      1169.3
Arkansas                   842.9       447.9      2814.0       752.6       901.9     14586.4       298.6
Connecticut               3318.4     34017.4     25561.2     19295.5     30634.6    464092.9     22678.3
Delaware                  4601.3     11896.1     18025.2      6287.4     10252.7    154469.8      7930.7
District of Columbia       265.0      1963.0      4173.5       934.7      1589.0     23742.1      1308.7
Georgia                   1018.7     20754.5     77915.6      7209.6     14127.8    205581.7     13836.3
Illinois                216236.8     99506.9   1546303.5    212987.0    246156.0   4018807.0     66338.0
Indiana                 160797.8    140529.0   1117632.0    184958.8    231801.8   3706415.0     93686.0
Kentucky                 92203.9    264009.2   1664765.4    195334.4    283337.5   4376722.0    176006.1
Maine                     4033.5    214607.1      5616.9     48976.1    120511.8   1691022.3    143071.4
Maryland                 19642.2     72497.9    152829.7     38300.3     62466.3    941097.3     48331.9
Massachusetts             5166.3     64728.9     24409.6     28981.8     50558.1    751606.3     43152.6
Michigan                110278.6    502020.2   1966169.6    338942.7    506282.8   7770106.5    334680.1
Missouri                 16371.7     10549.6    129703.3     16894.1     20410.6    329397.3      7033.1
New Hampshire             3500.6    171172.7     39065.3     44571.0    101628.5   1442397.0    114115.1
New Jersey                8840.2     65440.5    105615.5     31262.2     53075.7    793219.0     43627.0
New York                 54929.8    355272.2    239875.8    173166.2    291590.3   4364915.0    236848.1
North Carolina           64595.5    569729.4    759053.6    205378.5    395288.2   5770351.5    379819.4
Ohio                    124152.8    157455.0    635324.8    167449.7    219934.7   3476464.5    104970.0
Pennsylvania             61434.5    258722.2    712678.7    176774.9    263015.7   4040062.0    172481.5
Rhode Island               954.1      8421.6         0.0      4931.8      7739.0    117526.5      5614.4
South Carolina            6011.5     70407.8    109277.0     24318.9     47788.2    695052.6     46938.5
Tennessee                74327.9    334073.1   2185869.3    192166.0    303523.7   4603115.5    222715.4
Vermont                   7480.6    162843.1     25498.7     46390.7    100671.8   1440014.6    108562.0
Virginia                 48672.0    414156.9    914390.8    175179.4    313231.8   4634679.0    276104.5
West Virginia            18784.0    177099.9    786759.6    102134.8    161168.1   2444690.8    118066.6
Wisconsin                86107.5    190724.5   1265022.6    143734.1    207308.9   3206376.5    127149.7
Quebec                   15831.4     62632.9    208452.7     50671.3     71549.0   1111943.9     41755.3
Ontario                  89953.9    197631.2   1346096.4    228496.0    294373.1   4674956.0    131754.1
