 
Total source average speciated emissions from 
     Friday July 14, 1995  at       0 to
     Friday July 14, 1995  at  230000 within grid T2_36_C
State                       CO        NO       NO2      ALD2       ETH      FORM      ISOP        NR       OLE       PAR     TERPB       TOL       XYL       NH3       SO2      SULF       PEC    PMFINE      PNO3       POA      PSO4       PMC
                     [tons/yr] [tons/yr] [tons/yr] [tons/yr] [tons/yr] [tons/yr] [tons/yr] [tons/yr] [tons/yr] [tons/yr] [tons/yr] [tons/yr] [tons/yr] [tons/yr] [tons/yr] [tons/yr] [tons/yr] [tons/yr] [tons/yr] [tons/yr] [tons/yr] [tons/yr]
------------------------------------------------------------------------------------------------------------------------------------------------------------------------------------------------------------------------------------------------
Alabama                 3366.3     631.2      58.4     365.7      31.2       7.8   13597.3     304.7     368.8    3198.6    1182.3      80.5      57.7      79.2     526.2       1.8      14.6     182.1       1.8      35.3       2.6     726.7
Arkansas               11494.4    3199.5     329.2     185.6     171.7      70.7    3017.9     775.7     338.2    4245.1     414.9     397.3     304.2     298.9     279.3       3.5     231.5    1051.8       2.1     200.2      17.2    4724.5
Connecticut           666264.2  127195.1   14037.5   11075.2    8329.8    2213.3  189605.7  159831.9   11420.7  171351.1   26753.4   20243.0   14394.3    4671.7   53270.4     845.8    3264.8   17703.1      51.8    5442.7     482.4   58867.8
Delaware              202230.3   65542.5    7152.7    4259.8    2923.0     667.6   66467.8   13007.1    4110.5   53826.7    8698.3    5269.5    4229.1    2205.0   95668.3    1300.4    1454.6    9576.6      19.4    1944.7     412.2   26733.4
District of Columbia  109134.9   17673.3    1956.3     817.4     821.8     412.0   10984.8    4806.9     709.6   16689.4    1326.9    1908.6    1193.9     940.3    9757.3     161.0     190.3    2084.5       5.6     421.8      33.5    7609.1
Georgia                48402.2    6451.3     687.8    4602.6     332.8      87.6  105355.1    2190.5    3384.3   28325.3   14854.9     884.1     931.5    1018.6     132.1       0.6     214.4    3183.0       7.1     870.9      29.7   14644.6
Illinois             2342186.3  830246.3   85410.3   34674.7   31862.8    9561.4 1119518.8  460201.4   76272.0  922714.8   74874.3   76467.0   45680.0   19018.8  808786.4   15477.7   14090.6  156983.9     348.6   24797.6    5311.1  587739.9
Indiana              2185857.8  837238.8   88077.1   39214.6   32238.5    6144.9 1050634.9  326336.5   65150.9  779826.4   96134.9   68808.9   48446.7   20039.8 1347308.4   27324.2   12727.0  131241.5     281.9   25576.2    7918.7  446620.3
Kentucky             1473078.2  643620.1   68722.1   65174.0   19813.6    6005.3 1822446.6  183464.7   77449.9  760196.4  192818.0   35781.5   31709.8   58364.1  786670.3   16544.6    7628.8   66975.6     159.1   15801.1    1671.2  213285.5
Maine                 395655.2   62592.2    6832.8   52227.8    4827.5    1350.3  112923.3   85725.6   32039.0  260743.0  170403.5    7578.6    8779.0    2229.5   56272.1     749.4   13082.8   50658.3      88.7   12204.8    2511.3   39146.9
Maryland              868264.0  238908.8   25990.8   18310.8    5981.7    3011.4  405946.1  104273.7   17484.4  203387.3   51902.7   17079.2   12363.0    3625.5  279838.6    5719.9    2939.0   22329.7      49.9    4316.0     727.5   83562.3
Massachusetts         872787.3  212046.5   23408.5   19145.2    9882.6    2991.1  271247.8  360860.4   16755.9  241947.2   51063.1   27195.1   16927.5    5036.4  192320.3    3078.7    4994.3   31647.4      70.9    6822.6     646.1  126262.1
Michigan             2298074.8  762878.9   81564.0  125894.8   29262.8    8086.0 1610151.3  603367.1  132933.9 1338784.8  381138.5   79564.0   58846.8   36915.8  571650.5    9961.0   10389.9   95202.9     240.6   22136.5    5335.0  344740.9
Missouri              104433.4   65564.2    6779.5    2502.7     568.7     276.0  102377.2    5236.2    5253.0   49333.3    7439.8    2013.9    2110.3    1112.8   33229.3     605.4    1099.2   14263.8      25.2    1729.2     138.1   69188.0
New Hampshire         305739.7   71679.3    7864.8   37949.8    3118.6    1546.0  209810.3   77655.6   24443.6  206852.3  122994.8    8825.0    7266.1    1787.0  137845.6    2402.5    1062.2   10702.4      24.8    3593.9     371.8   32369.3
New Jersey            857157.4  306620.6   33818.5   22907.3   20666.3    7804.8  416251.4  134819.2   24553.8  346990.6   49111.9   46443.4   25573.5    6276.1  228914.7    2602.3    9148.3   47858.4     155.8   15274.7    2708.4  159347.8
New York             2668429.5  608967.9   65999.3   96711.3   27727.0   10437.0  699308.5  533089.5   87229.8 1046326.2  281831.8   92469.2   70200.3   32648.4  618040.5   10347.0   16919.1  158429.9     482.6   34436.5   11791.2  546042.5
North Carolina       2373952.8  557047.3   59985.6  141130.1   35896.1    5669.9 1849225.9  142284.1  110713.7 1074478.1  442289.1   75477.4   51679.2   91693.9  480637.8    9932.1   11986.2   95228.3     272.8   34384.8    3557.4  272228.5
Ohio                 3608141.0 1055523.1  113611.1   47671.4   36972.9   10665.2  801359.4  289739.3   71989.6  878165.8  113151.6   93538.7   60243.4   50549.3 1667233.5   32702.3   14504.9  137132.5     350.6   27046.6    5497.6  441230.4
Pennsylvania         2939185.8  880915.9   96118.1   74299.0   30822.6   10128.1 1685871.5  194745.0   85322.6  970053.1  199219.6   88462.4   58500.6   46691.7 1303077.0   26895.4   11119.5  123336.7     344.6   24894.5    8046.0  389863.8
Rhode Island          168942.9   26227.5    2885.6    2810.2    2355.1     480.9   65136.5  102574.1    2799.4   46795.1    6850.2    6808.5    4369.6     935.8    7969.8     109.3     547.5    4645.3      13.2    1234.5     292.3   13316.1
South Carolina        400476.4   66047.8    7162.3   17358.5    3710.8     961.6  212786.4   21918.7   16148.5  147524.8   53216.8    9939.7    7687.9    4362.3   22367.9     421.2    1507.6   17102.4      52.0    6017.1     365.0   69695.2
Tennessee            2228223.8  672485.0   72509.2   83164.9   25022.2    6318.8 2398448.0  572198.4   90187.9  885760.8  245750.3   57821.6   46363.8   53588.7  714184.6   14303.5   13638.4   73457.6     193.3   24658.8    2541.3  220049.5
Vermont               198668.6   38448.4    4060.6   34899.0    1476.7     654.5   75441.2   37420.6   23075.7  185609.3  113951.4    5236.2    5494.5    6770.0   14587.0     195.7    1063.7   13597.5      27.8    3906.1     145.3   56861.8
Virginia             2020969.9  515141.6   55856.5  100153.3   19708.8    8941.6 2213272.3  314459.8   88921.9  851853.8  306891.7   51948.1   44227.8   32089.3  465877.9    8831.6   10940.0   80897.3     422.3   47586.5   10827.1  244777.3
West Virginia         844557.7  423469.3   46531.2   40506.7   12617.0    2611.1 1207142.6   78169.5   42474.1  377827.5  123167.3   17122.0   16237.4    3590.9  692651.1   14517.6    3355.7   30831.4      84.6    9571.7    3106.7   93232.6
Wisconsin            1080845.1  345818.6   35606.6   61700.8   16632.1    4334.2 1031466.7  139395.0   69106.9  681718.9  188313.3   38390.8   24923.9   14076.9  302306.3    5885.3    5991.7   52427.5     120.7   10966.8    1748.3  181848.7
Quebec                695368.5  143371.6   15470.0   27985.3   14986.7    2648.1  390246.4   53945.1   28534.0  221037.5   47341.3   11074.3    7737.2   14445.1  112088.8    3394.9       0.0       0.0       0.0       0.0       0.0       0.0
Ontario              1910213.3  489179.2   51736.4   53587.4   53116.1   13379.3 1793122.6  170241.0   87449.5  788512.9  145855.8   26948.0   22382.2   37424.9  709217.4    5397.6       0.0       0.0       0.0       0.0       0.0       0.0
 
Total source average speciated emissions from 
     Saturday July 15, 1995  at       0 to
     Saturday July 15, 1995  at       0 within grid T2_36_C
State                       CO        NO       NO2      ALD2       ETH      FORM      ISOP        NR       OLE       PAR     TERPB       TOL       XYL       NH3       SO2      SULF       PEC    PMFINE      PNO3       POA      PSO4       PMC
                     [tons/yr] [tons/yr] [tons/yr] [tons/yr] [tons/yr] [tons/yr] [tons/yr] [tons/yr] [tons/yr] [tons/yr] [tons/yr] [tons/yr] [tons/yr] [tons/yr] [tons/yr] [tons/yr] [tons/yr] [tons/yr] [tons/yr] [tons/yr] [tons/yr] [tons/yr]
------------------------------------------------------------------------------------------------------------------------------------------------------------------------------------------------------------------------------------------------
Alabama                  151.3      29.1       2.7      19.7       1.5       0.4     340.7      15.1      19.9     169.6      64.0       3.9       2.7       4.0      23.0       0.1       0.7       9.3       0.1       1.8       0.1      38.0
Arkansas                 498.3     151.2      15.7       7.7       8.3       3.4      77.0      36.5      13.8     182.4      16.3      18.8      13.9      14.6      13.8       0.2      11.6      37.2       0.1       9.0       0.9     171.7
Connecticut            22465.4    4889.0     538.8     480.9     329.4      85.8     705.0    6762.4     497.3    7042.7    1240.9     812.1     567.5     198.8    2347.1      37.7     138.5     756.7       2.1     222.8      20.2    2545.8
Delaware                7011.1    2670.1     290.5     193.0     113.4      25.4     494.3     519.1     186.1    2274.1     433.9     208.5     165.8      93.7    4203.3      58.8      61.2     405.3       0.8      77.8      17.4    1152.6
District of Columbia    3976.8     674.2      74.6      37.6      32.3      16.7     114.6     187.0      32.5     699.0      71.6      75.6      46.0      40.0     419.4       7.0       8.2      90.5       0.2      17.8       1.4     330.9
Georgia                 1716.8     236.0      24.9     232.5      12.4       3.2    2131.8      94.2     169.8    1379.8     757.1      34.3      36.5      43.3       5.0       0.0       9.1     134.2       0.3      36.6       1.3     623.6
Illinois              105983.4   39813.1    4133.7    1640.5    1444.1     455.9   42328.5   21513.3    3647.2   43412.3    3629.8    3656.7    2195.2     799.2   37487.6     728.0     735.7    7875.1      16.8    1174.3     222.4   30542.1
Indiana                92837.4   37848.3    3989.7    1991.9    1433.1     277.8   30607.9   15046.9    3297.5   37708.9    5126.2    3048.0    2147.7     935.8   62872.2    1292.1     615.5    5956.7      13.1    1163.8     336.5   21393.1
Kentucky               53196.9   28239.9    3014.1    3172.6     760.1     244.7   45553.4    7896.4    3749.1   35098.2    9630.5    1339.2    1193.1    2661.9   36568.8     774.1     336.6    2821.2       6.8     683.1      72.2    9486.1
Maine                  14597.0    2360.7     256.9    2389.1     193.0      52.9     154.7    3610.7    1457.7   11639.4    7828.5     298.3     353.9      94.6    2370.2      31.7     555.5    2140.1       3.8     516.5     106.1    1651.9
Maryland               31069.5    9788.2    1061.2     893.3     225.6     117.8    4184.9    4351.6     848.8    9152.5    2644.6     657.2     472.1     149.4   12821.6     263.8     125.0     946.7       2.1     180.5      30.1    3537.4
Massachusetts          28809.4    8214.4     905.8     840.1     378.7     114.5     673.5   15184.8     730.1    9860.0    2361.2    1059.7     642.8     210.6    8671.0     140.7     205.1    1220.0       2.7     262.6      26.8    4822.5
Michigan               79197.3   31435.9    3345.0    5911.7    1100.1     308.4   53817.5   23498.5    6396.7   61745.3   18312.7    3158.0    2281.9    1512.3   25594.8     457.4     422.8    3813.0       9.6     878.8     221.6   13707.4
Missouri                4441.6    3052.9     317.3     127.3      25.8      12.6    3548.7     247.1     257.0    2388.3     384.8      85.8      91.1      56.5    1531.4      28.7      53.4     699.5       1.1      83.7       5.7    3443.0
New Hampshire          10514.5    2876.8     315.0    1909.0     120.0      62.6    1069.9    3231.6    1210.1    9856.5    6244.1     311.9     279.6      76.7    6216.2     108.9      44.5     431.1       1.0     147.8      15.5    1377.3
New Jersey             27744.3   12294.9    1354.2    1020.8     793.7     319.9    2925.4    5445.8    1076.9   14199.3    2387.1    1858.8     969.5     265.2    9594.5     110.7     359.8    1922.8       6.3     611.6     114.3    6531.9
New York               88935.8   23956.6    2588.2    4309.6    1061.5     406.4    6580.1   27019.1    3870.5   44232.1   12959.6    3690.4    2775.6    1391.8   26956.7     456.9     706.0    6712.7      20.1    1431.9     493.3   23273.4
North Carolina         85695.5   22950.1    2463.4    6555.1    1425.3     217.1   20780.1    5850.9    5106.3   47088.7   20782.6    2515.9    1951.9    3903.9   21874.8     455.9     499.7    3970.1      11.3    1423.9     148.7   11488.7
Ohio                  133224.3   44868.6    4818.9    2238.8    1481.0     425.6   17424.5   12065.3    3426.0   39203.5    5743.7    3768.7    2308.0    2158.4   75678.6    1501.2     617.3    5724.2      14.8    1122.7     239.5   18574.8
Pennsylvania          107315.9   36303.9    3951.4    3377.6    1228.4     402.0   19562.6    8034.1    3884.9   42004.1    9437.7    3512.3    2304.7    1982.7   59633.3    1240.9     470.8    5010.4      14.4    1037.8     332.7   16460.4
Rhode Island            5644.1     980.3     107.6     119.1      93.5      18.1       0.9    4324.0     119.1    1877.8     307.2     276.8     172.6      39.8     334.1       4.6      23.6     196.4       0.6      51.6      12.2     565.0
South Carolina         13836.4    2482.7     267.8     820.9     142.4      36.1    2991.8     893.1     753.4    6573.4    2568.3     385.7     287.9     201.9     936.8      17.6      63.4     712.8       2.2     252.7      15.2    2961.2
Tennessee              88921.5   29799.5    3211.4    4045.5    1055.1     274.2   59815.9   27115.1    4295.9   40916.7   12186.3    2390.2    1970.1    2615.3   32605.0     654.5     638.5    3384.1       8.8    1132.2     114.7   10567.2
Vermont                 6761.2    1426.1     148.4    1806.7      53.9      24.7     698.3    1620.3    1183.4    9241.4    5940.2     187.9     215.3     291.6     616.4       8.3      45.2     580.5       1.2     165.1       6.4    2428.6
Virginia               70817.9   20810.0    2246.9    4829.6     759.1     356.4   25025.0   13190.7    4235.7   38600.3   15107.6    1901.9    1660.4    1367.7   20805.8     399.6     461.3    3349.9      17.4    1986.9     450.5   10211.0
West Virginia          29411.1   18206.6    1997.8    2073.3     471.4     100.9   21537.9    3264.8    2132.5   18175.8    6460.3     629.3     577.0     150.7   31591.3     672.9     130.8    1183.1       3.4     383.3     127.2    3816.7
Wisconsin              46492.8   15441.9    1600.3    2308.7     768.0     191.0   34616.5    6185.9    2683.5   27160.6    6957.3    1712.3    1119.0     693.3   13723.6     271.1     300.4    2538.1       5.7     526.0      80.2    8866.8
Quebec                 26797.1    5490.9     588.9    1253.5     612.6     106.1    5725.0    2237.2    1302.8   10034.0    2284.7     435.2     305.5     590.3    4576.5     135.5       0.0       0.0       0.0       0.0       0.0       0.0
Ontario                74288.5   19270.2    2020.5    2560.1    2191.8     548.8   36876.2    7220.1    4172.1   36876.9    7209.2    1064.9     894.1    1572.5   29968.8     236.3       0.0       0.0       0.0       0.0       0.0       0.0
