 
Mobile source average speciated emissions from 
     Friday July 14, 1995  at       0 to
     Friday July 14, 1995  at  230000 within grid T2_36_C
State                       CO        NO       NO2      ALD2       ETH      FORM      ISOP        NR       OLE       PAR       TOL       XYL
                     [tons/yr] [tons/yr] [tons/yr] [tons/yr] [tons/yr] [tons/yr] [tons/yr] [tons/yr] [tons/yr] [tons/yr] [tons/yr] [tons/yr]
--------------------------------------------------------------------------------------------------------------------------------------------
Alabama                 2608.6     294.9      32.8       7.5      10.9       4.3       0.3      46.4       6.6     177.0      25.9      19.0
Arkansas                6650.4     886.7      98.5      18.1      28.3      11.6       0.8     119.0      16.6     417.9      65.3      47.8
Connecticut           416352.5   69930.9    7770.1    1572.1    2080.6     841.3      63.3    8941.9    1334.1   37532.7    5033.1    3664.3
Delaware              121073.4   20618.2    2290.9     456.6     622.7     264.4      18.4    2654.1     392.2   10711.0    1465.1    1062.0
District of Columbia   54285.1    7216.1     801.8     170.7     265.6     103.8       7.9    1120.3     156.6    3999.8     619.6     455.9
Georgia                30843.2    4375.6     486.2      86.5     132.8      54.3       3.9     560.1      78.6    2004.8     307.8     225.4
Illinois             1334795.0  198067.6   22007.5    5675.4    6282.8    2606.9     200.0   27623.1    4460.5  138056.9   15846.3   11403.3
Indiana              1380261.6  176276.0   19586.2    5072.0    5961.4    2478.2     185.3   26016.7    4086.5  122114.8   14816.2   10702.0
Kentucky              940967.4  114203.1   12689.2    3139.0    3993.0    1602.9     123.3   17263.2    2618.6   75426.8    9789.2    7120.8
Maine                 196641.5   31455.5    3495.1     567.3     951.9     389.9      27.2    3967.9     539.4   12903.3    2144.4    1575.0
Maryland              572875.7   84792.3    9421.4    1796.0    2674.4    1090.8      78.6   11314.9    1609.5   41929.9    6241.5    4563.9
Massachusetts         594836.8  100186.7   11131.9    2158.3    2998.8    1241.6      89.6   12759.6    1872.1   50764.1    7047.2    5125.8
Michigan             1450996.9  171706.3   19078.5    4927.9    6231.9    2505.4     192.6   26961.8    4102.2  118250.3   15281.2   11114.3
Missouri               16978.1    3340.9     371.2      60.5      81.2      36.7       2.3     345.9      51.5    1399.9     189.1     136.0
New Hampshire         196802.2   30886.7    3431.9     644.9     932.0     384.0      27.4    3956.2     569.6   15083.5    2187.3    1596.0
New Jersey            392261.2   65598.4    7288.7    1608.1    1997.9     836.7      61.2    8623.7    1326.0   38429.8    4835.5    3494.3
New York             1718947.9  251962.2   27995.8    6078.6    8168.5    3345.3     247.1   34952.9    5194.2  144172.9   19484.7   14170.6
North Carolina       1119486.1  161891.1   17987.9    3316.2    5173.6    2144.8     149.5   21722.3    3038.8   76337.4   11819.4    8642.0
Ohio                 2196263.5  247395.8   27488.4    7029.9    9342.9    3625.5     289.1   40246.0    5988.0  169008.5   22846.7   16712.6
Pennsylvania         1721932.3  245063.0   27229.2    6032.9    8001.9    3287.4     242.3   34310.2    5123.9  143266.0   19173.5   13934.1
Rhode Island          117987.8   16549.4    1838.8     403.7     579.4     223.5      17.7    2469.8     356.3    9621.3    1385.8    1017.3
South Carolina        251862.1   33193.6    3688.2     674.6    1094.0     433.2      31.9    4592.4     631.1   15628.4    2522.1    1856.9
Tennessee            1280371.8  148265.0   16473.9    3515.7    5440.7    2093.2     162.6   23005.2    3217.2   82788.1   12805.6    9437.1
Vermont               130243.3   18407.2    2045.3     380.8     580.8     235.6      17.0    2452.1     345.5    8845.0    1349.6     988.9
Virginia             1317487.8  178881.8   19875.8    3777.1    5973.1    2382.5     174.7   25133.4    3488.3   87761.9   13828.8   10162.5
West Virginia         386932.5   53773.6    5974.9    1189.3    1664.6     683.7      49.5    7098.8    1034.8   28001.2    3950.7    2879.8
Wisconsin             699320.3  101073.7   11230.4    2739.8    3115.1    1342.5      96.5   13611.9    2174.5   65812.2    7706.0    5531.2
Quebec                278596.0   71776.1    7975.1     808.4    1264.8     473.6      37.9    5364.1     743.5   19201.4    3023.8    2236.0
Ontario               835702.4  237307.9   26367.5    2381.2    3735.8    1521.8     107.7   15747.0    2187.0   55156.5    8682.9    6368.1
 
Mobile source average speciated emissions from 
     Saturday July 15, 1995  at       0 to
     Saturday July 15, 1995  at       0 within grid T2_36_C
State                       CO        NO       NO2      ALD2       ETH      FORM      ISOP        NR       OLE       PAR       TOL       XYL
                     [tons/yr] [tons/yr] [tons/yr] [tons/yr] [tons/yr] [tons/yr] [tons/yr] [tons/yr] [tons/yr] [tons/yr] [tons/yr] [tons/yr]
--------------------------------------------------------------------------------------------------------------------------------------------
Alabama                  115.1      13.0       1.4       0.3       0.5       0.2       0.0       2.1       0.3       7.7       1.2       0.9
Arkansas                 272.8      38.1       4.2       0.7       1.2       0.5       0.0       5.0       0.7      16.7       2.7       2.0
Connecticut            14111.9    2440.7     271.2      52.7      72.4      29.2       2.2     309.3      45.4    1257.0     173.4     126.3
Delaware                4139.3     707.0      78.6      15.5      21.6       9.1       0.6      92.0      13.5     364.9      50.7      36.8
District of Columbia    1871.4     252.0      28.0       6.0       9.2       3.6       0.3      39.0       5.5     140.8      21.6      15.9
Georgia                 1033.3     148.3      16.5       3.0       4.5       1.8       0.1      19.0       2.7      69.6      10.5       7.7
Illinois               56297.7    8513.7     946.0     230.4     269.5     111.3       8.4    1176.1     185.2    5572.9     670.4     484.0
Indiana                58177.2    7367.8     818.6     209.6     252.5     104.3       7.8    1098.8     170.6    5036.8     624.8     452.2
Kentucky               33259.8    4054.1     450.5     112.7     142.4      57.2       4.4     616.5      93.7    2718.8     350.6     254.9
Maine                   6517.0    1050.9     116.8      19.2      31.8      13.0       0.9     132.6      18.1     438.4      71.8      52.7
Maryland               19016.6    2850.5     316.7      61.0      90.0      36.8       2.7     381.0      54.4    1430.5     210.5     153.7
Massachusetts          20409.3    3446.7     383.0      71.2     103.8      42.7       3.1     439.0      63.1    1669.3     241.4     176.0
Michigan               49708.3    5735.7     637.3     175.3     211.8      85.3       6.6     922.2     143.0    4244.2     526.8     382.1
Missouri                 708.8     138.0      15.3       2.5       3.4       1.5       0.1      14.5       2.1      58.5       7.9       5.7
New Hampshire           6305.6    1031.5     114.6      20.9      30.6      12.6       0.9     129.6      18.6     490.6      71.6      52.2
New Jersey             13138.6    2237.0     248.6      52.2      68.0      28.5       2.1     291.4      43.9    1242.5     162.5     117.6
New York               56674.6    8551.4     950.2     197.2     274.8     112.6       8.2    1170.2     171.1    4670.5     650.2     473.3
North Carolina         36773.2    5337.7     593.1     108.9     172.1      71.0       5.0     721.7     100.4    2513.0     392.9     287.4
Ohio                   75876.6    8542.3     949.1     245.5     326.2     126.5      10.1    1405.1     208.9    5920.8     798.8     584.1
Pennsylvania           57125.8    8379.7     931.1     198.6     271.9     111.6       8.2    1161.0     170.9    4714.4     647.3     470.8
Rhode Island            3837.3     564.3      62.7      13.0      19.4       7.5       0.6      82.2      11.7     310.0      45.9      33.7
South Carolina          8087.7    1105.7     122.9      22.3      35.9      14.3       1.0     150.8      20.8     518.8      82.9      60.9
Tennessee              48961.2    5734.0     637.1     134.7     211.1      81.1       6.3     891.3     124.0    3170.6     495.9     365.6
Vermont                 4120.9     572.8      63.6      12.4      18.5       7.5       0.5      78.3      11.1     289.3      43.3      31.7
Virginia               43892.2    6094.3     677.1     127.8     203.1      81.0       5.9     853.9     118.2    2979.1     469.9     345.2
West Virginia          12510.4    1781.0     197.9      39.9      54.7      22.5       1.6     233.9      34.3     945.0     130.7      95.1
Wisconsin              29554.2    4374.1     486.0     108.3     135.1      57.6       4.1     583.1      89.4    2574.8     326.4     235.6
Quebec                  9696.1    2533.5     281.5      29.2      44.4      16.7       1.3     188.7      26.5     699.3     106.8      78.8
Ontario                29296.6    8401.6     933.5      85.7     131.7      53.9       3.8     556.2      77.9    1997.7     307.5     225.1
