 
Point source average speciated emissions from 
     Friday July 14, 1995  at       0 to
     Friday July 14, 1995  at  230000 within grid T2_36_C
State                       CO        NO       NO2      ALD2       ETH      FORM      ISOP        NR       OLE       PAR       TOL       XYL       NH3       SO2      SULF       PEC    PMFINE      PNO3       POA      PSO4       PMC
                     [tons/yr] [tons/yr] [tons/yr] [tons/yr] [tons/yr] [tons/yr] [tons/yr] [tons/yr] [tons/yr] [tons/yr] [tons/yr] [tons/yr] [tons/yr] [tons/yr] [tons/yr] [tons/yr] [tons/yr] [tons/yr] [tons/yr] [tons/yr] [tons/yr]
--------------------------------------------------------------------------------------------------------------------------------------------------------------------------------------------------------------------------------------
Alabama                    0.0       3.6       0.4       0.0       0.0       0.0       0.0      50.8       0.0      56.7       0.0       0.0       0.0     407.0       0.0       0.4      20.3       1.5       2.8       1.1       5.7
Arkansas                   0.0       0.0       0.0       0.0       0.0       0.0       0.0       0.0       0.0       0.0       0.0       0.0       0.0       0.0       0.0       0.0       0.0       0.0       0.0       0.0       0.0
Connecticut             6467.2   22342.4    2482.5     165.3     747.0     456.2       0.8    4321.7     753.6    7079.9    1915.2     852.6      58.5   37852.3     617.2     180.2    1207.1       3.2     390.8     175.4    1930.7
Delaware               15857.2   27291.4    3032.4     860.5     530.2      99.1       4.7    3221.2     590.6    6377.4     759.8     755.3     654.2   84334.2    1132.3      56.0     601.1       2.2     230.8     131.3     652.6
District of Columbia     295.2    1105.9     122.9       0.0      17.8      11.9       0.0     431.5       3.7     177.4       2.4       2.8      10.4    3622.7      57.9      28.5      63.7       0.1      14.6       3.4      39.5
Georgia                  194.1     144.4      16.0       1.7      19.6       0.3       0.0      88.0       1.7      45.6       0.3       0.1       5.1      26.1       0.1       5.0      22.9       0.0       4.1       0.7      22.6
Illinois              352099.8  346975.4   38553.0    1884.6   13598.8    2973.5     121.9  133636.7    7196.2  109534.4   21941.6    7698.8    7707.0  779170.4   15100.7     472.1   29299.9     133.2    8586.7    3952.8   32166.6
Indiana               287266.6  444679.9   49408.9     860.5    9978.9     600.8       3.2   54127.3    2560.8   51333.8   13272.5    5593.6    7592.9 1192363.0   24128.3     599.9   31202.6      93.4    6834.0    6618.8   39496.6
Kentucky              101987.9  369989.1   41109.9    1826.7    7434.6    1730.4       1.2   55780.4    4636.2   66047.7    8913.5    5181.7    1152.2  719651.0   15577.2     201.7    9870.4      40.4     634.4     646.1   19614.0
Maine                 106561.7   16521.8    1835.8      81.1     560.2     644.1       0.0    4334.5     191.6    5055.4     439.7     286.3      74.2   44021.6     580.8     418.4    2028.1       6.9     486.1     730.6    2260.8
Maryland              105071.9  112394.0   12488.2     143.2     395.8    1200.4       3.1    5110.0     556.5    9418.7    1711.2     920.8     329.2  258401.5    5431.7     132.3    2913.6       7.0     420.6     504.1    4413.0
Massachusetts           9839.6   53327.9    5925.3     178.3     907.7     381.4       2.8    3966.9     411.4   11299.2    3852.8    1096.1      90.0  150509.5    2739.6     368.4    1372.6       2.0     308.3     110.5    1668.3
Michigan               99168.1  357669.9   39741.1     802.2    6746.4    2008.9      10.4   37120.9    2534.6   51739.8   16373.4   10155.9     456.1  537395.8    9351.4     459.7   12361.2      58.3    2411.4    4020.7   19965.7
Missouri               62007.4   49011.0    5445.7      28.0      18.1      68.3       0.1     706.6     109.8    1317.9     412.7     269.0       0.1   30983.1     562.1      34.2    1054.9       5.0     101.6      73.5    1741.8
New Hampshire          33891.2   25385.5    2820.6      17.8     246.1     370.3       0.4    1798.5     318.3    3789.5    1654.8     469.4      23.3   56583.8    1150.9      93.8     986.2       1.8     105.2     228.9     654.5
New Jersey             39245.0  106737.8   11859.7    1866.6    4739.2    3554.5       5.9   30872.5    4428.7   58997.1   15457.9    6301.3     508.8  127370.3    1913.6    2726.9    4497.1      39.2    5002.9    1350.4    3479.0
New York               41282.5  133559.4   14839.9     688.5    3803.9     949.0       9.0   27739.0    1793.4   34996.2    8022.2    3898.1     236.2  466482.5    7876.6    3382.3   38998.2     232.6    8850.2    9775.1   90233.7
North Carolina         75579.2  272425.4   30269.5    1391.4    1733.5     949.0       3.6   17691.9    2243.0   57601.7   19993.0    5612.1     104.2  448410.4    9483.3     480.6    6726.5      16.7    1030.7    1607.9   10098.2
Ohio                  678235.4  558976.8   62108.5     314.5    7127.1    1532.1       8.3   35287.1    7318.0   54011.9   18910.8    7049.0    2641.1 1593634.9   31508.8     813.9   25453.6     111.7    3481.8    3532.7   21807.7
Pennsylvania          625396.4  410546.1   45616.2     638.8    3754.4    1674.1      13.6   25434.5    5252.5   70893.9   18065.5    5774.9    5881.7 1195041.5   25435.2     603.9   30141.5     134.9    4105.8    6314.9   44667.0
Rhode Island            1709.0     921.6     102.4     104.4     107.4      24.5       0.7     693.5     131.6    3246.2    1054.4     790.0       8.0    2687.7      38.3      15.0     561.3       2.6     126.8     204.0     324.1
South Carolina          8904.2   14970.0    1663.3     161.1     396.8     204.2       0.0    4823.1     411.1    8674.1    1368.1     350.4      10.4   16754.1     323.3      97.1    1086.7       1.4     206.1     172.2    2066.0
Tennessee             102661.0  340616.5   37846.3    1746.0    5364.7    1040.6      66.0   60984.0    4779.2   67013.5   14420.8    4502.7      71.2  658448.8   13654.0    3930.1   11198.2      36.2    2563.7    1233.5   28141.6
Vermont                 1704.8    1437.4     159.7      10.3      83.5      22.2       0.0     427.8      45.4     999.6     800.5     111.7       2.8    2008.5      30.1     133.6     431.6       1.0     193.3      17.6     175.0
Virginia               42794.8  186943.4   20771.5    1218.8    2801.2    3934.1       5.2   37907.7    3430.8   53478.2    9139.2    4080.4     692.8  325203.8    6123.2     632.1   16418.5     240.1   23860.8    9528.7   23416.3
West Virginia         234126.0  313614.5   34846.1     563.0    6887.8     452.1      14.4   39836.1    2924.5   19864.0    4649.1    1900.9     407.8  646288.6   14374.4      85.6    5900.2      30.5    1617.7    2365.4    9783.7
Wisconsin              56517.9  126130.7   14014.5     620.9    3634.6    1422.8       6.6   30522.8    1571.3   30532.6    7646.4    3423.0      45.5  266570.5    5511.0     187.8    4809.3      20.7     714.1    1004.2    5702.0
Quebec                  3974.5    9256.5    1028.5    9921.4    7943.8     194.0       1.4    6864.9    4289.8    6850.5    2201.5     936.6       0.0   30258.8       0.0       0.0       0.0       0.0       0.0       0.0       0.0
Ontario               452265.4   93858.6   10428.8     935.0   37051.9    7631.8       2.8   51049.5    1785.7   45123.9    5785.5    6275.0       0.0  625116.6    2428.3       0.0       0.0       0.0       0.0       0.0       0.0
 
Point source average speciated emissions from 
     Saturday July 15, 1995  at       0 to
     Saturday July 15, 1995  at       0 within grid T2_36_C
State                       CO        NO       NO2      ALD2       ETH      FORM      ISOP        NR       OLE       PAR       TOL       XYL       NH3       SO2      SULF       PEC    PMFINE      PNO3       POA      PSO4       PMC
                     [tons/yr] [tons/yr] [tons/yr] [tons/yr] [tons/yr] [tons/yr] [tons/yr] [tons/yr] [tons/yr] [tons/yr] [tons/yr] [tons/yr] [tons/yr] [tons/yr] [tons/yr] [tons/yr] [tons/yr] [tons/yr] [tons/yr] [tons/yr] [tons/yr]
--------------------------------------------------------------------------------------------------------------------------------------------------------------------------------------------------------------------------------------
Alabama                    0.0       0.1       0.0       0.0       0.0       0.0       0.0       2.1       0.0       2.4       0.0       0.0       0.0      17.0       0.0       0.0       0.8       0.1       0.1       0.0       0.2
Arkansas                   0.0       0.0       0.0       0.0       0.0       0.0       0.0       0.0       0.0       0.0       0.0       0.0       0.0       0.0       0.0       0.0       0.0       0.0       0.0       0.0       0.0
Connecticut              273.0     973.1     108.1       6.9      31.2      19.3       0.0     172.0      31.4     301.8      83.9      36.8       2.4    1694.7      28.0       7.6      36.6       0.1      16.1       7.1      45.5
Delaware                 664.5    1220.6     135.6      35.9      22.1       4.1       0.2     133.8      24.7     274.0      33.8      34.4      27.3    3723.8      51.7       2.4      25.7       0.1       9.7       5.5      28.2
District of Columbia      12.5      47.9       5.3       0.0       0.7       0.5       0.0      10.3       0.2       6.3       0.1       0.1       0.4     157.4       2.5       1.3       2.7       0.0       0.6       0.1       1.7
Georgia                    8.0       5.2       0.6       0.1       0.8       0.0       0.0       3.6       0.1       1.9       0.0       0.0       0.2       0.5       0.0       0.2       0.7       0.0       0.1       0.0       0.2
Illinois               14741.4   15646.0    1738.4      78.4     566.2     123.2       5.0    5244.4     299.5    4473.8     927.6     339.7     321.1   35769.6     705.5      18.1    1060.0       5.1     314.7     154.8    1128.9
Indiana                12075.8   20409.1    2267.7      37.0     415.9      24.2       0.1    2248.3     100.4    1911.1     483.7     231.8     316.4   55115.3    1130.6      22.9    1078.5       3.9     255.6     272.9    1182.7
Kentucky                4296.9   17232.7    1914.7      75.5     307.4      72.1       0.0    2269.9     191.5    2504.4     303.3     173.6      48.0   33599.9     730.6       8.6     412.0       1.7      23.9      26.6     859.4
Maine                   4440.1     693.4      77.0       3.4      23.3      26.9       0.0     173.9       7.8     189.6      17.5      11.5       3.1    1852.0      24.5      17.5      74.0       0.3      19.0      30.4      75.7
Maryland                4434.3    5148.8     572.1       5.8      16.1      49.8       0.1     201.5      23.1     370.4      65.4      35.2      13.7   11916.3     251.6       5.9     124.2       0.3      17.5      20.6     176.3
Massachusetts            445.1    2412.9     268.1       7.5      38.6      16.8       0.1     166.3      17.2     449.2     155.0      45.4       3.7    6906.4     126.3      16.4      58.8       0.1      13.4       4.7      72.6
Michigan                4476.6   16021.9    1780.2      35.4     260.6      83.5       0.5    1308.8      99.8    2263.6     704.9     449.7      19.0   24168.7     431.6      19.4     492.5       2.4      99.7     168.4     781.3
Missouri                2591.3    2300.0     255.6       1.2       0.8       2.8       0.0      29.4       4.0      54.4      15.8      11.6       0.0    1422.5      26.6       1.0      36.0       0.1       2.9       2.5      54.6
New Hampshire           1414.9    1168.7     129.9       0.8      13.1      15.5       0.0      70.6      10.1     110.4      25.8      12.4       1.0    2611.2      53.3       4.0      19.5       0.1       4.2       9.5      14.1
New Jersey              1730.2    4767.0     529.7      77.5     197.8     158.6       0.2    1310.4     184.5    2471.5     648.7     256.3      21.2    5586.1      84.3     122.2     191.7       1.7     221.6      60.2     145.7
New York                1770.2    6024.8     669.4      28.3     159.9      40.8       0.4    1150.6      74.3    1427.6     321.3     161.9       9.8   20638.1     353.8     143.6    1623.5       9.7     368.0     408.6    3730.7
North Carolina          3299.7   12468.0    1385.3      58.1      72.9      39.7       0.2     715.6      93.5    1709.4     321.0     126.2       4.3   20508.0     436.7      20.3     291.8       0.7      42.7      67.3     457.4
Ohio                   29168.5   25671.7    2852.4      13.7     301.1      62.6       0.3    1425.0     307.6    2348.0     840.3     285.0     110.0   72533.4    1449.9      34.8     999.1       4.8     134.4     156.0     764.0
Pennsylvania           26404.2   18312.5    2034.7      25.2     162.9      73.7       0.6    1060.3     219.3    2918.9     706.2     216.8     245.1   55047.9    1178.8      25.5    1027.4       5.6     168.9     258.6    1739.9
Rhode Island              76.1      39.1       4.3       4.3       4.5       1.0       0.0      26.7       5.5     130.6      43.1      32.5       0.3     112.0       1.6       0.6      23.4       0.1       5.3       8.5      13.5
South Carolina           388.8     624.2      69.4       6.7      16.8       8.5       0.0     202.4      17.2     354.5      57.2      14.7       0.4     698.6      13.5       4.1      35.6       0.1       8.4       7.0      76.9
Tennessee               4302.1   15522.0    1724.7      71.9     224.5      43.2       2.8    1813.4     196.2    2546.7     536.2     186.3       3.0   29936.8     622.3     183.2     465.1       1.6     112.2      52.4    1228.0
Vermont                   71.8      63.3       7.0       0.4       3.6       0.9       0.0      18.1       1.9      19.0      15.3       1.4       0.1      84.0       1.3       5.7      17.4       0.0       7.7       0.7       7.1
Virginia                1825.1    8302.3     922.5      51.2     116.9     165.1       0.2    1598.3     144.2    2104.3     288.6     151.3      28.9   14621.1     279.1      25.4     659.8       9.8     987.4     396.1     938.5
West Virginia           9802.6   14307.5    1589.7      23.4     287.6      22.0       0.6    1666.7     120.2     820.7     188.5      78.3      17.0   29913.8     667.0       3.9     259.6       1.3      67.6      98.5     434.0
Wisconsin               2578.8    5559.4     617.7      30.5     156.9      57.2       0.3    1260.0      66.1    1234.0     307.4     138.2       1.9   11997.8     252.8       8.0     208.0       0.9      29.5      43.1     243.2
Quebec                   170.7     386.4      42.9     413.5     331.0       8.1       0.1     286.3     178.8     286.2      88.2      39.3       0.0    1260.8       0.0       0.0       0.0       0.0       0.0       0.0       0.0
Ontario                18903.1    4076.8     453.0      38.8    1543.8     318.0       0.1    2124.6      74.5    1877.8     234.8     261.1       0.0   26430.3     109.8       0.0       0.0       0.0       0.0       0.0       0.0
