      
     This program uses the EPA-AREAL/MCNC-Environmental Programs
     Models-3 I/O Applications Programming Interface, which is 
     built on top of the netCDF I/O library (Copyright 1993, 1996
     University Corporation for Atmospheric Research/Unidata 
     Program).  Portions copyright (C) 1992-2001 MCNC.  See URL
     "http://www.emc.mcnc.org/products/ioapi/NOTICE.html" for
     conditions of use.
      
     $Id$
      
     Library release tag: $Name$
      
      
     Library release tag: $Name$
      
      
     SMOKE ---------------
     Copyright (c)2002 MCNC--Environmental Modeling Center
     All rights reserved

     See file COPYRIGHT for conditions of use.

     Program CNTLMAT, Version $
     Online documentation 
         http://www.emc.mcnc.org/products/smoke           
      
     Program CNTLMAT to take a SMOKE inventory file, a control
     packets file, an optional list of sources to track for the
     report, and produce one or more of the following: 
          1) multiplicative control matrix 
          2) additive control matrix 
          3) reactivity control matrix 
          4) projection matrix 
          5) controls report 
      
      
     You will need to enter the logical names for the input and
     output files (and to have set them prior to program start,
     using "setenv <logicalname> <pathname>").
      
     You may use END_OF-FILE (control-D) to quit the program
     during logical-name entry. Default responses are given in
     brackets [LIKE THIS] and can be accepted by hitting the
     <RETURN> key.
      
     Value for PROMPTFLAG:  N returning FALSE
     Returning default value TRUE for query:
     "Continue with program?"
     Value for PROJECTION_YR_SPEC:  Y returning TRUE
     Value for CONTROL_REPORT:  Y returning TRUE
     Value for CONTROL_TRACKING not defined;returning default:  FALSE
     Value for SMK_SOURCE:  'P'
     Value for PROMPTFLAG:  N returning FALSE
     Value for IOAPI_CHECK_HEADERS not defined;returning default:  FALSE
      
     "PNTS" opened as OLD:READ-ONLY   
     File name "/stella/scratch/zac/smoke/data/smoke/inventory/m3demo/pnts.m3demo.ncf"
     File type GRDDED3 
     Execution ID "????????????????"
     Grid name " "
     Dimensions: 154740 rows, 1 cols, 1 lays, 74 vbles
     NetCDF ID:         4:
     Time-independent data.
     Value for PROMPTFLAG:  N returning FALSE

     File PSRC opened for input on unit:  98
     /stella/scratch/zac/smoke/data/smoke/inventory/m3demo/PSRC.m3demo.txt


     File GCNTL opened for input on unit:  97
     /stella/scratch/zac/smoke/data/smoke/ge_dat/projection/default/pproj.tut36.95-07.txt


 WARNING: output file already exists: PCREP
 /stella/scratch/zac/smoke/data/smoke/run_m3demo/static/pcrep.m3demo.txt


     File "PCREP" opened for output on unit:  96
     /stella/scratch/zac/smoke/data/smoke/run_m3demo/static/pcrep.m3demo.txt

     Reading source data from inventory file...
     Generating unique lists from inventory data...
     Scanning control/projection packets input file...
     Counting entries in PROJECTION packet...
     Processing PROJECTION packet...
     Value for REACTIVITY_POL not defined; returning defaultval ':  'VOC'
     Value for REPORT_DEFAULTS:  N returning FALSE
          Assigning projection factors to all inventory data...
     Enter logical name for projection matrix...
     Value for IOAPI_CHECK_HEADERS not defined;returning default:  FALSE
      
     "PPMAT" opened as UNKNOWN(R-W)    
     File name "/stella/scratch/zac/smoke/data/smoke/run_m3demo/static/ppmat.m3demo.ncf"
     File type GRDDED3 
     Execution ID "????????????????"
     Grid name " "
     Dimensions: 154740 rows, 1 cols, 1 lays, 1 vbles
     NetCDF ID:         8:
     Time-independent data.
     Value for IOAPI_LOG_WRITE not defined;returning default:  TRUE
     pfac written to PPMAT
      
     --->>  Normal Completion of program CNTLMAT
      
