      
     This program uses the EPA-AREAL/MCNC-Environmental Programs
     Models-3 I/O Applications Programming Interface, which is 
     built on top of the netCDF I/O library (Copyright 1993, 1996
     University Corporation for Atmospheric Research/Unidata 
     Program).  Portions copyright (C) 1992-2001 MCNC.  See URL
     "http://www.emc.mcnc.org/products/ioapi/NOTICE.html" for
     conditions of use.
      
     $Id$
      
     Library release tag: $Name$
      
      
     Library release tag: $Name$
      
      
     SMOKE ---------------
     Copyright (c)2002 MCNC--Environmental Modeling Center
     All rights reserved

     See file COPYRIGHT for conditions of use.

     Program ELEVPOINT, Version $
     Online documentation 
         http://www.emc.mcnc.org/products/smoke           
      
     Program ELEVPOINT specifies elevated point sources in the
     inventory by doing one of the following:
          1) Reads a list of preset "major" point sources
          2) Uses a "cutoff" height and an analytical plume
             rise equation to determine elevated sources for UAM-
             style point source processing.
     It also writes one of the plume-in-grid source files for
     the CMAQ model.
      
      
     You will need to enter the logical names for the input and
     output files (and to have set them prior to program start,
     using "setenv <logicalname> <pathname>").
      
     You may use END_OF-FILE (control-D) to quit the program
     during logical-name entry. Default responses are given in
     brackets [LIKE THIS] and can be accepted by hitting the
     <RETURN> key.
      
     Value for PROMPTFLAG:  N returning FALSE
     Returning default value TRUE for query:
     "Continue with program?"
     Value for SMK_PING_METHOD:  1
     Value for SMK_ELEV_METHOD:  1
     Value for SMK_SOURCE:  'P'
     NOTE: Elevated source approach is...
          Use PELVCONFIG file to determine elevated sources
     NOTE: Plume-in-grid (PinG) approach is...
          Use PELVCONFIG file to determine PinG sources
     Value for PROMPTFLAG:  N returning FALSE
     Error opening file at path-name:
     netCDF error number  -51  processing file "PNTS"
     Not a netCDF file
     Not a netCDF file
     /stella/data/smkrel2/data/inventory/nctox/pnts.map.nctox.txt
     Could not open file "PNTS".

     File PNTS opened for input on unit:  98
     /stella/data/smkrel2/data/inventory/nctox/pnts.map.nctox.txt

     Value for PNTS:  '/stella/data/smkrel2/data/inventory/nctox/pnts.map.nctox.txt'

 WARNING: output file already exists: PSRC
 /stella/data/smkrel2/data/inventory/nctox/psrc.txt


     File "PSRC" opened for output on unit:  97
     /stella/data/smkrel2/data/inventory/nctox/psrc.txt

     Value for IOAPI_CHECK_HEADERS not defined;returning default:  FALSE
      
     "PNTS" opened as OLD:READ-ONLY   
     File name "/stella/data/smkrel2/data/inventory/nctox/pnts.ncf"
     File type GRDDED3 
     Execution ID "????????????????"
     Grid name " "
     Dimensions: 6341 rows, 1 cols, 1 lays, 11 vbles
     NetCDF ID:         6:
     Time-independent data.
      
     "TMP_POL_FILE" opened as OLD:READ-ONLY   
     File name "/stella/data/smkrel2/data/inventory/nctox/pnts_dat/CO.ncf"
     File type GRDDED3 
     Execution ID "????????????????"
     Grid name " "
     Dimensions: 2880 rows, 1 cols, 1 lays, 8 vbles
     NetCDF ID:         7:
     Time-independent data.

     Closing file "TMP_POL_FILE"                                                     

      
     "TMP_POL_FILE" opened as OLD:READ-ONLY   
     File name "/stella/data/smkrel2/data/inventory/nctox/pnts_dat/NOX.ncf"
     File type GRDDED3 
     Execution ID "????????????????"
     Grid name " "
     Dimensions: 2901 rows, 1 cols, 1 lays, 8 vbles
     NetCDF ID:         7:
     Time-independent data.

     Closing file "TMP_POL_FILE"                                                     

      
     "TMP_POL_FILE" opened as OLD:READ-ONLY   
     File name "/stella/data/smkrel2/data/inventory/nctox/pnts_dat/VOC.ncf"
     File type GRDDED3 
     Execution ID "????????????????"
     Grid name " "
     Dimensions: 4583 rows, 1 cols, 1 lays, 8 vbles
     NetCDF ID:         7:
     Time-independent data.

     Closing file "TMP_POL_FILE"                                                     

      
     "TMP_POL_FILE" opened as OLD:READ-ONLY   
     File name "/stella/data/smkrel2/data/inventory/nctox/pnts_dat/NH3.ncf"
     File type GRDDED3 
     Execution ID "????????????????"
     Grid name " "
     Dimensions: 799 rows, 1 cols, 1 lays, 8 vbles
     NetCDF ID:         7:
     Time-independent data.

     Closing file "TMP_POL_FILE"                                                     

      
     "TMP_POL_FILE" opened as OLD:READ-ONLY   
     File name "/stella/data/smkrel2/data/inventory/nctox/pnts_dat/SO2.ncf"
     File type GRDDED3 
     Execution ID "????????????????"
     Grid name " "
     Dimensions: 2757 rows, 1 cols, 1 lays, 8 vbles
     NetCDF ID:         7:
     Time-independent data.

     Closing file "TMP_POL_FILE"                                                     

      
     "TMP_POL_FILE" opened as OLD:READ-ONLY   
     File name "/stella/data/smkrel2/data/inventory/nctox/pnts_dat/PM10.ncf"
     File type GRDDED3 
     Execution ID "????????????????"
     Grid name " "
     Dimensions: 4700 rows, 1 cols, 1 lays, 8 vbles
     NetCDF ID:         7:
     Time-independent data.

     Closing file "TMP_POL_FILE"                                                     

      
     "TMP_POL_FILE" opened as OLD:READ-ONLY   
     File name "/stella/data/smkrel2/data/inventory/nctox/pnts_dat/PM2_5.ncf"
     File type GRDDED3 
     Execution ID "????????????????"
     Grid name " "
     Dimensions: 4682 rows, 1 cols, 1 lays, 8 vbles
     NetCDF ID:         7:
     Time-independent data.

     Closing file "TMP_POL_FILE"                                                     

      
     "TMP_POL_FILE" opened as OLD:READ-ONLY   
     File name "/stella/data/smkrel2/data/inventory/nctox/pnts_dat/PMC.ncf"
     File type GRDDED3 
     Execution ID "????????????????"
     Grid name " "
     Dimensions: 3452 rows, 1 cols, 1 lays, 8 vbles
     NetCDF ID:         7:
     Time-independent data.

     Closing file "TMP_POL_FILE"                                                     

     Value for PROMPTFLAG:  N returning FALSE

     File PELVCONFIG opened for input on unit:  96
     /stella/data/smkrel2/data/inventory/nctox/point/pelvconfig.top50.txt


     File "REPPELV" opened for output on unit:  95
     /stella/data/smkrel2/data/reports/nctox/static/reppelv.nctox.rpt

      
     "TMP_POL_FILE" opened as OLD:READ-ONLY   
     File name "/stella/data/smkrel2/data/inventory/nctox/pnts_dat/CO.ncf"
     File type GRDDED3 
     Execution ID "????????????????"
     Grid name " "
     Dimensions: 2880 rows, 1 cols, 1 lays, 8 vbles
     NetCDF ID:         9:
     Time-independent data.

     Closing file "TMP_POL_FILE"                                                     

      
     "TMP_POL_FILE" opened as OLD:READ-ONLY   
     File name "/stella/data/smkrel2/data/inventory/nctox/pnts_dat/NOX.ncf"
     File type GRDDED3 
     Execution ID "????????????????"
     Grid name " "
     Dimensions: 2901 rows, 1 cols, 1 lays, 8 vbles
     NetCDF ID:         9:
     Time-independent data.

     Closing file "TMP_POL_FILE"                                                     

      
     "TMP_POL_FILE" opened as OLD:READ-ONLY   
     File name "/stella/data/smkrel2/data/inventory/nctox/pnts_dat/VOC.ncf"
     File type GRDDED3 
     Execution ID "????????????????"
     Grid name " "
     Dimensions: 4583 rows, 1 cols, 1 lays, 8 vbles
     NetCDF ID:         9:
     Time-independent data.

     Closing file "TMP_POL_FILE"                                                     

      
     "TMP_POL_FILE" opened as OLD:READ-ONLY   
     File name "/stella/data/smkrel2/data/inventory/nctox/pnts_dat/NH3.ncf"
     File type GRDDED3 
     Execution ID "????????????????"
     Grid name " "
     Dimensions: 799 rows, 1 cols, 1 lays, 8 vbles
     NetCDF ID:         9:
     Time-independent data.

     Closing file "TMP_POL_FILE"                                                     

      
     "TMP_POL_FILE" opened as OLD:READ-ONLY   
     File name "/stella/data/smkrel2/data/inventory/nctox/pnts_dat/SO2.ncf"
     File type GRDDED3 
     Execution ID "????????????????"
     Grid name " "
     Dimensions: 2757 rows, 1 cols, 1 lays, 8 vbles
     NetCDF ID:         9:
     Time-independent data.

     Closing file "TMP_POL_FILE"                                                     

      
     "TMP_POL_FILE" opened as OLD:READ-ONLY   
     File name "/stella/data/smkrel2/data/inventory/nctox/pnts_dat/PM10.ncf"
     File type GRDDED3 
     Execution ID "????????????????"
     Grid name " "
     Dimensions: 4700 rows, 1 cols, 1 lays, 8 vbles
     NetCDF ID:         9:
     Time-independent data.

     Closing file "TMP_POL_FILE"                                                     

      
     "TMP_POL_FILE" opened as OLD:READ-ONLY   
     File name "/stella/data/smkrel2/data/inventory/nctox/pnts_dat/PM2_5.ncf"
     File type GRDDED3 
     Execution ID "????????????????"
     Grid name " "
     Dimensions: 4682 rows, 1 cols, 1 lays, 8 vbles
     NetCDF ID:         9:
     Time-independent data.

     Closing file "TMP_POL_FILE"                                                     

      
     "TMP_POL_FILE" opened as OLD:READ-ONLY   
     File name "/stella/data/smkrel2/data/inventory/nctox/pnts_dat/PMC.ncf"
     File type GRDDED3 
     Execution ID "????????????????"
     Grid name " "
     Dimensions: 3452 rows, 1 cols, 1 lays, 8 vbles
     NetCDF ID:         9:
     Time-independent data.

     Closing file "TMP_POL_FILE"                                                     

     Reading source data from inventory file...
     Value for GRIDDESC:  '/stella/data/smk'

     File GRIDDESC opened for input on unit:  94
     /stella/data/smkrel2/data/ge_dat/GRIDDESC

     Value for IOAPI_GRIDNAME_1:  'US36NC_23X12'

     File GRIDDESC opened for input on unit:  94
     /stella/data/smkrel2/data/ge_dat/GRIDDESC

     Reading elevated source configuration file...
     Assigning stack groups...
     WARNING: Source latitude  35.59 is inconsistent with group
          latitude  35.59 taken from the first source in the group, for source:
          Region: 037037 Plant: 0063 Char1: 5 Char2: 001 Char3: 51 Char4: 0010100501
     WARNING: Source longitude -79.05 is inconsistent with group
          longitude -79.05 taken from the first source in the group, for source:
          Region: 037037 Plant: 0063 Char1: 5 Char2: 001 Char3: 51 Char4: 0010100501
     WARNING: Source latitude  35.59 is inconsistent with group
          latitude  35.59 taken from the first source in the group, for source:
          Region: 037037 Plant: 0063 Char1: 6 Char2: 002 Char3: 51 Char4: 0010100501
     WARNING: Source longitude -79.05 is inconsistent with group
          longitude -79.05 taken from the first source in the group, for source:
          Region: 037037 Plant: 0063 Char1: 6 Char2: 002 Char3: 51 Char4: 0010100501
     WARNING: Source latitude  35.59 is inconsistent with group
          latitude  35.59 taken from the first source in the group, for source:
          Region: 037037 Plant: 0063 Char1: 5 Char2: 001 Char3: 22 Char4: 0010100212
     WARNING: Source longitude -79.05 is inconsistent with group
          longitude -79.05 taken from the first source in the group, for source:
          Region: 037037 Plant: 0063 Char1: 5 Char2: 001 Char3: 22 Char4: 0010100212
     WARNING: Source latitude  35.59 is inconsistent with group
          latitude  35.59 taken from the first source in the group, for source:
          Region: 037037 Plant: 0063 Char1: 6 Char2: 002 Char3: 22 Char4: 0010100212
     WARNING: Source longitude -79.05 is inconsistent with group
          longitude -79.05 taken from the first source in the group, for source:
          Region: 037037 Plant: 0063 Char1: 6 Char2: 002 Char3: 22 Char4: 0010100212
     WARNING: Source latitude  36.49 is inconsistent with group
          latitude  36.49 taken from the first source in the group, for source:
          Region: 037157 Plant: 0015 Char1: 002 Char2: 002 Char3: 02 Char4: 0010200501
     WARNING: Source longitude -79.72 is inconsistent with group
          longitude -79.72 taken from the first source in the group, for source:
          Region: 037157 Plant: 0015 Char1: 002 Char2: 002 Char3: 02 Char4: 0010200501
     NOTE: Getting date/time information to constrain time period for emissions input file
     Value for G_STDATE:  1996191
     Value for G_STTIME:  0
     Value for G_TSTEP:  10000
     Value for G_RUNLEN:  250000
     Value for PROMPTFLAG:  N returning FALSE
           Start Date: July 9, 1996
           Start Time: 000000 HHMMSS
            Time Step: 001 hour
             Duration: 025 hours
     NOTE: Hourly emissions file is required to determine actual daily emissions 
          for evaluating emissions-based criteria for elevated and/or PinG 
          source selection
     Value for PTMPLIST:  '/stella/data/smkrel2/data/inventory/nctox/other/ptmplist.txt'

     File PTMPLIST opened for input on unit:  93
     /stella/data/smkrel2/data/inventory/nctox/other/ptmplist.txt

     Checking hourly emissions files...
      
     "PTMP" opened as OLD:READ-ONLY   
     File name "/stella/data/smkrel2/data/run_nctox/19960709/ptmp.19960709.1.nctox.ncf"
     File type GRDDED3 
     Execution ID "????????????????"
     Grid name " "
     Dimensions: 6341 rows, 1 cols, 1 lays, 8 vbles
     NetCDF ID:        10:
     Starting date and time  1996191:000000 (0:00:00   July 9, 1996)
     Timestep                        010000 (1:00:00 hh:mm:ss)
     Maximum current record number      25

     Closing file "PTMP"                                                             

      
     "PTMP" opened as OLD:READ-ONLY   
     File name "/stella/data/smkrel2/data/run_nctox/19960710/ptmp.19960710.1.nctox.ncf"
     File type GRDDED3 
     Execution ID "????????????????"
     Grid name " "
     Dimensions: 6341 rows, 1 cols, 1 lays, 8 vbles
     NetCDF ID:        10:
     Starting date and time  1996192:000000 (0:00:00   July 10, 1996)
     Timestep                        010000 (1:00:00 hh:mm:ss)
     Maximum current record number      25
     Computing source and group maximum daily emissions totals...
     Processing Tuesday   July 9, 1996
     Value for DAYLIGHT_EXEMPT not defined;returning default:  FALSE
     Value for UNIFORM_STIME:  -1

     Closing file "PTMP"                                                             

      
     "PTMP" opened as OLD:READ-ONLY   
     File name "/stella/data/smkrel2/data/run_nctox/19960709/ptmp.19960709.1.nctox.ncf"
     File type GRDDED3 
     Execution ID "????????????????"
     Grid name " "
     Dimensions: 6341 rows, 1 cols, 1 lays, 8 vbles
     NetCDF ID:        10:
     Starting date and time  1996191:000000 (0:00:00   July 9, 1996)
     Timestep                        010000 (1:00:00 hh:mm:ss)
     Maximum current record number      25
     Processing Wednesday July 10, 1996
     Value for DAYLIGHT_EXEMPT not defined;returning default:  FALSE

     Closing file "PTMP"                                                             

      
     "PTMP" opened as OLD:READ-ONLY   
     File name "/stella/data/smkrel2/data/run_nctox/19960710/ptmp.19960710.1.nctox.ncf"
     File type GRDDED3 
     Execution ID "????????????????"
     Grid name " "
     Dimensions: 6341 rows, 1 cols, 1 lays, 8 vbles
     NetCDF ID:        10:
     Starting date and time  1996192:000000 (0:00:00   July 10, 1996)
     Timestep                        010000 (1:00:00 hh:mm:ss)
     Maximum current record number      25
     Ranking sources and groups by emissions values...
     Value for IOAPI_GRIDNAME_1:  'US36NC_23X12'
     Number of stack groups:      91
     Number of plume-in-grid sources:     335
     Number of plume-in-grid source groups:      66

     File "PELV" opened for output on unit:  93
     /stella/data/smkrel2/data/run_nctox/static/PELV.nctox.txt

     Value for IOAPI_GRIDNAME_1:  'US36NC_23X12'
     Value for PROMPTFLAG:  N returning FALSE
     Value for IOAPI_CHECK_HEADERS not defined;returning default:  FALSE
      
     "STACK_GROUPS" opened as UNKNOWN(R-W)    
     File name "/stella/data/smkrel2/data/run_nctox/static/stack_groups.us36-nc.nctox.ncf"
     File type GRDDED3 
     Execution ID "????????????????"
     Grid name "US36NC_23X12"
     Dimensions: 91 rows, 1 cols, 1 lays, 13 vbles
     NetCDF ID:        12:
     Starting date and time  1996191:000000 (0:00:00   July 9, 1996)
     Timestep                        010000 (1:00:00 hh:mm:ss)
     Maximum current record number       0
     Writing ELEVATED POINT SOURCE output file...
     Writing ELEVATED/PING STACK PARAMETERS output file...
     Value for IOAPI_LOG_WRITE not defined;returning default:  TRUE
     ISTACK written to STACK_GROUPS for   1996191:000000
     LATITUDE written to STACK_GROUPS for   1996191:000000
     LONGITUDE written to STACK_GROUPS for   1996191:000000
     STKDM written to STACK_GROUPS for   1996191:000000
     STKHT written to STACK_GROUPS for   1996191:000000
     STKTK written to STACK_GROUPS for   1996191:000000
     STKVE written to STACK_GROUPS for   1996191:000000
     STKFLW written to STACK_GROUPS for   1996191:000000
     STKCNT written to STACK_GROUPS for   1996191:000000
     ROW written to STACK_GROUPS for   1996191:000000
     COL written to STACK_GROUPS for   1996191:000000
     XLOCA written to STACK_GROUPS for   1996191:000000
     YLOCA written to STACK_GROUPS for   1996191:000000
      
     --->>  Normal Completion of program ELEVPOINT
      
