      
     This program uses the EPA-AREAL/MCNC-Environmental Programs
     Models-3 I/O Applications Programming Interface, which is 
     built on top of the netCDF I/O library (Copyright 1993, 1996
     University Corporation for Atmospheric Research/Unidata 
     Program).  Portions copyright (C) 1992-2001 MCNC.  See URL
     "http://www.emc.mcnc.org/products/ioapi/NOTICE.html" for
     conditions of use.
      
     $Id$
      
     Library release tag: $Name$
      
      
     Library release tag: $Name$
      
      
     SMOKE ---------------
     Copyright (c)2002 MCNC--Environmental Modeling Center
     All rights reserved

     See file COPYRIGHT for conditions of use.

     Program ELEVPOINT, Version $
     Online documentation 
         http://www.emc.mcnc.org/products/smoke           
      
     Program ELEVPOINT specifies elevated point sources in the
     inventory by doing one of the following:
          1) Reads a list of preset "major" point sources
          2) Uses a "cutoff" height and an analytical plume
             rise equation to determine elevated sources for UAM-
             style point source processing.
     It also writes one of the plume-in-grid source files for
     the CMAQ model.
      
      
     You will need to enter the logical names for the input and
     output files (and to have set them prior to program start,
     using "setenv <logicalname> <pathname>").
      
     You may use END_OF-FILE (control-D) to quit the program
     during logical-name entry. Default responses are given in
     brackets [LIKE THIS] and can be accepted by hitting the
     <RETURN> key.
      
     Value for PROMPTFLAG:  N returning FALSE
     Returning default value TRUE for query:
     "Continue with program?"
     Value for SMK_PING_METHOD:  1
     Value for SMK_ELEV_METHOD:  1
     Value for WEST_HSPHERE:  Y returning TRUE
     Value for SMK_ENG2METRIC_YN:  N returning FALSE
     Value for SMK_SOURCE:  'P'
     NOTE: Elevated source approach is...
          Use PELVCONFIG file to determine elevated sources
     NOTE: Plume-in-grid (PinG) approach is...
          Use PELVCONFIG file to determine PinG sources
     Value for PROMPTFLAG:  N returning FALSE
     Value for IOAPI_CHECK_HEADERS not defined;returning default:  FALSE
      
     "PNTS" opened as OLD:READ-ONLY   
     File name "/stella/scratch/zac/smoke/data/smoke/inventory/m3demo/pnts.m3demo.ncf"
     File type GRDDED3 
     Execution ID "????????????????"
     Grid name " "
     Dimensions: 154740 rows, 1 cols, 1 lays, 74 vbles
     NetCDF ID:         4:
     Time-independent data.
     Value for PROMPTFLAG:  N returning FALSE

     File PSRC opened for input on unit:  98
     /stella/scratch/zac/smoke/data/smoke/inventory/m3demo/PSRC.m3demo.txt


     File PELVCONFIG opened for input on unit:  97
     /stella/scratch/zac/smoke/subsys/smokev1/scripts/configure/PELVCONFIG.m3demo.txt


 WARNING: output file already exists: REPPELV
 /stella/scratch/zac/smoke/data/smoke/reports/m3demo/static/reppelv.m3demo.txt


     File "REPPELV" opened for output on unit:  96
     /stella/scratch/zac/smoke/data/smoke/reports/m3demo/static/reppelv.m3demo.txt

     Reading source data from inventory file...
     Value for GRIDDESC:  '/stella/scratch/'

     File GRIDDESC opened for input on unit:  95
     /stella/scratch/zac/smoke/data/smoke/ge_dat/GRIDDESC.m3demo

     Value for IOAPI_GRIDNAME_1:  'T2_36_C'

     File GRIDDESC opened for input on unit:  95
     /stella/scratch/zac/smoke/data/smoke/ge_dat/GRIDDESC.m3demo

     Reading elevated source configuration file...
     Assigning stack groups...
     WARNING: Source latitude  42.93 is inconsistent with group
          latitude  42.93 taken from the first source in the group, for source:
          Region: 026147 Plant: 1732 Char1: 10 Char4: 0010100212
     WARNING: Source latitude  42.93 is inconsistent with group
          latitude  42.93 taken from the first source in the group, for source:
          Region: 026147 Plant: 1732 Char1: 9 Char4: 0010100212
     NOTE: Getting date/time information to constrain time period for emissions input file
     Value for G_STDATE:  1995195
     Value for G_STTIME:  0
     Value for G_TSTEP:  10000
     Value for G_RUNLEN:  250000
     Value for PROMPTFLAG:  N returning FALSE
           Start Date: July 14, 1995
           Start Time: 000000 HHMMSS
            Time Step: 001 hour
             Duration: 025 hours
     NOTE: Hourly emissions file is required to determine actual daily emissions 
          for evaluating emissions-based criteria for elevated and/or PinG 
          source selection
     Value for PTMPLIST not defined; returning defaultval ':  '                '
     Value for PTMP:  '/stella/scratch/zac/smoke/data/smoke/run_m3demo/19950714/ptmp.19950714.1.m3demo.ncf'
     Checking hourly emissions files...
      
     "PTMP" opened as OLD:READ-ONLY   
     File name "/stella/scratch/zac/smoke/data/smoke/run_m3demo/19950714/ptmp.19950714.1.m3demo.ncf"
     File type GRDDED3 
     Execution ID "????????????????"
     Grid name " "
     Dimensions: 154740 rows, 1 cols, 1 lays, 9 vbles
     NetCDF ID:         9:
     Starting date and time  1995195:000000 (0:00:00   July 14, 1995)
     Timestep                        010000 (1:00:00 hh:mm:ss)
     Maximum current record number      25
     WARNING: The contents of the PTMP file overlap with the requested 
          date and time for only       24  hours.
     Computing source and group maximum daily emissions totals...
     Processing Friday    July 14, 1995
     Value for DAYLIGHT_EXEMPT not defined;returning default:  FALSE
     Value for UNIFORM_STIME not defined; returning default:  -1

     Closing file "PTMP"                                                             

      
     "PTMP" opened as OLD:READ-ONLY   
     File name "/stella/scratch/zac/smoke/data/smoke/run_m3demo/19950714/ptmp.19950714.1.m3demo.ncf"
     File type GRDDED3 
     Execution ID "????????????????"
     Grid name " "
     Dimensions: 154740 rows, 1 cols, 1 lays, 9 vbles
     NetCDF ID:         9:
     Starting date and time  1995195:000000 (0:00:00   July 14, 1995)
     Timestep                        010000 (1:00:00 hh:mm:ss)
     Maximum current record number      25
     Ranking sources and groups by emissions values...
     Value for IOAPI_GRIDNAME_1:  'T2_36_C'
     Number of stack groups:      60
     Number of plume-in-grid sources:     452
     Number of plume-in-grid source groups:      59

 WARNING: output file already exists: PELV
 /stella/scratch/zac/smoke/data/smoke/run_m3demo/static/PELV.m3demo.txt


     File "PELV" opened for output on unit:  94
     /stella/scratch/zac/smoke/data/smoke/run_m3demo/static/PELV.m3demo.txt

     Value for IOAPI_GRIDNAME_1:  'T2_36_C'
     Value for IOAPI_CHECK_HEADERS not defined;returning default:  FALSE
      
     "STACK_GROUPS" opened as UNKNOWN(R-W)    
     File name "/stella/scratch/zac/smoke/data/smoke/run_m3demo/19950714/output/cmaq.cb4p25/stack_groups.ed36.m3demo.ncf"
     File type GRDDED3 
     Execution ID "????????????????"
     Grid name "T2_36_C"
     Dimensions: 60 rows, 1 cols, 1 lays, 13 vbles
     NetCDF ID:        11:
     Starting date and time  1995195:000000 (0:00:00   July 14, 1995)
     Timestep                        010000 (1:00:00 hh:mm:ss)
     Maximum current record number       1
     Writing ELEVATED POINT SOURCE output file...
     WARNING:        2  stack groups are outside of grid "T2_36_C"
     Writing ELEVATED/PING STACK PARAMETERS output file...
     Value for IOAPI_LOG_WRITE not defined;returning default:  TRUE
     ISTACK written to STACK_GROUPS for   1995195:000000
     LATITUDE written to STACK_GROUPS for   1995195:000000
     LONGITUDE written to STACK_GROUPS for   1995195:000000
     STKDM written to STACK_GROUPS for   1995195:000000
     STKHT written to STACK_GROUPS for   1995195:000000
     STKTK written to STACK_GROUPS for   1995195:000000
     STKVE written to STACK_GROUPS for   1995195:000000
     STKFLW written to STACK_GROUPS for   1995195:000000
     STKCNT written to STACK_GROUPS for   1995195:000000
     ROW written to STACK_GROUPS for   1995195:000000
     COL written to STACK_GROUPS for   1995195:000000
     XLOCA written to STACK_GROUPS for   1995195:000000
     YLOCA written to STACK_GROUPS for   1995195:000000
      
     --->>  Normal Completion of program ELEVPOINT
      
