      
     This program uses the EPA-AREAL/MCNC-Environmental Programs
     Models-3 I/O Applications Programming Interface, which is 
     built on top of the netCDF I/O library (Copyright 1993, 1996
     University Corporation for Atmospheric Research/Unidata 
     Program).  Portions copyright (C) 1992-2001 MCNC.  See URL
     "http://www.emc.mcnc.org/products/ioapi/NOTICE.html" for
     conditions of use.
      
     $Id$
      
     Library release tag: $Name$
      
      
     Library release tag: $Name$
      
      
     SMOKE ---------------
     Copyright (c)2002 MCNC--Environmental Modeling Center
     All rights reserved

     See file COPYRIGHT for conditions of use.

     Program GRDMAT, Version $
     Online documentation 
         http://www.emc.mcnc.org/products/smoke           
      
     Program GRDMAT to take a SMOKE area, mobile, or point source
     inventory file, gridding surrogates,  surrogate cross-
     reference, and an optional link definitions file, and produce
     a SMOKE gridding matrix for a grid defined at run time. For
     mobile sources, an "ungridding" matrix is also created to
     allow the use of gridded temperature data in assigning
     factors to mobile sources.
      
      
     You will need to enter the logical names for the input and
     output files (and to have set them prior to program start,
     using "setenv <logicalname> <pathname>").
      
     You may use END_OF-FILE (control-D) to quit the program
     during logical-name entry. Default responses are given in
     brackets [LIKE THIS] and can be accepted by hitting the
     <RETURN> key.
      
     Value for PROMPTFLAG:  N returning FALSE
     Returning default value TRUE for query:
     "Continue with program?"
     Value for GRDMAT_ADJUST not defined;returning default:  FALSE
     Value for GRDMAT_LINKDEFS not defined;returning default:  FALSE
     Value for SMK_SOURCE:  'A'
     Value for PROMPTFLAG:  N returning FALSE
     Value for IOAPI_CHECK_HEADERS not defined;returning default:  FALSE
      
     "AREA" opened as OLD:READ-ONLY   
     File name "/stella/scratch/zac/smoke/data/smoke/inventory/m3demo/area.m3demo.ncf"
     File type GRDDED3 
     Execution ID "????????????????"
     Grid name " "
     Dimensions: 155194 rows, 1 cols, 1 lays, 65 vbles
     NetCDF ID:         4:
     Time-independent data.
     Value for PROMPTFLAG:  N returning FALSE

     File ASRC opened for input on unit:  98
     /stella/scratch/zac/smoke/data/smoke/inventory/m3demo/ASRC.m3demo.txt

     Reading source data from inventory file...

     File AGREF opened for input on unit:  97
     /stella/scratch/zac/smoke/data/smoke/ge_dat/amgref.m3.tut36.ed36.040502.txt


     File AGPRO opened for input on unit:  96
     /stella/scratch/zac/smoke/data/smoke/ge_dat/abmgpro.m3.100499.ed36.txt

     Generating unique lists from inventory data...
     Reading gridding cross-reference file...
     Processing gridding cross-reference file...
     Reading gridding surrogates header...
     NOTE: Grid settings initialized using T2_36_C          in 
          surrogates file.
     Value for GRIDDESC:  '/stella/scratch/'

     File GRIDDESC opened for input on unit:  95
     /stella/scratch/zac/smoke/data/smoke/ge_dat/GRIDDESC.m3demo

     Value for IOAPI_GRIDNAME_1:  'T2_36_C'

     File GRIDDESC opened for input on unit:  95
     /stella/scratch/zac/smoke/data/smoke/ge_dat/GRIDDESC.m3demo

     Reading gridding surrogates...
     Value for REPORT_DEFAULTS:  N returning FALSE
     NOTE: Output grid "T2_36_C" set; described as
          No description available
     Computing gridding matrix size...
     Value for SMK_DEFAULT_SRGID:  50
     Value for IOAPI_GRIDNAME_1:  'T2_36_C'
     Value for IOAPI_CHECK_HEADERS not defined;returning default:  FALSE
      
     "AGMAT" opened as UNKNOWN(R-W)    
     File name "/stella/scratch/zac/smoke/data/smoke/run_m3demo/static/agmat.ed36.m3demo.ncf"
     File type SMATRX3 
     Execution ID "????????????????"
     Grid name "T2_36_C"
     Dimensions: 1620 rows, 690670 cols, 1 lays, 1 vbles
     NetCDF ID:         9:
     Time-independent data.

 WARNING: output file already exists: AGSUP
 /stella/scratch/zac/smoke/data/smoke/run_m3demo/static/agsup.ed36.m3demo.txt


     File "AGSUP" opened for output on unit:  94
     /stella/scratch/zac/smoke/data/smoke/run_m3demo/static/agsup.ed36.m3demo.txt

     Generating gridding matrix...
     Computing gridding matrix and statistics...
     WARNING: Using fallback surrogate       50 
          to prevent zeroing by original surrogate for:
          Region: 029193 SCC: 2102002000 Surrogate ID:        50
     WARNING: Fallback surrogate data will cause zero emissions
          inside the grid for:
          Region: 029193 SCC: 2102002000
     WARNING: Using fallback surrogate       50 
          to prevent zeroing by original surrogate for:
          Region: 029193 SCC: 2102004000 Surrogate ID:        50
     WARNING: Fallback surrogate data will cause zero emissions
          inside the grid for:
          Region: 029193 SCC: 2102004000
     WARNING: Using fallback surrogate       50 
          to prevent zeroing by original surrogate for:
          Region: 029193 SCC: 2102005000 Surrogate ID:        50
     WARNING: Fallback surrogate data will cause zero emissions
          inside the grid for:
          Region: 029193 SCC: 2102005000
     WARNING: Using fallback surrogate       50 
          to prevent zeroing by original surrogate for:
          Region: 029193 SCC: 2102006000 Surrogate ID:        50
     WARNING: Fallback surrogate data will cause zero emissions
          inside the grid for:
          Region: 029193 SCC: 2102006000
     WARNING: Using fallback surrogate       50 
          to prevent zeroing by original surrogate for:
          Region: 029193 SCC: 2103002000 Surrogate ID:        50
     WARNING: Fallback surrogate data will cause zero emissions
          inside the grid for:
          Region: 029193 SCC: 2103002000
     WARNING: Using fallback surrogate       50 
          to prevent zeroing by original surrogate for:
          Region: 029193 SCC: 2103004000 Surrogate ID:        50
     WARNING: Fallback surrogate data will cause zero emissions
          inside the grid for:
          Region: 029193 SCC: 2103004000
     WARNING: Using fallback surrogate       50 
          to prevent zeroing by original surrogate for:
          Region: 029193 SCC: 2103005000 Surrogate ID:        50
     WARNING: Fallback surrogate data will cause zero emissions
          inside the grid for:
          Region: 029193 SCC: 2103005000
     WARNING: Using fallback surrogate       50 
          to prevent zeroing by original surrogate for:
          Region: 029193 SCC: 2103006000 Surrogate ID:        50
     WARNING: Fallback surrogate data will cause zero emissions
          inside the grid for:
          Region: 029193 SCC: 2103006000
     WARNING: Using fallback surrogate       50 
          to prevent zeroing by original surrogate for:
          Region: 029193 SCC: 2104002000 Surrogate ID:        50
     WARNING: Fallback surrogate data will cause zero emissions
          inside the grid for:
          Region: 029193 SCC: 2104002000
     WARNING: Using fallback surrogate       50 
          to prevent zeroing by original surrogate for:
          Region: 029193 SCC: 2104004000 Surrogate ID:        50
     WARNING: Fallback surrogate data will cause zero emissions
          inside the grid for:
          Region: 029193 SCC: 2104004000
     WARNING: Using fallback surrogate       50 
          to prevent zeroing by original surrogate for:
          Region: 029193 SCC: 2104006000 Surrogate ID:        50
     WARNING: Fallback surrogate data will cause zero emissions
          inside the grid for:
          Region: 029193 SCC: 2104006000
     WARNING: Using fallback surrogate       50 
          to prevent zeroing by original surrogate for:
          Region: 029193 SCC: 2104008001 Surrogate ID:        50
     WARNING: Fallback surrogate data will cause zero emissions
          inside the grid for:
          Region: 029193 SCC: 2104008001
     WARNING: Using fallback surrogate       50 
          to prevent zeroing by original surrogate for:
          Region: 029193 SCC: 2260001000 Surrogate ID:        50
     WARNING: Fallback surrogate data will cause zero emissions
          inside the grid for:
          Region: 029193 SCC: 2260001000
     WARNING: Using fallback surrogate       50 
          to prevent zeroing by original surrogate for:
          Region: 029193 SCC: 2260002000 Surrogate ID:        50
     WARNING: Fallback surrogate data will cause zero emissions
          inside the grid for:
          Region: 029193 SCC: 2260002000
     WARNING: Using fallback surrogate       50 
          to prevent zeroing by original surrogate for:
          Region: 029193 SCC: 2260003000 Surrogate ID:        50
     WARNING: Fallback surrogate data will cause zero emissions
          inside the grid for:
          Region: 029193 SCC: 2260003000
     WARNING: Using fallback surrogate       50 
          to prevent zeroing by original surrogate for:
          Region: 029193 SCC: 2260004000 Surrogate ID:        50
     WARNING: Fallback surrogate data will cause zero emissions
          inside the grid for:
          Region: 029193 SCC: 2260004000
     WARNING: Using fallback surrogate       50 
          to prevent zeroing by original surrogate for:
          Region: 029193 SCC: 2260005000 Surrogate ID:        50
     WARNING: Fallback surrogate data will cause zero emissions
          inside the grid for:
          Region: 029193 SCC: 2260005000
     WARNING: Using fallback surrogate       50 
          to prevent zeroing by original surrogate for:
          Region: 029193 SCC: 2260006000 Surrogate ID:        50
     WARNING: Fallback surrogate data will cause zero emissions
          inside the grid for:
          Region: 029193 SCC: 2260006000
     WARNING: Using fallback surrogate       50 
          to prevent zeroing by original surrogate for:
          Region: 029193 SCC: 2260007000 Surrogate ID:        50
     WARNING: Fallback surrogate data will cause zero emissions
          inside the grid for:
          Region: 029193 SCC: 2260007000
     WARNING: Using fallback surrogate       50 
          to prevent zeroing by original surrogate for:
          Region: 029193 SCC: 2260008000 Surrogate ID:        50
     WARNING: Fallback surrogate data will cause zero emissions
          inside the grid for:
          Region: 029193 SCC: 2260008000
     WARNING: Using fallback surrogate       50 
          to prevent zeroing by original surrogate for:
          Region: 029193 SCC: 2265001000 Surrogate ID:        50
     WARNING: Fallback surrogate data will cause zero emissions
          inside the grid for:
          Region: 029193 SCC: 2265001000
     WARNING: Using fallback surrogate       50 
          to prevent zeroing by original surrogate for:
          Region: 029193 SCC: 2265002000 Surrogate ID:        50
     WARNING: Fallback surrogate data will cause zero emissions
          inside the grid for:
          Region: 029193 SCC: 2265002000
     WARNING: Using fallback surrogate       50 
          to prevent zeroing by original surrogate for:
          Region: 029193 SCC: 2265003000 Surrogate ID:        50
     WARNING: Fallback surrogate data will cause zero emissions
          inside the grid for:
          Region: 029193 SCC: 2265003000
     WARNING: Using fallback surrogate       50 
          to prevent zeroing by original surrogate for:
          Region: 029193 SCC: 2265004000 Surrogate ID:        50
     WARNING: Fallback surrogate data will cause zero emissions
          inside the grid for:
          Region: 029193 SCC: 2265004000
     WARNING: Using fallback surrogate       50 
          to prevent zeroing by original surrogate for:
          Region: 029193 SCC: 2265005000 Surrogate ID:        50
     WARNING: Fallback surrogate data will cause zero emissions
          inside the grid for:
          Region: 029193 SCC: 2265005000
     WARNING: Using fallback surrogate       50 
          to prevent zeroing by original surrogate for:
          Region: 029193 SCC: 2265006000 Surrogate ID:        50
     WARNING: Fallback surrogate data will cause zero emissions
          inside the grid for:
          Region: 029193 SCC: 2265006000
     WARNING: Using fallback surrogate       50 
          to prevent zeroing by original surrogate for:
          Region: 029193 SCC: 2265008000 Surrogate ID:        50
     WARNING: Fallback surrogate data will cause zero emissions
          inside the grid for:
          Region: 029193 SCC: 2265008000
     WARNING: Using fallback surrogate       50 
          to prevent zeroing by original surrogate for:
          Region: 029193 SCC: 2270002000 Surrogate ID:        50
     WARNING: Fallback surrogate data will cause zero emissions
          inside the grid for:
          Region: 029193 SCC: 2270002000
     WARNING: Using fallback surrogate       50 
          to prevent zeroing by original surrogate for:
          Region: 029193 SCC: 2270003000 Surrogate ID:        50
     WARNING: Fallback surrogate data will cause zero emissions
          inside the grid for:
          Region: 029193 SCC: 2270003000
     WARNING: Using fallback surrogate       50 
          to prevent zeroing by original surrogate for:
          Region: 029193 SCC: 2270004000 Surrogate ID:        50
     WARNING: Fallback surrogate data will cause zero emissions
          inside the grid for:
          Region: 029193 SCC: 2270004000
     WARNING: Using fallback surrogate       50 
          to prevent zeroing by original surrogate for:
          Region: 029193 SCC: 2270005000 Surrogate ID:        50
     WARNING: Fallback surrogate data will cause zero emissions
          inside the grid for:
          Region: 029193 SCC: 2270005000
     WARNING: Using fallback surrogate       50 
          to prevent zeroing by original surrogate for:
          Region: 029193 SCC: 2270006000 Surrogate ID:        50
     WARNING: Fallback surrogate data will cause zero emissions
          inside the grid for:
          Region: 029193 SCC: 2270006000
     WARNING: Using fallback surrogate       50 
          to prevent zeroing by original surrogate for:
          Region: 029193 SCC: 2270008000 Surrogate ID:        50
     WARNING: Fallback surrogate data will cause zero emissions
          inside the grid for:
          Region: 029193 SCC: 2270008000
     WARNING: Using fallback surrogate       50 
          to prevent zeroing by original surrogate for:
          Region: 029193 SCC: 2275050000 Surrogate ID:        50
     WARNING: Fallback surrogate data will cause zero emissions
          inside the grid for:
          Region: 029193 SCC: 2275050000
     WARNING: Using fallback surrogate       50 
          to prevent zeroing by original surrogate for:
          Region: 029193 SCC: 2280002000 Surrogate ID:        50
     WARNING: Fallback surrogate data will cause zero emissions
          inside the grid for:
          Region: 029193 SCC: 2280002000
     WARNING: Using fallback surrogate       50 
          to prevent zeroing by original surrogate for:
          Region: 029193 SCC: 2282005000 Surrogate ID:        50
     WARNING: Fallback surrogate data will cause zero emissions
          inside the grid for:
          Region: 029193 SCC: 2282005000
     WARNING: Using fallback surrogate       50 
          to prevent zeroing by original surrogate for:
          Region: 029193 SCC: 2282010000 Surrogate ID:        50
     WARNING: Fallback surrogate data will cause zero emissions
          inside the grid for:
          Region: 029193 SCC: 2282010000
     WARNING: Using fallback surrogate       50 
          to prevent zeroing by original surrogate for:
          Region: 029193 SCC: 2282020000 Surrogate ID:        50
     WARNING: Fallback surrogate data will cause zero emissions
          inside the grid for:
          Region: 029193 SCC: 2282020000
     WARNING: Using fallback surrogate       50 
          to prevent zeroing by original surrogate for:
          Region: 029193 SCC: 2285002000 Surrogate ID:        50
     WARNING: Fallback surrogate data will cause zero emissions
          inside the grid for:
          Region: 029193 SCC: 2285002000
     WARNING: Using fallback surrogate       50 
          to prevent zeroing by original surrogate for:
          Region: 029193 SCC: 2294000000 Surrogate ID:        50
     WARNING: Fallback surrogate data will cause zero emissions
          inside the grid for:
          Region: 029193 SCC: 2294000000
     WARNING: Using fallback surrogate       50 
          to prevent zeroing by original surrogate for:
          Region: 029193 SCC: 2296000000 Surrogate ID:        50
     WARNING: Fallback surrogate data will cause zero emissions
          inside the grid for:
          Region: 029193 SCC: 2296000000
     WARNING: Using fallback surrogate       50 
          to prevent zeroing by original surrogate for:
          Region: 029193 SCC: 2311000100 Surrogate ID:        50
     WARNING: Fallback surrogate data will cause zero emissions
          inside the grid for:
          Region: 029193 SCC: 2311000100
     WARNING: Using fallback surrogate       50 
          to prevent zeroing by original surrogate for:
          Region: 029193 SCC: 2325000000 Surrogate ID:        50
     WARNING: Fallback surrogate data will cause zero emissions
          inside the grid for:
          Region: 029193 SCC: 2325000000
     WARNING: Using fallback surrogate       50 
          to prevent zeroing by original surrogate for:
          Region: 029193 SCC: 2399000000 Surrogate ID:        50
     WARNING: Fallback surrogate data will cause zero emissions
          inside the grid for:
          Region: 029193 SCC: 2399000000
     WARNING: Using fallback surrogate       50 
          to prevent zeroing by original surrogate for:
          Region: 029193 SCC: 2401001000 Surrogate ID:        50
     WARNING: Fallback surrogate data will cause zero emissions
          inside the grid for:
          Region: 029193 SCC: 2401001000
     WARNING: Using fallback surrogate       50 
          to prevent zeroing by original surrogate for:
          Region: 029193 SCC: 2401005000 Surrogate ID:        50
     WARNING: Fallback surrogate data will cause zero emissions
          inside the grid for:
          Region: 029193 SCC: 2401005000
     WARNING: Using fallback surrogate       50 
          to prevent zeroing by original surrogate for:
          Region: 029193 SCC: 2401008000 Surrogate ID:        50
     WARNING: Fallback surrogate data will cause zero emissions
          inside the grid for:
          Region: 029193 SCC: 2401008000
     WARNING: Using fallback surrogate       50 
          to prevent zeroing by original surrogate for:
          Region: 029193 SCC: 2401015000 Surrogate ID:        50
     WARNING: Fallback surrogate data will cause zero emissions
          inside the grid for:
          Region: 029193 SCC: 2401015000
     WARNING: Using fallback surrogate       50 
          to prevent zeroing by original surrogate for:
          Region: 029193 SCC: 2401020000 Surrogate ID:        50
     WARNING: Fallback surrogate data will cause zero emissions
          inside the grid for:
          Region: 029193 SCC: 2401020000
     WARNING: Using fallback surrogate       50 
          to prevent zeroing by original surrogate for:
          Region: 029193 SCC: 2401025000 Surrogate ID:        50
     WARNING: Fallback surrogate data will cause zero emissions
          inside the grid for:
          Region: 029193 SCC: 2401025000
     WARNING: Using fallback surrogate       50 
          to prevent zeroing by original surrogate for:
          Region: 029193 SCC: 2401045000 Surrogate ID:        50
     WARNING: Fallback surrogate data will cause zero emissions
          inside the grid for:
          Region: 029193 SCC: 2401045000
     WARNING: Using fallback surrogate       50 
          to prevent zeroing by original surrogate for:
          Region: 029193 SCC: 2401090000 Surrogate ID:        50
     WARNING: Fallback surrogate data will cause zero emissions
          inside the grid for:
          Region: 029193 SCC: 2401090000
     WARNING: Using fallback surrogate       50 
          to prevent zeroing by original surrogate for:
          Region: 029193 SCC: 2401100000 Surrogate ID:        50
     WARNING: Fallback surrogate data will cause zero emissions
          inside the grid for:
          Region: 029193 SCC: 2401100000
     WARNING: Using fallback surrogate       50 
          to prevent zeroing by original surrogate for:
          Region: 029193 SCC: 2401200000 Surrogate ID:        50
     WARNING: Fallback surrogate data will cause zero emissions
          inside the grid for:
          Region: 029193 SCC: 2401200000
     WARNING: Using fallback surrogate       50 
          to prevent zeroing by original surrogate for:
          Region: 029193 SCC: 2415105000 Surrogate ID:        50
     WARNING: Fallback surrogate data will cause zero emissions
          inside the grid for:
          Region: 029193 SCC: 2415105000
     WARNING: Using fallback surrogate       50 
          to prevent zeroing by original surrogate for:
          Region: 029193 SCC: 2415120000 Surrogate ID:        50
     WARNING: Fallback surrogate data will cause zero emissions
          inside the grid for:
          Region: 029193 SCC: 2415120000
     WARNING: Using fallback surrogate       50 
          to prevent zeroing by original surrogate for:
          Region: 029193 SCC: 2415305000 Surrogate ID:        50
     WARNING: Fallback surrogate data will cause zero emissions
          inside the grid for:
          Region: 029193 SCC: 2415305000
     WARNING: Using fallback surrogate       50 
          to prevent zeroing by original surrogate for:
          Region: 029193 SCC: 2415320000 Surrogate ID:        50
     WARNING: Fallback surrogate data will cause zero emissions
          inside the grid for:
          Region: 029193 SCC: 2415320000
     WARNING: Using fallback surrogate       50 
          to prevent zeroing by original surrogate for:
          Region: 029193 SCC: 2415345000 Surrogate ID:        50
     WARNING: Fallback surrogate data will cause zero emissions
          inside the grid for:
          Region: 029193 SCC: 2415345000
     WARNING: Using fallback surrogate       50 
          to prevent zeroing by original surrogate for:
          Region: 029193 SCC: 2415355000 Surrogate ID:        50
     WARNING: Fallback surrogate data will cause zero emissions
          inside the grid for:
          Region: 029193 SCC: 2415355000
     WARNING: Using fallback surrogate       50 
          to prevent zeroing by original surrogate for:
          Region: 029193 SCC: 2415360000 Surrogate ID:        50
     WARNING: Fallback surrogate data will cause zero emissions
          inside the grid for:
          Region: 029193 SCC: 2415360000
     WARNING: Using fallback surrogate       50 
          to prevent zeroing by original surrogate for:
          Region: 029193 SCC: 2425000000 Surrogate ID:        50
     WARNING: Fallback surrogate data will cause zero emissions
          inside the grid for:
          Region: 029193 SCC: 2425000000
     WARNING: Using fallback surrogate       50 
          to prevent zeroing by original surrogate for:
          Region: 029193 SCC: 2440020000 Surrogate ID:        50
     WARNING: Fallback surrogate data will cause zero emissions
          inside the grid for:
          Region: 029193 SCC: 2440020000
     WARNING: Using fallback surrogate       50 
          to prevent zeroing by original surrogate for:
          Region: 029193 SCC: 2461021000 Surrogate ID:        50
     WARNING: Fallback surrogate data will cause zero emissions
          inside the grid for:
          Region: 029193 SCC: 2461021000
     WARNING: Using fallback surrogate       50 
          to prevent zeroing by original surrogate for:
          Region: 029193 SCC: 2461800000 Surrogate ID:        50
     WARNING: Fallback surrogate data will cause zero emissions
          inside the grid for:
          Region: 029193 SCC: 2461800000
     WARNING: Using fallback surrogate       50 
          to prevent zeroing by original surrogate for:
          Region: 029193 SCC: 2465100000 Surrogate ID:        50
     WARNING: Fallback surrogate data will cause zero emissions
          inside the grid for:
          Region: 029193 SCC: 2465100000
     WARNING: Using fallback surrogate       50 
          to prevent zeroing by original surrogate for:
          Region: 029193 SCC: 2465200000 Surrogate ID:        50
     WARNING: Fallback surrogate data will cause zero emissions
          inside the grid for:
          Region: 029193 SCC: 2465200000
     WARNING: Using fallback surrogate       50 
          to prevent zeroing by original surrogate for:
          Region: 029193 SCC: 2465400000 Surrogate ID:        50
     WARNING: Fallback surrogate data will cause zero emissions
          inside the grid for:
          Region: 029193 SCC: 2465400000
     WARNING: Using fallback surrogate       50 
          to prevent zeroing by original surrogate for:
          Region: 029193 SCC: 2465600000 Surrogate ID:        50
     WARNING: Fallback surrogate data will cause zero emissions
          inside the grid for:
          Region: 029193 SCC: 2465600000
     WARNING: Using fallback surrogate       50 
          to prevent zeroing by original surrogate for:
          Region: 029193 SCC: 2501060050 Surrogate ID:        50
     WARNING: Fallback surrogate data will cause zero emissions
          inside the grid for:
          Region: 029193 SCC: 2501060050
     WARNING: Using fallback surrogate       50 
          to prevent zeroing by original surrogate for:
          Region: 029193 SCC: 2501060100 Surrogate ID:        50
     WARNING: Fallback surrogate data will cause zero emissions
          inside the grid for:
          Region: 029193 SCC: 2501060100
     WARNING: Using fallback surrogate       50 
          to prevent zeroing by original surrogate for:
          Region: 029193 SCC: 2501060201 Surrogate ID:        50
     WARNING: Fallback surrogate data will cause zero emissions
          inside the grid for:
          Region: 029193 SCC: 2501060201
     WARNING: Using fallback surrogate       50 
          to prevent zeroing by original surrogate for:
          Region: 029193 SCC: 2610030000 Surrogate ID:        50
     WARNING: Fallback surrogate data will cause zero emissions
          inside the grid for:
          Region: 029193 SCC: 2610030000
     WARNING: Using fallback surrogate       50 
          to prevent zeroing by original surrogate for:
          Region: 029193 SCC: 2630020000 Surrogate ID:        50
     WARNING: Fallback surrogate data will cause zero emissions
          inside the grid for:
          Region: 029193 SCC: 2630020000
     WARNING: Using fallback surrogate       50 
          to prevent zeroing by original surrogate for:
          Region: 029193 SCC: 2730100000 Surrogate ID:        50
     WARNING: Fallback surrogate data will cause zero emissions
          inside the grid for:
          Region: 029193 SCC: 2730100000
     WARNING: Using fallback surrogate       50 
          to prevent zeroing by original surrogate for:
          Region: 029193 SCC: 2801000003 Surrogate ID:        50
     WARNING: Fallback surrogate data will cause zero emissions
          inside the grid for:
          Region: 029193 SCC: 2801000003
     WARNING: Using fallback surrogate       50 
          to prevent zeroing by original surrogate for:
          Region: 029193 SCC: 2801700001 Surrogate ID:        50
     WARNING: Fallback surrogate data will cause zero emissions
          inside the grid for:
          Region: 029193 SCC: 2801700001
     WARNING: Using fallback surrogate       50 
          to prevent zeroing by original surrogate for:
          Region: 029193 SCC: 2801700003 Surrogate ID:        50
     WARNING: Fallback surrogate data will cause zero emissions
          inside the grid for:
          Region: 029193 SCC: 2801700003
     WARNING: Using fallback surrogate       50 
          to prevent zeroing by original surrogate for:
          Region: 029193 SCC: 2801700004 Surrogate ID:        50
     WARNING: Fallback surrogate data will cause zero emissions
          inside the grid for:
          Region: 029193 SCC: 2801700004
     WARNING: Using fallback surrogate       50 
          to prevent zeroing by original surrogate for:
          Region: 029193 SCC: 2801700005 Surrogate ID:        50
     WARNING: Fallback surrogate data will cause zero emissions
          inside the grid for:
          Region: 029193 SCC: 2801700005
     WARNING: Using fallback surrogate       50 
          to prevent zeroing by original surrogate for:
          Region: 029193 SCC: 2801700009 Surrogate ID:        50
     WARNING: Fallback surrogate data will cause zero emissions
          inside the grid for:
          Region: 029193 SCC: 2801700009
     WARNING: Using fallback surrogate       50 
          to prevent zeroing by original surrogate for:
          Region: 029193 SCC: 2801700010 Surrogate ID:        50
     WARNING: Fallback surrogate data will cause zero emissions
          inside the grid for:
          Region: 029193 SCC: 2801700010
     WARNING: Using fallback surrogate       50 
          to prevent zeroing by original surrogate for:
          Region: 029193 SCC: 2805000000 Surrogate ID:        50
     WARNING: Fallback surrogate data will cause zero emissions
          inside the grid for:
          Region: 029193 SCC: 2805000000
     WARNING: Using fallback surrogate       50 
          to prevent zeroing by original surrogate for:
          Region: 029193 SCC: 2810001000 Surrogate ID:        51
     WARNING: Fallback surrogate data will cause zero emissions
          inside the grid for:
          Region: 029193 SCC: 2810001000
     WARNING: Using fallback surrogate       50 
          to prevent zeroing by original surrogate for:
          Region: 029193 SCC: 2810030000 Surrogate ID:        51
     WARNING: Fallback surrogate data will cause zero emissions
          inside the grid for:
          Region: 029193 SCC: 2810030000
     WARNING: Using fallback surrogate       50 
          to prevent zeroing by original surrogate for:
          Region: 051515 SCC: 2104008001 Surrogate ID:        50
     WARNING: Fallback surrogate data will cause zero emissions
          inside the grid for:
          Region: 051515 SCC: 2104008001
     WARNING: Using fallback surrogate       50 
          to prevent zeroing by original surrogate for:
          Region: 051515 SCC: 2311000100 Surrogate ID:        50
     WARNING: Fallback surrogate data will cause zero emissions
          inside the grid for:
          Region: 051515 SCC: 2311000100
     WARNING: Using fallback surrogate       50 
          to prevent zeroing by original surrogate for:
          Region: 051530 SCC: 2104008001 Surrogate ID:        50
     WARNING: Fallback surrogate data will cause zero emissions
          inside the grid for:
          Region: 051530 SCC: 2104008001
     WARNING: Using fallback surrogate       50 
          to prevent zeroing by original surrogate for:
          Region: 051560 SCC: 2104008001 Surrogate ID:        50
     WARNING: Fallback surrogate data will cause zero emissions
          inside the grid for:
          Region: 051560 SCC: 2104008001
     WARNING: Using fallback surrogate       50 
          to prevent zeroing by original surrogate for:
          Region: 051678 SCC: 2104008001 Surrogate ID:        50
     WARNING: Fallback surrogate data will cause zero emissions
          inside the grid for:
          Region: 051678 SCC: 2104008001
     WARNING: Using fallback surrogate       50 
          to prevent zeroing by original surrogate for:
          Region: 051678 SCC: 2311000100 Surrogate ID:        50
     WARNING: Fallback surrogate data will cause zero emissions
          inside the grid for:
          Region: 051678 SCC: 2311000100
     WARNING: Using fallback surrogate       50 
          to prevent zeroing by original surrogate for:
          Region: 051780 SCC: 2104008001 Surrogate ID:        50
     WARNING: Fallback surrogate data will cause zero emissions
          inside the grid for:
          Region: 051780 SCC: 2104008001
     WARNING: Using fallback surrogate       50 
          to prevent zeroing by original surrogate for:
          Region: 051780 SCC: 2311000100 Surrogate ID:        50
     WARNING: Fallback surrogate data will cause zero emissions
          inside the grid for:
          Region: 051780 SCC: 2311000100
     Writing out GRIDDING MATRIX file...
     Value for IOAPI_LOG_WRITE not defined;returning default:  TRUE
     Record written to AGMAT
     GRIDDING-MATRIX statistics:
     Total number of coefficients   :    690670 
     Max  number of sources per cell:      2155 
     Min  number of sources per cell:         0
     Mean number of sources per cell:  426.34
      
     --->>  Normal Completion of program GRDMAT
      
