      
     This program uses the EPA-AREAL/MCNC-Environmental Programs
     Models-3 I/O Applications Programming Interface, which is 
     built on top of the netCDF I/O library (Copyright 1993, 1996
     University Corporation for Atmospheric Research/Unidata 
     Program).  Portions copyright (C) 1992-2001 MCNC.  See URL
     "http://www.emc.mcnc.org/products/ioapi/NOTICE.html" for
     conditions of use.
      
     $Id$
      
     Library release tag: $Name$
      
      
     Library release tag: $Name$
      
      
     SMOKE ---------------
     Copyright (c)2002 MCNC--Environmental Modeling Center
     All rights reserved

     See file COPYRIGHT for conditions of use.

     Program LAYPOINT, Version $
     Online documentation 
         http://www.emc.mcnc.org/products/smoke           
      
     Program LAYPOINT to take a SMOKE point source inventory file
     and dot- and cross-point meteorology files and construct a
     point source layer fractions matrix for all selected hours
     and an optional report of plume exceeding a user-defined
     layer number. The program uses a Briggs method that has been
     adapted for multiple layers. 
      
      
     You will need to enter the logical names for the input and
     output files (and to have set them prior to program start,
     using "setenv <logicalname> <pathname>").
      
     You may use END_OF-FILE (control-D) to quit the program
     during logical-name entry. Default responses are given in
     brackets [LIKE THIS] and can be accepted by hitting the
     <RETURN> key.
      
     Value for PROMPTFLAG:  N returning FALSE
     Returning default value TRUE for query:
     "Continue with program?"
     Value for SMK_EMLAYS:  12
     Value for SMK_SPECELEV_YN:  N returning FALSE
     Value for HOUR_PLUMEDATA_YN:  N returning FALSE
     Value for EXPLICIT_PLUMES_YN not defined;returning default:  FALSE
     Value for VELOC_RECALC:  N returning FALSE
     >>--->> WARNING in subroutine envintc
     Value for REP_LAYER_MAX not an integer: ' ', returning default  -1
     Value for SMK_SOURCE:  'P'
     Value for PROMPTFLAG:  N returning FALSE
     Error opening file at path-name:
     netCDF error number  -51  processing file "PNTS"
     Not a netCDF file
     Not a netCDF file
     /stella/data/smkrel2/data/inventory/nctox/pnts.map.nctox.txt
     Could not open file "PNTS".

     File PNTS opened for input on unit:  98
     /stella/data/smkrel2/data/inventory/nctox/pnts.map.nctox.txt

     Value for PNTS:  '/stella/data/smkrel2/data/inventory/nctox/pnts.map.nctox.txt'

 WARNING: output file already exists: PSRC
 /stella/data/smkrel2/data/inventory/nctox/psrc.txt


     File "PSRC" opened for output on unit:  97
     /stella/data/smkrel2/data/inventory/nctox/psrc.txt

     Value for IOAPI_CHECK_HEADERS not defined;returning default:  FALSE
      
     "PNTS" opened as OLD:READ-ONLY   
     File name "/stella/data/smkrel2/data/inventory/nctox/pnts.ncf"
     File type GRDDED3 
     Execution ID "????????????????"
     Grid name " "
     Dimensions: 6341 rows, 1 cols, 1 lays, 11 vbles
     NetCDF ID:         6:
     Time-independent data.
      
     "TMP_POL_FILE" opened as OLD:READ-ONLY   
     File name "/stella/data/smkrel2/data/inventory/nctox/pnts_dat/CO.ncf"
     File type GRDDED3 
     Execution ID "????????????????"
     Grid name " "
     Dimensions: 2880 rows, 1 cols, 1 lays, 8 vbles
     NetCDF ID:         7:
     Time-independent data.

     Closing file "TMP_POL_FILE"                                                     

      
     "TMP_POL_FILE" opened as OLD:READ-ONLY   
     File name "/stella/data/smkrel2/data/inventory/nctox/pnts_dat/NOX.ncf"
     File type GRDDED3 
     Execution ID "????????????????"
     Grid name " "
     Dimensions: 2901 rows, 1 cols, 1 lays, 8 vbles
     NetCDF ID:         7:
     Time-independent data.

     Closing file "TMP_POL_FILE"                                                     

      
     "TMP_POL_FILE" opened as OLD:READ-ONLY   
     File name "/stella/data/smkrel2/data/inventory/nctox/pnts_dat/VOC.ncf"
     File type GRDDED3 
     Execution ID "????????????????"
     Grid name " "
     Dimensions: 4583 rows, 1 cols, 1 lays, 8 vbles
     NetCDF ID:         7:
     Time-independent data.

     Closing file "TMP_POL_FILE"                                                     

      
     "TMP_POL_FILE" opened as OLD:READ-ONLY   
     File name "/stella/data/smkrel2/data/inventory/nctox/pnts_dat/NH3.ncf"
     File type GRDDED3 
     Execution ID "????????????????"
     Grid name " "
     Dimensions: 799 rows, 1 cols, 1 lays, 8 vbles
     NetCDF ID:         7:
     Time-independent data.

     Closing file "TMP_POL_FILE"                                                     

      
     "TMP_POL_FILE" opened as OLD:READ-ONLY   
     File name "/stella/data/smkrel2/data/inventory/nctox/pnts_dat/SO2.ncf"
     File type GRDDED3 
     Execution ID "????????????????"
     Grid name " "
     Dimensions: 2757 rows, 1 cols, 1 lays, 8 vbles
     NetCDF ID:         7:
     Time-independent data.

     Closing file "TMP_POL_FILE"                                                     

      
     "TMP_POL_FILE" opened as OLD:READ-ONLY   
     File name "/stella/data/smkrel2/data/inventory/nctox/pnts_dat/PM10.ncf"
     File type GRDDED3 
     Execution ID "????????????????"
     Grid name " "
     Dimensions: 4700 rows, 1 cols, 1 lays, 8 vbles
     NetCDF ID:         7:
     Time-independent data.

     Closing file "TMP_POL_FILE"                                                     

      
     "TMP_POL_FILE" opened as OLD:READ-ONLY   
     File name "/stella/data/smkrel2/data/inventory/nctox/pnts_dat/PM2_5.ncf"
     File type GRDDED3 
     Execution ID "????????????????"
     Grid name " "
     Dimensions: 4682 rows, 1 cols, 1 lays, 8 vbles
     NetCDF ID:         7:
     Time-independent data.

     Closing file "TMP_POL_FILE"                                                     

      
     "TMP_POL_FILE" opened as OLD:READ-ONLY   
     File name "/stella/data/smkrel2/data/inventory/nctox/pnts_dat/PMC.ncf"
     File type GRDDED3 
     Execution ID "????????????????"
     Grid name " "
     Dimensions: 3452 rows, 1 cols, 1 lays, 8 vbles
     NetCDF ID:         7:
     Time-independent data.

     Closing file "TMP_POL_FILE"                                                     

      
     "TMP_POL_FILE" opened as OLD:READ-ONLY   
     File name "/stella/data/smkrel2/data/inventory/nctox/pnts_dat/CO.ncf"
     File type GRDDED3 
     Execution ID "????????????????"
     Grid name " "
     Dimensions: 2880 rows, 1 cols, 1 lays, 8 vbles
     NetCDF ID:         7:
     Time-independent data.

     Closing file "TMP_POL_FILE"                                                     

      
     "TMP_POL_FILE" opened as OLD:READ-ONLY   
     File name "/stella/data/smkrel2/data/inventory/nctox/pnts_dat/NOX.ncf"
     File type GRDDED3 
     Execution ID "????????????????"
     Grid name " "
     Dimensions: 2901 rows, 1 cols, 1 lays, 8 vbles
     NetCDF ID:         7:
     Time-independent data.

     Closing file "TMP_POL_FILE"                                                     

      
     "TMP_POL_FILE" opened as OLD:READ-ONLY   
     File name "/stella/data/smkrel2/data/inventory/nctox/pnts_dat/VOC.ncf"
     File type GRDDED3 
     Execution ID "????????????????"
     Grid name " "
     Dimensions: 4583 rows, 1 cols, 1 lays, 8 vbles
     NetCDF ID:         7:
     Time-independent data.

     Closing file "TMP_POL_FILE"                                                     

      
     "TMP_POL_FILE" opened as OLD:READ-ONLY   
     File name "/stella/data/smkrel2/data/inventory/nctox/pnts_dat/NH3.ncf"
     File type GRDDED3 
     Execution ID "????????????????"
     Grid name " "
     Dimensions: 799 rows, 1 cols, 1 lays, 8 vbles
     NetCDF ID:         7:
     Time-independent data.

     Closing file "TMP_POL_FILE"                                                     

      
     "TMP_POL_FILE" opened as OLD:READ-ONLY   
     File name "/stella/data/smkrel2/data/inventory/nctox/pnts_dat/SO2.ncf"
     File type GRDDED3 
     Execution ID "????????????????"
     Grid name " "
     Dimensions: 2757 rows, 1 cols, 1 lays, 8 vbles
     NetCDF ID:         7:
     Time-independent data.

     Closing file "TMP_POL_FILE"                                                     

      
     "TMP_POL_FILE" opened as OLD:READ-ONLY   
     File name "/stella/data/smkrel2/data/inventory/nctox/pnts_dat/PM10.ncf"
     File type GRDDED3 
     Execution ID "????????????????"
     Grid name " "
     Dimensions: 4700 rows, 1 cols, 1 lays, 8 vbles
     NetCDF ID:         7:
     Time-independent data.

     Closing file "TMP_POL_FILE"                                                     

      
     "TMP_POL_FILE" opened as OLD:READ-ONLY   
     File name "/stella/data/smkrel2/data/inventory/nctox/pnts_dat/PM2_5.ncf"
     File type GRDDED3 
     Execution ID "????????????????"
     Grid name " "
     Dimensions: 4682 rows, 1 cols, 1 lays, 8 vbles
     NetCDF ID:         7:
     Time-independent data.

     Closing file "TMP_POL_FILE"                                                     

      
     "TMP_POL_FILE" opened as OLD:READ-ONLY   
     File name "/stella/data/smkrel2/data/inventory/nctox/pnts_dat/PMC.ncf"
     File type GRDDED3 
     Execution ID "????????????????"
     Grid name " "
     Dimensions: 3452 rows, 1 cols, 1 lays, 8 vbles
     NetCDF ID:         7:
     Time-independent data.

     Closing file "TMP_POL_FILE"                                                     

     Value for PROMPTFLAG:  N returning FALSE
      
     "MET_CRO_2D" opened as OLD:READ-ONLY   
     File name "/stella/data/smkrel2/data/met/run_a1a/METCRO2D_1996191"
     File type GRDDED3 
     Execution ID "????????????????"
     Grid name "METCRO_1996_36KM"
     Dimensions: 90 rows, 132 cols, 1 lays, 10 vbles
     NetCDF ID:         7:
     Starting date and time  1996191:000000 (0:00:00   July 9, 1996)
     Timestep                        010000 (1:00:00 hh:mm:ss)
     Maximum current record number      25
      
     "GRID_CRO_3D" opened as OLD:READ-ONLY   
     File name "/stella/data/smkrel2/data/met/run_a1a/GRIDCRO3D"
     File type GRDDED3 
     Execution ID "????????????????"
     Grid name "GRIDOUT_1996_36K"
     Dimensions: 90 rows, 132 cols, 12 lays, 2 vbles
     NetCDF ID:         8:
     Time-independent data.
      
     "MET_CRO_3D" opened as OLD:READ-ONLY   
     File name "/stella/data/smkrel2/data/met/run_a1a/METCRO3D_1996191"
     File type GRDDED3 
     Execution ID "????????????????"
     Grid name "METCRO_1996_36KM"
     Dimensions: 90 rows, 132 cols, 12 lays, 3 vbles
     NetCDF ID:         9:
     Starting date and time  1996191:000000 (0:00:00   July 9, 1996)
     Timestep                        010000 (1:00:00 hh:mm:ss)
     Maximum current record number      25
      
     "MET_DOT_3D" opened as OLD:READ-ONLY   
     File name "/stella/data/smkrel2/data/met/run_a1a/METDOT3D_1996191"
     File type GRDDED3 
     Execution ID "????????????????"
     Grid name "METDOT_1996_36KM"
     Dimensions: 91 rows, 133 cols, 12 lays, 2 vbles
     NetCDF ID:        10:
     Starting date and time  1996191:000000 (0:00:00   July 9, 1996)
     Timestep                        010000 (1:00:00 hh:mm:ss)
     Maximum current record number      25
     NOTE: file "MET_CRO_3D" was used to initialize meteorology file header checks.
     NOTE: Grid settings initialized using MET_CRO_3D       in 
          gridded file.
     Value for GRIDDESC:  '/stella/data/smk'

     File GRIDDESC opened for input on unit:  96
     /stella/data/smkrel2/data/ge_dat/GRIDDESC

     Value for IOAPI_GRIDNAME_1:  'US36NC_23X12'

     File GRIDDESC opened for input on unit:  96
     /stella/data/smkrel2/data/ge_dat/GRIDDESC

     NOTE: The number of emission layers is      12 , and the maximum 
          possible layers is      12
     Value for G_STDATE:  1996191
     Value for G_STTIME:  0
     Value for G_TSTEP:  10000
     Value for G_RUNLEN:  250000
     Value for PROMPTFLAG:  N returning FALSE
           Start Date: July 9, 1996
           Start Time: 000000 HHMMSS
            Time Step: 001 hour
             Duration: 025 hours
     Value for IOAPI_CHECK_HEADERS not defined;returning default:  FALSE
      
     "PLAY" opened as UNKNOWN(R-W)    
     File name "/stella/data/smkrel2/data/run_nctox/19960709/play.19960709.1.us36-nc.a1a_nctox.ncf"
     File type GRDDED3 
     Execution ID "????????????????"
     Grid name " "
     Dimensions: 6341 rows, 1 cols, 12 lays, 1 vbles
     NetCDF ID:        12:
     Starting date and time  1996191:000000 (0:00:00   July 9, 1996)
     Timestep                        010000 (1:00:00 hh:mm:ss)
     Maximum current record number       0
     Reading source data from inventory file...
     Determining elevated/plume-in-grid sources...
     NOTE: All non-PinG sources are potentially elevated
     NOTE: No PinG sources will be modeled
     Calculating hourly layer fractions...
     Processing Tuesday July 9, 1996
     Value for IOAPI_LOG_WRITE not defined;returning default:  TRUE
     LFRAC written to PLAY for   1996191:000000
     LFRAC written to PLAY for   1996191:010000
     LFRAC written to PLAY for   1996191:020000
     LFRAC written to PLAY for   1996191:030000
     LFRAC written to PLAY for   1996191:040000
     LFRAC written to PLAY for   1996191:050000
     LFRAC written to PLAY for   1996191:060000
     LFRAC written to PLAY for   1996191:070000
     LFRAC written to PLAY for   1996191:080000
     LFRAC written to PLAY for   1996191:090000
     LFRAC written to PLAY for   1996191:100000
     LFRAC written to PLAY for   1996191:110000
     LFRAC written to PLAY for   1996191:120000
     LFRAC written to PLAY for   1996191:130000
     LFRAC written to PLAY for   1996191:140000
     LFRAC written to PLAY for   1996191:150000
     LFRAC written to PLAY for   1996191:160000
     LFRAC written to PLAY for   1996191:170000
     LFRAC written to PLAY for   1996191:180000
     LFRAC written to PLAY for   1996191:190000
     LFRAC written to PLAY for   1996191:200000
     LFRAC written to PLAY for   1996191:210000
     LFRAC written to PLAY for   1996191:220000
     LFRAC written to PLAY for   1996191:230000
     Processing Wednesday July 10, 1996
     LFRAC written to PLAY for   1996192:000000
      
     --->>  Normal Completion of program LAYPOINT
      
