      
     This program uses the EPA-AREAL/MCNC-Environmental Programs
     Models-3 I/O Applications Programming Interface, which is 
     built on top of the netCDF I/O library (Copyright 1993, 1996
     University Corporation for Atmospheric Research/Unidata 
     Program).  Portions copyright (C) 1992-2001 MCNC.  See URL
     "http://www.emc.mcnc.org/products/ioapi/NOTICE.html" for
     conditions of use.
      
     $Id$
      
     Library release tag: $Name$
      
      
     Library release tag: $Name$
      
      
     SMOKE ---------------
     Copyright (c)2002 MCNC--Environmental Modeling Center
     All rights reserved

     See file COPYRIGHT for conditions of use.

     Program MBSETUP, Version $
     Online documentation 
         http://www.emc.mcnc.org/products/smoke           
      
     Program MBSETUP prepares intermediate files needed to run
     PREMOBL and EMISFAC using the county cross-reference and
     settings files. It checks that each county in the inventory
     and within the grid has been assigned a reference county
     and creates the speed summary file grouping sources by county
     and speed.
      
      
     You will need to enter the logical names for the input and
     output files (and to have set them prior to program start,
     using "setenv <logicalname> <pathname>").
      
     You may use END_OF-FILE (control-D) to quit the program
     during logical-name entry. Default responses are given in
     brackets [LIKE THIS] and can be accepted by hitting the
     <RETURN> key.
      
     Value for PROMPTFLAG:  N returning FALSE
     Returning default value TRUE for query:
     "Continue with program?"
     Value for SMK_SOURCE:  'M'
     Value for PROMPTFLAG:  N returning FALSE
     Error opening file at path-name:
     netCDF error number  -51  processing file "MOBL"
     Not a netCDF file
     Not a netCDF file
     /stella/data/smkrel2/data/inventory/nctox/mobl.map.nctox.txt
     Could not open file "MOBL".

     File MOBL opened for input on unit:  98
     /stella/data/smkrel2/data/inventory/nctox/mobl.map.nctox.txt

     Value for MOBL:  '/stella/data/smkrel2/data/inventory/nctox/mobl.map.nctox.txt'

 WARNING: output file already exists: MSRC
 /stella/data/smkrel2/data/inventory/nctox/msrc.txt


     File "MSRC" opened for output on unit:  97
     /stella/data/smkrel2/data/inventory/nctox/msrc.txt

     Value for IOAPI_CHECK_HEADERS not defined;returning default:  FALSE
      
     "MOBL" opened as OLD:READ-ONLY   
     File name "/stella/data/smkrel2/data/inventory/nctox/mobl.ncf"
     File type GRDDED3 
     Execution ID "????????????????"
     Grid name " "
     Dimensions: 6960 rows, 1 cols, 1 lays, 10 vbles
     NetCDF ID:         6:
     Time-independent data.
      
     "TMP_POL_FILE" opened as OLD:READ-ONLY   
     File name "/stella/data/smkrel2/data/inventory/nctox/mobl_dat/VMT.ncf"
     File type GRDDED3 
     Execution ID "????????????????"
     Grid name " "
     Dimensions: 6583 rows, 1 cols, 1 lays, 2 vbles
     NetCDF ID:         7:
     Time-independent data.

     Closing file "TMP_POL_FILE"                                                     

      
     "TMP_POL_FILE" opened as OLD:READ-ONLY   
     File name "/stella/data/smkrel2/data/inventory/nctox/mobl_dat/SPEED.ncf"
     File type GRDDED3 
     Execution ID "????????????????"
     Grid name " "
     Dimensions: 6960 rows, 1 cols, 1 lays, 2 vbles
     NetCDF ID:         7:
     Time-independent data.

     Closing file "TMP_POL_FILE"                                                     

     Value for PROMPTFLAG:  N returning FALSE
      
     "MUMAT" opened as OLD:READ-ONLY   
     File name "/stella/data/smkrel2/data/run_nctox/static/mumat.us36-nc.nctox.ncf"
     File type SMATRX3 
     Execution ID "????????????????"
     Grid name "US36NC_23X12"
     Dimensions: 6960 rows, 32481 cols, 1 lays, 1 vbles
     NetCDF ID:         7:
     Time-independent data.
     Value for PROMPTFLAG:  N returning FALSE

     File MCREF opened for input on unit:  96
     /stella/data/smkrel2/data/inventory/nctox/mobile/mcref.nctox.txt


     File MVREF opened for input on unit:  95
     /stella/data/smkrel2/data/inventory/nctox/mobile/mvref.nctox.txt


 WARNING: output file already exists: SPDSUM
 /stella/data/smkrel2/data/run_nctox/static/spdsum.nctox.txt


     File "SPDSUM" opened for output on unit:  94
     /stella/data/smkrel2/data/run_nctox/static/spdsum.nctox.txt

      
     "TMP_POL_FILE" opened as OLD:READ-ONLY   
     File name "/stella/data/smkrel2/data/inventory/nctox/mobl_dat/VMT.ncf"
     File type GRDDED3 
     Execution ID "????????????????"
     Grid name " "
     Dimensions: 6583 rows, 1 cols, 1 lays, 2 vbles
     NetCDF ID:        11:
     Time-independent data.

     Closing file "TMP_POL_FILE"                                                     

      
     "TMP_POL_FILE" opened as OLD:READ-ONLY   
     File name "/stella/data/smkrel2/data/inventory/nctox/mobl_dat/SPEED.ncf"
     File type GRDDED3 
     Execution ID "????????????????"
     Grid name " "
     Dimensions: 6960 rows, 1 cols, 1 lays, 2 vbles
     NetCDF ID:        11:
     Time-independent data.

     Closing file "TMP_POL_FILE"                                                     

     Reading source data from inventory file...
      
     "IOAPI_DAT" opened as OLD:READ-ONLY   
     File name "/stella/data/smkrel2/data/inventory/nctox/mobl_dat/SPEED.ncf"
     File type GRDDED3 
     Execution ID "????????????????"
     Grid name " "
     Dimensions: 6960 rows, 1 cols, 1 lays, 2 vbles
     NetCDF ID:        11:
     Time-independent data.

     Closing file "IOAPI_DAT"                                                        

      
     "IOAPI_DAT" opened as OLD:READ-ONLY   
     File name "/stella/data/smkrel2/data/inventory/nctox/mobl_dat/VMT.ncf"
     File type GRDDED3 
     Execution ID "????????????????"
     Grid name " "
     Dimensions: 6583 rows, 1 cols, 1 lays, 2 vbles
     NetCDF ID:        11:
     Time-independent data.

     Closing file "IOAPI_DAT"                                                        

     Generating unique lists from inventory data...
     Reading ungridding matrix...
     Reading county cross-reference file...
     Reading reference county settings file...
     Processing speed information...
     Writing to speed summary file for county   37001 ...
     Writing time period group files...

     File "EPISODEGROUP" opened for output on unit:  96
     /stella/data/smkrel2/data/run_nctox/static/group.episode.nctox.txt

      
     --->>  Normal Completion of program MBSETUP
      
