      
     This program uses the EPA-AREAL/MCNC-Environmental Programs
     Models-3 I/O Applications Programming Interface, which is 
     built on top of the netCDF I/O library (Copyright 1993, 1996
     University Corporation for Atmospheric Research/Unidata 
     Program).  Portions copyright (C) 1992-2001 MCNC.  See URL
     "http://www.emc.mcnc.org/products/ioapi/NOTICE.html" for
     conditions of use.
      
     $Id$
      
     Library release tag: $Name$
      
      
     Library release tag: $Name$
      
      
     SMOKE ---------------
     Copyright (c)2002 MCNC--Environmental Modeling Center
     All rights reserved

     See file COPYRIGHT for conditions of use.

     Program MRGGRID, Version $
     Online documentation 
         http://www.emc.mcnc.org/products/smoke           
      
     Program MRGGRID reads 2-D area, biogenic, mobile, and 3-D
     point source emissions and merges into a single 3-D file.
     The time period merged is adjusted based on the latest
     starting file and earliest ending file.  All variables are
     merged, even if different variables are in each file.
      
      
     You will need to enter the logical names for the input and
     output files (and to have set them prior to program start,
     using "setenv <logicalname> <pathname>").
      
     You may use END_OF-FILE (control-D) to quit the program
     during logical-name entry. Default responses are given in
     brackets [LIKE THIS] and can be accepted by hitting the
     <RETURN> key.
      
     Value for PROMPTFLAG:  N returning FALSE
     Returning default value TRUE for query:
     "Continue with program?"
     Value for PROMPTFLAG:  N returning FALSE

     File FILELIST opened for input on unit:  98
     /stella/scratch/zac/smoke/data/smoke/run_m3demo/static/filelist.txt

     Value for IOAPI_CHECK_HEADERS not defined;returning default:  FALSE
      
     "BGTS" opened as OLD:READ-ONLY   
     File name "/stella/scratch/zac/smoke/data/smoke/run_m3demo/19950714/output/cmaq.cb4p25/bgts_l_o.19950714.1.ed36.mepa_beld3.ncf"
     File type GRDDED3 
     Execution ID "????????????????"
     Grid name "METCRO_t2_36_m_C"
     Dimensions: 36 rows, 45 cols, 1 lays, 7 vbles
     NetCDF ID:         5:
     Starting date and time  1995195:000000 (0:00:00   July 14, 1995)
     Timestep                        010000 (1:00:00 hh:mm:ss)
     Maximum current record number      25
      
     "MGTS" opened as OLD:READ-ONLY   
     File name "/stella/scratch/zac/smoke/data/smoke/run_m3demo/19950714/output/cmaq.cb4p25/mgts_l.19950714.1.ed36.m3demo.ncf"
     File type GRDDED3 
     Execution ID "????????????????"
     Grid name "T2_36_C"
     Dimensions: 36 rows, 45 cols, 1 lays, 12 vbles
     NetCDF ID:         6:
     Starting date and time  1995195:000000 (0:00:00   July 14, 1995)
     Timestep                        010000 (1:00:00 hh:mm:ss)
     Maximum current record number      25
      
     "AGTS" opened as OLD:READ-ONLY   
     File name "/stella/scratch/zac/smoke/data/smoke/run_m3demo/19950714/output/cmaq.cb4p25/agts_l.19950714.1.ed36.m3demo.ncf"
     File type GRDDED3 
     Execution ID "????????????????"
     Grid name "T2_36_C"
     Dimensions: 36 rows, 45 cols, 1 lays, 21 vbles
     NetCDF ID:         7:
     Starting date and time  1995195:000000 (0:00:00   July 14, 1995)
     Timestep                        010000 (1:00:00 hh:mm:ss)
     Maximum current record number      25
      
     "PGTS" opened as OLD:READ-ONLY   
     File name "/stella/scratch/zac/smoke/data/smoke/run_m3demo/19950714/output/cmaq.cb4p25/pgts3d_l.19950714.1.ed36.m3demo.ncf"
     File type GRDDED3 
     Execution ID "????????????????"
     Grid name "T2_36_C"
     Dimensions: 36 rows, 45 cols, 6 lays, 21 vbles
     NetCDF ID:         8:
     Starting date and time  1995195:000000 (0:00:00   July 14, 1995)
     Timestep                        010000 (1:00:00 hh:mm:ss)
     Maximum current record number      25
     NOTE: Grid settings initialized using FILE001          in 
          gridded file.
     Value for PROMPTFLAG:  N returning FALSE
     Value for IOAPI_CHECK_HEADERS not defined;returning default:  FALSE
      
     "OUTFILE" opened as UNKNOWN(R-W)    
     File name "/stella/scratch/zac/smoke/data/smoke/run_m3demo/19950714/output/cmaq.cb4p25/egts3d_l.19950714.1.ed36.m3demo.ncf"
     File type GRDDED3 
     Execution ID "????????????????"
     Grid name "METCRO_t2_36_m_C"
     Dimensions: 36 rows, 45 cols, 6 lays, 22 vbles
     NetCDF ID:         9:
     Starting date and time  1995195:000000 (0:00:00   July 14, 1995)
     Timestep                        010000 (1:00:00 hh:mm:ss)
     Maximum current record number      25
     Value for IOAPI_LOG_WRITE not defined;returning default:  TRUE
     ALD2 written to OUTFILE for   1995195:000000
     CO written to OUTFILE for   1995195:000000
     ETH written to OUTFILE for   1995195:000000
     FORM written to OUTFILE for   1995195:000000
     ISOP written to OUTFILE for   1995195:000000
     NH3 written to OUTFILE for   1995195:000000
     NO written to OUTFILE for   1995195:000000
     NO2 written to OUTFILE for   1995195:000000
     NR written to OUTFILE for   1995195:000000
     OLE written to OUTFILE for   1995195:000000
     PAR written to OUTFILE for   1995195:000000
     PEC written to OUTFILE for   1995195:000000
     PMC written to OUTFILE for   1995195:000000
     PMFINE written to OUTFILE for   1995195:000000
     PNO3 written to OUTFILE for   1995195:000000
     POA written to OUTFILE for   1995195:000000
     PSO4 written to OUTFILE for   1995195:000000
     SO2 written to OUTFILE for   1995195:000000
     SULF written to OUTFILE for   1995195:000000
     TERPB written to OUTFILE for   1995195:000000
     TOL written to OUTFILE for   1995195:000000
     XYL written to OUTFILE for   1995195:000000
     ALD2 written to OUTFILE for   1995195:010000
     CO written to OUTFILE for   1995195:010000
     ETH written to OUTFILE for   1995195:010000
     FORM written to OUTFILE for   1995195:010000
     ISOP written to OUTFILE for   1995195:010000
     NH3 written to OUTFILE for   1995195:010000
     NO written to OUTFILE for   1995195:010000
     NO2 written to OUTFILE for   1995195:010000
     NR written to OUTFILE for   1995195:010000
     OLE written to OUTFILE for   1995195:010000
     PAR written to OUTFILE for   1995195:010000
     PEC written to OUTFILE for   1995195:010000
     PMC written to OUTFILE for   1995195:010000
     PMFINE written to OUTFILE for   1995195:010000
     PNO3 written to OUTFILE for   1995195:010000
     POA written to OUTFILE for   1995195:010000
     PSO4 written to OUTFILE for   1995195:010000
     SO2 written to OUTFILE for   1995195:010000
     SULF written to OUTFILE for   1995195:010000
     TERPB written to OUTFILE for   1995195:010000
     TOL written to OUTFILE for   1995195:010000
     XYL written to OUTFILE for   1995195:010000
     ALD2 written to OUTFILE for   1995195:020000
     CO written to OUTFILE for   1995195:020000
     ETH written to OUTFILE for   1995195:020000
     FORM written to OUTFILE for   1995195:020000
     ISOP written to OUTFILE for   1995195:020000
     NH3 written to OUTFILE for   1995195:020000
     NO written to OUTFILE for   1995195:020000
     NO2 written to OUTFILE for   1995195:020000
     NR written to OUTFILE for   1995195:020000
     OLE written to OUTFILE for   1995195:020000
     PAR written to OUTFILE for   1995195:020000
     PEC written to OUTFILE for   1995195:020000
     PMC written to OUTFILE for   1995195:020000
     PMFINE written to OUTFILE for   1995195:020000
     PNO3 written to OUTFILE for   1995195:020000
     POA written to OUTFILE for   1995195:020000
     PSO4 written to OUTFILE for   1995195:020000
     SO2 written to OUTFILE for   1995195:020000
     SULF written to OUTFILE for   1995195:020000
     TERPB written to OUTFILE for   1995195:020000
     TOL written to OUTFILE for   1995195:020000
     XYL written to OUTFILE for   1995195:020000
     ALD2 written to OUTFILE for   1995195:030000
     CO written to OUTFILE for   1995195:030000
     ETH written to OUTFILE for   1995195:030000
     FORM written to OUTFILE for   1995195:030000
     ISOP written to OUTFILE for   1995195:030000
     NH3 written to OUTFILE for   1995195:030000
     NO written to OUTFILE for   1995195:030000
     NO2 written to OUTFILE for   1995195:030000
     NR written to OUTFILE for   1995195:030000
     OLE written to OUTFILE for   1995195:030000
     PAR written to OUTFILE for   1995195:030000
     PEC written to OUTFILE for   1995195:030000
     PMC written to OUTFILE for   1995195:030000
     PMFINE written to OUTFILE for   1995195:030000
     PNO3 written to OUTFILE for   1995195:030000
     POA written to OUTFILE for   1995195:030000
     PSO4 written to OUTFILE for   1995195:030000
     SO2 written to OUTFILE for   1995195:030000
     SULF written to OUTFILE for   1995195:030000
     TERPB written to OUTFILE for   1995195:030000
     TOL written to OUTFILE for   1995195:030000
     XYL written to OUTFILE for   1995195:030000
     ALD2 written to OUTFILE for   1995195:040000
     CO written to OUTFILE for   1995195:040000
     ETH written to OUTFILE for   1995195:040000
     FORM written to OUTFILE for   1995195:040000
     ISOP written to OUTFILE for   1995195:040000
     NH3 written to OUTFILE for   1995195:040000
     NO written to OUTFILE for   1995195:040000
     NO2 written to OUTFILE for   1995195:040000
     NR written to OUTFILE for   1995195:040000
     OLE written to OUTFILE for   1995195:040000
     PAR written to OUTFILE for   1995195:040000
     PEC written to OUTFILE for   1995195:040000
     PMC written to OUTFILE for   1995195:040000
     PMFINE written to OUTFILE for   1995195:040000
     PNO3 written to OUTFILE for   1995195:040000
     POA written to OUTFILE for   1995195:040000
     PSO4 written to OUTFILE for   1995195:040000
     SO2 written to OUTFILE for   1995195:040000
     SULF written to OUTFILE for   1995195:040000
     TERPB written to OUTFILE for   1995195:040000
     TOL written to OUTFILE for   1995195:040000
     XYL written to OUTFILE for   1995195:040000
     ALD2 written to OUTFILE for   1995195:050000
     CO written to OUTFILE for   1995195:050000
     ETH written to OUTFILE for   1995195:050000
     FORM written to OUTFILE for   1995195:050000
     ISOP written to OUTFILE for   1995195:050000
     NH3 written to OUTFILE for   1995195:050000
     NO written to OUTFILE for   1995195:050000
     NO2 written to OUTFILE for   1995195:050000
     NR written to OUTFILE for   1995195:050000
     OLE written to OUTFILE for   1995195:050000
     PAR written to OUTFILE for   1995195:050000
     PEC written to OUTFILE for   1995195:050000
     PMC written to OUTFILE for   1995195:050000
     PMFINE written to OUTFILE for   1995195:050000
     PNO3 written to OUTFILE for   1995195:050000
     POA written to OUTFILE for   1995195:050000
     PSO4 written to OUTFILE for   1995195:050000
     SO2 written to OUTFILE for   1995195:050000
     SULF written to OUTFILE for   1995195:050000
     TERPB written to OUTFILE for   1995195:050000
     TOL written to OUTFILE for   1995195:050000
     XYL written to OUTFILE for   1995195:050000
     ALD2 written to OUTFILE for   1995195:060000
     CO written to OUTFILE for   1995195:060000
     ETH written to OUTFILE for   1995195:060000
     FORM written to OUTFILE for   1995195:060000
     ISOP written to OUTFILE for   1995195:060000
     NH3 written to OUTFILE for   1995195:060000
     NO written to OUTFILE for   1995195:060000
     NO2 written to OUTFILE for   1995195:060000
     NR written to OUTFILE for   1995195:060000
     OLE written to OUTFILE for   1995195:060000
     PAR written to OUTFILE for   1995195:060000
     PEC written to OUTFILE for   1995195:060000
     PMC written to OUTFILE for   1995195:060000
     PMFINE written to OUTFILE for   1995195:060000
     PNO3 written to OUTFILE for   1995195:060000
     POA written to OUTFILE for   1995195:060000
     PSO4 written to OUTFILE for   1995195:060000
     SO2 written to OUTFILE for   1995195:060000
     SULF written to OUTFILE for   1995195:060000
     TERPB written to OUTFILE for   1995195:060000
     TOL written to OUTFILE for   1995195:060000
     XYL written to OUTFILE for   1995195:060000
     ALD2 written to OUTFILE for   1995195:070000
     CO written to OUTFILE for   1995195:070000
     ETH written to OUTFILE for   1995195:070000
     FORM written to OUTFILE for   1995195:070000
     ISOP written to OUTFILE for   1995195:070000
     NH3 written to OUTFILE for   1995195:070000
     NO written to OUTFILE for   1995195:070000
     NO2 written to OUTFILE for   1995195:070000
     NR written to OUTFILE for   1995195:070000
     OLE written to OUTFILE for   1995195:070000
     PAR written to OUTFILE for   1995195:070000
     PEC written to OUTFILE for   1995195:070000
     PMC written to OUTFILE for   1995195:070000
     PMFINE written to OUTFILE for   1995195:070000
     PNO3 written to OUTFILE for   1995195:070000
     POA written to OUTFILE for   1995195:070000
     PSO4 written to OUTFILE for   1995195:070000
     SO2 written to OUTFILE for   1995195:070000
     SULF written to OUTFILE for   1995195:070000
     TERPB written to OUTFILE for   1995195:070000
     TOL written to OUTFILE for   1995195:070000
     XYL written to OUTFILE for   1995195:070000
     ALD2 written to OUTFILE for   1995195:080000
     CO written to OUTFILE for   1995195:080000
     ETH written to OUTFILE for   1995195:080000
     FORM written to OUTFILE for   1995195:080000
     ISOP written to OUTFILE for   1995195:080000
     NH3 written to OUTFILE for   1995195:080000
     NO written to OUTFILE for   1995195:080000
     NO2 written to OUTFILE for   1995195:080000
     NR written to OUTFILE for   1995195:080000
     OLE written to OUTFILE for   1995195:080000
     PAR written to OUTFILE for   1995195:080000
     PEC written to OUTFILE for   1995195:080000
     PMC written to OUTFILE for   1995195:080000
     PMFINE written to OUTFILE for   1995195:080000
     PNO3 written to OUTFILE for   1995195:080000
     POA written to OUTFILE for   1995195:080000
     PSO4 written to OUTFILE for   1995195:080000
     SO2 written to OUTFILE for   1995195:080000
     SULF written to OUTFILE for   1995195:080000
     TERPB written to OUTFILE for   1995195:080000
     TOL written to OUTFILE for   1995195:080000
     XYL written to OUTFILE for   1995195:080000
     ALD2 written to OUTFILE for   1995195:090000
     CO written to OUTFILE for   1995195:090000
     ETH written to OUTFILE for   1995195:090000
     FORM written to OUTFILE for   1995195:090000
     ISOP written to OUTFILE for   1995195:090000
     NH3 written to OUTFILE for   1995195:090000
     NO written to OUTFILE for   1995195:090000
     NO2 written to OUTFILE for   1995195:090000
     NR written to OUTFILE for   1995195:090000
     OLE written to OUTFILE for   1995195:090000
     PAR written to OUTFILE for   1995195:090000
     PEC written to OUTFILE for   1995195:090000
     PMC written to OUTFILE for   1995195:090000
     PMFINE written to OUTFILE for   1995195:090000
     PNO3 written to OUTFILE for   1995195:090000
     POA written to OUTFILE for   1995195:090000
     PSO4 written to OUTFILE for   1995195:090000
     SO2 written to OUTFILE for   1995195:090000
     SULF written to OUTFILE for   1995195:090000
     TERPB written to OUTFILE for   1995195:090000
     TOL written to OUTFILE for   1995195:090000
     XYL written to OUTFILE for   1995195:090000
     ALD2 written to OUTFILE for   1995195:100000
     CO written to OUTFILE for   1995195:100000
     ETH written to OUTFILE for   1995195:100000
     FORM written to OUTFILE for   1995195:100000
     ISOP written to OUTFILE for   1995195:100000
     NH3 written to OUTFILE for   1995195:100000
     NO written to OUTFILE for   1995195:100000
     NO2 written to OUTFILE for   1995195:100000
     NR written to OUTFILE for   1995195:100000
     OLE written to OUTFILE for   1995195:100000
     PAR written to OUTFILE for   1995195:100000
     PEC written to OUTFILE for   1995195:100000
     PMC written to OUTFILE for   1995195:100000
     PMFINE written to OUTFILE for   1995195:100000
     PNO3 written to OUTFILE for   1995195:100000
     POA written to OUTFILE for   1995195:100000
     PSO4 written to OUTFILE for   1995195:100000
     SO2 written to OUTFILE for   1995195:100000
     SULF written to OUTFILE for   1995195:100000
     TERPB written to OUTFILE for   1995195:100000
     TOL written to OUTFILE for   1995195:100000
     XYL written to OUTFILE for   1995195:100000
     ALD2 written to OUTFILE for   1995195:110000
     CO written to OUTFILE for   1995195:110000
     ETH written to OUTFILE for   1995195:110000
     FORM written to OUTFILE for   1995195:110000
     ISOP written to OUTFILE for   1995195:110000
     NH3 written to OUTFILE for   1995195:110000
     NO written to OUTFILE for   1995195:110000
     NO2 written to OUTFILE for   1995195:110000
     NR written to OUTFILE for   1995195:110000
     OLE written to OUTFILE for   1995195:110000
     PAR written to OUTFILE for   1995195:110000
     PEC written to OUTFILE for   1995195:110000
     PMC written to OUTFILE for   1995195:110000
     PMFINE written to OUTFILE for   1995195:110000
     PNO3 written to OUTFILE for   1995195:110000
     POA written to OUTFILE for   1995195:110000
     PSO4 written to OUTFILE for   1995195:110000
     SO2 written to OUTFILE for   1995195:110000
     SULF written to OUTFILE for   1995195:110000
     TERPB written to OUTFILE for   1995195:110000
     TOL written to OUTFILE for   1995195:110000
     XYL written to OUTFILE for   1995195:110000
     ALD2 written to OUTFILE for   1995195:120000
     CO written to OUTFILE for   1995195:120000
     ETH written to OUTFILE for   1995195:120000
     FORM written to OUTFILE for   1995195:120000
     ISOP written to OUTFILE for   1995195:120000
     NH3 written to OUTFILE for   1995195:120000
     NO written to OUTFILE for   1995195:120000
     NO2 written to OUTFILE for   1995195:120000
     NR written to OUTFILE for   1995195:120000
     OLE written to OUTFILE for   1995195:120000
     PAR written to OUTFILE for   1995195:120000
     PEC written to OUTFILE for   1995195:120000
     PMC written to OUTFILE for   1995195:120000
     PMFINE written to OUTFILE for   1995195:120000
     PNO3 written to OUTFILE for   1995195:120000
     POA written to OUTFILE for   1995195:120000
     PSO4 written to OUTFILE for   1995195:120000
     SO2 written to OUTFILE for   1995195:120000
     SULF written to OUTFILE for   1995195:120000
     TERPB written to OUTFILE for   1995195:120000
     TOL written to OUTFILE for   1995195:120000
     XYL written to OUTFILE for   1995195:120000
     ALD2 written to OUTFILE for   1995195:130000
     CO written to OUTFILE for   1995195:130000
     ETH written to OUTFILE for   1995195:130000
     FORM written to OUTFILE for   1995195:130000
     ISOP written to OUTFILE for   1995195:130000
     NH3 written to OUTFILE for   1995195:130000
     NO written to OUTFILE for   1995195:130000
     NO2 written to OUTFILE for   1995195:130000
     NR written to OUTFILE for   1995195:130000
     OLE written to OUTFILE for   1995195:130000
     PAR written to OUTFILE for   1995195:130000
     PEC written to OUTFILE for   1995195:130000
     PMC written to OUTFILE for   1995195:130000
     PMFINE written to OUTFILE for   1995195:130000
     PNO3 written to OUTFILE for   1995195:130000
     POA written to OUTFILE for   1995195:130000
     PSO4 written to OUTFILE for   1995195:130000
     SO2 written to OUTFILE for   1995195:130000
     SULF written to OUTFILE for   1995195:130000
     TERPB written to OUTFILE for   1995195:130000
     TOL written to OUTFILE for   1995195:130000
     XYL written to OUTFILE for   1995195:130000
     ALD2 written to OUTFILE for   1995195:140000
     CO written to OUTFILE for   1995195:140000
     ETH written to OUTFILE for   1995195:140000
     FORM written to OUTFILE for   1995195:140000
     ISOP written to OUTFILE for   1995195:140000
     NH3 written to OUTFILE for   1995195:140000
     NO written to OUTFILE for   1995195:140000
     NO2 written to OUTFILE for   1995195:140000
     NR written to OUTFILE for   1995195:140000
     OLE written to OUTFILE for   1995195:140000
     PAR written to OUTFILE for   1995195:140000
     PEC written to OUTFILE for   1995195:140000
     PMC written to OUTFILE for   1995195:140000
     PMFINE written to OUTFILE for   1995195:140000
     PNO3 written to OUTFILE for   1995195:140000
     POA written to OUTFILE for   1995195:140000
     PSO4 written to OUTFILE for   1995195:140000
     SO2 written to OUTFILE for   1995195:140000
     SULF written to OUTFILE for   1995195:140000
     TERPB written to OUTFILE for   1995195:140000
     TOL written to OUTFILE for   1995195:140000
     XYL written to OUTFILE for   1995195:140000
     ALD2 written to OUTFILE for   1995195:150000
     CO written to OUTFILE for   1995195:150000
     ETH written to OUTFILE for   1995195:150000
     FORM written to OUTFILE for   1995195:150000
     ISOP written to OUTFILE for   1995195:150000
     NH3 written to OUTFILE for   1995195:150000
     NO written to OUTFILE for   1995195:150000
     NO2 written to OUTFILE for   1995195:150000
     NR written to OUTFILE for   1995195:150000
     OLE written to OUTFILE for   1995195:150000
     PAR written to OUTFILE for   1995195:150000
     PEC written to OUTFILE for   1995195:150000
     PMC written to OUTFILE for   1995195:150000
     PMFINE written to OUTFILE for   1995195:150000
     PNO3 written to OUTFILE for   1995195:150000
     POA written to OUTFILE for   1995195:150000
     PSO4 written to OUTFILE for   1995195:150000
     SO2 written to OUTFILE for   1995195:150000
     SULF written to OUTFILE for   1995195:150000
     TERPB written to OUTFILE for   1995195:150000
     TOL written to OUTFILE for   1995195:150000
     XYL written to OUTFILE for   1995195:150000
     ALD2 written to OUTFILE for   1995195:160000
     CO written to OUTFILE for   1995195:160000
     ETH written to OUTFILE for   1995195:160000
     FORM written to OUTFILE for   1995195:160000
     ISOP written to OUTFILE for   1995195:160000
     NH3 written to OUTFILE for   1995195:160000
     NO written to OUTFILE for   1995195:160000
     NO2 written to OUTFILE for   1995195:160000
     NR written to OUTFILE for   1995195:160000
     OLE written to OUTFILE for   1995195:160000
     PAR written to OUTFILE for   1995195:160000
     PEC written to OUTFILE for   1995195:160000
     PMC written to OUTFILE for   1995195:160000
     PMFINE written to OUTFILE for   1995195:160000
     PNO3 written to OUTFILE for   1995195:160000
     POA written to OUTFILE for   1995195:160000
     PSO4 written to OUTFILE for   1995195:160000
     SO2 written to OUTFILE for   1995195:160000
     SULF written to OUTFILE for   1995195:160000
     TERPB written to OUTFILE for   1995195:160000
     TOL written to OUTFILE for   1995195:160000
     XYL written to OUTFILE for   1995195:160000
     ALD2 written to OUTFILE for   1995195:170000
     CO written to OUTFILE for   1995195:170000
     ETH written to OUTFILE for   1995195:170000
     FORM written to OUTFILE for   1995195:170000
     ISOP written to OUTFILE for   1995195:170000
     NH3 written to OUTFILE for   1995195:170000
     NO written to OUTFILE for   1995195:170000
     NO2 written to OUTFILE for   1995195:170000
     NR written to OUTFILE for   1995195:170000
     OLE written to OUTFILE for   1995195:170000
     PAR written to OUTFILE for   1995195:170000
     PEC written to OUTFILE for   1995195:170000
     PMC written to OUTFILE for   1995195:170000
     PMFINE written to OUTFILE for   1995195:170000
     PNO3 written to OUTFILE for   1995195:170000
     POA written to OUTFILE for   1995195:170000
     PSO4 written to OUTFILE for   1995195:170000
     SO2 written to OUTFILE for   1995195:170000
     SULF written to OUTFILE for   1995195:170000
     TERPB written to OUTFILE for   1995195:170000
     TOL written to OUTFILE for   1995195:170000
     XYL written to OUTFILE for   1995195:170000
     ALD2 written to OUTFILE for   1995195:180000
     CO written to OUTFILE for   1995195:180000
     ETH written to OUTFILE for   1995195:180000
     FORM written to OUTFILE for   1995195:180000
     ISOP written to OUTFILE for   1995195:180000
     NH3 written to OUTFILE for   1995195:180000
     NO written to OUTFILE for   1995195:180000
     NO2 written to OUTFILE for   1995195:180000
     NR written to OUTFILE for   1995195:180000
     OLE written to OUTFILE for   1995195:180000
     PAR written to OUTFILE for   1995195:180000
     PEC written to OUTFILE for   1995195:180000
     PMC written to OUTFILE for   1995195:180000
     PMFINE written to OUTFILE for   1995195:180000
     PNO3 written to OUTFILE for   1995195:180000
     POA written to OUTFILE for   1995195:180000
     PSO4 written to OUTFILE for   1995195:180000
     SO2 written to OUTFILE for   1995195:180000
     SULF written to OUTFILE for   1995195:180000
     TERPB written to OUTFILE for   1995195:180000
     TOL written to OUTFILE for   1995195:180000
     XYL written to OUTFILE for   1995195:180000
     ALD2 written to OUTFILE for   1995195:190000
     CO written to OUTFILE for   1995195:190000
     ETH written to OUTFILE for   1995195:190000
     FORM written to OUTFILE for   1995195:190000
     ISOP written to OUTFILE for   1995195:190000
     NH3 written to OUTFILE for   1995195:190000
     NO written to OUTFILE for   1995195:190000
     NO2 written to OUTFILE for   1995195:190000
     NR written to OUTFILE for   1995195:190000
     OLE written to OUTFILE for   1995195:190000
     PAR written to OUTFILE for   1995195:190000
     PEC written to OUTFILE for   1995195:190000
     PMC written to OUTFILE for   1995195:190000
     PMFINE written to OUTFILE for   1995195:190000
     PNO3 written to OUTFILE for   1995195:190000
     POA written to OUTFILE for   1995195:190000
     PSO4 written to OUTFILE for   1995195:190000
     SO2 written to OUTFILE for   1995195:190000
     SULF written to OUTFILE for   1995195:190000
     TERPB written to OUTFILE for   1995195:190000
     TOL written to OUTFILE for   1995195:190000
     XYL written to OUTFILE for   1995195:190000
     ALD2 written to OUTFILE for   1995195:200000
     CO written to OUTFILE for   1995195:200000
     ETH written to OUTFILE for   1995195:200000
     FORM written to OUTFILE for   1995195:200000
     ISOP written to OUTFILE for   1995195:200000
     NH3 written to OUTFILE for   1995195:200000
     NO written to OUTFILE for   1995195:200000
     NO2 written to OUTFILE for   1995195:200000
     NR written to OUTFILE for   1995195:200000
     OLE written to OUTFILE for   1995195:200000
     PAR written to OUTFILE for   1995195:200000
     PEC written to OUTFILE for   1995195:200000
     PMC written to OUTFILE for   1995195:200000
     PMFINE written to OUTFILE for   1995195:200000
     PNO3 written to OUTFILE for   1995195:200000
     POA written to OUTFILE for   1995195:200000
     PSO4 written to OUTFILE for   1995195:200000
     SO2 written to OUTFILE for   1995195:200000
     SULF written to OUTFILE for   1995195:200000
     TERPB written to OUTFILE for   1995195:200000
     TOL written to OUTFILE for   1995195:200000
     XYL written to OUTFILE for   1995195:200000
     ALD2 written to OUTFILE for   1995195:210000
     CO written to OUTFILE for   1995195:210000
     ETH written to OUTFILE for   1995195:210000
     FORM written to OUTFILE for   1995195:210000
     ISOP written to OUTFILE for   1995195:210000
     NH3 written to OUTFILE for   1995195:210000
     NO written to OUTFILE for   1995195:210000
     NO2 written to OUTFILE for   1995195:210000
     NR written to OUTFILE for   1995195:210000
     OLE written to OUTFILE for   1995195:210000
     PAR written to OUTFILE for   1995195:210000
     PEC written to OUTFILE for   1995195:210000
     PMC written to OUTFILE for   1995195:210000
     PMFINE written to OUTFILE for   1995195:210000
     PNO3 written to OUTFILE for   1995195:210000
     POA written to OUTFILE for   1995195:210000
     PSO4 written to OUTFILE for   1995195:210000
     SO2 written to OUTFILE for   1995195:210000
     SULF written to OUTFILE for   1995195:210000
     TERPB written to OUTFILE for   1995195:210000
     TOL written to OUTFILE for   1995195:210000
     XYL written to OUTFILE for   1995195:210000
     ALD2 written to OUTFILE for   1995195:220000
     CO written to OUTFILE for   1995195:220000
     ETH written to OUTFILE for   1995195:220000
     FORM written to OUTFILE for   1995195:220000
     ISOP written to OUTFILE for   1995195:220000
     NH3 written to OUTFILE for   1995195:220000
     NO written to OUTFILE for   1995195:220000
     NO2 written to OUTFILE for   1995195:220000
     NR written to OUTFILE for   1995195:220000
     OLE written to OUTFILE for   1995195:220000
     PAR written to OUTFILE for   1995195:220000
     PEC written to OUTFILE for   1995195:220000
     PMC written to OUTFILE for   1995195:220000
     PMFINE written to OUTFILE for   1995195:220000
     PNO3 written to OUTFILE for   1995195:220000
     POA written to OUTFILE for   1995195:220000
     PSO4 written to OUTFILE for   1995195:220000
     SO2 written to OUTFILE for   1995195:220000
     SULF written to OUTFILE for   1995195:220000
     TERPB written to OUTFILE for   1995195:220000
     TOL written to OUTFILE for   1995195:220000
     XYL written to OUTFILE for   1995195:220000
     ALD2 written to OUTFILE for   1995195:230000
     CO written to OUTFILE for   1995195:230000
     ETH written to OUTFILE for   1995195:230000
     FORM written to OUTFILE for   1995195:230000
     ISOP written to OUTFILE for   1995195:230000
     NH3 written to OUTFILE for   1995195:230000
     NO written to OUTFILE for   1995195:230000
     NO2 written to OUTFILE for   1995195:230000
     NR written to OUTFILE for   1995195:230000
     OLE written to OUTFILE for   1995195:230000
     PAR written to OUTFILE for   1995195:230000
     PEC written to OUTFILE for   1995195:230000
     PMC written to OUTFILE for   1995195:230000
     PMFINE written to OUTFILE for   1995195:230000
     PNO3 written to OUTFILE for   1995195:230000
     POA written to OUTFILE for   1995195:230000
     PSO4 written to OUTFILE for   1995195:230000
     SO2 written to OUTFILE for   1995195:230000
     SULF written to OUTFILE for   1995195:230000
     TERPB written to OUTFILE for   1995195:230000
     TOL written to OUTFILE for   1995195:230000
     XYL written to OUTFILE for   1995195:230000
     ALD2 written to OUTFILE for   1995196:000000
     CO written to OUTFILE for   1995196:000000
     ETH written to OUTFILE for   1995196:000000
     FORM written to OUTFILE for   1995196:000000
     ISOP written to OUTFILE for   1995196:000000
     NH3 written to OUTFILE for   1995196:000000
     NO written to OUTFILE for   1995196:000000
     NO2 written to OUTFILE for   1995196:000000
     NR written to OUTFILE for   1995196:000000
     OLE written to OUTFILE for   1995196:000000
     PAR written to OUTFILE for   1995196:000000
     PEC written to OUTFILE for   1995196:000000
     PMC written to OUTFILE for   1995196:000000
     PMFINE written to OUTFILE for   1995196:000000
     PNO3 written to OUTFILE for   1995196:000000
     POA written to OUTFILE for   1995196:000000
     PSO4 written to OUTFILE for   1995196:000000
     SO2 written to OUTFILE for   1995196:000000
     SULF written to OUTFILE for   1995196:000000
     TERPB written to OUTFILE for   1995196:000000
     TOL written to OUTFILE for   1995196:000000
     XYL written to OUTFILE for   1995196:000000
      
     --->>  Normal Completion of program MRGGRID
      
