      
     This program uses the EPA-AREAL/MCNC-Environmental Programs
     Models-3 I/O Applications Programming Interface, which is 
     built on top of the netCDF I/O library (Copyright 1993, 1996
     University Corporation for Atmospheric Research/Unidata 
     Program).  Portions copyright (C) 1992-2001 MCNC.  See URL
     "http://www.emc.mcnc.org/products/ioapi/NOTICE.html" for
     conditions of use.
      
     $Id$
      
     Library release tag: $Name$
      
      
     Library release tag: $Name$
      
      
     SMOKE ---------------
     Copyright (c)2002 MCNC--Environmental Modeling Center
     All rights reserved

     See file COPYRIGHT for conditions of use.

     Program PREMOBL, Version $
     Online documentation 
         http://www.emc.mcnc.org/products/smoke           
      
     Program PREMOBL uses gridded, time-dependent temperature
     data and an ungridding matrix to create county-based
     24-hour temperature profiles.
      
      
     You will need to enter the logical names for the input and
     output files (and to have set them prior to program start,
     using "setenv <logicalname> <pathname>").
      
     You may use END_OF-FILE (control-D) to quit the program
     during logical-name entry. Default responses are given in
     brackets [LIKE THIS] and can be accepted by hitting the
     <RETURN> key.
      
     Value for PROMPTFLAG:  N returning FALSE
     Returning default value TRUE for query:
     "Continue with program?"
     Value for SMK_SOURCE:  'M'
     Value for EPI_STDATE:  1996191
     Value for EPI_STTIME:  0
     Value for EPI_RUNLEN:  480000
     Value for OUTZONE:  0
     Value for TVARNAME not defined; returning defaultval ':  'TEMPG'
     Value for PROMPTFLAG:  N returning FALSE
     Error opening file at path-name:
     netCDF error number  -51  processing file "MOBL"
     Not a netCDF file
     Not a netCDF file
     /stella/data/smkrel2/data/inventory/nctox/mobl.map.nctox.txt
     Could not open file "MOBL".

     File MOBL opened for input on unit:  98
     /stella/data/smkrel2/data/inventory/nctox/mobl.map.nctox.txt

     Value for MOBL:  '/stella/data/smkrel2/data/inventory/nctox/mobl.map.nctox.txt'

 WARNING: output file already exists: MSRC
 /stella/data/smkrel2/data/inventory/nctox/msrc.txt


     File "MSRC" opened for output on unit:  97
     /stella/data/smkrel2/data/inventory/nctox/msrc.txt

     Value for IOAPI_CHECK_HEADERS not defined;returning default:  FALSE
      
     "MOBL" opened as OLD:READ-ONLY   
     File name "/stella/data/smkrel2/data/inventory/nctox/mobl.ncf"
     File type GRDDED3 
     Execution ID "????????????????"
     Grid name " "
     Dimensions: 6960 rows, 1 cols, 1 lays, 10 vbles
     NetCDF ID:         6:
     Time-independent data.
      
     "TMP_POL_FILE" opened as OLD:READ-ONLY   
     File name "/stella/data/smkrel2/data/inventory/nctox/mobl_dat/VMT.ncf"
     File type GRDDED3 
     Execution ID "????????????????"
     Grid name " "
     Dimensions: 6583 rows, 1 cols, 1 lays, 2 vbles
     NetCDF ID:         7:
     Time-independent data.

     Closing file "TMP_POL_FILE"                                                     

      
     "TMP_POL_FILE" opened as OLD:READ-ONLY   
     File name "/stella/data/smkrel2/data/inventory/nctox/mobl_dat/SPEED.ncf"
     File type GRDDED3 
     Execution ID "????????????????"
     Grid name " "
     Dimensions: 6960 rows, 1 cols, 1 lays, 2 vbles
     NetCDF ID:         7:
     Time-independent data.

     Closing file "TMP_POL_FILE"                                                     

     Value for PROMPTFLAG:  N returning FALSE
      
     "MUMAT" opened as OLD:READ-ONLY   
     File name "/stella/data/smkrel2/data/run_nctox/static/mumat.us36-nc.nctox.ncf"
     File type SMATRX3 
     Execution ID "????????????????"
     Grid name "US36NC_23X12"
     Dimensions: 6960 rows, 32481 cols, 1 lays, 1 vbles
     NetCDF ID:         7:
     Time-independent data.
     Value for PROMPTFLAG:  N returning FALSE

     File METLIST opened for input on unit:  96
     /stella/data/smkrel2/data/inventory/nctox/mobile/metlist.premobl.txt


     File SPDSUM opened for input on unit:  95
     /stella/data/smkrel2/data/run_nctox/static/spdsum.nctox.txt

      
     "TMP_POL_FILE" opened as OLD:READ-ONLY   
     File name "/stella/data/smkrel2/data/inventory/nctox/mobl_dat/VMT.ncf"
     File type GRDDED3 
     Execution ID "????????????????"
     Grid name " "
     Dimensions: 6583 rows, 1 cols, 1 lays, 2 vbles
     NetCDF ID:        10:
     Time-independent data.

     Closing file "TMP_POL_FILE"                                                     

      
     "TMP_POL_FILE" opened as OLD:READ-ONLY   
     File name "/stella/data/smkrel2/data/inventory/nctox/mobl_dat/SPEED.ncf"
     File type GRDDED3 
     Execution ID "????????????????"
     Grid name " "
     Dimensions: 6960 rows, 1 cols, 1 lays, 2 vbles
     NetCDF ID:        10:
     Time-independent data.

     Closing file "TMP_POL_FILE"                                                     

     NOTE: Time stamps of input meteorology file are assumed 
           to be in GMT
     NOTE: Grid settings initialized using MUMAT            in 
          gridding matrix.
     Reading source data from inventory file...
     Generating unique lists from inventory data...
     Checking meteorology files...
      
     "METFILE" opened as OLD:READ-ONLY   
     File name "/stella/data/smkrel2/data/met/run_a1a/METCRO2D_1996190"
     File type GRDDED3 
     Execution ID "????????????????"
     Grid name "METCRO_nat_36_CR"
     Dimensions: 90 rows, 132 cols, 1 lays, 10 vbles
     NetCDF ID:         8:
     Starting date and time  1996190:000000 (0:00:00   July 8, 1996)
     Timestep                        010000 (1:00:00 hh:mm:ss)
     Maximum current record number      25

     Closing file "METFILE"                                                          

      
     "METFILE" opened as OLD:READ-ONLY   
     File name "/stella/data/smkrel2/data/met/run_a1a/METCRO2D_1996191"
     File type GRDDED3 
     Execution ID "????????????????"
     Grid name "METCRO_1996_36KM"
     Dimensions: 90 rows, 132 cols, 1 lays, 10 vbles
     NetCDF ID:         8:
     Starting date and time  1996191:000000 (0:00:00   July 9, 1996)
     Timestep                        010000 (1:00:00 hh:mm:ss)
     Maximum current record number      25

     Closing file "METFILE"                                                          

      
     "METFILE" opened as OLD:READ-ONLY   
     File name "/stella/data/smkrel2/data/met/run_a1a/METCRO2D_1996192"
     File type GRDDED3 
     Execution ID "????????????????"
     Grid name "METCRO_1996_36KM"
     Dimensions: 90 rows, 132 cols, 1 lays, 10 vbles
     NetCDF ID:         8:
     Starting date and time  1996192:000000 (0:00:00   July 10, 1996)
     Timestep                        010000 (1:00:00 hh:mm:ss)
     Maximum current record number      25

     Closing file "METFILE"                                                          

      
     "METFILE" opened as OLD:READ-ONLY   
     File name "/stella/data/smkrel2/data/met/run_a1a/METCRO2D_1996193"
     File type GRDDED3 
     Execution ID "????????????????"
     Grid name "METCRO_nat_36_CR"
     Dimensions: 90 rows, 132 cols, 1 lays, 10 vbles
     NetCDF ID:         8:
     Starting date and time  1996193:000000 (0:00:00   July 11, 1996)
     Timestep                        010000 (1:00:00 hh:mm:ss)
     Maximum current record number      25
     Value for DAILYGROUP:  '/stella/data/smkrel2/data/run_nctox/static/group.daily.nctox.txt'
     Value for WEEKLYGROUP:  '/stella/data/smkrel2/data/run_nctox/static/group.weekly.nctox.txt'
     Value for MONTHLYGROUP:  '/stella/data/smkrel2/data/run_nctox/static/group.monthly.nctox.txt'
     Value for EPISODEGROUP:  '/stella/data/smkrel2/data/run_nctox/static/group.episode.nctox.txt'

     File EPISODEGROUP opened for input on unit:  96
     /stella/data/smkrel2/data/run_nctox/static/group.episode.nctox.txt

     Checking for missing meteorology data...
     Value for SMK_MINTEMP:  0.000000
     Value for SMK_MAXTEMP:  120.000000
     Value for DAYLIGHT_EXEMPT not defined;returning default:  FALSE
     Reading ungridding matrix...
     Value for SMK_METPATH:  '/stella/data/smkrel2/data/run_nctox/static/m6met'
     Value for IOAPI_CHECK_HEADERS not defined;returning default:  FALSE
      
     "EPITEMP" opened as UNKNOWN(R-W)    
     File name "/stella/data/smkrel2/data/run_nctox/static/m6met/episode.1996190.ncf"
     File type GRDDED3 
     Execution ID "????????????????"
     Grid name " "
     Dimensions: 1 rows, 1 cols, 1 lays, 2 vbles
     NetCDF ID:        11:
     Starting date and time  1996190:000000 (0:00:00   July 8, 1996)
     Timestep                        010000 (1:00:00 hh:mm:ss)
     Maximum current record number       0
     Processing temperature data using variable "TEMPG" ...
     Processing Monday    July 8, 1996
     Value for UNIFORM_STIME:  -1

     Closing file "METFILE"                                                          

      
     "METFILE" opened as OLD:READ-ONLY   
     File name "/stella/data/smkrel2/data/met/run_a1a/METCRO2D_1996190"
     File type GRDDED3 
     Execution ID "????????????????"
     Grid name "METCRO_nat_36_CR"
     Dimensions: 90 rows, 132 cols, 1 lays, 10 vbles
     NetCDF ID:         8:
     Starting date and time  1996190:000000 (0:00:00   July 8, 1996)
     Timestep                        010000 (1:00:00 hh:mm:ss)
     Maximum current record number      25
     Processing Tuesday   July 9, 1996

     Closing file "METFILE"                                                          

      
     "METFILE" opened as OLD:READ-ONLY   
     File name "/stella/data/smkrel2/data/met/run_a1a/METCRO2D_1996191"
     File type GRDDED3 
     Execution ID "????????????????"
     Grid name "METCRO_1996_36KM"
     Dimensions: 90 rows, 132 cols, 1 lays, 10 vbles
     NetCDF ID:         8:
     Starting date and time  1996191:000000 (0:00:00   July 9, 1996)
     Timestep                        010000 (1:00:00 hh:mm:ss)
     Maximum current record number      25
     Processing Wednesday July 10, 1996

     Closing file "METFILE"                                                          

      
     "METFILE" opened as OLD:READ-ONLY   
     File name "/stella/data/smkrel2/data/met/run_a1a/METCRO2D_1996192"
     File type GRDDED3 
     Execution ID "????????????????"
     Grid name "METCRO_1996_36KM"
     Dimensions: 90 rows, 132 cols, 1 lays, 10 vbles
     NetCDF ID:         8:
     Starting date and time  1996192:000000 (0:00:00   July 10, 1996)
     Timestep                        010000 (1:00:00 hh:mm:ss)
     Maximum current record number      25
     Processing Thursday  July 11, 1996

     Closing file "METFILE"                                                          

      
     "METFILE" opened as OLD:READ-ONLY   
     File name "/stella/data/smkrel2/data/met/run_a1a/METCRO2D_1996193"
     File type GRDDED3 
     Execution ID "????????????????"
     Grid name "METCRO_nat_36_CR"
     Dimensions: 90 rows, 132 cols, 1 lays, 10 vbles
     NetCDF ID:         8:
     Starting date and time  1996193:000000 (0:00:00   July 11, 1996)
     Timestep                        010000 (1:00:00 hh:mm:ss)
     Maximum current record number      25
     Value for IOAPI_LOG_WRITE not defined;returning default:  TRUE
     COUNTIES written to EPITEMP for   1996190:000000
     TKCOUNTY written to EPITEMP for   1996190:000000
     COUNTIES written to EPITEMP for   1996190:010000
     TKCOUNTY written to EPITEMP for   1996190:010000
     COUNTIES written to EPITEMP for   1996190:020000
     TKCOUNTY written to EPITEMP for   1996190:020000
     COUNTIES written to EPITEMP for   1996190:030000
     TKCOUNTY written to EPITEMP for   1996190:030000
     COUNTIES written to EPITEMP for   1996190:040000
     TKCOUNTY written to EPITEMP for   1996190:040000
     COUNTIES written to EPITEMP for   1996190:050000
     TKCOUNTY written to EPITEMP for   1996190:050000
     COUNTIES written to EPITEMP for   1996190:060000
     TKCOUNTY written to EPITEMP for   1996190:060000
     COUNTIES written to EPITEMP for   1996190:070000
     TKCOUNTY written to EPITEMP for   1996190:070000
     COUNTIES written to EPITEMP for   1996190:080000
     TKCOUNTY written to EPITEMP for   1996190:080000
     COUNTIES written to EPITEMP for   1996190:090000
     TKCOUNTY written to EPITEMP for   1996190:090000
     COUNTIES written to EPITEMP for   1996190:100000
     TKCOUNTY written to EPITEMP for   1996190:100000
     COUNTIES written to EPITEMP for   1996190:110000
     TKCOUNTY written to EPITEMP for   1996190:110000
     COUNTIES written to EPITEMP for   1996190:120000
     TKCOUNTY written to EPITEMP for   1996190:120000
     COUNTIES written to EPITEMP for   1996190:130000
     TKCOUNTY written to EPITEMP for   1996190:130000
     COUNTIES written to EPITEMP for   1996190:140000
     TKCOUNTY written to EPITEMP for   1996190:140000
     COUNTIES written to EPITEMP for   1996190:150000
     TKCOUNTY written to EPITEMP for   1996190:150000
     COUNTIES written to EPITEMP for   1996190:160000
     TKCOUNTY written to EPITEMP for   1996190:160000
     COUNTIES written to EPITEMP for   1996190:170000
     TKCOUNTY written to EPITEMP for   1996190:170000
     COUNTIES written to EPITEMP for   1996190:180000
     TKCOUNTY written to EPITEMP for   1996190:180000
     COUNTIES written to EPITEMP for   1996190:190000
     TKCOUNTY written to EPITEMP for   1996190:190000
     COUNTIES written to EPITEMP for   1996190:200000
     TKCOUNTY written to EPITEMP for   1996190:200000
     COUNTIES written to EPITEMP for   1996190:210000
     TKCOUNTY written to EPITEMP for   1996190:210000
     COUNTIES written to EPITEMP for   1996190:220000
     TKCOUNTY written to EPITEMP for   1996190:220000
     COUNTIES written to EPITEMP for   1996190:230000
     TKCOUNTY written to EPITEMP for   1996190:230000
      
     --->>  Normal Completion of program PREMOBL
      
