      
     This program uses the EPA-AREAL/MCNC-Environmental Programs
     Models-3 I/O Applications Programming Interface, which is 
     built on top of the netCDF I/O library (Copyright 1993, 1996
     University Corporation for Atmospheric Research/Unidata 
     Program).  Portions copyright (C) 1992-2001 MCNC.  See URL
     "http://www.emc.mcnc.org/products/ioapi/NOTICE.html" for
     conditions of use.
      
     $Id$
      
     Library release tag: $Name$
      
      
     Library release tag: $Name$
      
      
     SMOKE ---------------
     Copyright (c)2002 MCNC--Environmental Modeling Center
     All rights reserved

     See file COPYRIGHT for conditions of use.

     Program SMKINVEN, Version $
     Online documentation 
         http://www.emc.mcnc.org/products/smoke           
      
     Program SMKINVEN to take ASCII area or point source files
     in IDA, EPS2, EMS-95, or SMOKE list format, or mobile files
     in IDA format, and produce the I/O API and ASCII SMOKE
     inventory files and list of unique SCCs in the inventory.
      
      
     You will need to enter the logical names for the input and
     output files (and to have set them prior to program start,
     using "setenv <logicalname> <pathname>").
      
     You may use END_OF-FILE (control-D) to quit the program
     during logical-name entry. Default responses are given in
     brackets [LIKE THIS] and can be accepted by hitting the
     <RETURN> key.
      
     Value for PROMPTFLAG:  N returning FALSE
     Returning default value TRUE for query:
     "Continue with program?"
     Value for SMK_SOURCE:  'P'
     Value for OUTZONE:  0
     >>--->> WARNING in subroutine envync
     Value for SMK_USE_SIPOLS not T,F,Y, or N: ' ', returning defaultval    TRUE
     >>--->> WARNING in subroutine envync
     Value for SMK_USE_ACTVNAMS not T,F,Y, or N: ' ', returning defaultval    FALSE
     Value for IMPORT_AVEINV_YN:  Y returning TRUE
     Value for DAY_SPECIFIC_YN:  N returning FALSE
     Value for HOUR_SPECIFIC_YN:  N returning FALSE
     Value for PROMPTFLAG:  N returning FALSE

     File PTINV opened for input on unit:  98
     /stella/scratch/zac/smoke/data/smoke/inventory/tut36/point/ptinv.tut36.ida.txt


     File PSTK opened for input on unit:  97
     /stella/scratch/zac/smoke/data/smoke/ge_dat/pstk.m3.txt


     File COSTCY opened for input on unit:  96
     /stella/scratch/zac/smoke/data/smoke/ge_dat/costcy.013102.txt


     File SIPOLS opened for input on unit:  95
     /stella/scratch/zac/smoke/data/smoke/inventory/tut36/sipols.txt

     Setting up to read inventory data...
     Value for SMK_DEFAULT_TZONE:  5
     Reading state and county names and time zones...
     NOTE: Population data read from country/state/county file for year     2000
     Reading average raw inventory data...
     Value for WKDAY_NORMALIZE:  Y returning TRUE
     NOTE: Setting inventory to use weekday normalizer for weekly profiles
     Value for VELOC_RECALC:  N returning FALSE
     Value for WEST_HSPHERE:  Y returning TRUE
     Value for FILL_ANN_WSEAS:  N returning FALSE
     Value for SMK_MAXWARNING:  100
     IDA FILE processed:
          This-file source-count  154740 
          Cumulative source-count  154740 
          This-file source*pollutant-count 1081256 
          Cumulative source*pollutant-count 1081256
     Sorting raw inventory data...
     Processing inventory data...
     Value for RAW_DUP_CHECK:  N returning FALSE
     Value for SMK_MAXERROR:  100
     Value for SMK_MAXWARNING:  100
     Reading default stack parameters...
     Bounding MIN and MAX stack parameters...
     Region: 017019 Plant: 0004 Char1: 009 Char2: 007 Char3: 01 Char4: 0041000102 SCC: 0041000102
         Temp < min.  Change from  0.255E+03 to  0.260E+03
     Region: 017031 Plant: 0496 Char1: 002 Char2: 000 Char3: 01 Char4: 0041000202 SCC: 0041000202
         Temp < min.  Change from  0.255E+03 to  0.260E+03
     Region: 017031 Plant: 0606 Char1: 135 Char2: 083 Char3: 01 Char4: 0039900601 SCC: 0039900601
         Temp < min.  Change from  0.255E+03 to  0.260E+03
     Region: 017031 Plant: 0687 Char1: 008 Char2: 007 Char3: 01 Char4: 0039900601 SCC: 0039900601
         Temp < min.  Change from  0.255E+03 to  0.260E+03
     Region: 017031 Plant: 0829 Char1: 029 Char2: 008 Char3: 01 Char4: 0039900601 SCC: 0039900601
         Temp < min.  Change from  0.255E+03 to  0.260E+03
     Region: 017031 Plant: 1077 Char1: 016 Char2: 000 Char3: 01 Char4: 0039900601 SCC: 0039900601
         Temp < min.  Change from  0.255E+03 to  0.260E+03
     Region: 017031 Plant: 1077 Char1: 017 Char2: 016 Char3: 01 Char4: 0039900601 SCC: 0039900601
         Temp < min.  Change from  0.255E+03 to  0.260E+03
     Region: 017031 Plant: 1251 Char1: 011 Char2: 005 Char3: 01 Char4: 0030532017 SCC: 0030532017
         Temp < min.  Change from  0.255E+03 to  0.260E+03
     Region: 017031 Plant: 1501 Char1: 016 Char2: 007 Char3: 01 Char4: 0039900601 SCC: 0039900601
         Temp < min.  Change from  0.255E+03 to  0.260E+03
     Region: 017031 Plant: 2797 Char1: 001 Char2: 000 Char3: 01 Char4: 0030622201 SCC: 0030622201
         Temp < min.  Change from  0.255E+03 to  0.260E+03
     Region: 017031 Plant: 2959 Char1: 003 Char2: 000 Char3: 01 Char4: 0050282599 SCC: 0050282599
         Temp < min.  Change from  0.255E+03 to  0.260E+03
     Region: 017031 Plant: 3011 Char1: 005 Char2: 000 Char3: 01 Char4: 0039900601 SCC: 0039900601
         Temp < min.  Change from  0.255E+03 to  0.260E+03
     Region: 017031 Plant: 3011 Char1: 006 Char2: 000 Char3: 01 Char4: 0039900601 SCC: 0039900601
         Temp < min.  Change from  0.255E+03 to  0.260E+03
     Region: 017031 Plant: 3011 Char1: 007 Char2: 000 Char3: 01 Char4: 0039900601 SCC: 0039900601
         Temp < min.  Change from  0.255E+03 to  0.260E+03
     Region: 017043 Plant: 0247 Char1: 023 Char2: 000 Char3: 01 Char4: 0039900601 SCC: 0039900601
         Temp < min.  Change from  0.255E+03 to  0.260E+03
     Region: 017043 Plant: 0265 Char1: 057 Char2: 044 Char3: 01 Char4: 0068282599 SCC: 0068282599
         Temp < min.  Change from  0.255E+03 to  0.260E+03
     Region: 017055 Plant: 0040 Char1: 001 Char2: 000 Char3: 01 Char4: 0030622205 SCC: 0030622205
         Temp < min.  Change from  0.255E+03 to  0.260E+03
     Region: 017077 Plant: 0043 Char1: 001 Char2: 000 Char3: 01 Char4: 0041000202 SCC: 0041000202
         Temp < min.  Change from  0.255E+03 to  0.260E+03
     Region: 017089 Plant: 0003 Char1: 002 Char2: 002 Char3: 01 Char4: 0041000202 SCC: 0041000202
         Temp < min.  Change from  0.255E+03 to  0.260E+03
     Region: 017089 Plant: 0049 Char1: 022 Char2: 000 Char3: 01 Char4: 0050410610 SCC: 0050410610
         Temp < min.  Change from  0.255E+03 to  0.260E+03
     Region: 017095 Plant: 0056 Char1: 001 Char2: 000 Char3: 01 Char4: 0041000202 SCC: 0041000202
         Temp < min.  Change from  0.255E+03 to  0.260E+03
     Region: 017111 Plant: 0116 Char1: 022 Char2: 017 Char3: 01 Char4: 0050410310 SCC: 0050410310
         Temp < min.  Change from  0.255E+03 to  0.260E+03
     Region: 017167 Plant: 0034 Char1: 001 Char2: 001 Char3: 01 Char4: 0041000202 SCC: 0041000202
         Temp < min.  Change from  0.255E+03 to  0.260E+03
     Region: 017183 Plant: 0030 Char1: 001 Char2: 001 Char3: 01 Char4: 0041000202 SCC: 0041000202
         Temp < min.  Change from  0.255E+03 to  0.260E+03
     Region: 017195 Plant: 0087 Char1: 001 Char2: 001 Char3: 01 Char4: 0041000202 SCC: 0041000202
         Temp < min.  Change from  0.255E+03 to  0.260E+03
     Region: 017201 Plant: 0121 Char1: 001 Char2: 001 Char3: 01 Char4: 0041000202 SCC: 0041000202
         Temp < min.  Change from  0.255E+03 to  0.260E+03
     Region: 026025 Plant: 0059 Char1: 002 Char2: 000 Char3: 01 Char4: 0050410310 SCC: 0050410310
         Temp < min.  Change from  0.255E+03 to  0.260E+03
     Region: 026065 Plant: 0338 Char1: 005 Char2: 000 Char3: 01 Char4: 0030630006 SCC: 0030630006
         Temp < min.  Change from  0.255E+03 to  0.260E+03
     Region: 026077 Plant: 0052 Char1: R50 Char2: 000 Char3: 01 Char4: 0050410310 SCC: 0050410310
         Temp < min.  Change from  0.255E+03 to  0.260E+03
     Region: 026081 Plant: 0620 Char1: 005 Char2: 000 Char3: 01 Char4: 0030630006 SCC: 0030630006
         Temp < min.  Change from  0.255E+03 to  0.260E+03
     Region: 026145 Plant: 0277 Char1: 008 Char2: 000 Char3: 01 Char4: 0030630006 SCC: 0030630006
         Temp < min.  Change from  0.255E+03 to  0.260E+03
     Region: 026163 Plant: 1019 Char1: 014 Char2: 000 Char3: 01 Char4: 0042500101 SCC: 0042500101
         Temp < min.  Change from  0.255E+03 to  0.260E+03
     Region: 026163 Plant: 1019 Char1: 014 Char2: 000 Char3: 02 Char4: 0042500102 SCC: 0042500102
         Temp < min.  Change from  0.255E+03 to  0.260E+03
     Region: 029069 Plant: 0009 Char1: 013 Char2: 011 Char3: 1 Char4: 0040200301 SCC: 0040200301
       Height < min.  Change from  0.305E+00 to  0.500E+00
     Region: 029069 Plant: 0009 Char1: 014 Char2: 012 Char3: 1 Char4: 0040200501 SCC: 0040200501
       Height < min.  Change from  0.305E+00 to  0.500E+00
     Region: 029069 Plant: 0009 Char1: 014 Char2: 012 Char3: 2 Char4: 0040200901 SCC: 0040200901
       Height < min.  Change from  0.305E+00 to  0.500E+00
     Region: 029069 Plant: 0009 Char1: 015 Char2: 013 Char3: 1 Char4: 0040200920 SCC: 0040200920
       Height < min.  Change from  0.305E+00 to  0.500E+00
     Region: 029069 Plant: 0009 Char1: 016 Char2: 014 Char3: 1 Char4: 0040200920 SCC: 0040200920
       Height < min.  Change from  0.305E+00 to  0.500E+00
     Region: 029069 Plant: 0009 Char1: 017 Char2: 015 Char3: 1 Char4: 0040200301 SCC: 0040200301
       Height < min.  Change from  0.305E+00 to  0.500E+00
     Region: 029201 Plant: 0003 Char1: 011 Char2: 011 Char3: 1 Char4: 0010500106 SCC: 0010500106
       Height < min.  Change from  0.305E+00 to  0.500E+00
     Region: 037119 Plant: 0269 Char1: 001 Char2: 1 Char3: 1 Char4: 0020100101 SCC: 0020100101
       Height < min.  Change from  0.305E+00 to  0.500E+00
     Region: 037119 Plant: 0269 Char1: 002 Char2: 2 Char3: 1 Char4: 0020100101 SCC: 0020100101
       Height < min.  Change from  0.305E+00 to  0.500E+00
     Region: 037119 Plant: 0269 Char1: 003 Char2: 3 Char3: 1 Char4: 0020100101 SCC: 0020100101
       Height < min.  Change from  0.305E+00 to  0.500E+00
     Region: 037119 Plant: 0269 Char1: 004 Char2: 4 Char3: 1 Char4: 0020100101 SCC: 0020100101
       Height < min.  Change from  0.305E+00 to  0.500E+00
     Region: 037119 Plant: 0590 Char1: 007 Char2: 6 Char3: 1 Char4: 0030199998 SCC: 0030199998
       Height < min.  Change from  0.305E+00 to  0.500E+00
     Region: 039057 Plant: 0829780127 Char1: K002 Char2: 71860 Char3: 1
          Char4: 0040200610 SCC: 0040200610
       Height < min.  Change from  0.305E+00 to  0.500E+00
     Region: 039061 Plant: 1431080082 Char1: P002 Char2: 72044 Char3: 1
          Char4: 0030600503 SCC: 0030600503
       Height < min.  Change from  0.305E+00 to  0.500E+00
     Region: 039093 Plant: 0247020310 Char1: X001 Char2: 72604 Char3: 1
          Char4: 0039999994 SCC: 0039999994
       Height < min.  Change from  0.305E+00 to  0.500E+00
     Region: 039095 Plant: 0448020007 Char1: P012 Char2: 72922 Char3: 1
          Char4: 0030688801 SCC: 0030688801
       Height < min.  Change from  0.305E+00 to  0.500E+00
     Region: 039095 Plant: 0448020007 Char1: X001 Char2: 72923 Char3: 1
          Char4: 0030688801 SCC: 0030688801
       Height < min.  Change from  0.305E+00 to  0.500E+00
     Region: 039095 Plant: 0448020007 Char1: X008 Char2: 72921 Char3: 1
          Char4: 0030600503 SCC: 0030600503
       Height < min.  Change from  0.305E+00 to  0.500E+00
     Region: 047157 Plant: 0367 Char1: 013 Char2: 113 Char3: 01 Char4: 0030199998 SCC: 0030199998
       Height < min.  Change from  0.305E+00 to  0.500E+00
     Region: 051041 Plant: 0015 Char1: 042 Char2: 053 Char3: 01 Char4: 0030622404 SCC: 0030622404
         Temp < min.  Change from  0.255E+03 to  0.260E+03
     Region: 051041 Plant: 0015 Char1: 046 Char2: 000 Char3: 01 Char4: 0030622201 SCC: 0030622201
         Temp < min.  Change from  0.255E+03 to  0.260E+03
     Region: 054039 Plant: 0034 Char1: 022 Char2: 022 Char3: 1 Char4: 0030112510 SCC: 0030112510
       Height < min.  Change from  0.305E+00 to  0.500E+00
     Region: 124066 Plant: 0070 Char1: 180 Char2: 180 Char4: 0030600299 SCC: 0030600299
        Veloc > max.  Change from  0.871E+05 to  0.500E+03
     Region: 124066 Plant: 0072 Char1: 240 Char2: 240 Char4: 0010201499 SCC: 0010201499
        Veloc > max.  Change from  0.119E+06 to  0.500E+03
     Region: 124066 Plant: 0073 Char1: 220 Char2: 220 Char4: 0030600201 SCC: 0030600201
        Veloc > max.  Change from  0.104E+06 to  0.500E+03
     Region: 124066 Plant: 0073 Char1: 290 Char2: 290 Char4: 0030600299 SCC: 0030600299
        Veloc > max.  Change from  0.121E+06 to  0.500E+03
     Region: 135020 Plant: 0042 Char1: 6 Char2: 6 Char4: 0030501402 SCC: 0030501402
        Veloc > max.  Change from  0.125E+04 to  0.500E+03
     Region: 135024 Plant: 2503 Char1: 34 Char2: 34 Char4: 0030300901 SCC: 0030300901
        Veloc > max.  Change from  0.114E+04 to  0.500E+03
     Region: 135024 Plant: 2503 Char1: 99 Char2: 99 Char4: 0030300302 SCC: 0030300302
        Veloc > max.  Change from  0.127E+04 to  0.500E+03
     Region: 135024 Plant: 2503 Char1: 100 Char2: 100 Char4: 0030300302 SCC: 0030300302
        Veloc > max.  Change from  0.127E+04 to  0.500E+03
     Region: 135025 Plant: 2502 Char1: 5 Char2: 5 Char4: 0030300914 SCC: 0030300914
        Veloc > max.  Change from  0.428E+04 to  0.500E+03
     Region: 135025 Plant: 2502 Char1: 6 Char2: 6 Char4: 0030300914 SCC: 0030300914
        Veloc > max.  Change from  0.428E+04 to  0.500E+03
     Region: 135028 Plant: 5805 Char1: 2 Char2: 2 Char4: 0010100501 SCC: 0010100501
        Veloc > max.  Change from  0.576E+04 to  0.500E+03
     Region: 135038 Plant: 1702 Char1: 3 Char2: 3 Char4: 0010299999 SCC: 0010299999
        Veloc > max.  Change from  0.108E+04 to  0.500E+03
     Region: 135038 Plant: 5803 Char1: 2 Char2: 2 Char4: 0010100501 SCC: 0010100501
        Veloc > max.  Change from  0.576E+04 to  0.500E+03
     Fixing MISSING stack parameters...
     Region: 017019 Plant: 0004 Char1: 006 Char2: 006 Char3: 01 Char4: 0041000102 SCC: 0041000102
                  Old        New
       Height   0.000E+00  0.440E+02
     Region: 017019 Plant: 0004 Char1: 009 Char2: 007 Char3: 01 Char4: 0041000102 SCC: 0041000102
                  Old        New
       Height   0.000E+00  0.440E+02
         Diam   0.000E+00  0.100E+01
        Veloc   0.000E+00  0.510E+02
     Region: 017031 Plant: 0051 Char1: 004 Char2: 004 Char3: 01 Char4: 0050410405 SCC: 0050410405
                  Old        New
       Height   0.000E+00  0.430E+02
     Region: 017031 Plant: 0486 Char1: 003 Char2: 002 Char3: 01 Char4: 0039900601 SCC: 0039900601
                  Old        New
       Height   0.000E+00  0.580E+02
     Region: 017031 Plant: 0486 Char1: 004 Char2: 003 Char3: 01 Char4: 0039900601 SCC: 0039900601
                  Old        New
       Height   0.000E+00  0.580E+02
     Region: 017031 Plant: 0496 Char1: 002 Char2: 000 Char3: 01 Char4: 0041000202 SCC: 0041000202
                  Old        New
       Height   0.000E+00  0.440E+02
         Diam   0.000E+00  0.100E+01
        Veloc   0.000E+00  0.510E+02
     Region: 017031 Plant: 0606 Char1: 135 Char2: 083 Char3: 01 Char4: 0039900601 SCC: 0039900601
                  Old        New
       Height   0.000E+00  0.580E+02
         Diam   0.000E+00  0.400E+01
        Veloc   0.000E+00  0.195E+03
     Region: 017031 Plant: 0606 Char1: 139 Char2: 026 Char3: 01 Char4: 0039900601 SCC: 0039900601
                  Old        New
       Height   0.000E+00  0.580E+02
     Region: 017031 Plant: 0642 Char1: 065 Char2: 056 Char3: 01 Char4: 0039900601 SCC: 0039900601
                  Old        New
       Height   0.000E+00  0.580E+02
     Region: 017031 Plant: 0687 Char1: 008 Char2: 007 Char3: 01 Char4: 0039900601 SCC: 0039900601
                  Old        New
       Height   0.000E+00  0.580E+02
         Diam   0.000E+00  0.400E+01
        Veloc   0.000E+00  0.195E+03
     Region: 017031 Plant: 0829 Char1: 029 Char2: 008 Char3: 01 Char4: 0039900601 SCC: 0039900601
                  Old        New
       Height   0.000E+00  0.580E+02
         Diam   0.000E+00  0.400E+01
        Veloc   0.000E+00  0.195E+03
     Region: 017031 Plant: 0910 Char1: 017 Char2: 019 Char3: 01 Char4: 0039900601 SCC: 0039900601
                  Old        New
       Height   0.000E+00  0.580E+02
     Region: 017031 Plant: 1077 Char1: 016 Char2: 000 Char3: 01 Char4: 0039900601 SCC: 0039900601
                  Old        New
       Height   0.000E+00  0.580E+02
         Diam   0.000E+00  0.400E+01
        Veloc   0.000E+00  0.195E+03
     Region: 017031 Plant: 1077 Char1: 017 Char2: 016 Char3: 01 Char4: 0039900601 SCC: 0039900601
                  Old        New
       Height   0.000E+00  0.580E+02
         Diam   0.000E+00  0.400E+01
        Veloc   0.000E+00  0.195E+03
     Region: 017031 Plant: 1251 Char1: 011 Char2: 005 Char3: 01 Char4: 0030532017 SCC: 0030532017
                  Old        New
       Height   0.000E+00  0.520E+02
         Diam   0.000E+00  0.500E+01
        Veloc   0.000E+00  0.123E+03
     Region: 017031 Plant: 1252 Char1: 017 Char2: 022 Char3: 01 Char4: 0039900601 SCC: 0039900601
                  Old        New
       Height   0.000E+00  0.580E+02
     Region: 017031 Plant: 1252 Char1: 018 Char2: 023 Char3: 01 Char4: 0039900601 SCC: 0039900601
                  Old        New
       Height   0.000E+00  0.580E+02
     Region: 017031 Plant: 1252 Char1: 020 Char2: 025 Char3: 01 Char4: 0039900601 SCC: 0039900601
                  Old        New
       Height   0.000E+00  0.580E+02
     Region: 017031 Plant: 1252 Char1: 021 Char2: 026 Char3: 01 Char4: 0039900601 SCC: 0039900601
                  Old        New
       Height   0.000E+00  0.580E+02
     Region: 017031 Plant: 1252 Char1: 022 Char2: 027 Char3: 01 Char4: 0039900601 SCC: 0039900601
                  Old        New
       Height   0.000E+00  0.580E+02
     Region: 017031 Plant: 1252 Char1: 023 Char2: 028 Char3: 01 Char4: 0039900601 SCC: 0039900601
                  Old        New
       Height   0.000E+00  0.580E+02
     Region: 017031 Plant: 1252 Char1: 027 Char2: 031 Char3: 01 Char4: 0039900601 SCC: 0039900601
                  Old        New
       Height   0.000E+00  0.580E+02
     Region: 017031 Plant: 1252 Char1: 028 Char2: 032 Char3: 01 Char4: 0039900601 SCC: 0039900601
                  Old        New
       Height   0.000E+00  0.580E+02
     Region: 017031 Plant: 1252 Char1: 029 Char2: 033 Char3: 01 Char4: 0039900601 SCC: 0039900601
                  Old        New
       Height   0.000E+00  0.580E+02
     Region: 017031 Plant: 1501 Char1: 016 Char2: 007 Char3: 01 Char4: 0039900601 SCC: 0039900601
                  Old        New
       Height   0.000E+00  0.580E+02
         Diam   0.000E+00  0.400E+01
        Veloc   0.000E+00  0.195E+03
     Region: 017031 Plant: 1501 Char1: 017 Char2: 008 Char3: 01 Char4: 0039900601 SCC: 0039900601
                  Old        New
       Height   0.000E+00  0.580E+02
     Region: 017031 Plant: 2797 Char1: 001 Char2: 000 Char3: 01 Char4: 0030622201 SCC: 0030622201
                  Old        New
       Height   0.000E+00  0.520E+02
         Diam   0.000E+00  0.500E+01
        Veloc   0.000E+00  0.123E+03
     Region: 017031 Plant: 2857 Char1: 001 Char2: 001 Char3: 01 Char4: 0050410420 SCC: 0050410420
                  Old        New
       Height   0.000E+00  0.430E+02
     Region: 017031 Plant: 2857 Char1: 002 Char2: 002 Char3: 01 Char4: 0050410420 SCC: 0050410420
                  Old        New
       Height   0.000E+00  0.430E+02
     Region: 017031 Plant: 2959 Char1: 003 Char2: 000 Char3: 01 Char4: 0050282599 SCC: 0050282599
                  Old        New
       Height   0.000E+00  0.430E+02
         Diam   0.000E+00  0.300E+01
        Veloc   0.000E+00  0.690E+02
     Region: 017031 Plant: 3011 Char1: 005 Char2: 000 Char3: 01 Char4: 0039900601 SCC: 0039900601
                  Old        New
       Height   0.000E+00  0.580E+02
         Diam   0.000E+00  0.400E+01
        Veloc   0.000E+00  0.195E+03
     Region: 017031 Plant: 3011 Char1: 006 Char2: 000 Char3: 01 Char4: 0039900601 SCC: 0039900601
                  Old        New
       Height   0.000E+00  0.580E+02
         Diam   0.000E+00  0.400E+01
        Veloc   0.000E+00  0.195E+03
     Region: 017031 Plant: 3011 Char1: 007 Char2: 000 Char3: 01 Char4: 0039900601 SCC: 0039900601
                  Old        New
       Height   0.000E+00  0.580E+02
         Diam   0.000E+00  0.400E+01
        Veloc   0.000E+00  0.195E+03
     Region: 017031 Plant: 3015 Char1: 001 Char2: 001 Char3: 01 Char4: 0050410645 SCC: 0050410645
                  Old        New
       Height   0.000E+00  0.430E+02
     Region: 017031 Plant: 3026 Char1: 001 Char2: 001 Char3: 01 Char4: 0050410312 SCC: 0050410312
                  Old        New
       Height   0.000E+00  0.430E+02
     Region: 017037 Plant: 0089 Char1: 002 Char2: 002 Char3: 01 Char4: 0039900601 SCC: 0039900601
                  Old        New
       Height   0.000E+00  0.580E+02
     Region: 017037 Plant: 0089 Char1: 004 Char2: 004 Char3: 01 Char4: 0039900601 SCC: 0039900601
                  Old        New
       Height   0.000E+00  0.580E+02
     Region: 017043 Plant: 0179 Char1: 006 Char2: 006 Char3: 01 Char4: 0050410420 SCC: 0050410420
                  Old        New
       Height   0.000E+00  0.430E+02
     Region: 017043 Plant: 0179 Char1: 007 Char2: 007 Char3: 01 Char4: 0050410408 SCC: 0050410408
                  Old        New
       Height   0.000E+00  0.430E+02
     Region: 017043 Plant: 0247 Char1: 019 Char2: 010 Char3: 01 Char4: 0039900601 SCC: 0039900601
                  Old        New
       Height   0.000E+00  0.580E+02
     Region: 017043 Plant: 0247 Char1: 020 Char2: 010 Char3: 01 Char4: 0039900601 SCC: 0039900601
                  Old        New
       Height   0.000E+00  0.580E+02
     Region: 017043 Plant: 0247 Char1: 021 Char2: 010 Char3: 01 Char4: 0039900601 SCC: 0039900601
                  Old        New
       Height   0.000E+00  0.580E+02
     Region: 017043 Plant: 0247 Char1: 022 Char2: 012 Char3: 01 Char4: 0039900601 SCC: 0039900601
                  Old        New
       Height   0.000E+00  0.580E+02
     Region: 017043 Plant: 0247 Char1: 023 Char2: 000 Char3: 01 Char4: 0039900601 SCC: 0039900601
                  Old        New
       Height   0.000E+00  0.580E+02
         Diam   0.000E+00  0.400E+01
        Veloc   0.000E+00  0.195E+03
     Region: 017043 Plant: 0247 Char1: 024 Char2: 014 Char3: 01 Char4: 0039900601 SCC: 0039900601
                  Old        New
       Height   0.000E+00  0.580E+02
     Region: 017043 Plant: 0265 Char1: 057 Char2: 044 Char3: 01 Char4: 0068282599 SCC: 0068282599
                  Old        New
       Height   0.000E+00  0.315E+03
         Diam   0.000E+00  0.700E+01
        Veloc   0.000E+00  0.100E+01
     Region: 017043 Plant: 0352 Char1: 003 Char2: 003 Char3: 01 Char4: 0039900601 SCC: 0039900601
                  Old        New
       Height   0.000E+00  0.580E+02
     Region: 017043 Plant: 0431 Char1: 001 Char2: 001 Char3: 01 Char4: 0050410405 SCC: 0050410405
                  Old        New
       Height   0.000E+00  0.430E+02
     Region: 017055 Plant: 0040 Char1: 001 Char2: 000 Char3: 01 Char4: 0030622205 SCC: 0030622205
                  Old        New
       Height   0.000E+00  0.520E+02
         Diam   0.000E+00  0.500E+01
        Veloc   0.000E+00  0.123E+03
     Region: 017077 Plant: 0043 Char1: 001 Char2: 000 Char3: 01 Char4: 0041000202 SCC: 0041000202
                  Old        New
       Height   0.000E+00  0.440E+02
         Diam   0.000E+00  0.100E+01
        Veloc   0.000E+00  0.510E+02
     Region: 017089 Plant: 0003 Char1: 002 Char2: 002 Char3: 01 Char4: 0041000202 SCC: 0041000202
                  Old        New
       Height   0.000E+00  0.440E+02
         Diam   0.000E+00  0.100E+01
        Veloc   0.000E+00  0.510E+02
     Region: 017089 Plant: 0049 Char1: 022 Char2: 000 Char3: 01 Char4: 0050410610 SCC: 0050410610
                  Old        New
       Height   0.000E+00  0.430E+02
         Diam   0.000E+00  0.300E+01
        Veloc   0.000E+00  0.690E+02
     Region: 017095 Plant: 0056 Char1: 001 Char2: 000 Char3: 01 Char4: 0041000202 SCC: 0041000202
                  Old        New
       Height   0.000E+00  0.440E+02
         Diam   0.000E+00  0.100E+01
        Veloc   0.000E+00  0.510E+02
     Region: 017111 Plant: 0116 Char1: 022 Char2: 017 Char3: 01 Char4: 0050410310 SCC: 0050410310
                  Old        New
       Height   0.000E+00  0.430E+02
         Diam   0.000E+00  0.300E+01
        Veloc   0.000E+00  0.690E+02
     Region: 017141 Plant: 0008 Char1: 032 Char2: 001 Char3: 01 Char4: 0050410420 SCC: 0050410420
                  Old        New
       Height   0.000E+00  0.430E+02
     Region: 017167 Plant: 0034 Char1: 001 Char2: 001 Char3: 01 Char4: 0041000202 SCC: 0041000202
                  Old        New
       Height   0.000E+00  0.440E+02
         Diam   0.000E+00  0.100E+01
        Veloc   0.000E+00  0.510E+02
     Region: 017183 Plant: 0030 Char1: 001 Char2: 001 Char3: 01 Char4: 0041000202 SCC: 0041000202
                  Old        New
       Height   0.000E+00  0.440E+02
         Diam   0.000E+00  0.100E+01
        Veloc   0.000E+00  0.510E+02
     Region: 017195 Plant: 0087 Char1: 001 Char2: 001 Char3: 01 Char4: 0041000202 SCC: 0041000202
                  Old        New
       Height   0.000E+00  0.440E+02
         Diam   0.000E+00  0.100E+01
        Veloc   0.000E+00  0.510E+02
     Region: 017201 Plant: 0121 Char1: 001 Char2: 001 Char3: 01 Char4: 0041000202 SCC: 0041000202
                  Old        New
       Height   0.000E+00  0.440E+02
         Diam   0.000E+00  0.100E+01
        Veloc   0.000E+00  0.510E+02
     Region: 017201 Plant: 0269 Char1: 001 Char2: 001 Char3: 01 Char4: 0050410420 SCC: 0050410420
                  Old        New
       Height   0.000E+00  0.430E+02
     Region: 026025 Plant: 0059 Char1: 002 Char2: 000 Char3: 01 Char4: 0050410310 SCC: 0050410310
                  Old        New
       Height   0.000E+00  0.430E+02
         Diam   0.000E+00  0.300E+01
        Veloc   0.000E+00  0.690E+02
     Region: 026065 Plant: 0338 Char1: 005 Char2: 000 Char3: 01 Char4: 0030630006 SCC: 0030630006
                  Old        New
       Height   0.000E+00  0.520E+02
         Diam   0.000E+00  0.500E+01
        Veloc   0.000E+00  0.123E+03
     Region: 026077 Plant: 0052 Char1: R50 Char2: 000 Char3: 01 Char4: 0050410310 SCC: 0050410310
                  Old        New
       Height   0.000E+00  0.430E+02
         Diam   0.000E+00  0.300E+01
        Veloc   0.000E+00  0.690E+02
     Region: 026081 Plant: 0620 Char1: 005 Char2: 000 Char3: 01 Char4: 0030630006 SCC: 0030630006
                  Old        New
       Height   0.000E+00  0.520E+02
         Diam   0.000E+00  0.500E+01
        Veloc   0.000E+00  0.123E+03
     Region: 026145 Plant: 0277 Char1: 008 Char2: 000 Char3: 01 Char4: 0030630006 SCC: 0030630006
                  Old        New
       Height   0.000E+00  0.520E+02
         Diam   0.000E+00  0.500E+01
        Veloc   0.000E+00  0.123E+03
     Region: 026163 Plant: 1019 Char1: 014 Char2: 000 Char3: 01 Char4: 0042500101 SCC: 0042500101
                  Old        New
       Height   0.000E+00  0.310E+02
         Diam   0.000E+00  0.300E+01
        Veloc   0.000E+00  0.340E+02
     Region: 026163 Plant: 1019 Char1: 014 Char2: 000 Char3: 02 Char4: 0042500102 SCC: 0042500102
                  Old        New
       Height   0.000E+00  0.310E+02
         Diam   0.000E+00  0.300E+01
        Veloc   0.000E+00  0.340E+02
     Region: 051041 Plant: 0015 Char1: 042 Char2: 053 Char3: 01 Char4: 0030622404 SCC: 0030622404
                  Old        New
       Height   0.000E+00  0.520E+02
         Diam   0.000E+00  0.500E+01
        Veloc   0.000E+00  0.123E+03
     Region: 051041 Plant: 0015 Char1: 046 Char2: 000 Char3: 01 Char4: 0030622201 SCC: 0030622201
                  Old        New
       Height   0.000E+00  0.520E+02
         Diam   0.000E+00  0.500E+01
        Veloc   0.000E+00  0.123E+03
     Ultimate fallback stack parameters report:
     Region: 047065 Plant: 3100 Char1: 001 Char2: 001 Char3: 01 Char4: 0020190099 SCC: 0030400701
                  Old        New
        Veloc   0.000E+00  0.400E+01
     Value for SMK_DEFAULT_TZONE:  5

 WARNING: output file already exists: PSCC
 /stella/scratch/zac/smoke/data/smoke/inventory/m3demo/PSCC.m3demo.txt


     File "PSCC" opened for output on unit:  98
     /stella/scratch/zac/smoke/data/smoke/inventory/m3demo/PSCC.m3demo.txt

     Writing out ACTUAL SCC file...
     Generating unique lists from inventory data...
     Value for SMKINVEN_FORMULA:  'PMC=PM10-PM2_5'
     NOTE: Inventory base year set to   1995
     Value for PROMPTFLAG:  N returning FALSE
     Value for IOAPI_CHECK_HEADERS not defined;returning default:  FALSE
     Value for IOAPI_CHECK_HEADERS not defined;returning default:  FALSE
      
     "PNTS" opened as UNKNOWN(R-W)    
     File name "/stella/scratch/zac/smoke/data/smoke/inventory/m3demo/pnts.m3demo.ncf"
     File type GRDDED3 
     Execution ID "????????????????"
     Grid name " "
     Dimensions: 154740 rows, 1 cols, 1 lays, 74 vbles
     NetCDF ID:         8:
     Time-independent data.

 WARNING: output file already exists: PSRC
 /stella/scratch/zac/smoke/data/smoke/inventory/m3demo/PSRC.m3demo.txt


     File "PSRC" opened for output on unit:  94
     /stella/scratch/zac/smoke/data/smoke/inventory/m3demo/PSRC.m3demo.txt

     Writing SMOKE POINT SOURCE INVENTORY file...
     Value for IOAPI_LOG_WRITE not defined;returning default:  TRUE
     IFIP written to PNTS
     TZONES written to PNTS
     TPFLAG written to PNTS
     INVYR written to PNTS
     ISIC written to PNTS
     XLOCA written to PNTS
     YLOCA written to PNTS
     STKHT written to PNTS
     STKDM written to PNTS
     STKTK written to PNTS
     STKVE written to PNTS
     Value for SMKINVEN_FORMULA:  'PMC=PM10-PM2_5'
     Value for RAW_SRC_CHECK:  N returning FALSE
     CO written to PNTS
     OS_CO written to PNTS
     CE_CO written to PNTS
     RE_CO written to PNTS
     EF_CO written to PNTS
     C1_CO written to PNTS
     C2_CO written to PNTS
     NOX written to PNTS
     OS_NOX written to PNTS
     CE_NOX written to PNTS
     RE_NOX written to PNTS
     EF_NOX written to PNTS
     C1_NOX written to PNTS
     C2_NOX written to PNTS
     THC written to PNTS
     OS_THC written to PNTS
     CE_THC written to PNTS
     RE_THC written to PNTS
     EF_THC written to PNTS
     C1_THC written to PNTS
     C2_THC written to PNTS
     VOC written to PNTS
     OS_VOC written to PNTS
     CE_VOC written to PNTS
     RE_VOC written to PNTS
     EF_VOC written to PNTS
     C1_VOC written to PNTS
     C2_VOC written to PNTS
     NH3 written to PNTS
     OS_NH3 written to PNTS
     CE_NH3 written to PNTS
     RE_NH3 written to PNTS
     EF_NH3 written to PNTS
     C1_NH3 written to PNTS
     C2_NH3 written to PNTS
     SO2 written to PNTS
     OS_SO2 written to PNTS
     CE_SO2 written to PNTS
     RE_SO2 written to PNTS
     EF_SO2 written to PNTS
     C1_SO2 written to PNTS
     C2_SO2 written to PNTS
     PM10 written to PNTS
     OS_PM10 written to PNTS
     CE_PM10 written to PNTS
     RE_PM10 written to PNTS
     EF_PM10 written to PNTS
     C1_PM10 written to PNTS
     C2_PM10 written to PNTS
     PM2_5 written to PNTS
     OS_PM2_5 written to PNTS
     CE_PM2_5 written to PNTS
     RE_PM2_5 written to PNTS
     EF_PM2_5 written to PNTS
     C1_PM2_5 written to PNTS
     C2_PM2_5 written to PNTS
     WARNING: Resetting negative value of "PMC" from -0.34E+01 to 0. for source:
     Region: 018077 Plant: 983 Char1: 1 Char4: 0010100221
     WARNING: Resetting negative value of "PMC" from -0.33E+01 to 0. for source:
     Region: 018077 Plant: 983 Char1: 2 Char4: 0010100221
     WARNING: Resetting negative value of "PMC" from -0.32E+01 to 0. for source:
     Region: 018077 Plant: 983 Char1: 3 Char4: 0010100221
     WARNING: Resetting negative value of "PMC" from -0.31E+01 to 0. for source:
     Region: 018077 Plant: 983 Char1: 4 Char4: 0010100221
     WARNING: Resetting negative value of "PMC" from -0.33E+01 to 0. for source:
     Region: 018077 Plant: 983 Char1: 5 Char4: 0010100221
     WARNING: Resetting negative value of "PMC" from -0.33E+01 to 0. for source:
     Region: 018077 Plant: 983 Char1: 6 Char4: 0010100221
     PMC written to PNTS
     OS_PMC written to PNTS
     CE_PMC written to PNTS
     RE_PMC written to PNTS
     EF_PMC written to PNTS
     C1_PMC written to PNTS
     C2_PMC written to PNTS
      
     --->>  Normal Completion of program SMKINVEN
      
