      
     This program uses the EPA-AREAL/MCNC-Environmental Programs
     Models-3 I/O Applications Programming Interface, which is 
     built on top of the netCDF I/O library (Copyright 1993, 1996
     University Corporation for Atmospheric Research/Unidata 
     Program).  Portions copyright (C) 1992-2001 MCNC.  See URL
     "http://www.emc.mcnc.org/products/ioapi/NOTICE.html" for
     conditions of use.
      
     $Id$
      
     Library release tag: $Name$
      
      
     Library release tag: $Name$
      
      
     SMOKE ---------------
     Copyright (c)2002 MCNC--Environmental Modeling Center
     All rights reserved

     See file COPYRIGHT for conditions of use.

     Program SMKINVEN, Version $
     Online documentation 
         http://www.emc.mcnc.org/products/smoke           
      
     Program SMKINVEN to take ASCII area or point source files
     in IDA, EPS2, EMS-95, or SMOKE list format, or mobile files
     in IDA format, and produce the I/O API and ASCII SMOKE
     inventory files and list of unique SCCs in the inventory.
      
      
     You will need to enter the logical names for the input and
     output files (and to have set them prior to program start,
     using "setenv <logicalname> <pathname>").
      
     You may use END_OF-FILE (control-D) to quit the program
     during logical-name entry. Default responses are given in
     brackets [LIKE THIS] and can be accepted by hitting the
     <RETURN> key.
      
     Value for PROMPTFLAG:  N returning FALSE
     Returning default value TRUE for query:
     "Continue with program?"
     Value for SMK_SOURCE:  'M'
     Value for OUTZONE:  0
     >>--->> WARNING in subroutine envync
     Value for SMK_USE_SIPOLS not T,F,Y, or N: ' ', returning defaultval    FALSE
     >>--->> WARNING in subroutine envync
     Value for SMK_USE_ACTVNAMS not T,F,Y, or N: ' ', returning defaultval    TRUE
     Value for IMPORT_AVEINV_YN not defined;returning default:  TRUE
     Value for IMPORT_VMTMIX_YN:  N returning FALSE
     Value for IMPORT_SPEEDS_YN not defined;returning default:  FALSE
     Value for PROMPTFLAG:  N returning FALSE

     File MBINV opened for input on unit:  98
     /stella/scratch/zac/smoke/data/smoke/inventory/tut36/mobile/mbinv.tut36.ida_actv.txt


     File MCODES opened for input on unit:  97
     /stella/scratch/zac/smoke/data/smoke/inventory/tut36/mobile/mcodes.041802.txt


     File COSTCY opened for input on unit:  96
     /stella/scratch/zac/smoke/data/smoke/ge_dat/costcy.013102.txt


     File ACTVNAMS opened for input on unit:  95
     /stella/scratch/zac/smoke/data/smoke/inventory/tut36/actvnams.txt

     Setting up to read inventory data...
     Value for SMK_DEFAULT_TZONE:  5
     Reading state and county names and time zones...
     NOTE: Population data read from country/state/county file for year     2000
     Reading average raw inventory data...
     Value for WKDAY_NORMALIZE:  Y returning TRUE
     NOTE: Setting inventory to use weekday normalizer for weekly profiles
     Value for FILL_ANN_WSEAS:  N returning FALSE
     Value for SMK_MAXWARNING:  100
     Sorting raw inventory data...
     Processing inventory data...
     Value for RAW_DUP_CHECK:  N returning FALSE
     Value for SMK_MAXERROR:  100
     Value for SMK_MAXWARNING:  100
     Value for SMK_DEFAULT_TZONE:  5

 WARNING: output file already exists: MSCC
 /stella/scratch/zac/smoke/data/smoke/inventory/m3demo/MSCC.m3demo.txt


     File "MSCC" opened for output on unit:  94
     /stella/scratch/zac/smoke/data/smoke/inventory/m3demo/MSCC.m3demo.txt

     Writing out ACTUAL SCC file...
     Generating unique lists from inventory data...
     Value for SMKINVEN_FORMULA:  ' '
     NOTE: Inventory base year set to   1995
     Value for PROMPTFLAG:  N returning FALSE
     Value for IOAPI_CHECK_HEADERS not defined;returning default:  FALSE
     Value for IOAPI_CHECK_HEADERS not defined;returning default:  FALSE
      
     "MOBL" opened as UNKNOWN(R-W)    
     File name "/stella/scratch/zac/smoke/data/smoke/inventory/m3demo/mobl.m3demo.ncf"
     File type GRDDED3 
     Execution ID "????????????????"
     Grid name " "
     Dimensions: 98110 rows, 1 cols, 1 lays, 12 vbles
     NetCDF ID:         9:
     Time-independent data.

 WARNING: output file already exists: MSRC
 /stella/scratch/zac/smoke/data/smoke/inventory/m3demo/MSRC.m3demo.txt


     File "MSRC" opened for output on unit:  93
     /stella/scratch/zac/smoke/data/smoke/inventory/m3demo/MSRC.m3demo.txt

     Writing SMOKE MOBILE SOURCE INVENTORY file...
     Value for IOAPI_LOG_WRITE not defined;returning default:  TRUE
     IFIP written to MOBL
     TZONES written to MOBL
     TPFLAG written to MOBL
     INVYR written to MOBL
     IRCLAS written to MOBL
     IVTYPE written to MOBL
     XLOC1 written to MOBL
     YLOC1 written to MOBL
     XLOC2 written to MOBL
     YLOC2 written to MOBL
     Value for SMKINVEN_FORMULA:  ' '
     Value for RAW_SRC_CHECK:  N returning FALSE
     VMT written to MOBL
     SPEED written to MOBL
      
     --->>  Normal Completion of program SMKINVEN
      
