      
     This program uses the EPA-AREAL/MCNC-Environmental Programs
     Models-3 I/O Applications Programming Interface, which is 
     built on top of the netCDF I/O library (Copyright 1993, 1996
     University Corporation for Atmospheric Research/Unidata 
     Program).  Portions copyright (C) 1992-2001 MCNC.  See URL
     "http://www.emc.mcnc.org/products/ioapi/NOTICE.html" for
     conditions of use.
      
     $Id$
      
     Library release tag: $Name$
      
      
     Library release tag: $Name$
      
      
     SMOKE ---------------
     Copyright (c)2002 MCNC--Environmental Modeling Center
     All rights reserved

     See file COPYRIGHT for conditions of use.

     Program SMKINVEN, Version $
     Online documentation 
         http://www.emc.mcnc.org/products/smoke           
      
     Program SMKINVEN to take ASCII area or point source files
     in IDA, EPS2, EMS-95, or SMOKE list format, or mobile files
     in IDA format, and produce the I/O API and ASCII SMOKE
     inventory files and list of unique SCCs in the inventory.
      
      
     You will need to enter the logical names for the input and
     output files (and to have set them prior to program start,
     using "setenv <logicalname> <pathname>").
      
     You may use END_OF-FILE (control-D) to quit the program
     during logical-name entry. Default responses are given in
     brackets [LIKE THIS] and can be accepted by hitting the
     <RETURN> key.
      
     Value for PROMPTFLAG:  N returning FALSE
     Returning default value TRUE for query:
     "Continue with program?"
     Value for SMK_SOURCE:  'P'
     Value for OUTZONE:  0
     Value for IMPORT_AVEINV_YN:  Y returning TRUE
     Value for DAY_SPECIFIC_YN:  N returning FALSE
     Value for HOUR_SPECIFIC_YN:  N returning FALSE
     Value for PROMPTFLAG:  N returning FALSE

     File PTINV opened for input on unit:  98
     /stella/data/smkrel2/data/inventory/nctox/point/ptinv.lst


     File PSTK opened for input on unit:  97
     /stella/data/smkrel2/data/ge_dat/pstk.m3.txt


     File COSTCY opened for input on unit:  96
     /stella/data/smkrel2/data/ge_dat/costcy.txt


     File INVTABLE opened for input on unit:  95
     /stella/data/smkrel2/data/inventory/nctox/other/invtable_nonroad.cb4.120202.txt

     Setting up to read inventory data...
     Value for SMK_DEFAULT_TZONE:  5
     Reading state and county names and time zones...
     NOTE: Population data read from country/state/county file for year     2000
     WARNING: Keep status at line      81 different from previously set status of "Y" for CAS "120127".
     WARNING: Keep status at line      85 different from previously set status of "Y" for CAS "191242".
     WARNING: Keep status at line      87 different from previously set status of "Y" for CAS "193395".
     WARNING: Keep status at line      88 different from previously set status of "Y" for CAS "193395".
     WARNING: Different descriptions for the same CAS number at line      66 .
     WARNING: Keep status at line      90 different from previously set status of "Y" for CAS "205992".
     WARNING: Keep status at line      91 different from previously set status of "Y" for CAS "205992".
     WARNING: Keep status at line      93 different from previously set status of "Y" for CAS "207089".
     WARNING: Keep status at line      94 different from previously set status of "Y" for CAS "207089".
     WARNING: Keep status at line     112 different from previously set status of "Y" for CAS "208968".
     WARNING: Keep status at line      96 different from previously set status of "Y" for CAS "218019".
     WARNING: Keep status at line      97 different from previously set status of "Y" for CAS "218019".
     WARNING: Keep status at line     102 different from previously set status of "Y" for CAS "53703".
     WARNING: Keep status at line     103 different from previously set status of "Y" for CAS "53703".
     WARNING: Keep status at line     105 different from previously set status of "Y" for CAS "56553".
     WARNING: Keep status at line     106 different from previously set status of "Y" for CAS "56553".
     WARNING: Keep status at line     108 different from previously set status of "Y" for CAS "83329".
     WARNING: Keep status at line     113 different from previously set status of "N" for CAS "85018".
     WARNING: Keep status at line     118 different from previously set status of "Y" for CAS "86737".
     WARNING: Keep status at line     116 different from previously set status of "Y" for CAS "91203".
     WARNING: Different SAROAD code for the same data name at line      79 
          Using code   80232 and ignoring code   80230
     WARNING: Different descriptions for the same data name at line      79 .
          Using description:
                "16-PAH" and ignoring:
                "16-PAH POM".
     WARNING: Different descriptions for the same data name at line      17 .
          Using description:
                "7-PAH" and ignoring:
                "7-PAH, fine PM".
     Reading inventory sources...
     Value for SMK_TMPDIR:  '/stella/data/smkrel2/data/run_nctox/static/tmp'
     Successful OPEN for inventory file:
     /env/scratch/long/smkrel/data/inventory/nctox/point/ptinv.nei96_NC.ida.txt
          First 10 lines of current inventory:
          37  10010           001            001                     01BFI WASTE SYSTEMS OF NORTH AMERICA, INC.50300505     0   0  82  2.50 165    201.26    41.00    0.00 2525252524 07 1    11836.0       0.000    0.00 0.00 0.00    0.0004953  36.0400  79.4000        0.8400       0.0023   0.00  0    0
          37  10024           001            001                     01CULP WEAVING, INC.                      10200602     0   0  60  3.60 430     80.41     7.90    0.00 2525252524 07 1        4.0       0.000   10.30 0.00 0.00    0.0002295  36.0681  79.4022        0.0063       0.0000   0.00  0    0
          37  10024           003            002                     03CULP WEAVING, INC.                      33000199     0   0  25  1.70 100    208.82    92.00    0.00 2525252524 05 1    11500.0       0.000    0.00 0.00 0.00    0.0002295  36.0681  79.4022        4.7000       0.0180   0.00  0    0
          37  10033           001            001                     01TEXFI INDUSTRIES, INC.                  10200602     0   0  20  2.87 115    643.04    99.40    0.00 30252025 8 0552       31.0       0.000   10.30 0.00 0.00    0.0002299  36.0697  79.3933        0.0467       0.0001   0.00  0    0
          37  10034           001            001                     01COPLAND, INC.                           10200504     0   0  40  3.00 370    118.05    16.70    0.00 3025202524 05 1       98.0       0.000    0.00 1.29 0.00    0.0002221  36.1208  79.4042        0.0098       0.0000   0.00  0    0
          37  10034           001            001                     02COPLAND, INC.                           10200602     0   0  40  3.00 370    118.05    16.70    0.00 3025202524 05 1      115.0       0.000   10.30 0.00 0.00    0.0002221  36.1208  79.4042        0.1701       0.0005   0.00  0    0
          37  10034           005            001                     01COPLAND, INC.                           10200603     0   0  40  3.00 370    118.05    16.70    0.00 3025202524 05 1       10.0       0.000   10.40 0.00 0.00    0.0002221  36.1208  79.4042        0.0150       0.0001   0.00  0    0
          37  10034           005            001                     02COPLAND, INC.                           10200501     0   0  40  3.00 370    118.05    16.70    0.00 3025202524 05 1        4.0       0.000    0.00 0.50 0.00    0.0002221  36.1208  79.4042        0.0004       0.0000   0.00  0    0
          37  10034           006            001                     01COPLAND, INC.                           10200603     0   0  40  3.00 370    118.05    16.70    0.00 3025202524 05 1        5.0       0.000   10.40 0.00 0.00    0.0002221  36.1208  79.4042        0.0080       0.0000   0.00  0    0
          37  10034           006            001                     02COPLAND, INC.                           10200501     0   0  40  3.00 370    118.05    16.70    0.00 3025202524 05 1        2.0       0.000    0.00 0.50 0.00    0.0002221  36.1208  79.4042        0.0002       0.0000   0.00  0    0
     Sorting sources by file and line number...
     Sorting sources by characteristics...
     Reading inventory data...
     Value for WKDAY_NORMALIZE:  Y returning TRUE
     NOTE: Setting inventory to use weekday normalizer for weekly profiles
     Value for FILL_ANN_WSEAS:  N returning FALSE
     Value for VELOC_RECALC:  N returning FALSE
     Value for WEST_HSPHERE:  Y returning TRUE
     Value for SMK_MAXWARNING:  100
     Successful OPEN for inventory file:
     /env/scratch/long/smkrel/data/inventory/nctox/point/ptinv.nei96_NC.ida.txt
     Sorting inventory data by source and pollutant...
     Processing inventory data...
     Value for RAW_DUP_CHECK:  N returning FALSE
     Value for SMK_MAXERROR:  100
     Value for SMK_MAXWARNING:  100
     WARNING: Some base year control efficiency values that were input as 100%
          were reset to 0%. A control efficiency of 100% would mean a control
          is 100% effective and emissions should be zero.
     WARNING: Some base year rule effectiveness values that were input as 0%
          were reset to 100%. A rule effectiveness of 0% would mean a control
          works 0% of the time, and this does not make sense.
     Reading default stack parameters...
     Bounding MIN and MAX stack parameters...
     Region: 037019 Plant: 0013 Char1: 001 Char2: 069 Char3: 09 Char4: 0030103104 SCC: 0030103104
       Height < min.  Change from  0.305E+00 to  0.500E+00
     Region: 037019 Plant: 0013 Char1: 001 Char2: 069 Char3: 53 Char4: 0030103180 SCC: 0030103180
       Height < min.  Change from  0.305E+00 to  0.500E+00
     Region: 037019 Plant: 0013 Char1: 002 Char2: 069 Char3: 14 Char4: 0030188805 SCC: 0030188805
       Height < min.  Change from  0.305E+00 to  0.500E+00
     Region: 037019 Plant: 0013 Char1: 002 Char2: 069 Char3: 15 Char4: 0030188805 SCC: 0030188805
       Height < min.  Change from  0.305E+00 to  0.500E+00
     Region: 037019 Plant: 0013 Char1: 002 Char2: 069 Char3: 18 Char4: 0064880001 SCC: 0064880001
       Height < min.  Change from  0.305E+00 to  0.500E+00
     Region: 037019 Plant: 0013 Char1: 002 Char2: 069 Char3: 20 Char4: 0030183001 SCC: 0030183001
       Height < min.  Change from  0.305E+00 to  0.500E+00
     Region: 037019 Plant: 0013 Char1: 002 Char2: 069 Char3: 21 Char4: 0030183001 SCC: 0030183001
       Height < min.  Change from  0.305E+00 to  0.500E+00
     Region: 037019 Plant: 0013 Char1: 002 Char2: 069 Char3: 22 Char4: 0030183001 SCC: 0030183001
       Height < min.  Change from  0.305E+00 to  0.500E+00
     Region: 037019 Plant: 0013 Char1: 002 Char2: 069 Char3: 23 Char4: 0030183001 SCC: 0030183001
       Height < min.  Change from  0.305E+00 to  0.500E+00
     Region: 037019 Plant: 0013 Char1: 002 Char2: 069 Char3: 24 Char4: 0030183001 SCC: 0030183001
       Height < min.  Change from  0.305E+00 to  0.500E+00
     Region: 037019 Plant: 0013 Char1: 002 Char2: 069 Char3: 25 Char4: 0030188805 SCC: 0030188805
       Height < min.  Change from  0.305E+00 to  0.500E+00
     Region: 037019 Plant: 0013 Char1: 002 Char2: 069 Char3: 28 Char4: 0030180001 SCC: 0030180001
       Height < min.  Change from  0.305E+00 to  0.500E+00
     Region: 037019 Plant: 0013 Char1: 002 Char2: 069 Char3: 29 Char4: 0030180001 SCC: 0030180001
       Height < min.  Change from  0.305E+00 to  0.500E+00
     Region: 037019 Plant: 0013 Char1: 002 Char2: 069 Char3: 30 Char4: 0030180001 SCC: 0030180001
       Height < min.  Change from  0.305E+00 to  0.500E+00
     Region: 037023 Plant: 0028 Char1: 016 Char2: 016 Char3: 01 Char4: 0030402004 SCC: 0030402004
       Height < min.  Change from  0.305E+00 to  0.500E+00
     Region: 037025 Plant: 0006 Char1: 002 Char2: 003 Char3: 01 Char4: 0033000199 SCC: 0033000199
       Height < min.  Change from  0.305E+00 to  0.500E+00
     Region: 037037 Plant: 0003 Char1: 006 Char2: 002 Char3: 01 Char4: 0030700898 SCC: 0030700898
       Height < min.  Change from  0.305E+00 to  0.500E+00
     Region: 037049 Plant: 0104 Char1: 015 Char2: 038 Char3: 18 Char4: 0030700102 SCC: 0030700102
       Height < min.  Change from  0.305E+00 to  0.500E+00
     Region: 037063 Plant: 0064 Char1: 014 Char2: 014 Char3: 01 Char4: 0030203399 SCC: 0030203399
       Height < min.  Change from  0.305E+00 to  0.500E+00
     Region: 037063 Plant: 0254 Char1: 001 Char2: 001 Char3: 01 Char4: 0030799998 SCC: 0030799998
       Height < min.  Change from  0.305E+00 to  0.500E+00
     Region: 037065 Plant: 0146 Char1: 002 Char2: 002 Char3: 01 Char4: 0030510299 SCC: 0030510299
       Height < min.  Change from  0.305E+00 to  0.500E+00
     Region: 037067 Plant: 0339 Char1: 001 Char2: 001 Char3: 01 Char4: 0030203399 SCC: 0030203399
       Height < min.  Change from  0.305E+00 to  0.500E+00
     Region: 037067 Plant: 0339 Char1: 002 Char2: 002 Char3: 01 Char4: 0030203399 SCC: 0030203399
       Height < min.  Change from  0.305E+00 to  0.500E+00
     Region: 037067 Plant: 0339 Char1: 003 Char2: 003 Char3: 01 Char4: 0030203399 SCC: 0030203399
       Height < min.  Change from  0.305E+00 to  0.500E+00
     Region: 037067 Plant: 0339 Char1: 005 Char2: 005 Char3: 01 Char4: 0030203399 SCC: 0030203399
       Height < min.  Change from  0.305E+00 to  0.500E+00
     Region: 037067 Plant: 0339 Char1: 006 Char2: 099 Char3: 01 Char4: 0030203399 SCC: 0030203399
       Height < min.  Change from  0.305E+00 to  0.500E+00
     Region: 037067 Plant: 0466 Char1: 001 Char2: 001 Char3: 01 Char4: 0040500511 SCC: 0040500511
       Height < min.  Change from  0.305E+00 to  0.500E+00
     Region: 037067 Plant: 0778 Char1: 001 Char2: 001 Char3: 01 Char4: 0040500511 SCC: 0040500511
       Height < min.  Change from  0.305E+00 to  0.500E+00
     Region: 037067 Plant: 0778 Char1: 001 Char2: 001 Char3: 02 Char4: 0040500511 SCC: 0040500511
       Height < min.  Change from  0.305E+00 to  0.500E+00
     Region: 037067 Plant: 0778 Char1: 001 Char2: 001 Char3: 03 Char4: 0040500511 SCC: 0040500511
       Height < min.  Change from  0.305E+00 to  0.500E+00
     Region: 037067 Plant: 0778 Char1: 002 Char2: 002 Char3: 01 Char4: 0039000689 SCC: 0039000689
       Height < min.  Change from  0.305E+00 to  0.500E+00
     Region: 037081 Plant: 0342 Char1: 001 Char2: 001 Char3: 01 Char4: 0010200603 SCC: 0010200603
       Height < min.  Change from  0.305E+00 to  0.500E+00
     Region: 037081 Plant: 0342 Char1: 002 Char2: 002 Char3: 02 Char4: 0010200501 SCC: 0010200501
       Height < min.  Change from  0.305E+00 to  0.500E+00
     Region: 037081 Plant: 0976 Char1: 001 Char2: 001 Char3: 01 Char4: 0039999999 SCC: 0039999999
       Height < min.  Change from  0.305E+00 to  0.500E+00
     Region: 037127 Plant: 0249 Char1: 003 Char2: 003 Char3: 01 Char4: 0010200603 SCC: 0010200603
       Height < min.  Change from  0.305E+00 to  0.500E+00
     Region: 037169 Plant: 0028 Char1: 002 Char2: 002 Char3: 01 Char4: 0030400220 SCC: 0030400220
       Height < min.  Change from  0.305E+00 to  0.500E+00
     Region: 037169 Plant: 0028 Char1: 002 Char2: 002 Char3: 02 Char4: 0010200905 SCC: 0010200905
       Height < min.  Change from  0.305E+00 to  0.500E+00
     Region: 037183 Plant: 0314 Char1: 001 Char2: 001 Char3: 01 Char4: 0030500205 SCC: 0030500205
       Height < min.  Change from  0.305E+00 to  0.500E+00
     Region: 037183 Plant: 0575 Char1: 001 Char2: 001 Char3: 01 Char4: 0020100107 SCC: 0020100107
       Height < min.  Change from  0.305E+00 to  0.500E+00
     Region: 037183 Plant: 0576 Char1: 001 Char2: 001 Char3: 01 Char4: 0020100107 SCC: 0020100107
       Height < min.  Change from  0.305E+00 to  0.500E+00
     Region: 037189 Plant: 0002 Char1: 001 Char2: 001 Char3: 01 Char4: 0030501107 SCC: 0030501107
       Height < min.  Change from  0.305E+00 to  0.500E+00
     Region: 037195 Plant: 0172 Char1: 001 Char2: 001 Char3: 01 Char4: 0030702099 SCC: 0030702099
       Height < min.  Change from  0.305E+00 to  0.500E+00
     Fixing MISSING stack parameters...
     Region: 037015 Plant: 0020 Char1: 001 Char2: 000 Char3: 01 Char4: 0030201799 SCC: 0030201799
                  Old        New
        Veloc   0.000E+00  0.123E+03
     Region: 037015 Plant: 0081 Char1: 006 Char2: 010 Char3: 03 Char4: 0030203805 SCC: 0030203805
                  Old        New
       Height   0.000E+00  0.520E+02
        Veloc   0.000E+00  0.123E+03
     Region: 037027 Plant: 0058 Char1: 002 Char2: 002 Char3: 01 Char4: 0040202701 SCC: 0040202701
                  Old        New
       Height   0.000E+00  0.330E+02
        Veloc   0.000E+00  0.550E+02
     Region: 037035 Plant: 0118 Char1: 002 Char2: 002 Char3: 01 Char4: 0030503702 SCC: 0030503702
                  Old        New
       Height   0.000E+00  0.520E+02
        Veloc   0.000E+00  0.123E+03
     Region: 037037 Plant: 0002 Char1: 007 Char2: 000 Char3: 01 Char4: 0042500301 SCC: 0042500301
                  Old        New
       Height   0.000E+00  0.310E+02
        Veloc   0.000E+00  0.340E+02
     Region: 037037 Plant: 0087 Char1: 001 Char2: 001 Char3: 01 Char4: 0030202102 SCC: 0030202102
                  Old        New
        Veloc   0.000E+00  0.123E+03
     Region: 037041 Plant: 0028 Char1: 001 Char2: 001 Char3: 01 Char4: 0030201799 SCC: 0030201799
                  Old        New
        Veloc   0.000E+00  0.123E+03
     Region: 037045 Plant: 0081 Char1: 005 Char2: 008 Char3: 01 Char4: 0064820010 SCC: 0064820010
                  Old        New
        Veloc   0.000E+00  0.100E+01
     Region: 037045 Plant: 0081 Char1: 005 Char2: 008 Char3: 02 Char4: 0064820010 SCC: 0064820010
                  Old        New
        Veloc   0.000E+00  0.100E+01
     Region: 037045 Plant: 0081 Char1: 005 Char2: 008 Char3: 03 Char4: 0064820010 SCC: 0064820010
                  Old        New
        Veloc   0.000E+00  0.100E+01
     Region: 037045 Plant: 0081 Char1: 005 Char2: 008 Char3: 04 Char4: 0064820010 SCC: 0064820010
                  Old        New
        Veloc   0.000E+00  0.100E+01
     Region: 037045 Plant: 0081 Char1: 005 Char2: 009 Char3: 05 Char4: 0064820010 SCC: 0064820010
                  Old        New
        Veloc   0.000E+00  0.100E+01
     Region: 037045 Plant: 0081 Char1: 005 Char2: 010 Char3: 06 Char4: 0064820010 SCC: 0064820010
                  Old        New
        Veloc   0.000E+00  0.100E+01
     Region: 037045 Plant: 0081 Char1: 005 Char2: 010 Char3: 08 Char4: 0064820010 SCC: 0064820010
                  Old        New
        Veloc   0.000E+00  0.100E+01
     Region: 037045 Plant: 0081 Char1: 006 Char2: 008 Char3: 02 Char4: 0064920034 SCC: 0064920034
                  Old        New
        Veloc   0.000E+00  0.100E+01
     Region: 037049 Plant: 0048 Char1: 001 Char2: 001 Char3: 01 Char4: 0031401501 SCC: 0031401501
                  Old        New
       Height   0.000E+00  0.410E+02
        Veloc   0.000E+00  0.660E+02
     Region: 037049 Plant: 0048 Char1: 002 Char2: 002 Char3: 01 Char4: 0031401501 SCC: 0031401501
                  Old        New
       Height   0.000E+00  0.410E+02
        Veloc   0.000E+00  0.660E+02
     Region: 037049 Plant: 0048 Char1: 003 Char2: 003 Char3: 01 Char4: 0031401501 SCC: 0031401501
                  Old        New
       Height   0.000E+00  0.410E+02
        Veloc   0.000E+00  0.660E+02
     Region: 037049 Plant: 0104 Char1: 006 Char2: 011 Char3: 06 Char4: 0030704001 SCC: 0030704001
                  Old        New
       Height   0.000E+00  0.520E+02
        Veloc   0.000E+00  0.123E+03
     Region: 037049 Plant: 0104 Char1: 006 Char2: 015 Char3: 08 Char4: 0030704003 SCC: 0030704003
                  Old        New
       Height   0.000E+00  0.520E+02
        Veloc   0.000E+00  0.123E+03
     Region: 037051 Plant: 0098 Char1: 004 Char2: 004 Char3: 01 Char4: 0031480001 SCC: 0031480001
                  Old        New
       Height   0.000E+00  0.410E+02
        Veloc   0.000E+00  0.660E+02
     Region: 037067 Plant: 0488 Char1: ES1 Char2: 099 Char3: 01 Char4: 0030903008 SCC: 0030903008
                  Old        New
       Height   0.000E+00  0.520E+02
        Veloc   0.000E+00  0.123E+03
     Region: 037067 Plant: 0488 Char1: ES2 Char2: 099 Char3: 01 Char4: 0030905254 SCC: 0030905254
                  Old        New
       Height   0.000E+00  0.520E+02
        Veloc   0.000E+00  0.123E+03
     Region: 037067 Plant: 0488 Char1: ES2 Char2: 099 Char3: 02 Char4: 0030905355 SCC: 0030905355
                  Old        New
       Height   0.000E+00  0.520E+02
        Veloc   0.000E+00  0.123E+03
     Region: 037067 Plant: 0488 Char1: ES2 Char2: 099 Char3: 03 Char4: 0030905410 SCC: 0030905410
                  Old        New
       Height   0.000E+00  0.520E+02
        Veloc   0.000E+00  0.123E+03
     Region: 037067 Plant: 0488 Char1: ES3 Char2: 099 Char3: 01 Char4: 0030903007 SCC: 0030903007
                  Old        New
       Height   0.000E+00  0.520E+02
        Veloc   0.000E+00  0.123E+03
     Region: 037067 Plant: 0488 Char1: ES4 Char2: 099 Char3: 01 Char4: 0040202544 SCC: 0040202544
                  Old        New
       Height   0.000E+00  0.330E+02
        Veloc   0.000E+00  0.550E+02
     Region: 037067 Plant: 0488 Char1: ES5 Char2: 099 Char3: 01 Char4: 0040202533 SCC: 0040202533
                  Old        New
       Height   0.000E+00  0.330E+02
        Veloc   0.000E+00  0.550E+02
     Region: 037067 Plant: 0488 Char1: ES6 Char2: 099 Char3: 01 Char4: 0040202510 SCC: 0040202510
                  Old        New
       Height   0.000E+00  0.330E+02
        Veloc   0.000E+00  0.550E+02
     Region: 037067 Plant: 0488 Char1: ES7 Char2: 099 Char3: 01 Char4: 0040201001 SCC: 0040201001
                  Old        New
       Height   0.000E+00  0.330E+02
        Veloc   0.000E+00  0.550E+02
     Region: 037067 Plant: 0745 Char1: 002 Char2: 099 Char3: 03 Char4: 0039999992 SCC: 0039999992
                  Old        New
       Height   0.000E+00  0.580E+02
        Veloc   0.000E+00  0.195E+03
     Region: 037067 Plant: 0746 Char1: 001 Char2: 001 Char3: 01 Char4: 0030101401 SCC: 0030101401
                  Old        New
        Veloc   0.000E+00  0.123E+03
     Region: 037069 Plant: 0011 Char1: 001 Char2: 000 Char3: 01 Char4: 0030704002 SCC: 0030704002
                  Old        New
       Height   0.000E+00  0.520E+02
        Veloc   0.000E+00  0.123E+03
     Region: 037069 Plant: 0011 Char1: 002 Char2: 000 Char3: 01 Char4: 0030704002 SCC: 0030704002
                  Old        New
       Height   0.000E+00  0.520E+02
        Veloc   0.000E+00  0.123E+03
     Region: 037071 Plant: 0183 Char1: 001 Char2: 001 Char3: 01 Char4: 0030701201 SCC: 0030701201
                  Old        New
        Veloc   0.000E+00  0.123E+03
     Region: 037081 Plant: 0281 Char1: 001 Char2: 001 Char3: 01 Char4: 0031401501 SCC: 0031401501
                  Old        New
       Height   0.000E+00  0.410E+02
        Veloc   0.000E+00  0.660E+02
     Region: 037083 Plant: 0024 Char1: 001 Char2: 000 Char3: 01 Char4: 0030201799 SCC: 0030201799
                  Old        New
        Veloc   0.000E+00  0.123E+03
     Region: 037091 Plant: 0010 Char1: 007 Char2: 006 Char3: 03 Char4: 0039900601 SCC: 0039900601
                  Old        New
        Veloc   0.000E+00  0.195E+03
     Region: 037091 Plant: 0010 Char1: 007 Char2: 007 Char3: 04 Char4: 0039900601 SCC: 0039900601
                  Old        New
        Veloc   0.000E+00  0.195E+03
     Region: 037091 Plant: 0010 Char1: 007 Char2: 008 Char3: 05 Char4: 0039900601 SCC: 0039900601
                  Old        New
        Veloc   0.000E+00  0.195E+03
     Region: 037091 Plant: 0010 Char1: 008 Char2: 011 Char3: 03 Char4: 0039900601 SCC: 0039900601
                  Old        New
        Veloc   0.000E+00  0.195E+03
     Region: 037091 Plant: 0010 Char1: 010 Char2: 000 Char3: 01 Char4: 0039900601 SCC: 0039900601
                  Old        New
       Height   0.000E+00  0.580E+02
        Veloc   0.000E+00  0.195E+03
     Region: 037097 Plant: 0093 Char1: 007 Char2: 007 Char3: 01 Char4: 0030203801 SCC: 0030203801
                  Old        New
       Height   0.000E+00  0.520E+02
        Veloc   0.000E+00  0.123E+03
     Region: 037097 Plant: 0097 Char1: 003 Char2: 003 Char3: 01 Char4: 0039900601 SCC: 0039900601
                  Old        New
        Veloc   0.000E+00  0.195E+03
     Region: 037097 Plant: 0097 Char1: 005 Char2: 000 Char3: 01 Char4: 0064521001 SCC: 0064521001
                  Old        New
       Height   0.000E+00  0.315E+03
        Veloc   0.000E+00  0.100E+01
     Region: 037097 Plant: 0097 Char1: 006 Char2: 000 Char3: 01 Char4: 0064521001 SCC: 0064521001
                  Old        New
       Height   0.000E+00  0.315E+03
        Veloc   0.000E+00  0.100E+01
     Region: 037097 Plant: 0171 Char1: 001 Char2: 001 Char3: 01 Char4: 0064130110 SCC: 0064130110
                  Old        New
       Height   0.000E+00  0.315E+03
        Veloc   0.000E+00  0.100E+01
     Region: 037097 Plant: 0171 Char1: 001 Char2: 001 Char3: 02 Char4: 0064130110 SCC: 0064130110
                  Old        New
       Height   0.000E+00  0.315E+03
        Veloc   0.000E+00  0.100E+01
     Region: 037097 Plant: 0195 Char1: 002 Char2: 000 Char3: 01 Char4: 0064131001 SCC: 0064131001
                  Old        New
       Height   0.000E+00  0.315E+03
        Veloc   0.000E+00  0.100E+01
     Region: 037097 Plant: 0195 Char1: 003 Char2: 000 Char3: 01 Char4: 0064131001 SCC: 0064131001
                  Old        New
       Height   0.000E+00  0.315E+03
        Veloc   0.000E+00  0.100E+01
     Region: 037097 Plant: 0195 Char1: 004 Char2: 000 Char3: 01 Char4: 0064131001 SCC: 0064131001
                  Old        New
       Height   0.000E+00  0.315E+03
        Veloc   0.000E+00  0.100E+01
     Region: 037097 Plant: 0195 Char1: 005 Char2: 000 Char3: 01 Char4: 0064131001 SCC: 0064131001
                  Old        New
       Height   0.000E+00  0.315E+03
        Veloc   0.000E+00  0.100E+01
     Region: 037097 Plant: 0195 Char1: 006 Char2: 000 Char3: 01 Char4: 0064131001 SCC: 0064131001
                  Old        New
       Height   0.000E+00  0.315E+03
        Veloc   0.000E+00  0.100E+01
     Region: 037097 Plant: 0201 Char1: 014 Char2: 000 Char3: 01 Char4: 0030904200 SCC: 0030904200
                  Old        New
       Height   0.000E+00  0.520E+02
        Veloc   0.000E+00  0.123E+03
     Region: 037101 Plant: 0024 Char1: 001 Char2: 001 Char3: 01 Char4: 0030900500 SCC: 0030900500
                  Old        New
       Height   0.000E+00  0.520E+02
        Veloc   0.000E+00  0.123E+03
     Region: 037105 Plant: 0083 Char1: 001 Char2: 001 Char3: 01 Char4: 0039900601 SCC: 0039900601
                  Old        New
       Height   0.000E+00  0.580E+02
        Veloc   0.000E+00  0.195E+03
     Region: 037109 Plant: 0027 Char1: 003 Char2: 003 Char3: 01 Char4: 0030204201 SCC: 0030204201
                  Old        New
       Height   0.000E+00  0.520E+02
        Veloc   0.000E+00  0.123E+03
     Region: 037109 Plant: 0089 Char1: 001 Char2: 000 Char3: 01 Char4: 0064132001 SCC: 0064132001
                  Old        New
       Height   0.000E+00  0.315E+03
        Veloc   0.000E+00  0.100E+01
     Region: 037113 Plant: 0116 Char1: 001 Char2: 001 Char3: 01 Char4: 0030904200 SCC: 0030904200
                  Old        New
        Veloc   0.000E+00  0.123E+03
     Region: 037117 Plant: 0069 Char1: 001 Char2: 001 Char3: 01 Char4: 0030704001 SCC: 0030704001
                  Old        New
        Veloc   0.000E+00  0.123E+03
     Region: 037117 Plant: 0069 Char1: 005 Char2: 012 Char3: 01 Char4: 0030704003 SCC: 0030704003
                  Old        New
       Height   0.000E+00  0.520E+02
        Veloc   0.000E+00  0.123E+03
     Region: 037117 Plant: 0069 Char1: 025 Char2: 038 Char3: 01 Char4: 0030704004 SCC: 0030704004
                  Old        New
       Height   0.000E+00  0.520E+02
        Veloc   0.000E+00  0.123E+03
     Region: 037129 Plant: 0087 Char1: 003 Char2: 000 Char3: 01 Char4: 0040714697 SCC: 0040714697
                  Old        New
       Height   0.000E+00  0.330E+02
        Veloc   0.000E+00  0.550E+02
     Region: 037129 Plant: 0244 Char1: 001 Char2: 000 Char3: 10 Char4: 0040715802 SCC: 0040715802
                  Old        New
       Height   0.000E+00  0.330E+02
        Veloc   0.000E+00  0.550E+02
     Region: 037129 Plant: 0244 Char1: 001 Char2: 000 Char3: 11 Char4: 0040715802 SCC: 0040715802
                  Old        New
       Height   0.000E+00  0.330E+02
        Veloc   0.000E+00  0.550E+02
     Region: 037129 Plant: 0244 Char1: 001 Char2: 000 Char3: 12 Char4: 0040729698 SCC: 0040729698
                  Old        New
       Height   0.000E+00  0.330E+02
        Veloc   0.000E+00  0.550E+02
     Region: 037129 Plant: 0244 Char1: 001 Char2: 001 Char3: 01 Char4: 0040715817 SCC: 0040715817
                  Old        New
        Veloc   0.000E+00  0.550E+02
     Region: 037129 Plant: 0244 Char1: 001 Char2: 002 Char3: 02 Char4: 0040715801 SCC: 0040715801
                  Old        New
        Veloc   0.000E+00  0.550E+02
     Region: 037129 Plant: 0244 Char1: 001 Char2: 005 Char3: 05 Char4: 0040715801 SCC: 0040715801
                  Old        New
        Veloc   0.000E+00  0.550E+02
     Region: 037129 Plant: 0244 Char1: 001 Char2: 006 Char3: 06 Char4: 0040715801 SCC: 0040715801
                  Old        New
        Veloc   0.000E+00  0.550E+02
     Region: 037129 Plant: 0244 Char1: 001 Char2: 007 Char3: 07 Char4: 0040715801 SCC: 0040715801
                  Old        New
        Veloc   0.000E+00  0.550E+02
     Region: 037129 Plant: 0244 Char1: 001 Char2: 008 Char3: 08 Char4: 0040715801 SCC: 0040715801
                  Old        New
        Veloc   0.000E+00  0.550E+02
     Region: 037129 Plant: 0244 Char1: 001 Char2: 009 Char3: 09 Char4: 0040715801 SCC: 0040715801
                  Old        New
        Veloc   0.000E+00  0.550E+02
     Region: 037129 Plant: 0252 Char1: 004 Char2: 000 Char3: 01 Char4: 0040714697 SCC: 0040714697
                  Old        New
       Height   0.000E+00  0.330E+02
        Veloc   0.000E+00  0.550E+02
     Region: 037131 Plant: 0041 Char1: 001 Char2: 000 Char3: 01 Char4: 0039900701 SCC: 0039900701
                  Old        New
       Height   0.000E+00  0.580E+02
        Veloc   0.000E+00  0.195E+03
     Region: 037145 Plant: 0052 Char1: 007 Char2: 000 Char3: 01 Char4: 0030704004 SCC: 0030704004
                  Old        New
       Height   0.000E+00  0.520E+02
        Veloc   0.000E+00  0.123E+03
     Region: 037145 Plant: 0061 Char1: 005 Char2: 000 Char3: 01 Char4: 0030704001 SCC: 0030704001
                  Old        New
       Height   0.000E+00  0.520E+02
        Veloc   0.000E+00  0.123E+03
     Region: 037145 Plant: 0061 Char1: 006 Char2: 000 Char3: 01 Char4: 0030704005 SCC: 0030704005
                  Old        New
       Height   0.000E+00  0.520E+02
        Veloc   0.000E+00  0.123E+03
     Region: 037145 Plant: 0061 Char1: 007 Char2: 000 Char3: 01 Char4: 0030704005 SCC: 0030704005
                  Old        New
       Height   0.000E+00  0.520E+02
        Veloc   0.000E+00  0.123E+03
     Region: 037145 Plant: 0061 Char1: 008 Char2: 000 Char3: 01 Char4: 0030704005 SCC: 0030704005
                  Old        New
       Height   0.000E+00  0.520E+02
        Veloc   0.000E+00  0.123E+03
     Region: 037145 Plant: 0061 Char1: 009 Char2: 000 Char3: 01 Char4: 0030704005 SCC: 0030704005
                  Old        New
       Height   0.000E+00  0.520E+02
        Veloc   0.000E+00  0.123E+03
     Region: 037159 Plant: 0081 Char1: 009 Char2: 007 Char3: 01 Char4: 0040714698 SCC: 0040714698
                  Old        New
        Veloc   0.000E+00  0.550E+02
     Region: 037175 Plant: 0030 Char1: 003 Char2: 003 Char3: 01 Char4: 0064880001 SCC: 0064880001
                  Old        New
       Height   0.000E+00  0.315E+03
        Veloc   0.000E+00  0.100E+01
     Region: 037179 Plant: 0055 Char1: 008 Char2: 007 Char3: 01 Char4: 0039900601 SCC: 0039900601
                  Old        New
       Height   0.000E+00  0.580E+02
        Veloc   0.000E+00  0.195E+03
     Region: 037179 Plant: 0055 Char1: 008 Char2: 007 Char3: 02 Char4: 0039901001 SCC: 0039901001
                  Old        New
       Height   0.000E+00  0.580E+02
        Veloc   0.000E+00  0.195E+03
     Region: 037191 Plant: 0131 Char1: 019 Char2: 000 Char3: 01 Char4: 0030900500 SCC: 0030900500
                  Old        New
       Height   0.000E+00  0.520E+02
        Veloc   0.000E+00  0.123E+03
     Region: 037191 Plant: 0131 Char1: 019 Char2: 000 Char3: 02 Char4: 0030900500 SCC: 0030900500
                  Old        New
       Height   0.000E+00  0.520E+02
        Veloc   0.000E+00  0.123E+03
     Region: 037191 Plant: 0131 Char1: 019 Char2: 000 Char3: 03 Char4: 0030900500 SCC: 0030900500
                  Old        New
       Height   0.000E+00  0.520E+02
        Veloc   0.000E+00  0.123E+03
     Region: 037191 Plant: 0131 Char1: 019 Char2: 000 Char3: 04 Char4: 0030900500 SCC: 0030900500
                  Old        New
       Height   0.000E+00  0.520E+02
        Veloc   0.000E+00  0.123E+03
     Region: 037191 Plant: 0131 Char1: 019 Char2: 000 Char3: 05 Char4: 0030900500 SCC: 0030900500
                  Old        New
       Height   0.000E+00  0.520E+02
        Veloc   0.000E+00  0.123E+03
     Region: 037191 Plant: 0131 Char1: 019 Char2: 000 Char3: 06 Char4: 0030900500 SCC: 0030900500
                  Old        New
       Height   0.000E+00  0.520E+02
        Veloc   0.000E+00  0.123E+03
     Ultimate fallback stack parameters report:
     Region: 037057 Plant: 0300 Char1: 010 Char2: 010 Char3: 10 Char4: 0020280001 SCC: 0030501107
                  Old        New
       Height   0.000E+00  0.300E+01
        Veloc   0.000E+00  0.400E+01
     Region: 037101 Plant: 0169 Char1: 001 Char2: 001 Char3: 01 Char4: 0020182599 SCC: 0030501107
                  Old        New
        Veloc   0.000E+00  0.400E+01
     Region: 037157 Plant: 0131 Char1: 023 Char2: 023 Char3: 01 Char4: 0020280001 SCC: 0030501107
                  Old        New
       Height   0.000E+00  0.300E+01
        Veloc   0.000E+00  0.400E+01
     Region: 037191 Plant: 0131 Char1: 014 Char2: 000 Char3: 01 Char4: 0020300901 SCC: 0030501107
                  Old        New
       Height   0.000E+00  0.300E+01
        Veloc   0.000E+00  0.400E+01
     Value for SMK_DEFAULT_TZONE:  5

     File "PSCC" opened for output on unit:  93
     /stella/data/smkrel2/data/inventory/nctox/PSCC.nctox.txt

     Writing out ACTUAL SCC file...
     Generating unique lists from inventory data...
     Value for SMKINVEN_FORMULA:  'PMC=PM10-PM2_5'
     Value for SMK_BASEYR_OVERRIDE:  0
     Value for INVNAME1:  'pnts'
     Value for INVNAME2:  'psrc'

     File "PNTS" opened for output on unit:  92
     /stella/data/smkrel2/data/inventory/nctox/pnts.map.nctox.txt

     Value for PNTS:  '/stella/data/smkrel2/data/inventory/nctox/pnts.map.nctox.txt'
     NOTE: Inventory base year set to   1996
     Number of variables per file array is not allocated for file set IOAPI_INV;
     using default of 120 variables per file
     Value for IOAPI_CHECK_HEADERS not defined;returning default:  FALSE
      
     "IOAPI_INV" opened as NEW(READ-WRITE) 
     File name "/stella/data/smkrel2/data/inventory/nctox/pnts.ncf"
     File type GRDDED3 
     Execution ID "????????????????"
     Grid name " "
     Dimensions: 6341 rows, 1 cols, 1 lays, 11 vbles
     NetCDF ID:        11:
     Time-independent data.

     File "PSRC" opened for output on unit:  91
     /stella/data/smkrel2/data/inventory/nctox/psrc.txt


     File "REPINVEN" opened for output on unit:  90
     /stella/data/smkrel2/data/reports/nctox/static/repinven.p.nctox.txt

     Writing SMOKE POINT SOURCE INVENTORY file...
     Value for IOAPI_LOG_WRITE not defined;returning default:  TRUE
     IFIP written to IOAPI_INV
     TZONES written to IOAPI_INV
     TPFLAG written to IOAPI_INV
     INVYR written to IOAPI_INV
     ISIC written to IOAPI_INV
     XLOCA written to IOAPI_INV
     YLOCA written to IOAPI_INV
     STKHT written to IOAPI_INV
     STKDM written to IOAPI_INV
     STKTK written to IOAPI_INV
     STKVE written to IOAPI_INV
     Value for INVNAME1:  'pnts'
     Value for INVNAME2:  'psrc'
     Number of variables per file array is not allocated for file set IOAPI_DAT;
     using default of 120 variables per file
      
     "IOAPI_DAT" opened as NEW(READ-WRITE) 
     File name "/stella/data/smkrel2/data/inventory/nctox/pnts_dat/CO.ncf"
     File type GRDDED3 
     Execution ID "????????????????"
     Grid name " "
     Dimensions: 2880 rows, 1 cols, 1 lays, 8 vbles
     NetCDF ID:        12:
     Time-independent data.
     SRCID written to IOAPI_DAT
     CO written to IOAPI_DAT
     OS_CO written to IOAPI_DAT
     CE_CO written to IOAPI_DAT
     RE_CO written to IOAPI_DAT
     EF_CO written to IOAPI_DAT
     C1_CO written to IOAPI_DAT
     C2_CO written to IOAPI_DAT

     Closing file "IOAPI_DAT"                                                        

      
     "IOAPI_DAT" opened as NEW(READ-WRITE) 
     File name "/stella/data/smkrel2/data/inventory/nctox/pnts_dat/NOX.ncf"
     File type GRDDED3 
     Execution ID "????????????????"
     Grid name " "
     Dimensions: 2901 rows, 1 cols, 1 lays, 8 vbles
     NetCDF ID:        12:
     Time-independent data.
     SRCID written to IOAPI_DAT
     NOX written to IOAPI_DAT
     OS_NOX written to IOAPI_DAT
     CE_NOX written to IOAPI_DAT
     RE_NOX written to IOAPI_DAT
     EF_NOX written to IOAPI_DAT
     C1_NOX written to IOAPI_DAT
     C2_NOX written to IOAPI_DAT

     Closing file "IOAPI_DAT"                                                        

      
     "IOAPI_DAT" opened as NEW(READ-WRITE) 
     File name "/stella/data/smkrel2/data/inventory/nctox/pnts_dat/VOC.ncf"
     File type GRDDED3 
     Execution ID "????????????????"
     Grid name " "
     Dimensions: 4583 rows, 1 cols, 1 lays, 8 vbles
     NetCDF ID:        12:
     Time-independent data.
     SRCID written to IOAPI_DAT
     VOC written to IOAPI_DAT
     OS_VOC written to IOAPI_DAT
     CE_VOC written to IOAPI_DAT
     RE_VOC written to IOAPI_DAT
     EF_VOC written to IOAPI_DAT
     C1_VOC written to IOAPI_DAT
     C2_VOC written to IOAPI_DAT

     Closing file "IOAPI_DAT"                                                        

      
     "IOAPI_DAT" opened as NEW(READ-WRITE) 
     File name "/stella/data/smkrel2/data/inventory/nctox/pnts_dat/NH3.ncf"
     File type GRDDED3 
     Execution ID "????????????????"
     Grid name " "
     Dimensions: 799 rows, 1 cols, 1 lays, 8 vbles
     NetCDF ID:        12:
     Time-independent data.
     SRCID written to IOAPI_DAT
     NH3 written to IOAPI_DAT
     OS_NH3 written to IOAPI_DAT
     CE_NH3 written to IOAPI_DAT
     RE_NH3 written to IOAPI_DAT
     EF_NH3 written to IOAPI_DAT
     C1_NH3 written to IOAPI_DAT
     C2_NH3 written to IOAPI_DAT

     Closing file "IOAPI_DAT"                                                        

      
     "IOAPI_DAT" opened as NEW(READ-WRITE) 
     File name "/stella/data/smkrel2/data/inventory/nctox/pnts_dat/SO2.ncf"
     File type GRDDED3 
     Execution ID "????????????????"
     Grid name " "
     Dimensions: 2757 rows, 1 cols, 1 lays, 8 vbles
     NetCDF ID:        12:
     Time-independent data.
     SRCID written to IOAPI_DAT
     SO2 written to IOAPI_DAT
     OS_SO2 written to IOAPI_DAT
     CE_SO2 written to IOAPI_DAT
     RE_SO2 written to IOAPI_DAT
     EF_SO2 written to IOAPI_DAT
     C1_SO2 written to IOAPI_DAT
     C2_SO2 written to IOAPI_DAT

     Closing file "IOAPI_DAT"                                                        

      
     "IOAPI_DAT" opened as NEW(READ-WRITE) 
     File name "/stella/data/smkrel2/data/inventory/nctox/pnts_dat/PM10.ncf"
     File type GRDDED3 
     Execution ID "????????????????"
     Grid name " "
     Dimensions: 4700 rows, 1 cols, 1 lays, 8 vbles
     NetCDF ID:        12:
     Time-independent data.
     SRCID written to IOAPI_DAT
     PM10 written to IOAPI_DAT
     OS_PM10 written to IOAPI_DAT
     CE_PM10 written to IOAPI_DAT
     RE_PM10 written to IOAPI_DAT
     EF_PM10 written to IOAPI_DAT
     C1_PM10 written to IOAPI_DAT
     C2_PM10 written to IOAPI_DAT

     Closing file "IOAPI_DAT"                                                        

      
     "IOAPI_DAT" opened as NEW(READ-WRITE) 
     File name "/stella/data/smkrel2/data/inventory/nctox/pnts_dat/PM2_5.ncf"
     File type GRDDED3 
     Execution ID "????????????????"
     Grid name " "
     Dimensions: 4682 rows, 1 cols, 1 lays, 8 vbles
     NetCDF ID:        12:
     Time-independent data.
     SRCID written to IOAPI_DAT
     PM2_5 written to IOAPI_DAT
     OS_PM2_5 written to IOAPI_DAT
     CE_PM2_5 written to IOAPI_DAT
     RE_PM2_5 written to IOAPI_DAT
     EF_PM2_5 written to IOAPI_DAT
     C1_PM2_5 written to IOAPI_DAT
     C2_PM2_5 written to IOAPI_DAT

     Closing file "IOAPI_DAT"                                                        

     WARNING: Resetting negative value of "CE_PMC" from -0.54E-04 to 0. for source:
          Region: 037003 Plant: 0005 Char1: 001 Char2: 001 Char3: 02 Char4: 0010200206
     WARNING: Resetting negative value of "CE_PMC" from -0.47E-04 to 0. for source:
          Region: 037035 Plant: 0072 Char1: 001 Char2: 001 Char3: 02 Char4: 0010200205
     WARNING: Resetting negative value of "CE_PMC" from -0.98E-04 to 0. for source:
          Region: 037081 Plant: 0518 Char1: 003 Char2: 003 Char3: 02 Char4: 0010200205
     WARNING: Resetting negative value of "CE_PMC" from -0.71E-04 to 0. for source:
          Region: 037107 Plant: 0169 Char1: 002 Char2: 002 Char3: 01 Char4: 0030203399
     WARNING: Resetting negative value of "CE_PMC" from -0.12E-04 to 0. for source:
          Region: 037107 Plant: 0169 Char1: 006 Char2: 006 Char3: 01 Char4: 0010200501
      
     "IOAPI_DAT" opened as NEW(READ-WRITE) 
     File name "/stella/data/smkrel2/data/inventory/nctox/pnts_dat/PMC.ncf"
     File type GRDDED3 
     Execution ID "????????????????"
     Grid name " "
     Dimensions: 3452 rows, 1 cols, 1 lays, 8 vbles
     NetCDF ID:        12:
     Time-independent data.
     SRCID written to IOAPI_DAT
     PMC written to IOAPI_DAT
     OS_PMC written to IOAPI_DAT
     CE_PMC written to IOAPI_DAT
     RE_PMC written to IOAPI_DAT
     EF_PMC written to IOAPI_DAT
     C1_PMC written to IOAPI_DAT
     C2_PMC written to IOAPI_DAT

     Closing file "IOAPI_DAT"                                                        

      
      
     Writing toxics report file...
      
     --->>  Normal Completion of program SMKINVEN
      
