      
     This program uses the EPA-AREAL/MCNC-Environmental Programs
     Models-3 I/O Applications Programming Interface, which is 
     built on top of the netCDF I/O library (Copyright 1993, 1996
     University Corporation for Atmospheric Research/Unidata 
     Program).  Portions copyright (C) 1992-2001 MCNC.  See URL
     "http://www.emc.mcnc.org/products/ioapi/NOTICE.html" for
     conditions of use.
      
     $Id$
      
     Library release tag: $Name$
      
      
     Library release tag: $Name$
      
      
     SMOKE ---------------
     Copyright (c)2002 MCNC--Environmental Modeling Center
     All rights reserved

     See file COPYRIGHT for conditions of use.

     Program SMKREPORT, Version $
     Online documentation 
         http://www.emc.mcnc.org/products/smoke           
      
     Program SMKREPORT to take any combination of SMOKE intermed-
     iate files (but at least an inventory file) and generate
     one or more user-defined reports in any combination of output
     files.
      
      
     You will need to enter the logical names for the input and
     output files (and to have set them prior to program start,
     using "setenv <logicalname> <pathname>").
      
     You may use END_OF-FILE (control-D) to quit the program
     during logical-name entry. Default responses are given in
     brackets [LIKE THIS] and can be accepted by hitting the
     <RETURN> key.
      
     Value for PROMPTFLAG:  N returning FALSE
     Returning default value TRUE for query:
     "Continue with program?"
     Value for PROMPTFLAG:  N returning FALSE

     File REPCONFIG opened for input on unit:  98
     /stella/data/smkrel2/data/inventory/nctox/other/repconfig.ar.inv.txt

     Value for PROMPTFLAG:  N returning FALSE
     Error opening file at path-name:
     netCDF error number  -51  processing file "AREA"
     Not a netCDF file
     Not a netCDF file
     /stella/data/smkrel2/data/inventory/nctox/area.map.nctox.txt
     Could not open file "AREA".

     File AREA opened for input on unit:  97
     /stella/data/smkrel2/data/inventory/nctox/area.map.nctox.txt

     Value for AREA:  '/stella/data/smkrel2/data/inventory/nctox/area.map.nctox.txt'

 WARNING: output file already exists: ASRC
 /stella/data/smkrel2/data/inventory/nctox/asrc.txt


     File "ASRC" opened for output on unit:  96
     /stella/data/smkrel2/data/inventory/nctox/asrc.txt

     Value for IOAPI_CHECK_HEADERS not defined;returning default:  FALSE
      
     "AREA" opened as OLD:READ-ONLY   
     File name "/stella/data/smkrel2/data/inventory/nctox/area.ncf"
     File type GRDDED3 
     Execution ID "????????????????"
     Grid name " "
     Dimensions: 8038 rows, 1 cols, 1 lays, 5 vbles
     NetCDF ID:         7:
     Time-independent data.
      
     "TMP_POL_FILE" opened as OLD:READ-ONLY   
     File name "/stella/data/smkrel2/data/inventory/nctox/area_dat/CO.ncf"
     File type GRDDED3 
     Execution ID "????????????????"
     Grid name " "
     Dimensions: 1008 rows, 1 cols, 1 lays, 7 vbles
     NetCDF ID:         8:
     Time-independent data.

     Closing file "TMP_POL_FILE"                                                     

      
     "TMP_POL_FILE" opened as OLD:READ-ONLY   
     File name "/stella/data/smkrel2/data/inventory/nctox/area_dat/NOX.ncf"
     File type GRDDED3 
     Execution ID "????????????????"
     Grid name " "
     Dimensions: 829 rows, 1 cols, 1 lays, 7 vbles
     NetCDF ID:         8:
     Time-independent data.

     Closing file "TMP_POL_FILE"                                                     

      
     "TMP_POL_FILE" opened as OLD:READ-ONLY   
     File name "/stella/data/smkrel2/data/inventory/nctox/area_dat/VOC.ncf"
     File type GRDDED3 
     Execution ID "????????????????"
     Grid name " "
     Dimensions: 4838 rows, 1 cols, 1 lays, 7 vbles
     NetCDF ID:         8:
     Time-independent data.

     Closing file "TMP_POL_FILE"                                                     

      
     "TMP_POL_FILE" opened as OLD:READ-ONLY   
     File name "/stella/data/smkrel2/data/inventory/nctox/area_dat/NH3.ncf"
     File type GRDDED3 
     Execution ID "????????????????"
     Grid name " "
     Dimensions: 2100 rows, 1 cols, 1 lays, 7 vbles
     NetCDF ID:         8:
     Time-independent data.

     Closing file "TMP_POL_FILE"                                                     

      
     "TMP_POL_FILE" opened as OLD:READ-ONLY   
     File name "/stella/data/smkrel2/data/inventory/nctox/area_dat/SO2.ncf"
     File type GRDDED3 
     Execution ID "????????????????"
     Grid name " "
     Dimensions: 1608 rows, 1 cols, 1 lays, 7 vbles
     NetCDF ID:         8:
     Time-independent data.

     Closing file "TMP_POL_FILE"                                                     

      
     "TMP_POL_FILE" opened as OLD:READ-ONLY   
     File name "/stella/data/smkrel2/data/inventory/nctox/area_dat/PM10.ncf"
     File type GRDDED3 
     Execution ID "????????????????"
     Grid name " "
     Dimensions: 2543 rows, 1 cols, 1 lays, 7 vbles
     NetCDF ID:         8:
     Time-independent data.

     Closing file "TMP_POL_FILE"                                                     

      
     "TMP_POL_FILE" opened as OLD:READ-ONLY   
     File name "/stella/data/smkrel2/data/inventory/nctox/area_dat/PM2_5.ncf"
     File type GRDDED3 
     Execution ID "????????????????"
     Grid name " "
     Dimensions: 2543 rows, 1 cols, 1 lays, 7 vbles
     NetCDF ID:         8:
     Time-independent data.

     Closing file "TMP_POL_FILE"                                                     

      
     "TMP_POL_FILE" opened as OLD:READ-ONLY   
     File name "/stella/data/smkrel2/data/inventory/nctox/area_dat/PMC.ncf"
     File type GRDDED3 
     Execution ID "????????????????"
     Grid name " "
     Dimensions: 2210 rows, 1 cols, 1 lays, 7 vbles
     NetCDF ID:         8:
     Time-independent data.

     Closing file "TMP_POL_FILE"                                                     

      
     "TMP_POL_FILE" opened as OLD:READ-ONLY   
     File name "/stella/data/smkrel2/data/inventory/nctox/area_dat/CO.ncf"
     File type GRDDED3 
     Execution ID "????????????????"
     Grid name " "
     Dimensions: 1008 rows, 1 cols, 1 lays, 7 vbles
     NetCDF ID:         8:
     Time-independent data.

     Closing file "TMP_POL_FILE"                                                     

      
     "TMP_POL_FILE" opened as OLD:READ-ONLY   
     File name "/stella/data/smkrel2/data/inventory/nctox/area_dat/NOX.ncf"
     File type GRDDED3 
     Execution ID "????????????????"
     Grid name " "
     Dimensions: 829 rows, 1 cols, 1 lays, 7 vbles
     NetCDF ID:         8:
     Time-independent data.

     Closing file "TMP_POL_FILE"                                                     

      
     "TMP_POL_FILE" opened as OLD:READ-ONLY   
     File name "/stella/data/smkrel2/data/inventory/nctox/area_dat/VOC.ncf"
     File type GRDDED3 
     Execution ID "????????????????"
     Grid name " "
     Dimensions: 4838 rows, 1 cols, 1 lays, 7 vbles
     NetCDF ID:         8:
     Time-independent data.

     Closing file "TMP_POL_FILE"                                                     

      
     "TMP_POL_FILE" opened as OLD:READ-ONLY   
     File name "/stella/data/smkrel2/data/inventory/nctox/area_dat/NH3.ncf"
     File type GRDDED3 
     Execution ID "????????????????"
     Grid name " "
     Dimensions: 2100 rows, 1 cols, 1 lays, 7 vbles
     NetCDF ID:         8:
     Time-independent data.

     Closing file "TMP_POL_FILE"                                                     

      
     "TMP_POL_FILE" opened as OLD:READ-ONLY   
     File name "/stella/data/smkrel2/data/inventory/nctox/area_dat/SO2.ncf"
     File type GRDDED3 
     Execution ID "????????????????"
     Grid name " "
     Dimensions: 1608 rows, 1 cols, 1 lays, 7 vbles
     NetCDF ID:         8:
     Time-independent data.

     Closing file "TMP_POL_FILE"                                                     

      
     "TMP_POL_FILE" opened as OLD:READ-ONLY   
     File name "/stella/data/smkrel2/data/inventory/nctox/area_dat/PM10.ncf"
     File type GRDDED3 
     Execution ID "????????????????"
     Grid name " "
     Dimensions: 2543 rows, 1 cols, 1 lays, 7 vbles
     NetCDF ID:         8:
     Time-independent data.

     Closing file "TMP_POL_FILE"                                                     

      
     "TMP_POL_FILE" opened as OLD:READ-ONLY   
     File name "/stella/data/smkrel2/data/inventory/nctox/area_dat/PM2_5.ncf"
     File type GRDDED3 
     Execution ID "????????????????"
     Grid name " "
     Dimensions: 2543 rows, 1 cols, 1 lays, 7 vbles
     NetCDF ID:         8:
     Time-independent data.

     Closing file "TMP_POL_FILE"                                                     

      
     "TMP_POL_FILE" opened as OLD:READ-ONLY   
     File name "/stella/data/smkrel2/data/inventory/nctox/area_dat/PMC.ncf"
     File type GRDDED3 
     Execution ID "????????????????"
     Grid name " "
     Dimensions: 2210 rows, 1 cols, 1 lays, 7 vbles
     NetCDF ID:         8:
     Time-independent data.

     Closing file "TMP_POL_FILE"                                                     

     Value for PROMPTFLAG:  N returning FALSE
      
     "AGMAT" opened as OLD:READ-ONLY   
     File name "/stella/data/smkrel2/data/run_nctox/static/agmat.us36-nc.nctox.ncf"
     File type SMATRX3 
     Execution ID "????????????????"
     Grid name "US36NC_23X12"
     Dimensions: 276 rows, 35536 cols, 1 lays, 1 vbles
     NetCDF ID:         8:
     Time-independent data.
     NOTE: Grid settings initialized using Area   in 
          gridding matrix.

     File COSTCY opened for input on unit:  95
     /stella/data/smkrel2/data/ge_dat/costcy.txt


     File SCCDESC opened for input on unit:  94
     /stella/data/smkrel2/data/ge_dat/scc_desc.txt

     Reading source data from inventory file...
     Generating unique lists from inventory data...
     Reading gridding matrix...
     Value for SMK_DEFAULT_TZONE:  5
     Reading state and county names and time zones...
     NOTE: Population data read from country/state/county file for year     2000
     ***** CHECKING INPUTS FOR REPORT         1  *****
     Value for REPORT1:  '/stella/data/smkrel2/data/reports/nctox/static/a.state.nctox.rpt'

     File "REPORT1" opened for output on unit:  93
     /stella/data/smkrel2/data/reports/nctox/static/a.state.nctox.rpt

               Selecting records...
               Aggregating output records...
               Reading emissions data and writing report...
      
     "TMP_POL_FILE" opened as OLD:READ-ONLY   
     File name "/stella/data/smkrel2/data/inventory/nctox/area_dat/CO.ncf"
     File type GRDDED3 
     Execution ID "????????????????"
     Grid name " "
     Dimensions: 1008 rows, 1 cols, 1 lays, 7 vbles
     NetCDF ID:        12:
     Time-independent data.

     Closing file "TMP_POL_FILE"                                                     

      
     "TMP_POL_FILE" opened as OLD:READ-ONLY   
     File name "/stella/data/smkrel2/data/inventory/nctox/area_dat/NOX.ncf"
     File type GRDDED3 
     Execution ID "????????????????"
     Grid name " "
     Dimensions: 829 rows, 1 cols, 1 lays, 7 vbles
     NetCDF ID:        12:
     Time-independent data.

     Closing file "TMP_POL_FILE"                                                     

      
     "TMP_POL_FILE" opened as OLD:READ-ONLY   
     File name "/stella/data/smkrel2/data/inventory/nctox/area_dat/VOC.ncf"
     File type GRDDED3 
     Execution ID "????????????????"
     Grid name " "
     Dimensions: 4838 rows, 1 cols, 1 lays, 7 vbles
     NetCDF ID:        12:
     Time-independent data.

     Closing file "TMP_POL_FILE"                                                     

      
     "TMP_POL_FILE" opened as OLD:READ-ONLY   
     File name "/stella/data/smkrel2/data/inventory/nctox/area_dat/NH3.ncf"
     File type GRDDED3 
     Execution ID "????????????????"
     Grid name " "
     Dimensions: 2100 rows, 1 cols, 1 lays, 7 vbles
     NetCDF ID:        12:
     Time-independent data.

     Closing file "TMP_POL_FILE"                                                     

      
     "TMP_POL_FILE" opened as OLD:READ-ONLY   
     File name "/stella/data/smkrel2/data/inventory/nctox/area_dat/SO2.ncf"
     File type GRDDED3 
     Execution ID "????????????????"
     Grid name " "
     Dimensions: 1608 rows, 1 cols, 1 lays, 7 vbles
     NetCDF ID:        12:
     Time-independent data.

     Closing file "TMP_POL_FILE"                                                     

      
     "TMP_POL_FILE" opened as OLD:READ-ONLY   
     File name "/stella/data/smkrel2/data/inventory/nctox/area_dat/PM10.ncf"
     File type GRDDED3 
     Execution ID "????????????????"
     Grid name " "
     Dimensions: 2543 rows, 1 cols, 1 lays, 7 vbles
     NetCDF ID:        12:
     Time-independent data.

     Closing file "TMP_POL_FILE"                                                     

      
     "TMP_POL_FILE" opened as OLD:READ-ONLY   
     File name "/stella/data/smkrel2/data/inventory/nctox/area_dat/PM2_5.ncf"
     File type GRDDED3 
     Execution ID "????????????????"
     Grid name " "
     Dimensions: 2543 rows, 1 cols, 1 lays, 7 vbles
     NetCDF ID:        12:
     Time-independent data.

     Closing file "TMP_POL_FILE"                                                     

      
     "TMP_POL_FILE" opened as OLD:READ-ONLY   
     File name "/stella/data/smkrel2/data/inventory/nctox/area_dat/PMC.ncf"
     File type GRDDED3 
     Execution ID "????????????????"
     Grid name " "
     Dimensions: 2210 rows, 1 cols, 1 lays, 7 vbles
     NetCDF ID:        12:
     Time-independent data.

     Closing file "TMP_POL_FILE"                                                     

      
     "IOAPI_DAT" opened as OLD:READ-ONLY   
     File name "/stella/data/smkrel2/data/inventory/nctox/area_dat/CO.ncf"
     File type GRDDED3 
     Execution ID "????????????????"
     Grid name " "
     Dimensions: 1008 rows, 1 cols, 1 lays, 7 vbles
     NetCDF ID:        12:
     Time-independent data.

     Closing file "IOAPI_DAT"                                                        

      
     "IOAPI_DAT" opened as OLD:READ-ONLY   
     File name "/stella/data/smkrel2/data/inventory/nctox/area_dat/NOX.ncf"
     File type GRDDED3 
     Execution ID "????????????????"
     Grid name " "
     Dimensions: 829 rows, 1 cols, 1 lays, 7 vbles
     NetCDF ID:        12:
     Time-independent data.

     Closing file "IOAPI_DAT"                                                        

      
     "IOAPI_DAT" opened as OLD:READ-ONLY   
     File name "/stella/data/smkrel2/data/inventory/nctox/area_dat/VOC.ncf"
     File type GRDDED3 
     Execution ID "????????????????"
     Grid name " "
     Dimensions: 4838 rows, 1 cols, 1 lays, 7 vbles
     NetCDF ID:        12:
     Time-independent data.

     Closing file "IOAPI_DAT"                                                        

      
     "IOAPI_DAT" opened as OLD:READ-ONLY   
     File name "/stella/data/smkrel2/data/inventory/nctox/area_dat/NH3.ncf"
     File type GRDDED3 
     Execution ID "????????????????"
     Grid name " "
     Dimensions: 2100 rows, 1 cols, 1 lays, 7 vbles
     NetCDF ID:        12:
     Time-independent data.

     Closing file "IOAPI_DAT"                                                        

      
     "IOAPI_DAT" opened as OLD:READ-ONLY   
     File name "/stella/data/smkrel2/data/inventory/nctox/area_dat/SO2.ncf"
     File type GRDDED3 
     Execution ID "????????????????"
     Grid name " "
     Dimensions: 1608 rows, 1 cols, 1 lays, 7 vbles
     NetCDF ID:        12:
     Time-independent data.

     Closing file "IOAPI_DAT"                                                        

      
     "IOAPI_DAT" opened as OLD:READ-ONLY   
     File name "/stella/data/smkrel2/data/inventory/nctox/area_dat/PM10.ncf"
     File type GRDDED3 
     Execution ID "????????????????"
     Grid name " "
     Dimensions: 2543 rows, 1 cols, 1 lays, 7 vbles
     NetCDF ID:        12:
     Time-independent data.

     Closing file "IOAPI_DAT"                                                        

      
     "IOAPI_DAT" opened as OLD:READ-ONLY   
     File name "/stella/data/smkrel2/data/inventory/nctox/area_dat/PM2_5.ncf"
     File type GRDDED3 
     Execution ID "????????????????"
     Grid name " "
     Dimensions: 2543 rows, 1 cols, 1 lays, 7 vbles
     NetCDF ID:        12:
     Time-independent data.

     Closing file "IOAPI_DAT"                                                        

      
     "IOAPI_DAT" opened as OLD:READ-ONLY   
     File name "/stella/data/smkrel2/data/inventory/nctox/area_dat/PMC.ncf"
     File type GRDDED3 
     Execution ID "????????????????"
     Grid name " "
     Dimensions: 2210 rows, 1 cols, 1 lays, 7 vbles
     NetCDF ID:        12:
     Time-independent data.

     Closing file "IOAPI_DAT"                                                        

     ***** CHECKING INPUTS FOR REPORT         2  *****
     Value for REPORT2:  '/stella/data/smkrel2/data/reports/nctox/static/a.county.nctox.rpt'

     File "REPORT2" opened for output on unit:  93
     /stella/data/smkrel2/data/reports/nctox/static/a.county.nctox.rpt

               Selecting records...
               Aggregating output records...
               Reading emissions data and writing report...
      
     "TMP_POL_FILE" opened as OLD:READ-ONLY   
     File name "/stella/data/smkrel2/data/inventory/nctox/area_dat/CO.ncf"
     File type GRDDED3 
     Execution ID "????????????????"
     Grid name " "
     Dimensions: 1008 rows, 1 cols, 1 lays, 7 vbles
     NetCDF ID:        12:
     Time-independent data.

     Closing file "TMP_POL_FILE"                                                     

      
     "TMP_POL_FILE" opened as OLD:READ-ONLY   
     File name "/stella/data/smkrel2/data/inventory/nctox/area_dat/NOX.ncf"
     File type GRDDED3 
     Execution ID "????????????????"
     Grid name " "
     Dimensions: 829 rows, 1 cols, 1 lays, 7 vbles
     NetCDF ID:        12:
     Time-independent data.

     Closing file "TMP_POL_FILE"                                                     

      
     "TMP_POL_FILE" opened as OLD:READ-ONLY   
     File name "/stella/data/smkrel2/data/inventory/nctox/area_dat/VOC.ncf"
     File type GRDDED3 
     Execution ID "????????????????"
     Grid name " "
     Dimensions: 4838 rows, 1 cols, 1 lays, 7 vbles
     NetCDF ID:        12:
     Time-independent data.

     Closing file "TMP_POL_FILE"                                                     

      
     "TMP_POL_FILE" opened as OLD:READ-ONLY   
     File name "/stella/data/smkrel2/data/inventory/nctox/area_dat/NH3.ncf"
     File type GRDDED3 
     Execution ID "????????????????"
     Grid name " "
     Dimensions: 2100 rows, 1 cols, 1 lays, 7 vbles
     NetCDF ID:        12:
     Time-independent data.

     Closing file "TMP_POL_FILE"                                                     

      
     "TMP_POL_FILE" opened as OLD:READ-ONLY   
     File name "/stella/data/smkrel2/data/inventory/nctox/area_dat/SO2.ncf"
     File type GRDDED3 
     Execution ID "????????????????"
     Grid name " "
     Dimensions: 1608 rows, 1 cols, 1 lays, 7 vbles
     NetCDF ID:        12:
     Time-independent data.

     Closing file "TMP_POL_FILE"                                                     

      
     "TMP_POL_FILE" opened as OLD:READ-ONLY   
     File name "/stella/data/smkrel2/data/inventory/nctox/area_dat/PM10.ncf"
     File type GRDDED3 
     Execution ID "????????????????"
     Grid name " "
     Dimensions: 2543 rows, 1 cols, 1 lays, 7 vbles
     NetCDF ID:        12:
     Time-independent data.

     Closing file "TMP_POL_FILE"                                                     

      
     "TMP_POL_FILE" opened as OLD:READ-ONLY   
     File name "/stella/data/smkrel2/data/inventory/nctox/area_dat/PM2_5.ncf"
     File type GRDDED3 
     Execution ID "????????????????"
     Grid name " "
     Dimensions: 2543 rows, 1 cols, 1 lays, 7 vbles
     NetCDF ID:        12:
     Time-independent data.

     Closing file "TMP_POL_FILE"                                                     

      
     "TMP_POL_FILE" opened as OLD:READ-ONLY   
     File name "/stella/data/smkrel2/data/inventory/nctox/area_dat/PMC.ncf"
     File type GRDDED3 
     Execution ID "????????????????"
     Grid name " "
     Dimensions: 2210 rows, 1 cols, 1 lays, 7 vbles
     NetCDF ID:        12:
     Time-independent data.

     Closing file "TMP_POL_FILE"                                                     

      
     "IOAPI_DAT" opened as OLD:READ-ONLY   
     File name "/stella/data/smkrel2/data/inventory/nctox/area_dat/CO.ncf"
     File type GRDDED3 
     Execution ID "????????????????"
     Grid name " "
     Dimensions: 1008 rows, 1 cols, 1 lays, 7 vbles
     NetCDF ID:        12:
     Time-independent data.

     Closing file "IOAPI_DAT"                                                        

      
     "IOAPI_DAT" opened as OLD:READ-ONLY   
     File name "/stella/data/smkrel2/data/inventory/nctox/area_dat/NOX.ncf"
     File type GRDDED3 
     Execution ID "????????????????"
     Grid name " "
     Dimensions: 829 rows, 1 cols, 1 lays, 7 vbles
     NetCDF ID:        12:
     Time-independent data.

     Closing file "IOAPI_DAT"                                                        

      
     "IOAPI_DAT" opened as OLD:READ-ONLY   
     File name "/stella/data/smkrel2/data/inventory/nctox/area_dat/VOC.ncf"
     File type GRDDED3 
     Execution ID "????????????????"
     Grid name " "
     Dimensions: 4838 rows, 1 cols, 1 lays, 7 vbles
     NetCDF ID:        12:
     Time-independent data.

     Closing file "IOAPI_DAT"                                                        

      
     "IOAPI_DAT" opened as OLD:READ-ONLY   
     File name "/stella/data/smkrel2/data/inventory/nctox/area_dat/NH3.ncf"
     File type GRDDED3 
     Execution ID "????????????????"
     Grid name " "
     Dimensions: 2100 rows, 1 cols, 1 lays, 7 vbles
     NetCDF ID:        12:
     Time-independent data.

     Closing file "IOAPI_DAT"                                                        

      
     "IOAPI_DAT" opened as OLD:READ-ONLY   
     File name "/stella/data/smkrel2/data/inventory/nctox/area_dat/SO2.ncf"
     File type GRDDED3 
     Execution ID "????????????????"
     Grid name " "
     Dimensions: 1608 rows, 1 cols, 1 lays, 7 vbles
     NetCDF ID:        12:
     Time-independent data.

     Closing file "IOAPI_DAT"                                                        

      
     "IOAPI_DAT" opened as OLD:READ-ONLY   
     File name "/stella/data/smkrel2/data/inventory/nctox/area_dat/PM10.ncf"
     File type GRDDED3 
     Execution ID "????????????????"
     Grid name " "
     Dimensions: 2543 rows, 1 cols, 1 lays, 7 vbles
     NetCDF ID:        12:
     Time-independent data.

     Closing file "IOAPI_DAT"                                                        

      
     "IOAPI_DAT" opened as OLD:READ-ONLY   
     File name "/stella/data/smkrel2/data/inventory/nctox/area_dat/PM2_5.ncf"
     File type GRDDED3 
     Execution ID "????????????????"
     Grid name " "
     Dimensions: 2543 rows, 1 cols, 1 lays, 7 vbles
     NetCDF ID:        12:
     Time-independent data.

     Closing file "IOAPI_DAT"                                                        

      
     "IOAPI_DAT" opened as OLD:READ-ONLY   
     File name "/stella/data/smkrel2/data/inventory/nctox/area_dat/PMC.ncf"
     File type GRDDED3 
     Execution ID "????????????????"
     Grid name " "
     Dimensions: 2210 rows, 1 cols, 1 lays, 7 vbles
     NetCDF ID:        12:
     Time-independent data.

     Closing file "IOAPI_DAT"                                                        

     ***** CHECKING INPUTS FOR REPORT         3  *****
     Value for REPORT3:  '/stella/data/smkrel2/data/reports/nctox/static/a.scc.nctox.rpt'

     File "REPORT3" opened for output on unit:  93
     /stella/data/smkrel2/data/reports/nctox/static/a.scc.nctox.rpt

               Selecting records...
               Aggregating output records...
               Reading emissions data and writing report...
      
     "TMP_POL_FILE" opened as OLD:READ-ONLY   
     File name "/stella/data/smkrel2/data/inventory/nctox/area_dat/CO.ncf"
     File type GRDDED3 
     Execution ID "????????????????"
     Grid name " "
     Dimensions: 1008 rows, 1 cols, 1 lays, 7 vbles
     NetCDF ID:        12:
     Time-independent data.

     Closing file "TMP_POL_FILE"                                                     

      
     "TMP_POL_FILE" opened as OLD:READ-ONLY   
     File name "/stella/data/smkrel2/data/inventory/nctox/area_dat/NOX.ncf"
     File type GRDDED3 
     Execution ID "????????????????"
     Grid name " "
     Dimensions: 829 rows, 1 cols, 1 lays, 7 vbles
     NetCDF ID:        12:
     Time-independent data.

     Closing file "TMP_POL_FILE"                                                     

      
     "TMP_POL_FILE" opened as OLD:READ-ONLY   
     File name "/stella/data/smkrel2/data/inventory/nctox/area_dat/VOC.ncf"
     File type GRDDED3 
     Execution ID "????????????????"
     Grid name " "
     Dimensions: 4838 rows, 1 cols, 1 lays, 7 vbles
     NetCDF ID:        12:
     Time-independent data.

     Closing file "TMP_POL_FILE"                                                     

      
     "TMP_POL_FILE" opened as OLD:READ-ONLY   
     File name "/stella/data/smkrel2/data/inventory/nctox/area_dat/NH3.ncf"
     File type GRDDED3 
     Execution ID "????????????????"
     Grid name " "
     Dimensions: 2100 rows, 1 cols, 1 lays, 7 vbles
     NetCDF ID:        12:
     Time-independent data.

     Closing file "TMP_POL_FILE"                                                     

      
     "TMP_POL_FILE" opened as OLD:READ-ONLY   
     File name "/stella/data/smkrel2/data/inventory/nctox/area_dat/SO2.ncf"
     File type GRDDED3 
     Execution ID "????????????????"
     Grid name " "
     Dimensions: 1608 rows, 1 cols, 1 lays, 7 vbles
     NetCDF ID:        12:
     Time-independent data.

     Closing file "TMP_POL_FILE"                                                     

      
     "TMP_POL_FILE" opened as OLD:READ-ONLY   
     File name "/stella/data/smkrel2/data/inventory/nctox/area_dat/PM10.ncf"
     File type GRDDED3 
     Execution ID "????????????????"
     Grid name " "
     Dimensions: 2543 rows, 1 cols, 1 lays, 7 vbles
     NetCDF ID:        12:
     Time-independent data.

     Closing file "TMP_POL_FILE"                                                     

      
     "TMP_POL_FILE" opened as OLD:READ-ONLY   
     File name "/stella/data/smkrel2/data/inventory/nctox/area_dat/PM2_5.ncf"
     File type GRDDED3 
     Execution ID "????????????????"
     Grid name " "
     Dimensions: 2543 rows, 1 cols, 1 lays, 7 vbles
     NetCDF ID:        12:
     Time-independent data.

     Closing file "TMP_POL_FILE"                                                     

      
     "TMP_POL_FILE" opened as OLD:READ-ONLY   
     File name "/stella/data/smkrel2/data/inventory/nctox/area_dat/PMC.ncf"
     File type GRDDED3 
     Execution ID "????????????????"
     Grid name " "
     Dimensions: 2210 rows, 1 cols, 1 lays, 7 vbles
     NetCDF ID:        12:
     Time-independent data.

     Closing file "TMP_POL_FILE"                                                     

      
     "IOAPI_DAT" opened as OLD:READ-ONLY   
     File name "/stella/data/smkrel2/data/inventory/nctox/area_dat/CO.ncf"
     File type GRDDED3 
     Execution ID "????????????????"
     Grid name " "
     Dimensions: 1008 rows, 1 cols, 1 lays, 7 vbles
     NetCDF ID:        12:
     Time-independent data.

     Closing file "IOAPI_DAT"                                                        

      
     "IOAPI_DAT" opened as OLD:READ-ONLY   
     File name "/stella/data/smkrel2/data/inventory/nctox/area_dat/NOX.ncf"
     File type GRDDED3 
     Execution ID "????????????????"
     Grid name " "
     Dimensions: 829 rows, 1 cols, 1 lays, 7 vbles
     NetCDF ID:        12:
     Time-independent data.

     Closing file "IOAPI_DAT"                                                        

      
     "IOAPI_DAT" opened as OLD:READ-ONLY   
     File name "/stella/data/smkrel2/data/inventory/nctox/area_dat/VOC.ncf"
     File type GRDDED3 
     Execution ID "????????????????"
     Grid name " "
     Dimensions: 4838 rows, 1 cols, 1 lays, 7 vbles
     NetCDF ID:        12:
     Time-independent data.

     Closing file "IOAPI_DAT"                                                        

      
     "IOAPI_DAT" opened as OLD:READ-ONLY   
     File name "/stella/data/smkrel2/data/inventory/nctox/area_dat/NH3.ncf"
     File type GRDDED3 
     Execution ID "????????????????"
     Grid name " "
     Dimensions: 2100 rows, 1 cols, 1 lays, 7 vbles
     NetCDF ID:        12:
     Time-independent data.

     Closing file "IOAPI_DAT"                                                        

      
     "IOAPI_DAT" opened as OLD:READ-ONLY   
     File name "/stella/data/smkrel2/data/inventory/nctox/area_dat/SO2.ncf"
     File type GRDDED3 
     Execution ID "????????????????"
     Grid name " "
     Dimensions: 1608 rows, 1 cols, 1 lays, 7 vbles
     NetCDF ID:        12:
     Time-independent data.

     Closing file "IOAPI_DAT"                                                        

      
     "IOAPI_DAT" opened as OLD:READ-ONLY   
     File name "/stella/data/smkrel2/data/inventory/nctox/area_dat/PM10.ncf"
     File type GRDDED3 
     Execution ID "????????????????"
     Grid name " "
     Dimensions: 2543 rows, 1 cols, 1 lays, 7 vbles
     NetCDF ID:        12:
     Time-independent data.

     Closing file "IOAPI_DAT"                                                        

      
     "IOAPI_DAT" opened as OLD:READ-ONLY   
     File name "/stella/data/smkrel2/data/inventory/nctox/area_dat/PM2_5.ncf"
     File type GRDDED3 
     Execution ID "????????????????"
     Grid name " "
     Dimensions: 2543 rows, 1 cols, 1 lays, 7 vbles
     NetCDF ID:        12:
     Time-independent data.

     Closing file "IOAPI_DAT"                                                        

      
     "IOAPI_DAT" opened as OLD:READ-ONLY   
     File name "/stella/data/smkrel2/data/inventory/nctox/area_dat/PMC.ncf"
     File type GRDDED3 
     Execution ID "????????????????"
     Grid name " "
     Dimensions: 2210 rows, 1 cols, 1 lays, 7 vbles
     NetCDF ID:        12:
     Time-independent data.

     Closing file "IOAPI_DAT"                                                        

     ***** CHECKING INPUTS FOR REPORT         4  *****
     Value for REPORT4:  '/stella/data/smkrel2/data/reports/nctox/static/a.state_scc.nctox.rpt'

     File "REPORT4" opened for output on unit:  93
     /stella/data/smkrel2/data/reports/nctox/static/a.state_scc.nctox.rpt

               Selecting records...
               Aggregating output records...
               Reading emissions data and writing report...
      
     "TMP_POL_FILE" opened as OLD:READ-ONLY   
     File name "/stella/data/smkrel2/data/inventory/nctox/area_dat/CO.ncf"
     File type GRDDED3 
     Execution ID "????????????????"
     Grid name " "
     Dimensions: 1008 rows, 1 cols, 1 lays, 7 vbles
     NetCDF ID:        12:
     Time-independent data.

     Closing file "TMP_POL_FILE"                                                     

      
     "TMP_POL_FILE" opened as OLD:READ-ONLY   
     File name "/stella/data/smkrel2/data/inventory/nctox/area_dat/NOX.ncf"
     File type GRDDED3 
     Execution ID "????????????????"
     Grid name " "
     Dimensions: 829 rows, 1 cols, 1 lays, 7 vbles
     NetCDF ID:        12:
     Time-independent data.

     Closing file "TMP_POL_FILE"                                                     

      
     "TMP_POL_FILE" opened as OLD:READ-ONLY   
     File name "/stella/data/smkrel2/data/inventory/nctox/area_dat/VOC.ncf"
     File type GRDDED3 
     Execution ID "????????????????"
     Grid name " "
     Dimensions: 4838 rows, 1 cols, 1 lays, 7 vbles
     NetCDF ID:        12:
     Time-independent data.

     Closing file "TMP_POL_FILE"                                                     

      
     "TMP_POL_FILE" opened as OLD:READ-ONLY   
     File name "/stella/data/smkrel2/data/inventory/nctox/area_dat/NH3.ncf"
     File type GRDDED3 
     Execution ID "????????????????"
     Grid name " "
     Dimensions: 2100 rows, 1 cols, 1 lays, 7 vbles
     NetCDF ID:        12:
     Time-independent data.

     Closing file "TMP_POL_FILE"                                                     

      
     "TMP_POL_FILE" opened as OLD:READ-ONLY   
     File name "/stella/data/smkrel2/data/inventory/nctox/area_dat/SO2.ncf"
     File type GRDDED3 
     Execution ID "????????????????"
     Grid name " "
     Dimensions: 1608 rows, 1 cols, 1 lays, 7 vbles
     NetCDF ID:        12:
     Time-independent data.

     Closing file "TMP_POL_FILE"                                                     

      
     "TMP_POL_FILE" opened as OLD:READ-ONLY   
     File name "/stella/data/smkrel2/data/inventory/nctox/area_dat/PM10.ncf"
     File type GRDDED3 
     Execution ID "????????????????"
     Grid name " "
     Dimensions: 2543 rows, 1 cols, 1 lays, 7 vbles
     NetCDF ID:        12:
     Time-independent data.

     Closing file "TMP_POL_FILE"                                                     

      
     "TMP_POL_FILE" opened as OLD:READ-ONLY   
     File name "/stella/data/smkrel2/data/inventory/nctox/area_dat/PM2_5.ncf"
     File type GRDDED3 
     Execution ID "????????????????"
     Grid name " "
     Dimensions: 2543 rows, 1 cols, 1 lays, 7 vbles
     NetCDF ID:        12:
     Time-independent data.

     Closing file "TMP_POL_FILE"                                                     

      
     "TMP_POL_FILE" opened as OLD:READ-ONLY   
     File name "/stella/data/smkrel2/data/inventory/nctox/area_dat/PMC.ncf"
     File type GRDDED3 
     Execution ID "????????????????"
     Grid name " "
     Dimensions: 2210 rows, 1 cols, 1 lays, 7 vbles
     NetCDF ID:        12:
     Time-independent data.

     Closing file "TMP_POL_FILE"                                                     

      
     "IOAPI_DAT" opened as OLD:READ-ONLY   
     File name "/stella/data/smkrel2/data/inventory/nctox/area_dat/CO.ncf"
     File type GRDDED3 
     Execution ID "????????????????"
     Grid name " "
     Dimensions: 1008 rows, 1 cols, 1 lays, 7 vbles
     NetCDF ID:        12:
     Time-independent data.

     Closing file "IOAPI_DAT"                                                        

      
     "IOAPI_DAT" opened as OLD:READ-ONLY   
     File name "/stella/data/smkrel2/data/inventory/nctox/area_dat/NOX.ncf"
     File type GRDDED3 
     Execution ID "????????????????"
     Grid name " "
     Dimensions: 829 rows, 1 cols, 1 lays, 7 vbles
     NetCDF ID:        12:
     Time-independent data.

     Closing file "IOAPI_DAT"                                                        

      
     "IOAPI_DAT" opened as OLD:READ-ONLY   
     File name "/stella/data/smkrel2/data/inventory/nctox/area_dat/VOC.ncf"
     File type GRDDED3 
     Execution ID "????????????????"
     Grid name " "
     Dimensions: 4838 rows, 1 cols, 1 lays, 7 vbles
     NetCDF ID:        12:
     Time-independent data.

     Closing file "IOAPI_DAT"                                                        

      
     "IOAPI_DAT" opened as OLD:READ-ONLY   
     File name "/stella/data/smkrel2/data/inventory/nctox/area_dat/NH3.ncf"
     File type GRDDED3 
     Execution ID "????????????????"
     Grid name " "
     Dimensions: 2100 rows, 1 cols, 1 lays, 7 vbles
     NetCDF ID:        12:
     Time-independent data.

     Closing file "IOAPI_DAT"                                                        

      
     "IOAPI_DAT" opened as OLD:READ-ONLY   
     File name "/stella/data/smkrel2/data/inventory/nctox/area_dat/SO2.ncf"
     File type GRDDED3 
     Execution ID "????????????????"
     Grid name " "
     Dimensions: 1608 rows, 1 cols, 1 lays, 7 vbles
     NetCDF ID:        12:
     Time-independent data.

     Closing file "IOAPI_DAT"                                                        

      
     "IOAPI_DAT" opened as OLD:READ-ONLY   
     File name "/stella/data/smkrel2/data/inventory/nctox/area_dat/PM10.ncf"
     File type GRDDED3 
     Execution ID "????????????????"
     Grid name " "
     Dimensions: 2543 rows, 1 cols, 1 lays, 7 vbles
     NetCDF ID:        12:
     Time-independent data.

     Closing file "IOAPI_DAT"                                                        

      
     "IOAPI_DAT" opened as OLD:READ-ONLY   
     File name "/stella/data/smkrel2/data/inventory/nctox/area_dat/PM2_5.ncf"
     File type GRDDED3 
     Execution ID "????????????????"
     Grid name " "
     Dimensions: 2543 rows, 1 cols, 1 lays, 7 vbles
     NetCDF ID:        12:
     Time-independent data.

     Closing file "IOAPI_DAT"                                                        

      
     "IOAPI_DAT" opened as OLD:READ-ONLY   
     File name "/stella/data/smkrel2/data/inventory/nctox/area_dat/PMC.ncf"
     File type GRDDED3 
     Execution ID "????????????????"
     Grid name " "
     Dimensions: 2210 rows, 1 cols, 1 lays, 7 vbles
     NetCDF ID:        12:
     Time-independent data.

     Closing file "IOAPI_DAT"                                                        

     ***** CHECKING INPUTS FOR REPORT         5  *****
     Value for REPORT5:  '/stella/data/smkrel2/data/reports/nctox/static/ag.state.us36-nc.nctox.rpt'

     File "REPORT5" opened for output on unit:  93
     /stella/data/smkrel2/data/reports/nctox/static/ag.state.us36-nc.nctox.rpt

               Selecting records...
               Aggregating output records...
               Reading emissions data and writing report...
      
     "TMP_POL_FILE" opened as OLD:READ-ONLY   
     File name "/stella/data/smkrel2/data/inventory/nctox/area_dat/CO.ncf"
     File type GRDDED3 
     Execution ID "????????????????"
     Grid name " "
     Dimensions: 1008 rows, 1 cols, 1 lays, 7 vbles
     NetCDF ID:        12:
     Time-independent data.

     Closing file "TMP_POL_FILE"                                                     

      
     "TMP_POL_FILE" opened as OLD:READ-ONLY   
     File name "/stella/data/smkrel2/data/inventory/nctox/area_dat/NOX.ncf"
     File type GRDDED3 
     Execution ID "????????????????"
     Grid name " "
     Dimensions: 829 rows, 1 cols, 1 lays, 7 vbles
     NetCDF ID:        12:
     Time-independent data.

     Closing file "TMP_POL_FILE"                                                     

      
     "TMP_POL_FILE" opened as OLD:READ-ONLY   
     File name "/stella/data/smkrel2/data/inventory/nctox/area_dat/VOC.ncf"
     File type GRDDED3 
     Execution ID "????????????????"
     Grid name " "
     Dimensions: 4838 rows, 1 cols, 1 lays, 7 vbles
     NetCDF ID:        12:
     Time-independent data.

     Closing file "TMP_POL_FILE"                                                     

      
     "TMP_POL_FILE" opened as OLD:READ-ONLY   
     File name "/stella/data/smkrel2/data/inventory/nctox/area_dat/NH3.ncf"
     File type GRDDED3 
     Execution ID "????????????????"
     Grid name " "
     Dimensions: 2100 rows, 1 cols, 1 lays, 7 vbles
     NetCDF ID:        12:
     Time-independent data.

     Closing file "TMP_POL_FILE"                                                     

      
     "TMP_POL_FILE" opened as OLD:READ-ONLY   
     File name "/stella/data/smkrel2/data/inventory/nctox/area_dat/SO2.ncf"
     File type GRDDED3 
     Execution ID "????????????????"
     Grid name " "
     Dimensions: 1608 rows, 1 cols, 1 lays, 7 vbles
     NetCDF ID:        12:
     Time-independent data.

     Closing file "TMP_POL_FILE"                                                     

      
     "TMP_POL_FILE" opened as OLD:READ-ONLY   
     File name "/stella/data/smkrel2/data/inventory/nctox/area_dat/PM10.ncf"
     File type GRDDED3 
     Execution ID "????????????????"
     Grid name " "
     Dimensions: 2543 rows, 1 cols, 1 lays, 7 vbles
     NetCDF ID:        12:
     Time-independent data.

     Closing file "TMP_POL_FILE"                                                     

      
     "TMP_POL_FILE" opened as OLD:READ-ONLY   
     File name "/stella/data/smkrel2/data/inventory/nctox/area_dat/PM2_5.ncf"
     File type GRDDED3 
     Execution ID "????????????????"
     Grid name " "
     Dimensions: 2543 rows, 1 cols, 1 lays, 7 vbles
     NetCDF ID:        12:
     Time-independent data.

     Closing file "TMP_POL_FILE"                                                     

      
     "TMP_POL_FILE" opened as OLD:READ-ONLY   
     File name "/stella/data/smkrel2/data/inventory/nctox/area_dat/PMC.ncf"
     File type GRDDED3 
     Execution ID "????????????????"
     Grid name " "
     Dimensions: 2210 rows, 1 cols, 1 lays, 7 vbles
     NetCDF ID:        12:
     Time-independent data.

     Closing file "TMP_POL_FILE"                                                     

      
     "IOAPI_DAT" opened as OLD:READ-ONLY   
     File name "/stella/data/smkrel2/data/inventory/nctox/area_dat/CO.ncf"
     File type GRDDED3 
     Execution ID "????????????????"
     Grid name " "
     Dimensions: 1008 rows, 1 cols, 1 lays, 7 vbles
     NetCDF ID:        12:
     Time-independent data.

     Closing file "IOAPI_DAT"                                                        

      
     "IOAPI_DAT" opened as OLD:READ-ONLY   
     File name "/stella/data/smkrel2/data/inventory/nctox/area_dat/NOX.ncf"
     File type GRDDED3 
     Execution ID "????????????????"
     Grid name " "
     Dimensions: 829 rows, 1 cols, 1 lays, 7 vbles
     NetCDF ID:        12:
     Time-independent data.

     Closing file "IOAPI_DAT"                                                        

      
     "IOAPI_DAT" opened as OLD:READ-ONLY   
     File name "/stella/data/smkrel2/data/inventory/nctox/area_dat/VOC.ncf"
     File type GRDDED3 
     Execution ID "????????????????"
     Grid name " "
     Dimensions: 4838 rows, 1 cols, 1 lays, 7 vbles
     NetCDF ID:        12:
     Time-independent data.

     Closing file "IOAPI_DAT"                                                        

      
     "IOAPI_DAT" opened as OLD:READ-ONLY   
     File name "/stella/data/smkrel2/data/inventory/nctox/area_dat/NH3.ncf"
     File type GRDDED3 
     Execution ID "????????????????"
     Grid name " "
     Dimensions: 2100 rows, 1 cols, 1 lays, 7 vbles
     NetCDF ID:        12:
     Time-independent data.

     Closing file "IOAPI_DAT"                                                        

      
     "IOAPI_DAT" opened as OLD:READ-ONLY   
     File name "/stella/data/smkrel2/data/inventory/nctox/area_dat/SO2.ncf"
     File type GRDDED3 
     Execution ID "????????????????"
     Grid name " "
     Dimensions: 1608 rows, 1 cols, 1 lays, 7 vbles
     NetCDF ID:        12:
     Time-independent data.

     Closing file "IOAPI_DAT"                                                        

      
     "IOAPI_DAT" opened as OLD:READ-ONLY   
     File name "/stella/data/smkrel2/data/inventory/nctox/area_dat/PM10.ncf"
     File type GRDDED3 
     Execution ID "????????????????"
     Grid name " "
     Dimensions: 2543 rows, 1 cols, 1 lays, 7 vbles
     NetCDF ID:        12:
     Time-independent data.

     Closing file "IOAPI_DAT"                                                        

      
     "IOAPI_DAT" opened as OLD:READ-ONLY   
     File name "/stella/data/smkrel2/data/inventory/nctox/area_dat/PM2_5.ncf"
     File type GRDDED3 
     Execution ID "????????????????"
     Grid name " "
     Dimensions: 2543 rows, 1 cols, 1 lays, 7 vbles
     NetCDF ID:        12:
     Time-independent data.

     Closing file "IOAPI_DAT"                                                        

      
     "IOAPI_DAT" opened as OLD:READ-ONLY   
     File name "/stella/data/smkrel2/data/inventory/nctox/area_dat/PMC.ncf"
     File type GRDDED3 
     Execution ID "????????????????"
     Grid name " "
     Dimensions: 2210 rows, 1 cols, 1 lays, 7 vbles
     NetCDF ID:        12:
     Time-independent data.

     Closing file "IOAPI_DAT"                                                        

     ***** CHECKING INPUTS FOR REPORT         6  *****
     Value for REPORT6:  '/stella/data/smkrel2/data/reports/nctox/static/ag.scc.us36-nc.nctox.rpt'

     File "REPORT6" opened for output on unit:  93
     /stella/data/smkrel2/data/reports/nctox/static/ag.scc.us36-nc.nctox.rpt

               Selecting records...
               Aggregating output records...
               Reading emissions data and writing report...
      
     "TMP_POL_FILE" opened as OLD:READ-ONLY   
     File name "/stella/data/smkrel2/data/inventory/nctox/area_dat/CO.ncf"
     File type GRDDED3 
     Execution ID "????????????????"
     Grid name " "
     Dimensions: 1008 rows, 1 cols, 1 lays, 7 vbles
     NetCDF ID:        12:
     Time-independent data.

     Closing file "TMP_POL_FILE"                                                     

      
     "TMP_POL_FILE" opened as OLD:READ-ONLY   
     File name "/stella/data/smkrel2/data/inventory/nctox/area_dat/NOX.ncf"
     File type GRDDED3 
     Execution ID "????????????????"
     Grid name " "
     Dimensions: 829 rows, 1 cols, 1 lays, 7 vbles
     NetCDF ID:        12:
     Time-independent data.

     Closing file "TMP_POL_FILE"                                                     

      
     "TMP_POL_FILE" opened as OLD:READ-ONLY   
     File name "/stella/data/smkrel2/data/inventory/nctox/area_dat/VOC.ncf"
     File type GRDDED3 
     Execution ID "????????????????"
     Grid name " "
     Dimensions: 4838 rows, 1 cols, 1 lays, 7 vbles
     NetCDF ID:        12:
     Time-independent data.

     Closing file "TMP_POL_FILE"                                                     

      
     "TMP_POL_FILE" opened as OLD:READ-ONLY   
     File name "/stella/data/smkrel2/data/inventory/nctox/area_dat/NH3.ncf"
     File type GRDDED3 
     Execution ID "????????????????"
     Grid name " "
     Dimensions: 2100 rows, 1 cols, 1 lays, 7 vbles
     NetCDF ID:        12:
     Time-independent data.

     Closing file "TMP_POL_FILE"                                                     

      
     "TMP_POL_FILE" opened as OLD:READ-ONLY   
     File name "/stella/data/smkrel2/data/inventory/nctox/area_dat/SO2.ncf"
     File type GRDDED3 
     Execution ID "????????????????"
     Grid name " "
     Dimensions: 1608 rows, 1 cols, 1 lays, 7 vbles
     NetCDF ID:        12:
     Time-independent data.

     Closing file "TMP_POL_FILE"                                                     

      
     "TMP_POL_FILE" opened as OLD:READ-ONLY   
     File name "/stella/data/smkrel2/data/inventory/nctox/area_dat/PM10.ncf"
     File type GRDDED3 
     Execution ID "????????????????"
     Grid name " "
     Dimensions: 2543 rows, 1 cols, 1 lays, 7 vbles
     NetCDF ID:        12:
     Time-independent data.

     Closing file "TMP_POL_FILE"                                                     

      
     "TMP_POL_FILE" opened as OLD:READ-ONLY   
     File name "/stella/data/smkrel2/data/inventory/nctox/area_dat/PM2_5.ncf"
     File type GRDDED3 
     Execution ID "????????????????"
     Grid name " "
     Dimensions: 2543 rows, 1 cols, 1 lays, 7 vbles
     NetCDF ID:        12:
     Time-independent data.

     Closing file "TMP_POL_FILE"                                                     

      
     "TMP_POL_FILE" opened as OLD:READ-ONLY   
     File name "/stella/data/smkrel2/data/inventory/nctox/area_dat/PMC.ncf"
     File type GRDDED3 
     Execution ID "????????????????"
     Grid name " "
     Dimensions: 2210 rows, 1 cols, 1 lays, 7 vbles
     NetCDF ID:        12:
     Time-independent data.

     Closing file "TMP_POL_FILE"                                                     

      
     "IOAPI_DAT" opened as OLD:READ-ONLY   
     File name "/stella/data/smkrel2/data/inventory/nctox/area_dat/CO.ncf"
     File type GRDDED3 
     Execution ID "????????????????"
     Grid name " "
     Dimensions: 1008 rows, 1 cols, 1 lays, 7 vbles
     NetCDF ID:        12:
     Time-independent data.

     Closing file "IOAPI_DAT"                                                        

      
     "IOAPI_DAT" opened as OLD:READ-ONLY   
     File name "/stella/data/smkrel2/data/inventory/nctox/area_dat/NOX.ncf"
     File type GRDDED3 
     Execution ID "????????????????"
     Grid name " "
     Dimensions: 829 rows, 1 cols, 1 lays, 7 vbles
     NetCDF ID:        12:
     Time-independent data.

     Closing file "IOAPI_DAT"                                                        

      
     "IOAPI_DAT" opened as OLD:READ-ONLY   
     File name "/stella/data/smkrel2/data/inventory/nctox/area_dat/VOC.ncf"
     File type GRDDED3 
     Execution ID "????????????????"
     Grid name " "
     Dimensions: 4838 rows, 1 cols, 1 lays, 7 vbles
     NetCDF ID:        12:
     Time-independent data.

     Closing file "IOAPI_DAT"                                                        

      
     "IOAPI_DAT" opened as OLD:READ-ONLY   
     File name "/stella/data/smkrel2/data/inventory/nctox/area_dat/NH3.ncf"
     File type GRDDED3 
     Execution ID "????????????????"
     Grid name " "
     Dimensions: 2100 rows, 1 cols, 1 lays, 7 vbles
     NetCDF ID:        12:
     Time-independent data.

     Closing file "IOAPI_DAT"                                                        

      
     "IOAPI_DAT" opened as OLD:READ-ONLY   
     File name "/stella/data/smkrel2/data/inventory/nctox/area_dat/SO2.ncf"
     File type GRDDED3 
     Execution ID "????????????????"
     Grid name " "
     Dimensions: 1608 rows, 1 cols, 1 lays, 7 vbles
     NetCDF ID:        12:
     Time-independent data.

     Closing file "IOAPI_DAT"                                                        

      
     "IOAPI_DAT" opened as OLD:READ-ONLY   
     File name "/stella/data/smkrel2/data/inventory/nctox/area_dat/PM10.ncf"
     File type GRDDED3 
     Execution ID "????????????????"
     Grid name " "
     Dimensions: 2543 rows, 1 cols, 1 lays, 7 vbles
     NetCDF ID:        12:
     Time-independent data.

     Closing file "IOAPI_DAT"                                                        

      
     "IOAPI_DAT" opened as OLD:READ-ONLY   
     File name "/stella/data/smkrel2/data/inventory/nctox/area_dat/PM2_5.ncf"
     File type GRDDED3 
     Execution ID "????????????????"
     Grid name " "
     Dimensions: 2543 rows, 1 cols, 1 lays, 7 vbles
     NetCDF ID:        12:
     Time-independent data.

     Closing file "IOAPI_DAT"                                                        

      
     "IOAPI_DAT" opened as OLD:READ-ONLY   
     File name "/stella/data/smkrel2/data/inventory/nctox/area_dat/PMC.ncf"
     File type GRDDED3 
     Execution ID "????????????????"
     Grid name " "
     Dimensions: 2210 rows, 1 cols, 1 lays, 7 vbles
     NetCDF ID:        12:
     Time-independent data.

     Closing file "IOAPI_DAT"                                                        

      
     --->>  Normal Completion of program SMKREPORT
      
