      
     This program uses the EPA-AREAL/MCNC-Environmental Programs
     Models-3 I/O Applications Programming Interface, which is 
     built on top of the netCDF I/O library (Copyright 1993, 1996
     University Corporation for Atmospheric Research/Unidata 
     Program).  Portions copyright (C) 1992-2001 MCNC.  See URL
     "http://www.emc.mcnc.org/products/ioapi/NOTICE.html" for
     conditions of use.
      
     $Id$
      
     Library release tag: $Name$
      
      
     Library release tag: $Name$
      
      
     SMOKE ---------------
     Copyright (c)2002 MCNC--Environmental Modeling Center
     All rights reserved

     See file COPYRIGHT for conditions of use.

     Program SMKREPORT, Version $
     Online documentation 
         http://www.emc.mcnc.org/products/smoke           
      
     Program SMKREPORT to take any combination of SMOKE intermed-
     iate files (but at least an inventory file) and generate
     one or more user-defined reports in any combination of output
     files.
      
      
     You will need to enter the logical names for the input and
     output files (and to have set them prior to program start,
     using "setenv <logicalname> <pathname>").
      
     You may use END_OF-FILE (control-D) to quit the program
     during logical-name entry. Default responses are given in
     brackets [LIKE THIS] and can be accepted by hitting the
     <RETURN> key.
      
     Value for PROMPTFLAG:  N returning FALSE
     Returning default value TRUE for query:
     "Continue with program?"
     Value for PROMPTFLAG:  N returning FALSE

     File REPCONFIG opened for input on unit:  98
     /stella/data/smkrel2/data/inventory/nctox/other/repconfig.mb.temporal.txt

     Value for PROMPTFLAG:  N returning FALSE
     Error opening file at path-name:
     netCDF error number  -51  processing file "MOBL"
     Not a netCDF file
     Not a netCDF file
     /stella/data/smkrel2/data/inventory/nctox/mobl.map.nctox.txt
     Could not open file "MOBL".

     File MOBL opened for input on unit:  97
     /stella/data/smkrel2/data/inventory/nctox/mobl.map.nctox.txt

     Value for MOBL:  '/stella/data/smkrel2/data/inventory/nctox/mobl.map.nctox.txt'

 WARNING: output file already exists: MSRC
 /stella/data/smkrel2/data/inventory/nctox/msrc.txt


     File "MSRC" opened for output on unit:  96
     /stella/data/smkrel2/data/inventory/nctox/msrc.txt

     Value for IOAPI_CHECK_HEADERS not defined;returning default:  FALSE
      
     "MOBL" opened as OLD:READ-ONLY   
     File name "/stella/data/smkrel2/data/inventory/nctox/mobl.ncf"
     File type GRDDED3 
     Execution ID "????????????????"
     Grid name " "
     Dimensions: 6960 rows, 1 cols, 1 lays, 10 vbles
     NetCDF ID:         7:
     Time-independent data.
      
     "TMP_POL_FILE" opened as OLD:READ-ONLY   
     File name "/stella/data/smkrel2/data/inventory/nctox/mobl_dat/VMT.ncf"
     File type GRDDED3 
     Execution ID "????????????????"
     Grid name " "
     Dimensions: 6583 rows, 1 cols, 1 lays, 2 vbles
     NetCDF ID:         8:
     Time-independent data.

     Closing file "TMP_POL_FILE"                                                     

      
     "TMP_POL_FILE" opened as OLD:READ-ONLY   
     File name "/stella/data/smkrel2/data/inventory/nctox/mobl_dat/SPEED.ncf"
     File type GRDDED3 
     Execution ID "????????????????"
     Grid name " "
     Dimensions: 6960 rows, 1 cols, 1 lays, 2 vbles
     NetCDF ID:         8:
     Time-independent data.

     Closing file "TMP_POL_FILE"                                                     

      
     "TMP_POL_FILE" opened as OLD:READ-ONLY   
     File name "/stella/data/smkrel2/data/inventory/nctox/mobl_dat/VMT.ncf"
     File type GRDDED3 
     Execution ID "????????????????"
     Grid name " "
     Dimensions: 6583 rows, 1 cols, 1 lays, 2 vbles
     NetCDF ID:         8:
     Time-independent data.

     Closing file "TMP_POL_FILE"                                                     

      
     "TMP_POL_FILE" opened as OLD:READ-ONLY   
     File name "/stella/data/smkrel2/data/inventory/nctox/mobl_dat/SPEED.ncf"
     File type GRDDED3 
     Execution ID "????????????????"
     Grid name " "
     Dimensions: 6960 rows, 1 cols, 1 lays, 2 vbles
     NetCDF ID:         8:
     Time-independent data.

     Closing file "TMP_POL_FILE"                                                     

     Value for PROMPTFLAG:  N returning FALSE
      
     "MTMP" opened as OLD:READ-ONLY   
     File name "/stella/data/smkrel2/data/run_nctox/19960710/mtmp.19960710.1.us36-nc.a1a_nctox.ncf"
     File type GRDDED3 
     Execution ID "????????????????"
     Grid name " "
     Dimensions: 6960 rows, 1 cols, 1 lays, 47 vbles
     NetCDF ID:         8:
     Starting date and time  1996192:000000 (0:00:00   July 10, 1996)
     Timestep                        010000 (1:00:00 hh:mm:ss)
     Maximum current record number      25
     NOTE: Time zone initialized using MTMP             hourly emissions file.
     Value for PROMPTFLAG:  N returning FALSE
      
     "MGMAT" opened as OLD:READ-ONLY   
     File name "/stella/data/smkrel2/data/run_nctox/static/mgmat.us36-nc.nctox.ncf"
     File type SMATRX3 
     Execution ID "????????????????"
     Grid name "US36NC_23X12"
     Dimensions: 276 rows, 32481 cols, 1 lays, 1 vbles
     NetCDF ID:         9:
     Time-independent data.
     NOTE: Grid settings initialized using Mobile in 
          gridding matrix.
      
     "MSMAT_S1" opened as OLD:READ-ONLY   
     File name "/stella/data/smkrel2/data/run_nctox/static/msmat_s.cmaq.cb4p25_wtox.nctox.1.ncf"
     File type GRDDED3 
     Execution ID "????????????????"
     Grid name " "
     Dimensions: 6960 rows, 1 cols, 1 lays, 120 vbles
     NetCDF ID:        10:
     Time-independent data.
      
     "MSMAT_S2" opened as OLD:READ-ONLY   
     File name "/stella/data/smkrel2/data/run_nctox/static/msmat_s.cmaq.cb4p25_wtox.nctox.2.ncf"
     File type GRDDED3 
     Execution ID "????????????????"
     Grid name " "
     Dimensions: 6960 rows, 1 cols, 1 lays, 11 vbles
     NetCDF ID:        11:
     Time-independent data.

     File COSTCY opened for input on unit:  95
     /stella/data/smkrel2/data/ge_dat/costcy.txt


     File SCCDESC opened for input on unit:  94
     /stella/data/smkrel2/data/ge_dat/scc_desc.txt

     For time-based reports, enter the starting date, starting time, and output
          duration.  Defaults are set based on the input files.
     Value for G_STDATE:  1996192
     Value for G_STTIME:  0
     Value for G_TSTEP:  10000
     Value for G_RUNLEN:  250000
     Value for PROMPTFLAG:  N returning FALSE
     Output Time Zone: 00
           Start Date: July 10, 1996
           Start Time: 000000 HHMMSS
            Time Step: 001 hour
             Duration: 025 hours
     NOTE: Species "CO" created based on activity data.
     NOTE: Species "NO" created based on activity data.
     NOTE: Species "NO2" created based on activity data.
     NOTE: Species "ALD2" created based on activity data.
     NOTE: Species "ETH" created based on activity data.
     NOTE: Species "FORM" created based on activity data.
     NOTE: Species "ISOP" created based on activity data.
     NOTE: Species "NR" created based on activity data.
     NOTE: Species "OLE" created based on activity data.
     NOTE: Species "PAR" created based on activity data.
     NOTE: Species "TOL" created based on activity data.
     NOTE: Species "XYL" created based on activity data.
     NOTE: Species "PSO4" created based on activity data.
     NOTE: Species "SULF" created based on activity data.
     NOTE: Species "POA" created based on activity data.
     NOTE: Species "PMC" created based on activity data.
     NOTE: Species "PEC" created based on activity data.
     NOTE: Species "SO2" created based on activity data.
     NOTE: Species "NH3" created based on activity data.
     NOTE: Species "PMFINE" created based on activity data.
     WARNING: Skipping requested output data "S-PMC" for report         9 
          because no match found with inputs.
     WARNING: Skipping requested output data "PNO3" for report         9 
          because no match found with inputs.
     WARNING: Skipping requested output data "S-PMC" for report        10 
          because no match found with inputs.
     WARNING: Skipping requested output data "PNO3" for report        10 
          because no match found with inputs.
     Reading source data from inventory file...
     Generating unique lists from inventory data...
     Reading gridding matrix...
     Reading speciation matrices...
     Value for SMK_DEFAULT_TZONE:  5
     Reading state and county names and time zones...
     NOTE: Population data read from country/state/county file for year     2000
     ***** CHECKING INPUTS FOR REPORT         1  *****
          WARNING: Resetting number of time steps for report to         24 
                to make output hour consistent with reporting time.
     Value for REPORT1:  '/stella/data/smkrel2/data/reports/nctox/19960710/mt.state.nctox.rpt'

 WARNING: output file already exists: REPORT1
 /stella/data/smkrel2/data/reports/nctox/19960710/mt.state.nctox.rpt


     File "REPORT1" opened for output on unit:  93
     /stella/data/smkrel2/data/reports/nctox/19960710/mt.state.nctox.rpt

               Selecting records...
               Aggregating output records...
               Reading emissions data and writing report...
      
     "TMP_POL_FILE" opened as OLD:READ-ONLY   
     File name "/stella/data/smkrel2/data/inventory/nctox/mobl_dat/VMT.ncf"
     File type GRDDED3 
     Execution ID "????????????????"
     Grid name " "
     Dimensions: 6583 rows, 1 cols, 1 lays, 2 vbles
     NetCDF ID:        15:
     Time-independent data.

     Closing file "TMP_POL_FILE"                                                     

      
     "TMP_POL_FILE" opened as OLD:READ-ONLY   
     File name "/stella/data/smkrel2/data/inventory/nctox/mobl_dat/SPEED.ncf"
     File type GRDDED3 
     Execution ID "????????????????"
     Grid name " "
     Dimensions: 6960 rows, 1 cols, 1 lays, 2 vbles
     NetCDF ID:        15:
     Time-independent data.

     Closing file "TMP_POL_FILE"                                                     

     ***** CHECKING INPUTS FOR REPORT         2  *****
          WARNING: Resetting number of time steps for report to         24 
                to make output hour consistent with reporting time.
     Value for REPORT2:  '/stella/data/smkrel2/data/reports/nctox/19960710/mt.county.nctox.rpt'

 WARNING: output file already exists: REPORT2
 /stella/data/smkrel2/data/reports/nctox/19960710/mt.county.nctox.rpt


     File "REPORT2" opened for output on unit:  93
     /stella/data/smkrel2/data/reports/nctox/19960710/mt.county.nctox.rpt

               Selecting records...
               Aggregating output records...
               Reading emissions data and writing report...
      
     "TMP_POL_FILE" opened as OLD:READ-ONLY   
     File name "/stella/data/smkrel2/data/inventory/nctox/mobl_dat/VMT.ncf"
     File type GRDDED3 
     Execution ID "????????????????"
     Grid name " "
     Dimensions: 6583 rows, 1 cols, 1 lays, 2 vbles
     NetCDF ID:        15:
     Time-independent data.

     Closing file "TMP_POL_FILE"                                                     

      
     "TMP_POL_FILE" opened as OLD:READ-ONLY   
     File name "/stella/data/smkrel2/data/inventory/nctox/mobl_dat/SPEED.ncf"
     File type GRDDED3 
     Execution ID "????????????????"
     Grid name " "
     Dimensions: 6960 rows, 1 cols, 1 lays, 2 vbles
     NetCDF ID:        15:
     Time-independent data.

     Closing file "TMP_POL_FILE"                                                     

     ***** CHECKING INPUTS FOR REPORT         3  *****
          WARNING: Resetting number of time steps for report to         24 
                to make output hour consistent with reporting time.
     Value for REPORT3:  '/stella/data/smkrel2/data/reports/nctox/19960710/mt.scc.nctox.rpt'

 WARNING: output file already exists: REPORT3
 /stella/data/smkrel2/data/reports/nctox/19960710/mt.scc.nctox.rpt


     File "REPORT3" opened for output on unit:  93
     /stella/data/smkrel2/data/reports/nctox/19960710/mt.scc.nctox.rpt

               Selecting records...
               Aggregating output records...
               Reading emissions data and writing report...
      
     "TMP_POL_FILE" opened as OLD:READ-ONLY   
     File name "/stella/data/smkrel2/data/inventory/nctox/mobl_dat/VMT.ncf"
     File type GRDDED3 
     Execution ID "????????????????"
     Grid name " "
     Dimensions: 6583 rows, 1 cols, 1 lays, 2 vbles
     NetCDF ID:        15:
     Time-independent data.

     Closing file "TMP_POL_FILE"                                                     

      
     "TMP_POL_FILE" opened as OLD:READ-ONLY   
     File name "/stella/data/smkrel2/data/inventory/nctox/mobl_dat/SPEED.ncf"
     File type GRDDED3 
     Execution ID "????????????????"
     Grid name " "
     Dimensions: 6960 rows, 1 cols, 1 lays, 2 vbles
     NetCDF ID:        15:
     Time-independent data.

     Closing file "TMP_POL_FILE"                                                     

     ***** CHECKING INPUTS FOR REPORT         4  *****
          WARNING: Resetting number of time steps for report to         24 
                to make output hour consistent with reporting time.
     Value for REPORT4:  '/stella/data/smkrel2/data/reports/nctox/19960710/mt.state_scc.nctox.rpt'

 WARNING: output file already exists: REPORT4
 /stella/data/smkrel2/data/reports/nctox/19960710/mt.state_scc.nctox.rpt


     File "REPORT4" opened for output on unit:  93
     /stella/data/smkrel2/data/reports/nctox/19960710/mt.state_scc.nctox.rpt

               Selecting records...
               Aggregating output records...
               Reading emissions data and writing report...
      
     "TMP_POL_FILE" opened as OLD:READ-ONLY   
     File name "/stella/data/smkrel2/data/inventory/nctox/mobl_dat/VMT.ncf"
     File type GRDDED3 
     Execution ID "????????????????"
     Grid name " "
     Dimensions: 6583 rows, 1 cols, 1 lays, 2 vbles
     NetCDF ID:        15:
     Time-independent data.

     Closing file "TMP_POL_FILE"                                                     

      
     "TMP_POL_FILE" opened as OLD:READ-ONLY   
     File name "/stella/data/smkrel2/data/inventory/nctox/mobl_dat/SPEED.ncf"
     File type GRDDED3 
     Execution ID "????????????????"
     Grid name " "
     Dimensions: 6960 rows, 1 cols, 1 lays, 2 vbles
     NetCDF ID:        15:
     Time-independent data.

     Closing file "TMP_POL_FILE"                                                     

     ***** CHECKING INPUTS FOR REPORT         5  *****
     Value for REPORT5:  '/stella/data/smkrel2/data/reports/nctox/19960710/mt.hour_scc.nctox.rpt'

 WARNING: output file already exists: REPORT5
 /stella/data/smkrel2/data/reports/nctox/19960710/mt.hour_scc.nctox.rpt


     File "REPORT5" opened for output on unit:  93
     /stella/data/smkrel2/data/reports/nctox/19960710/mt.hour_scc.nctox.rpt

               Selecting records...
               Aggregating output records...
               Reading emissions data and writing report...
      
     "TMP_POL_FILE" opened as OLD:READ-ONLY   
     File name "/stella/data/smkrel2/data/inventory/nctox/mobl_dat/VMT.ncf"
     File type GRDDED3 
     Execution ID "????????????????"
     Grid name " "
     Dimensions: 6583 rows, 1 cols, 1 lays, 2 vbles
     NetCDF ID:        15:
     Time-independent data.

     Closing file "TMP_POL_FILE"                                                     

      
     "TMP_POL_FILE" opened as OLD:READ-ONLY   
     File name "/stella/data/smkrel2/data/inventory/nctox/mobl_dat/SPEED.ncf"
     File type GRDDED3 
     Execution ID "????????????????"
     Grid name " "
     Dimensions: 6960 rows, 1 cols, 1 lays, 2 vbles
     NetCDF ID:        15:
     Time-independent data.

     Closing file "TMP_POL_FILE"                                                     

     ***** CHECKING INPUTS FOR REPORT         6  *****
          WARNING: Resetting number of time steps for report to         24 
                to make output hour consistent with reporting time.
     Value for REPORT6:  '/stella/data/smkrel2/data/reports/nctox/19960710/mt.state_rclas.nctox.rpt'

 WARNING: output file already exists: REPORT6
 /stella/data/smkrel2/data/reports/nctox/19960710/mt.state_rclas.nctox.rpt


     File "REPORT6" opened for output on unit:  93
     /stella/data/smkrel2/data/reports/nctox/19960710/mt.state_rclas.nctox.rpt

               Selecting records...
               Aggregating output records...
               Reading emissions data and writing report...
      
     "TMP_POL_FILE" opened as OLD:READ-ONLY   
     File name "/stella/data/smkrel2/data/inventory/nctox/mobl_dat/VMT.ncf"
     File type GRDDED3 
     Execution ID "????????????????"
     Grid name " "
     Dimensions: 6583 rows, 1 cols, 1 lays, 2 vbles
     NetCDF ID:        15:
     Time-independent data.

     Closing file "TMP_POL_FILE"                                                     

      
     "TMP_POL_FILE" opened as OLD:READ-ONLY   
     File name "/stella/data/smkrel2/data/inventory/nctox/mobl_dat/SPEED.ncf"
     File type GRDDED3 
     Execution ID "????????????????"
     Grid name " "
     Dimensions: 6960 rows, 1 cols, 1 lays, 2 vbles
     NetCDF ID:        15:
     Time-independent data.

     Closing file "TMP_POL_FILE"                                                     

     ***** CHECKING INPUTS FOR REPORT         7  *****
          WARNING: Resetting number of time steps for report to         24 
                to make output hour consistent with reporting time.
     Value for REPORT7:  '/stella/data/smkrel2/data/reports/nctox/19960710/mt.county_rclas.nctox.rpt'

 WARNING: output file already exists: REPORT7
 /stella/data/smkrel2/data/reports/nctox/19960710/mt.county_rclas.nctox.rpt


     File "REPORT7" opened for output on unit:  93
     /stella/data/smkrel2/data/reports/nctox/19960710/mt.county_rclas.nctox.rpt

               Selecting records...
               Aggregating output records...
               Reading emissions data and writing report...
      
     "TMP_POL_FILE" opened as OLD:READ-ONLY   
     File name "/stella/data/smkrel2/data/inventory/nctox/mobl_dat/VMT.ncf"
     File type GRDDED3 
     Execution ID "????????????????"
     Grid name " "
     Dimensions: 6583 rows, 1 cols, 1 lays, 2 vbles
     NetCDF ID:        15:
     Time-independent data.

     Closing file "TMP_POL_FILE"                                                     

      
     "TMP_POL_FILE" opened as OLD:READ-ONLY   
     File name "/stella/data/smkrel2/data/inventory/nctox/mobl_dat/SPEED.ncf"
     File type GRDDED3 
     Execution ID "????????????????"
     Grid name " "
     Dimensions: 6960 rows, 1 cols, 1 lays, 2 vbles
     NetCDF ID:        15:
     Time-independent data.

     Closing file "TMP_POL_FILE"                                                     

     ***** CHECKING INPUTS FOR REPORT         8  *****
          WARNING: Resetting number of time steps for report to         24 
                to make output hour consistent with reporting time.
     Value for REPORT8:  '/stella/data/smkrel2/data/reports/nctox/19960710/mgt.state.us36-nc.nctox.rpt'

 WARNING: output file already exists: REPORT8
 /stella/data/smkrel2/data/reports/nctox/19960710/mgt.state.us36-nc.nctox.rpt


     File "REPORT8" opened for output on unit:  93
     /stella/data/smkrel2/data/reports/nctox/19960710/mgt.state.us36-nc.nctox.rpt

               Selecting records...
               Aggregating output records...
               Reading emissions data and writing report...
      
     "TMP_POL_FILE" opened as OLD:READ-ONLY   
     File name "/stella/data/smkrel2/data/inventory/nctox/mobl_dat/VMT.ncf"
     File type GRDDED3 
     Execution ID "????????????????"
     Grid name " "
     Dimensions: 6583 rows, 1 cols, 1 lays, 2 vbles
     NetCDF ID:        15:
     Time-independent data.

     Closing file "TMP_POL_FILE"                                                     

      
     "TMP_POL_FILE" opened as OLD:READ-ONLY   
     File name "/stella/data/smkrel2/data/inventory/nctox/mobl_dat/SPEED.ncf"
     File type GRDDED3 
     Execution ID "????????????????"
     Grid name " "
     Dimensions: 6960 rows, 1 cols, 1 lays, 2 vbles
     NetCDF ID:        15:
     Time-independent data.

     Closing file "TMP_POL_FILE"                                                     

     ***** CHECKING INPUTS FOR REPORT         9  *****
          WARNING: Resetting number of time steps for report to         24 
                to make output hour consistent with reporting time.
     Value for REPORT9:  '/stella/data/smkrel2/data/reports/nctox/19960710/mts.scc.nctox.rpt'

 WARNING: output file already exists: REPORT9
 /stella/data/smkrel2/data/reports/nctox/19960710/mts.scc.nctox.rpt


     File "REPORT9" opened for output on unit:  93
     /stella/data/smkrel2/data/reports/nctox/19960710/mts.scc.nctox.rpt

               Selecting records...
               Aggregating output records...
               Reading emissions data and writing report...
      
     "TMP_POL_FILE" opened as OLD:READ-ONLY   
     File name "/stella/data/smkrel2/data/inventory/nctox/mobl_dat/VMT.ncf"
     File type GRDDED3 
     Execution ID "????????????????"
     Grid name " "
     Dimensions: 6583 rows, 1 cols, 1 lays, 2 vbles
     NetCDF ID:        15:
     Time-independent data.

     Closing file "TMP_POL_FILE"                                                     

      
     "TMP_POL_FILE" opened as OLD:READ-ONLY   
     File name "/stella/data/smkrel2/data/inventory/nctox/mobl_dat/SPEED.ncf"
     File type GRDDED3 
     Execution ID "????????????????"
     Grid name " "
     Dimensions: 6960 rows, 1 cols, 1 lays, 2 vbles
     NetCDF ID:        15:
     Time-independent data.

     Closing file "TMP_POL_FILE"                                                     

     ***** CHECKING INPUTS FOR REPORT        10  *****
          WARNING: Resetting number of time steps for report to         24 
                to make output hour consistent with reporting time.
     Value for REPORT10:  '/stella/data/smkrel2/data/reports/nctox/19960710/mts.state_scc.nctox.rpt'

 WARNING: output file already exists: REPORT10
 /stella/data/smkrel2/data/reports/nctox/19960710/mts.state_scc.nctox.rpt


     File "REPORT10" opened for output on unit:  93
     /stella/data/smkrel2/data/reports/nctox/19960710/mts.state_scc.nctox.rpt

               Selecting records...
               Aggregating output records...
               Reading emissions data and writing report...
      
     "TMP_POL_FILE" opened as OLD:READ-ONLY   
     File name "/stella/data/smkrel2/data/inventory/nctox/mobl_dat/VMT.ncf"
     File type GRDDED3 
     Execution ID "????????????????"
     Grid name " "
     Dimensions: 6583 rows, 1 cols, 1 lays, 2 vbles
     NetCDF ID:        15:
     Time-independent data.

     Closing file "TMP_POL_FILE"                                                     

      
     "TMP_POL_FILE" opened as OLD:READ-ONLY   
     File name "/stella/data/smkrel2/data/inventory/nctox/mobl_dat/SPEED.ncf"
     File type GRDDED3 
     Execution ID "????????????????"
     Grid name " "
     Dimensions: 6960 rows, 1 cols, 1 lays, 2 vbles
     NetCDF ID:        15:
     Time-independent data.

     Closing file "TMP_POL_FILE"                                                     

      
     --->>  Normal Completion of program SMKREPORT
      
