      
     This program uses the EPA-AREAL/MCNC-Environmental Programs
     Models-3 I/O Applications Programming Interface, which is 
     built on top of the netCDF I/O library (Copyright 1993, 1996
     University Corporation for Atmospheric Research/Unidata 
     Program).  Portions copyright (C) 1992-2001 MCNC.  See URL
     "http://www.emc.mcnc.org/products/ioapi/NOTICE.html" for
     conditions of use.
      
     $Id$
      
     Library release tag: $Name$
      
      
     Library release tag: $Name$
      
      
     SMOKE ---------------
     Copyright (c)2002 MCNC--Environmental Modeling Center
     All rights reserved

     See file COPYRIGHT for conditions of use.

     Program SMKREPORT, Version $
     Online documentation 
         http://www.emc.mcnc.org/products/smoke           
      
     Program SMKREPORT to take any combination of SMOKE intermed-
     iate files (but at least an inventory file) and generate
     one or more user-defined reports in any combination of output
     files.
      
      
     You will need to enter the logical names for the input and
     output files (and to have set them prior to program start,
     using "setenv <logicalname> <pathname>").
      
     You may use END_OF-FILE (control-D) to quit the program
     during logical-name entry. Default responses are given in
     brackets [LIKE THIS] and can be accepted by hitting the
     <RETURN> key.
      
     Value for PROMPTFLAG:  N returning FALSE
     Returning default value TRUE for query:
     "Continue with program?"
     Value for PROMPTFLAG:  N returning FALSE

     File REPCONFIG opened for input on unit:  98
     /stella/data/smkrel2/data/inventory/nctox/other/repconfig.mb.inv.txt

     Value for PROMPTFLAG:  N returning FALSE
     Error opening file at path-name:
     netCDF error number  -51  processing file "MOBL"
     Not a netCDF file
     Not a netCDF file
     /stella/data/smkrel2/data/inventory/nctox/mobl.map.nctox.txt
     Could not open file "MOBL".

     File MOBL opened for input on unit:  97
     /stella/data/smkrel2/data/inventory/nctox/mobl.map.nctox.txt

     Value for MOBL:  '/stella/data/smkrel2/data/inventory/nctox/mobl.map.nctox.txt'

 WARNING: output file already exists: MSRC
 /stella/data/smkrel2/data/inventory/nctox/msrc.txt


     File "MSRC" opened for output on unit:  96
     /stella/data/smkrel2/data/inventory/nctox/msrc.txt

     Value for IOAPI_CHECK_HEADERS not defined;returning default:  FALSE
      
     "MOBL" opened as OLD:READ-ONLY   
     File name "/stella/data/smkrel2/data/inventory/nctox/mobl.ncf"
     File type GRDDED3 
     Execution ID "????????????????"
     Grid name " "
     Dimensions: 6960 rows, 1 cols, 1 lays, 10 vbles
     NetCDF ID:         7:
     Time-independent data.
      
     "TMP_POL_FILE" opened as OLD:READ-ONLY   
     File name "/stella/data/smkrel2/data/inventory/nctox/mobl_dat/VMT.ncf"
     File type GRDDED3 
     Execution ID "????????????????"
     Grid name " "
     Dimensions: 6583 rows, 1 cols, 1 lays, 2 vbles
     NetCDF ID:         8:
     Time-independent data.

     Closing file "TMP_POL_FILE"                                                     

      
     "TMP_POL_FILE" opened as OLD:READ-ONLY   
     File name "/stella/data/smkrel2/data/inventory/nctox/mobl_dat/SPEED.ncf"
     File type GRDDED3 
     Execution ID "????????????????"
     Grid name " "
     Dimensions: 6960 rows, 1 cols, 1 lays, 2 vbles
     NetCDF ID:         8:
     Time-independent data.

     Closing file "TMP_POL_FILE"                                                     

      
     "TMP_POL_FILE" opened as OLD:READ-ONLY   
     File name "/stella/data/smkrel2/data/inventory/nctox/mobl_dat/VMT.ncf"
     File type GRDDED3 
     Execution ID "????????????????"
     Grid name " "
     Dimensions: 6583 rows, 1 cols, 1 lays, 2 vbles
     NetCDF ID:         8:
     Time-independent data.

     Closing file "TMP_POL_FILE"                                                     

      
     "TMP_POL_FILE" opened as OLD:READ-ONLY   
     File name "/stella/data/smkrel2/data/inventory/nctox/mobl_dat/SPEED.ncf"
     File type GRDDED3 
     Execution ID "????????????????"
     Grid name " "
     Dimensions: 6960 rows, 1 cols, 1 lays, 2 vbles
     NetCDF ID:         8:
     Time-independent data.

     Closing file "TMP_POL_FILE"                                                     

     Value for PROMPTFLAG:  N returning FALSE
      
     "MGMAT" opened as OLD:READ-ONLY   
     File name "/stella/data/smkrel2/data/run_nctox/static/mgmat.us36-nc.nctox.ncf"
     File type SMATRX3 
     Execution ID "????????????????"
     Grid name "US36NC_23X12"
     Dimensions: 276 rows, 32481 cols, 1 lays, 1 vbles
     NetCDF ID:         8:
     Time-independent data.
     NOTE: Grid settings initialized using Mobile in 
          gridding matrix.

     File COSTCY opened for input on unit:  95
     /stella/data/smkrel2/data/ge_dat/costcy.txt


     File SCCDESC opened for input on unit:  94
     /stella/data/smkrel2/data/ge_dat/scc_desc.txt

     Reading source data from inventory file...
     Generating unique lists from inventory data...
     Reading gridding matrix...
     Value for SMK_DEFAULT_TZONE:  5
     Reading state and county names and time zones...
     NOTE: Population data read from country/state/county file for year     2000
     ***** CHECKING INPUTS FOR REPORT         1  *****
     Value for REPORT1:  '/stella/data/smkrel2/data/reports/nctox/static/m.state.nctox.rpt'

 WARNING: output file already exists: REPORT1
 /stella/data/smkrel2/data/reports/nctox/static/m.state.nctox.rpt


     File "REPORT1" opened for output on unit:  93
     /stella/data/smkrel2/data/reports/nctox/static/m.state.nctox.rpt

               Selecting records...
               Aggregating output records...
               Reading emissions data and writing report...
      
     "TMP_POL_FILE" opened as OLD:READ-ONLY   
     File name "/stella/data/smkrel2/data/inventory/nctox/mobl_dat/VMT.ncf"
     File type GRDDED3 
     Execution ID "????????????????"
     Grid name " "
     Dimensions: 6583 rows, 1 cols, 1 lays, 2 vbles
     NetCDF ID:        12:
     Time-independent data.

     Closing file "TMP_POL_FILE"                                                     

      
     "TMP_POL_FILE" opened as OLD:READ-ONLY   
     File name "/stella/data/smkrel2/data/inventory/nctox/mobl_dat/SPEED.ncf"
     File type GRDDED3 
     Execution ID "????????????????"
     Grid name " "
     Dimensions: 6960 rows, 1 cols, 1 lays, 2 vbles
     NetCDF ID:        12:
     Time-independent data.

     Closing file "TMP_POL_FILE"                                                     

     NOTE: Units conversion case not found for: "miles" with "tons"
          No conversion will be made.
     NOTE: Units conversion case not found for: "miles" with "tons"
          No conversion will be made.
      
     "IOAPI_DAT" opened as OLD:READ-ONLY   
     File name "/stella/data/smkrel2/data/inventory/nctox/mobl_dat/VMT.ncf"
     File type GRDDED3 
     Execution ID "????????????????"
     Grid name " "
     Dimensions: 6583 rows, 1 cols, 1 lays, 2 vbles
     NetCDF ID:        12:
     Time-independent data.

     Closing file "IOAPI_DAT"                                                        

      
     "IOAPI_DAT" opened as OLD:READ-ONLY   
     File name "/stella/data/smkrel2/data/inventory/nctox/mobl_dat/SPEED.ncf"
     File type GRDDED3 
     Execution ID "????????????????"
     Grid name " "
     Dimensions: 6960 rows, 1 cols, 1 lays, 2 vbles
     NetCDF ID:        12:
     Time-independent data.

     Closing file "IOAPI_DAT"                                                        

     ***** CHECKING INPUTS FOR REPORT         2  *****
     Value for REPORT2:  '/stella/data/smkrel2/data/reports/nctox/static/m.county.nctox.rpt'

 WARNING: output file already exists: REPORT2
 /stella/data/smkrel2/data/reports/nctox/static/m.county.nctox.rpt


     File "REPORT2" opened for output on unit:  93
     /stella/data/smkrel2/data/reports/nctox/static/m.county.nctox.rpt

               Selecting records...
               Aggregating output records...
               Reading emissions data and writing report...
      
     "TMP_POL_FILE" opened as OLD:READ-ONLY   
     File name "/stella/data/smkrel2/data/inventory/nctox/mobl_dat/VMT.ncf"
     File type GRDDED3 
     Execution ID "????????????????"
     Grid name " "
     Dimensions: 6583 rows, 1 cols, 1 lays, 2 vbles
     NetCDF ID:        12:
     Time-independent data.

     Closing file "TMP_POL_FILE"                                                     

      
     "TMP_POL_FILE" opened as OLD:READ-ONLY   
     File name "/stella/data/smkrel2/data/inventory/nctox/mobl_dat/SPEED.ncf"
     File type GRDDED3 
     Execution ID "????????????????"
     Grid name " "
     Dimensions: 6960 rows, 1 cols, 1 lays, 2 vbles
     NetCDF ID:        12:
     Time-independent data.

     Closing file "TMP_POL_FILE"                                                     

     NOTE: Units conversion case not found for: "miles" with "tons"
          No conversion will be made.
     NOTE: Units conversion case not found for: "miles" with "tons"
          No conversion will be made.
      
     "IOAPI_DAT" opened as OLD:READ-ONLY   
     File name "/stella/data/smkrel2/data/inventory/nctox/mobl_dat/VMT.ncf"
     File type GRDDED3 
     Execution ID "????????????????"
     Grid name " "
     Dimensions: 6583 rows, 1 cols, 1 lays, 2 vbles
     NetCDF ID:        12:
     Time-independent data.

     Closing file "IOAPI_DAT"                                                        

      
     "IOAPI_DAT" opened as OLD:READ-ONLY   
     File name "/stella/data/smkrel2/data/inventory/nctox/mobl_dat/SPEED.ncf"
     File type GRDDED3 
     Execution ID "????????????????"
     Grid name " "
     Dimensions: 6960 rows, 1 cols, 1 lays, 2 vbles
     NetCDF ID:        12:
     Time-independent data.

     Closing file "IOAPI_DAT"                                                        

     ***** CHECKING INPUTS FOR REPORT         3  *****
     Value for REPORT3:  '/stella/data/smkrel2/data/reports/nctox/static/m.scc.nctox.rpt'

 WARNING: output file already exists: REPORT3
 /stella/data/smkrel2/data/reports/nctox/static/m.scc.nctox.rpt


     File "REPORT3" opened for output on unit:  93
     /stella/data/smkrel2/data/reports/nctox/static/m.scc.nctox.rpt

               Selecting records...
               Aggregating output records...
               Reading emissions data and writing report...
      
     "TMP_POL_FILE" opened as OLD:READ-ONLY   
     File name "/stella/data/smkrel2/data/inventory/nctox/mobl_dat/VMT.ncf"
     File type GRDDED3 
     Execution ID "????????????????"
     Grid name " "
     Dimensions: 6583 rows, 1 cols, 1 lays, 2 vbles
     NetCDF ID:        12:
     Time-independent data.

     Closing file "TMP_POL_FILE"                                                     

      
     "TMP_POL_FILE" opened as OLD:READ-ONLY   
     File name "/stella/data/smkrel2/data/inventory/nctox/mobl_dat/SPEED.ncf"
     File type GRDDED3 
     Execution ID "????????????????"
     Grid name " "
     Dimensions: 6960 rows, 1 cols, 1 lays, 2 vbles
     NetCDF ID:        12:
     Time-independent data.

     Closing file "TMP_POL_FILE"                                                     

     NOTE: Units conversion case not found for: "miles" with "tons"
          No conversion will be made.
     NOTE: Units conversion case not found for: "miles" with "tons"
          No conversion will be made.
      
     "IOAPI_DAT" opened as OLD:READ-ONLY   
     File name "/stella/data/smkrel2/data/inventory/nctox/mobl_dat/VMT.ncf"
     File type GRDDED3 
     Execution ID "????????????????"
     Grid name " "
     Dimensions: 6583 rows, 1 cols, 1 lays, 2 vbles
     NetCDF ID:        12:
     Time-independent data.

     Closing file "IOAPI_DAT"                                                        

      
     "IOAPI_DAT" opened as OLD:READ-ONLY   
     File name "/stella/data/smkrel2/data/inventory/nctox/mobl_dat/SPEED.ncf"
     File type GRDDED3 
     Execution ID "????????????????"
     Grid name " "
     Dimensions: 6960 rows, 1 cols, 1 lays, 2 vbles
     NetCDF ID:        12:
     Time-independent data.

     Closing file "IOAPI_DAT"                                                        

     ***** CHECKING INPUTS FOR REPORT         4  *****
     Value for REPORT4:  '/stella/data/smkrel2/data/reports/nctox/static/m.state_scc.nctox.rpt'

 WARNING: output file already exists: REPORT4
 /stella/data/smkrel2/data/reports/nctox/static/m.state_scc.nctox.rpt


     File "REPORT4" opened for output on unit:  93
     /stella/data/smkrel2/data/reports/nctox/static/m.state_scc.nctox.rpt

               Selecting records...
               Aggregating output records...
               Reading emissions data and writing report...
      
     "TMP_POL_FILE" opened as OLD:READ-ONLY   
     File name "/stella/data/smkrel2/data/inventory/nctox/mobl_dat/VMT.ncf"
     File type GRDDED3 
     Execution ID "????????????????"
     Grid name " "
     Dimensions: 6583 rows, 1 cols, 1 lays, 2 vbles
     NetCDF ID:        12:
     Time-independent data.

     Closing file "TMP_POL_FILE"                                                     

      
     "TMP_POL_FILE" opened as OLD:READ-ONLY   
     File name "/stella/data/smkrel2/data/inventory/nctox/mobl_dat/SPEED.ncf"
     File type GRDDED3 
     Execution ID "????????????????"
     Grid name " "
     Dimensions: 6960 rows, 1 cols, 1 lays, 2 vbles
     NetCDF ID:        12:
     Time-independent data.

     Closing file "TMP_POL_FILE"                                                     

     NOTE: Units conversion case not found for: "miles" with "tons"
          No conversion will be made.
     NOTE: Units conversion case not found for: "miles" with "tons"
          No conversion will be made.
      
     "IOAPI_DAT" opened as OLD:READ-ONLY   
     File name "/stella/data/smkrel2/data/inventory/nctox/mobl_dat/VMT.ncf"
     File type GRDDED3 
     Execution ID "????????????????"
     Grid name " "
     Dimensions: 6583 rows, 1 cols, 1 lays, 2 vbles
     NetCDF ID:        12:
     Time-independent data.

     Closing file "IOAPI_DAT"                                                        

      
     "IOAPI_DAT" opened as OLD:READ-ONLY   
     File name "/stella/data/smkrel2/data/inventory/nctox/mobl_dat/SPEED.ncf"
     File type GRDDED3 
     Execution ID "????????????????"
     Grid name " "
     Dimensions: 6960 rows, 1 cols, 1 lays, 2 vbles
     NetCDF ID:        12:
     Time-independent data.

     Closing file "IOAPI_DAT"                                                        

     ***** CHECKING INPUTS FOR REPORT         5  *****
     Value for REPORT5:  '/stella/data/smkrel2/data/reports/nctox/static/m.state_rclas.nctox.rpt'

 WARNING: output file already exists: REPORT5
 /stella/data/smkrel2/data/reports/nctox/static/m.state_rclas.nctox.rpt


     File "REPORT5" opened for output on unit:  93
     /stella/data/smkrel2/data/reports/nctox/static/m.state_rclas.nctox.rpt

               Selecting records...
               Aggregating output records...
               Reading emissions data and writing report...
      
     "TMP_POL_FILE" opened as OLD:READ-ONLY   
     File name "/stella/data/smkrel2/data/inventory/nctox/mobl_dat/VMT.ncf"
     File type GRDDED3 
     Execution ID "????????????????"
     Grid name " "
     Dimensions: 6583 rows, 1 cols, 1 lays, 2 vbles
     NetCDF ID:        12:
     Time-independent data.

     Closing file "TMP_POL_FILE"                                                     

      
     "TMP_POL_FILE" opened as OLD:READ-ONLY   
     File name "/stella/data/smkrel2/data/inventory/nctox/mobl_dat/SPEED.ncf"
     File type GRDDED3 
     Execution ID "????????????????"
     Grid name " "
     Dimensions: 6960 rows, 1 cols, 1 lays, 2 vbles
     NetCDF ID:        12:
     Time-independent data.

     Closing file "TMP_POL_FILE"                                                     

     NOTE: Units conversion case not found for: "miles" with "tons"
          No conversion will be made.
     NOTE: Units conversion case not found for: "miles" with "tons"
          No conversion will be made.
      
     "IOAPI_DAT" opened as OLD:READ-ONLY   
     File name "/stella/data/smkrel2/data/inventory/nctox/mobl_dat/VMT.ncf"
     File type GRDDED3 
     Execution ID "????????????????"
     Grid name " "
     Dimensions: 6583 rows, 1 cols, 1 lays, 2 vbles
     NetCDF ID:        12:
     Time-independent data.

     Closing file "IOAPI_DAT"                                                        

      
     "IOAPI_DAT" opened as OLD:READ-ONLY   
     File name "/stella/data/smkrel2/data/inventory/nctox/mobl_dat/SPEED.ncf"
     File type GRDDED3 
     Execution ID "????????????????"
     Grid name " "
     Dimensions: 6960 rows, 1 cols, 1 lays, 2 vbles
     NetCDF ID:        12:
     Time-independent data.

     Closing file "IOAPI_DAT"                                                        

     ***** CHECKING INPUTS FOR REPORT         6  *****
     Value for REPORT6:  '/stella/data/smkrel2/data/reports/nctox/static/mg.state.us36-nc.nctox.rpt'

 WARNING: output file already exists: REPORT6
 /stella/data/smkrel2/data/reports/nctox/static/mg.state.us36-nc.nctox.rpt


     File "REPORT6" opened for output on unit:  93
     /stella/data/smkrel2/data/reports/nctox/static/mg.state.us36-nc.nctox.rpt

               Selecting records...
               Aggregating output records...
               Reading emissions data and writing report...
      
     "TMP_POL_FILE" opened as OLD:READ-ONLY   
     File name "/stella/data/smkrel2/data/inventory/nctox/mobl_dat/VMT.ncf"
     File type GRDDED3 
     Execution ID "????????????????"
     Grid name " "
     Dimensions: 6583 rows, 1 cols, 1 lays, 2 vbles
     NetCDF ID:        12:
     Time-independent data.

     Closing file "TMP_POL_FILE"                                                     

      
     "TMP_POL_FILE" opened as OLD:READ-ONLY   
     File name "/stella/data/smkrel2/data/inventory/nctox/mobl_dat/SPEED.ncf"
     File type GRDDED3 
     Execution ID "????????????????"
     Grid name " "
     Dimensions: 6960 rows, 1 cols, 1 lays, 2 vbles
     NetCDF ID:        12:
     Time-independent data.

     Closing file "TMP_POL_FILE"                                                     

     NOTE: Units conversion case not found for: "miles" with "tons"
          No conversion will be made.
     NOTE: Units conversion case not found for: "miles" with "tons"
          No conversion will be made.
      
     "IOAPI_DAT" opened as OLD:READ-ONLY   
     File name "/stella/data/smkrel2/data/inventory/nctox/mobl_dat/VMT.ncf"
     File type GRDDED3 
     Execution ID "????????????????"
     Grid name " "
     Dimensions: 6583 rows, 1 cols, 1 lays, 2 vbles
     NetCDF ID:        12:
     Time-independent data.

     Closing file "IOAPI_DAT"                                                        

      
     "IOAPI_DAT" opened as OLD:READ-ONLY   
     File name "/stella/data/smkrel2/data/inventory/nctox/mobl_dat/SPEED.ncf"
     File type GRDDED3 
     Execution ID "????????????????"
     Grid name " "
     Dimensions: 6960 rows, 1 cols, 1 lays, 2 vbles
     NetCDF ID:        12:
     Time-independent data.

     Closing file "IOAPI_DAT"                                                        

     ***** CHECKING INPUTS FOR REPORT         7  *****
     Value for REPORT7:  '/stella/data/smkrel2/data/reports/nctox/static/mg.scc.us36-nc.nctox.rpt'

 WARNING: output file already exists: REPORT7
 /stella/data/smkrel2/data/reports/nctox/static/mg.scc.us36-nc.nctox.rpt


     File "REPORT7" opened for output on unit:  93
     /stella/data/smkrel2/data/reports/nctox/static/mg.scc.us36-nc.nctox.rpt

               Selecting records...
               Aggregating output records...
               Reading emissions data and writing report...
      
     "TMP_POL_FILE" opened as OLD:READ-ONLY   
     File name "/stella/data/smkrel2/data/inventory/nctox/mobl_dat/VMT.ncf"
     File type GRDDED3 
     Execution ID "????????????????"
     Grid name " "
     Dimensions: 6583 rows, 1 cols, 1 lays, 2 vbles
     NetCDF ID:        12:
     Time-independent data.

     Closing file "TMP_POL_FILE"                                                     

      
     "TMP_POL_FILE" opened as OLD:READ-ONLY   
     File name "/stella/data/smkrel2/data/inventory/nctox/mobl_dat/SPEED.ncf"
     File type GRDDED3 
     Execution ID "????????????????"
     Grid name " "
     Dimensions: 6960 rows, 1 cols, 1 lays, 2 vbles
     NetCDF ID:        12:
     Time-independent data.

     Closing file "TMP_POL_FILE"                                                     

     NOTE: Units conversion case not found for: "miles" with "tons"
          No conversion will be made.
     NOTE: Units conversion case not found for: "miles" with "tons"
          No conversion will be made.
      
     "IOAPI_DAT" opened as OLD:READ-ONLY   
     File name "/stella/data/smkrel2/data/inventory/nctox/mobl_dat/VMT.ncf"
     File type GRDDED3 
     Execution ID "????????????????"
     Grid name " "
     Dimensions: 6583 rows, 1 cols, 1 lays, 2 vbles
     NetCDF ID:        12:
     Time-independent data.

     Closing file "IOAPI_DAT"                                                        

      
     "IOAPI_DAT" opened as OLD:READ-ONLY   
     File name "/stella/data/smkrel2/data/inventory/nctox/mobl_dat/SPEED.ncf"
     File type GRDDED3 
     Execution ID "????????????????"
     Grid name " "
     Dimensions: 6960 rows, 1 cols, 1 lays, 2 vbles
     NetCDF ID:        12:
     Time-independent data.

     Closing file "IOAPI_DAT"                                                        

      
     --->>  Normal Completion of program SMKREPORT
      
