      
     This program uses the EPA-AREAL/MCNC-Environmental Programs
     Models-3 I/O Applications Programming Interface, which is 
     built on top of the netCDF I/O library (Copyright 1993, 1996
     University Corporation for Atmospheric Research/Unidata 
     Program).  Portions copyright (C) 1992-2001 MCNC.  See URL
     "http://www.emc.mcnc.org/products/ioapi/NOTICE.html" for
     conditions of use.
      
     $Id$
      
     Library release tag: $Name$
      
      
     Library release tag: $Name$
      
      
     SMOKE ---------------
     Copyright (c)2002 MCNC--Environmental Modeling Center
     All rights reserved

     See file COPYRIGHT for conditions of use.

     Program SMKREPORT, Version $
     Online documentation 
         http://www.emc.mcnc.org/products/smoke           
      
     Program SMKREPORT to take any combination of SMOKE intermed-
     iate files (but at least an inventory file) and generate
     one or more user-defined reports in any combination of output
     files.
      
      
     You will need to enter the logical names for the input and
     output files (and to have set them prior to program start,
     using "setenv <logicalname> <pathname>").
      
     You may use END_OF-FILE (control-D) to quit the program
     during logical-name entry. Default responses are given in
     brackets [LIKE THIS] and can be accepted by hitting the
     <RETURN> key.
      
     Value for PROMPTFLAG:  N returning FALSE
     Returning default value TRUE for query:
     "Continue with program?"
     Value for PROMPTFLAG:  N returning FALSE

     File REPCONFIG opened for input on unit:  98
     /stella/data/smkrel2/data/inventory/nctox/other/repconfig.pt.lfrac.txt

     Value for PROMPTFLAG:  N returning FALSE
     Error opening file at path-name:
     netCDF error number  -51  processing file "PNTS"
     Not a netCDF file
     Not a netCDF file
     /stella/data/smkrel2/data/inventory/nctox/pnts.map.nctox.txt
     Could not open file "PNTS".

     File PNTS opened for input on unit:  97
     /stella/data/smkrel2/data/inventory/nctox/pnts.map.nctox.txt

     Value for PNTS:  '/stella/data/smkrel2/data/inventory/nctox/pnts.map.nctox.txt'

 WARNING: output file already exists: PSRC
 /stella/data/smkrel2/data/inventory/nctox/psrc.txt


     File "PSRC" opened for output on unit:  96
     /stella/data/smkrel2/data/inventory/nctox/psrc.txt

     Value for IOAPI_CHECK_HEADERS not defined;returning default:  FALSE
      
     "PNTS" opened as OLD:READ-ONLY   
     File name "/stella/data/smkrel2/data/inventory/nctox/pnts.ncf"
     File type GRDDED3 
     Execution ID "????????????????"
     Grid name " "
     Dimensions: 6341 rows, 1 cols, 1 lays, 11 vbles
     NetCDF ID:         7:
     Time-independent data.
      
     "TMP_POL_FILE" opened as OLD:READ-ONLY   
     File name "/stella/data/smkrel2/data/inventory/nctox/pnts_dat/CO.ncf"
     File type GRDDED3 
     Execution ID "????????????????"
     Grid name " "
     Dimensions: 2880 rows, 1 cols, 1 lays, 8 vbles
     NetCDF ID:         8:
     Time-independent data.

     Closing file "TMP_POL_FILE"                                                     

      
     "TMP_POL_FILE" opened as OLD:READ-ONLY   
     File name "/stella/data/smkrel2/data/inventory/nctox/pnts_dat/NOX.ncf"
     File type GRDDED3 
     Execution ID "????????????????"
     Grid name " "
     Dimensions: 2901 rows, 1 cols, 1 lays, 8 vbles
     NetCDF ID:         8:
     Time-independent data.

     Closing file "TMP_POL_FILE"                                                     

      
     "TMP_POL_FILE" opened as OLD:READ-ONLY   
     File name "/stella/data/smkrel2/data/inventory/nctox/pnts_dat/VOC.ncf"
     File type GRDDED3 
     Execution ID "????????????????"
     Grid name " "
     Dimensions: 4583 rows, 1 cols, 1 lays, 8 vbles
     NetCDF ID:         8:
     Time-independent data.

     Closing file "TMP_POL_FILE"                                                     

      
     "TMP_POL_FILE" opened as OLD:READ-ONLY   
     File name "/stella/data/smkrel2/data/inventory/nctox/pnts_dat/NH3.ncf"
     File type GRDDED3 
     Execution ID "????????????????"
     Grid name " "
     Dimensions: 799 rows, 1 cols, 1 lays, 8 vbles
     NetCDF ID:         8:
     Time-independent data.

     Closing file "TMP_POL_FILE"                                                     

      
     "TMP_POL_FILE" opened as OLD:READ-ONLY   
     File name "/stella/data/smkrel2/data/inventory/nctox/pnts_dat/SO2.ncf"
     File type GRDDED3 
     Execution ID "????????????????"
     Grid name " "
     Dimensions: 2757 rows, 1 cols, 1 lays, 8 vbles
     NetCDF ID:         8:
     Time-independent data.

     Closing file "TMP_POL_FILE"                                                     

      
     "TMP_POL_FILE" opened as OLD:READ-ONLY   
     File name "/stella/data/smkrel2/data/inventory/nctox/pnts_dat/PM10.ncf"
     File type GRDDED3 
     Execution ID "????????????????"
     Grid name " "
     Dimensions: 4700 rows, 1 cols, 1 lays, 8 vbles
     NetCDF ID:         8:
     Time-independent data.

     Closing file "TMP_POL_FILE"                                                     

      
     "TMP_POL_FILE" opened as OLD:READ-ONLY   
     File name "/stella/data/smkrel2/data/inventory/nctox/pnts_dat/PM2_5.ncf"
     File type GRDDED3 
     Execution ID "????????????????"
     Grid name " "
     Dimensions: 4682 rows, 1 cols, 1 lays, 8 vbles
     NetCDF ID:         8:
     Time-independent data.

     Closing file "TMP_POL_FILE"                                                     

      
     "TMP_POL_FILE" opened as OLD:READ-ONLY   
     File name "/stella/data/smkrel2/data/inventory/nctox/pnts_dat/PMC.ncf"
     File type GRDDED3 
     Execution ID "????????????????"
     Grid name " "
     Dimensions: 3452 rows, 1 cols, 1 lays, 8 vbles
     NetCDF ID:         8:
     Time-independent data.

     Closing file "TMP_POL_FILE"                                                     

      
     "TMP_POL_FILE" opened as OLD:READ-ONLY   
     File name "/stella/data/smkrel2/data/inventory/nctox/pnts_dat/CO.ncf"
     File type GRDDED3 
     Execution ID "????????????????"
     Grid name " "
     Dimensions: 2880 rows, 1 cols, 1 lays, 8 vbles
     NetCDF ID:         8:
     Time-independent data.

     Closing file "TMP_POL_FILE"                                                     

      
     "TMP_POL_FILE" opened as OLD:READ-ONLY   
     File name "/stella/data/smkrel2/data/inventory/nctox/pnts_dat/NOX.ncf"
     File type GRDDED3 
     Execution ID "????????????????"
     Grid name " "
     Dimensions: 2901 rows, 1 cols, 1 lays, 8 vbles
     NetCDF ID:         8:
     Time-independent data.

     Closing file "TMP_POL_FILE"                                                     

      
     "TMP_POL_FILE" opened as OLD:READ-ONLY   
     File name "/stella/data/smkrel2/data/inventory/nctox/pnts_dat/VOC.ncf"
     File type GRDDED3 
     Execution ID "????????????????"
     Grid name " "
     Dimensions: 4583 rows, 1 cols, 1 lays, 8 vbles
     NetCDF ID:         8:
     Time-independent data.

     Closing file "TMP_POL_FILE"                                                     

      
     "TMP_POL_FILE" opened as OLD:READ-ONLY   
     File name "/stella/data/smkrel2/data/inventory/nctox/pnts_dat/NH3.ncf"
     File type GRDDED3 
     Execution ID "????????????????"
     Grid name " "
     Dimensions: 799 rows, 1 cols, 1 lays, 8 vbles
     NetCDF ID:         8:
     Time-independent data.

     Closing file "TMP_POL_FILE"                                                     

      
     "TMP_POL_FILE" opened as OLD:READ-ONLY   
     File name "/stella/data/smkrel2/data/inventory/nctox/pnts_dat/SO2.ncf"
     File type GRDDED3 
     Execution ID "????????????????"
     Grid name " "
     Dimensions: 2757 rows, 1 cols, 1 lays, 8 vbles
     NetCDF ID:         8:
     Time-independent data.

     Closing file "TMP_POL_FILE"                                                     

      
     "TMP_POL_FILE" opened as OLD:READ-ONLY   
     File name "/stella/data/smkrel2/data/inventory/nctox/pnts_dat/PM10.ncf"
     File type GRDDED3 
     Execution ID "????????????????"
     Grid name " "
     Dimensions: 4700 rows, 1 cols, 1 lays, 8 vbles
     NetCDF ID:         8:
     Time-independent data.

     Closing file "TMP_POL_FILE"                                                     

      
     "TMP_POL_FILE" opened as OLD:READ-ONLY   
     File name "/stella/data/smkrel2/data/inventory/nctox/pnts_dat/PM2_5.ncf"
     File type GRDDED3 
     Execution ID "????????????????"
     Grid name " "
     Dimensions: 4682 rows, 1 cols, 1 lays, 8 vbles
     NetCDF ID:         8:
     Time-independent data.

     Closing file "TMP_POL_FILE"                                                     

      
     "TMP_POL_FILE" opened as OLD:READ-ONLY   
     File name "/stella/data/smkrel2/data/inventory/nctox/pnts_dat/PMC.ncf"
     File type GRDDED3 
     Execution ID "????????????????"
     Grid name " "
     Dimensions: 3452 rows, 1 cols, 1 lays, 8 vbles
     NetCDF ID:         8:
     Time-independent data.

     Closing file "TMP_POL_FILE"                                                     

     Value for PROMPTFLAG:  N returning FALSE
      
     "PTMP" opened as OLD:READ-ONLY   
     File name "/stella/data/smkrel2/data/run_nctox/19960710/ptmp.19960710.1.nctox.ncf"
     File type GRDDED3 
     Execution ID "????????????????"
     Grid name " "
     Dimensions: 6341 rows, 1 cols, 1 lays, 8 vbles
     NetCDF ID:         8:
     Starting date and time  1996192:000000 (0:00:00   July 10, 1996)
     Timestep                        010000 (1:00:00 hh:mm:ss)
     Maximum current record number      25
     NOTE: Time zone initialized using PTMP             hourly emissions file.
     Value for PROMPTFLAG:  N returning FALSE
      
     "PLAY" opened as OLD:READ-ONLY   
     File name "/stella/data/smkrel2/data/run_nctox/19960710/play.19960710.1.us36-nc.a1a_nctox.ncf"
     File type GRDDED3 
     Execution ID "????????????????"
     Grid name " "
     Dimensions: 6341 rows, 1 cols, 12 lays, 1 vbles
     NetCDF ID:         9:
     Starting date and time  1996192:000000 (0:00:00   July 10, 1996)
     Timestep                        010000 (1:00:00 hh:mm:ss)
     Maximum current record number      25

     File COSTCY opened for input on unit:  95
     /stella/data/smkrel2/data/ge_dat/costcy.txt

     For time-based reports, enter the starting date, starting time, and output
          duration.  Defaults are set based on the input files.
     Value for G_STDATE:  1996192
     Value for G_STTIME:  0
     Value for G_TSTEP:  10000
     Value for G_RUNLEN:  250000
     Value for PROMPTFLAG:  N returning FALSE
     Output Time Zone: 00
           Start Date: July 10, 1996
           Start Time: 000000 HHMMSS
            Time Step: 001 hour
             Duration: 025 hours
     Reading source data from inventory file...
     Generating unique lists from inventory data...
     Value for SMK_DEFAULT_TZONE:  5
     Reading state and county names and time zones...
     NOTE: Population data read from country/state/county file for year     2000
     Reading layer fractions...
     ***** CHECKING INPUTS FOR REPORT         1  *****
     Value for REPORT1:  '/stella/data/smkrel2/data/reports/nctox/19960710/pt.state_layers.nctox.rpt'

     File "REPORT1" opened for output on unit:  94
     /stella/data/smkrel2/data/reports/nctox/19960710/pt.state_layers.nctox.rpt

               Selecting records...
               Aggregating output records...
               Reading emissions data and writing report...
      
     "TMP_POL_FILE" opened as OLD:READ-ONLY   
     File name "/stella/data/smkrel2/data/inventory/nctox/pnts_dat/CO.ncf"
     File type GRDDED3 
     Execution ID "????????????????"
     Grid name " "
     Dimensions: 2880 rows, 1 cols, 1 lays, 8 vbles
     NetCDF ID:        12:
     Time-independent data.

     Closing file "TMP_POL_FILE"                                                     

      
     "TMP_POL_FILE" opened as OLD:READ-ONLY   
     File name "/stella/data/smkrel2/data/inventory/nctox/pnts_dat/NOX.ncf"
     File type GRDDED3 
     Execution ID "????????????????"
     Grid name " "
     Dimensions: 2901 rows, 1 cols, 1 lays, 8 vbles
     NetCDF ID:        12:
     Time-independent data.

     Closing file "TMP_POL_FILE"                                                     

      
     "TMP_POL_FILE" opened as OLD:READ-ONLY   
     File name "/stella/data/smkrel2/data/inventory/nctox/pnts_dat/VOC.ncf"
     File type GRDDED3 
     Execution ID "????????????????"
     Grid name " "
     Dimensions: 4583 rows, 1 cols, 1 lays, 8 vbles
     NetCDF ID:        12:
     Time-independent data.

     Closing file "TMP_POL_FILE"                                                     

      
     "TMP_POL_FILE" opened as OLD:READ-ONLY   
     File name "/stella/data/smkrel2/data/inventory/nctox/pnts_dat/NH3.ncf"
     File type GRDDED3 
     Execution ID "????????????????"
     Grid name " "
     Dimensions: 799 rows, 1 cols, 1 lays, 8 vbles
     NetCDF ID:        12:
     Time-independent data.

     Closing file "TMP_POL_FILE"                                                     

      
     "TMP_POL_FILE" opened as OLD:READ-ONLY   
     File name "/stella/data/smkrel2/data/inventory/nctox/pnts_dat/SO2.ncf"
     File type GRDDED3 
     Execution ID "????????????????"
     Grid name " "
     Dimensions: 2757 rows, 1 cols, 1 lays, 8 vbles
     NetCDF ID:        12:
     Time-independent data.

     Closing file "TMP_POL_FILE"                                                     

      
     "TMP_POL_FILE" opened as OLD:READ-ONLY   
     File name "/stella/data/smkrel2/data/inventory/nctox/pnts_dat/PM10.ncf"
     File type GRDDED3 
     Execution ID "????????????????"
     Grid name " "
     Dimensions: 4700 rows, 1 cols, 1 lays, 8 vbles
     NetCDF ID:        12:
     Time-independent data.

     Closing file "TMP_POL_FILE"                                                     

      
     "TMP_POL_FILE" opened as OLD:READ-ONLY   
     File name "/stella/data/smkrel2/data/inventory/nctox/pnts_dat/PM2_5.ncf"
     File type GRDDED3 
     Execution ID "????????????????"
     Grid name " "
     Dimensions: 4682 rows, 1 cols, 1 lays, 8 vbles
     NetCDF ID:        12:
     Time-independent data.

     Closing file "TMP_POL_FILE"                                                     

      
     "TMP_POL_FILE" opened as OLD:READ-ONLY   
     File name "/stella/data/smkrel2/data/inventory/nctox/pnts_dat/PMC.ncf"
     File type GRDDED3 
     Execution ID "????????????????"
     Grid name " "
     Dimensions: 3452 rows, 1 cols, 1 lays, 8 vbles
     NetCDF ID:        12:
     Time-independent data.

     Closing file "TMP_POL_FILE"                                                     

      
     --->>  Normal Completion of program SMKREPORT
      
