      
     This program uses the EPA-AREAL/MCNC-Environmental Programs
     Models-3 I/O Applications Programming Interface, which is 
     built on top of the netCDF I/O library (Copyright 1993, 1996
     University Corporation for Atmospheric Research/Unidata 
     Program).  Portions copyright (C) 1992-2001 MCNC.  See URL
     "http://www.emc.mcnc.org/products/ioapi/NOTICE.html" for
     conditions of use.
      
     $Id$
      
     Library release tag: $Name$
      
      
     Library release tag: $Name$
      
      
     SMOKE ---------------
     Copyright (c)2002 MCNC--Environmental Modeling Center
     All rights reserved

     See file COPYRIGHT for conditions of use.

     Program SPCMAT, Version $
     Online documentation 
         http://www.emc.mcnc.org/products/smoke           
      
     Program SPCMAT to take a SMOKE area, mobile, or point source
     inventory file, a speciation profiles file, a speciation
     cross-reference file, an optional pollutant-to-pollutant,
     conversion file, and produce mass-based and/or mole-based
     SMOKE speciation matrices for all inventory pollutants
     using run-time defined combinations of pollutants and model
     species. The output species are defined at run time by the
     speciation profiles file, permitting support of any chemical
     mechanism.
      
      
     You will need to enter the logical names for the input and
     output files (and to have set them prior to program start,
     using "setenv <logicalname> <pathname>").
      
     You may use END_OF-FILE (control-D) to quit the program
     during logical-name entry. Default responses are given in
     brackets [LIKE THIS] and can be accepted by hitting the
     <RETURN> key.
      
     Value for PROMPTFLAG:  N returning FALSE
     Returning default value TRUE for query:
     "Continue with program?"
     Value for POLLUTANT_CONVERSION:  Y returning TRUE
     Value for SPEC_OUTPUT:  'ALL'
     Value for SMK_SOURCE:  'A'
     Value for PROMPTFLAG:  N returning FALSE
     Value for IOAPI_CHECK_HEADERS not defined;returning default:  FALSE
      
     "AREA" opened as OLD:READ-ONLY   
     File name "/stella/scratch/zac/smoke/data/smoke/inventory/m3demo/area.m3demo.ncf"
     File type GRDDED3 
     Execution ID "????????????????"
     Grid name " "
     Dimensions: 155194 rows, 1 cols, 1 lays, 65 vbles
     NetCDF ID:         4:
     Time-independent data.
     Value for PROMPTFLAG:  N returning FALSE

     File ASRC opened for input on unit:  98
     /stella/scratch/zac/smoke/data/smoke/inventory/m3demo/ASRC.m3demo.txt


 ERROR: input file not found: GSREF
 /stella/scratch/zac/smoke/data/smoke/ge_dat/gsref.m3.091600.txt

     Could not open input file "GSREF".
      
     *** ERROR ABORT in subroutine SPCMAT
     Ending program "SPCMAT".
